<?xml version='1.0' encoding='UTF-8'?>
<result plugin="junit@1.24">
  <suites>
    <suite>
      <file>/Users/Adam/Desktop/CS498/Project13/work/jobs/test-unstable/workspace/target/surefire-reports/TEST-org.joda.time.TestAllPackages.xml</file>
      <name>org.joda.time.TestAllPackages</name>
      <duration>4.682</duration>
      <time>4.682</time>
      <enclosingBlocks/>
      <enclosingBlockNames/>
      <cases>
        <case>
          <duration>0.015</duration>
          <className>org.joda.time.TestChronology</className>
          <testName>testTest</testName>
          <skipped>false</skipped>
          <failedSince>0</failedSince>
        </case>
        <case>
          <duration>0.005</duration>
          <className>org.joda.time.TestChronology</className>
          <testName>testEqualsHashCode_ISO</testName>
          <skipped>false</skipped>
          <errorStackTrace>junit.framework.AssertionFailedError: expected:&lt;false&gt; but was:&lt;true&gt;
	at junit.framework.Assert.fail(Assert.java:47)
	at junit.framework.Assert.failNotEquals(Assert.java:280)
	at junit.framework.Assert.assertEquals(Assert.java:64)
	at junit.framework.Assert.assertEquals(Assert.java:146)
	at junit.framework.Assert.assertEquals(Assert.java:152)
	at org.joda.time.TestChronology.testEqualsHashCode_ISO(TestChronology.java:123)
</errorStackTrace>
          <errorDetails>expected:&lt;false&gt; but was:&lt;true&gt;</errorDetails>
          <failedSince>1</failedSince>
        </case>
        <case>
          <duration>0.002</duration>
          <className>org.joda.time.TestChronology</className>
          <testName>testEqualsHashCode_Lenient</testName>
          <skipped>false</skipped>
          <failedSince>0</failedSince>
        </case>
        <case>
          <duration>0.001</duration>
          <className>org.joda.time.TestChronology</className>
          <testName>testEqualsHashCode_Strict</testName>
          <skipped>false</skipped>
          <failedSince>0</failedSince>
        </case>
        <case>
          <duration>0.001</duration>
          <className>org.joda.time.TestChronology</className>
          <testName>testEqualsHashCode_Limit</testName>
          <skipped>false</skipped>
          <failedSince>0</failedSince>
        </case>
        <case>
          <duration>0.001</duration>
          <className>org.joda.time.TestChronology</className>
          <testName>testEqualsHashCode_Zoned</testName>
          <skipped>false</skipped>
          <failedSince>0</failedSince>
        </case>
        <case>
          <duration>0.001</duration>
          <className>org.joda.time.TestChronology</className>
          <testName>testToString</testName>
          <skipped>false</skipped>
          <failedSince>0</failedSince>
        </case>
        <case>
          <duration>0.01</duration>
          <className>org.joda.time.TestDateTimeFieldType</className>
          <testName>test_era</testName>
          <skipped>false</skipped>
          <failedSince>0</failedSince>
        </case>
        <case>
          <duration>0.0</duration>
          <className>org.joda.time.TestDateTimeFieldType</className>
          <testName>test_yearOfCentury</testName>
          <skipped>false</skipped>
          <failedSince>0</failedSince>
        </case>
        <case>
          <duration>0.001</duration>
          <className>org.joda.time.TestDateTimeFieldType</className>
          <testName>test_yearOfEra</testName>
          <skipped>false</skipped>
          <failedSince>0</failedSince>
        </case>
        <case>
          <duration>0.0</duration>
          <className>org.joda.time.TestDateTimeFieldType</className>
          <testName>test_year</testName>
          <skipped>false</skipped>
          <failedSince>0</failedSince>
        </case>
        <case>
          <duration>0.001</duration>
          <className>org.joda.time.TestDateTimeFieldType</className>
          <testName>test_monthOfYear</testName>
          <skipped>false</skipped>
          <failedSince>0</failedSince>
        </case>
        <case>
          <duration>0.005</duration>
          <className>org.joda.time.TestDateTimeFieldType</className>
          <testName>test_weekyearOfCentury</testName>
          <skipped>false</skipped>
          <failedSince>0</failedSince>
        </case>
        <case>
          <duration>0.001</duration>
          <className>org.joda.time.TestDateTimeFieldType</className>
          <testName>test_weekyear</testName>
          <skipped>false</skipped>
          <failedSince>0</failedSince>
        </case>
        <case>
          <duration>0.0</duration>
          <className>org.joda.time.TestDateTimeFieldType</className>
          <testName>test_weekOfWeekyear</testName>
          <skipped>false</skipped>
          <failedSince>0</failedSince>
        </case>
        <case>
          <duration>0.001</duration>
          <className>org.joda.time.TestDateTimeFieldType</className>
          <testName>test_dayOfYear</testName>
          <skipped>false</skipped>
          <failedSince>0</failedSince>
        </case>
        <case>
          <duration>0.002</duration>
          <className>org.joda.time.TestDateTimeFieldType</className>
          <testName>test_dayOfMonth</testName>
          <skipped>false</skipped>
          <failedSince>0</failedSince>
        </case>
        <case>
          <duration>0.001</duration>
          <className>org.joda.time.TestDateTimeFieldType</className>
          <testName>test_dayOfWeek</testName>
          <skipped>false</skipped>
          <failedSince>0</failedSince>
        </case>
        <case>
          <duration>0.0</duration>
          <className>org.joda.time.TestDateTimeFieldType</className>
          <testName>test_halfdayOfDay</testName>
          <skipped>false</skipped>
          <failedSince>0</failedSince>
        </case>
        <case>
          <duration>0.0</duration>
          <className>org.joda.time.TestDateTimeFieldType</className>
          <testName>test_clockhourOfDay</testName>
          <skipped>false</skipped>
          <failedSince>0</failedSince>
        </case>
        <case>
          <duration>0.001</duration>
          <className>org.joda.time.TestDateTimeFieldType</className>
          <testName>test_clockhourOfHalfday</testName>
          <skipped>false</skipped>
          <failedSince>0</failedSince>
        </case>
        <case>
          <duration>0.001</duration>
          <className>org.joda.time.TestDateTimeFieldType</className>
          <testName>test_hourOfHalfday</testName>
          <skipped>false</skipped>
          <failedSince>0</failedSince>
        </case>
        <case>
          <duration>0.001</duration>
          <className>org.joda.time.TestDateTimeFieldType</className>
          <testName>test_hourOfDay</testName>
          <skipped>false</skipped>
          <failedSince>0</failedSince>
        </case>
        <case>
          <duration>0.001</duration>
          <className>org.joda.time.TestDateTimeFieldType</className>
          <testName>test_minuteOfDay</testName>
          <skipped>false</skipped>
          <failedSince>0</failedSince>
        </case>
        <case>
          <duration>0.0</duration>
          <className>org.joda.time.TestDateTimeFieldType</className>
          <testName>test_minuteOfHour</testName>
          <skipped>false</skipped>
          <failedSince>0</failedSince>
        </case>
        <case>
          <duration>0.0</duration>
          <className>org.joda.time.TestDateTimeFieldType</className>
          <testName>test_secondOfDay</testName>
          <skipped>false</skipped>
          <failedSince>0</failedSince>
        </case>
        <case>
          <duration>0.001</duration>
          <className>org.joda.time.TestDateTimeFieldType</className>
          <testName>test_secondOfMinute</testName>
          <skipped>false</skipped>
          <failedSince>0</failedSince>
        </case>
        <case>
          <duration>0.0</duration>
          <className>org.joda.time.TestDateTimeFieldType</className>
          <testName>test_millisOfDay</testName>
          <skipped>false</skipped>
          <failedSince>0</failedSince>
        </case>
        <case>
          <duration>0.0</duration>
          <className>org.joda.time.TestDateTimeFieldType</className>
          <testName>test_millisOfSecond</testName>
          <skipped>false</skipped>
          <failedSince>0</failedSince>
        </case>
        <case>
          <duration>0.001</duration>
          <className>org.joda.time.TestDateTimeFieldType</className>
          <testName>test_other</testName>
          <skipped>false</skipped>
          <failedSince>0</failedSince>
        </case>
        <case>
          <duration>0.0</duration>
          <className>org.joda.time.TestDateTimeFieldType</className>
          <testName>test_centuryOfEra</testName>
          <skipped>false</skipped>
          <failedSince>0</failedSince>
        </case>
        <case>
          <duration>0.002</duration>
          <className>org.joda.time.TestDurationFieldType</className>
          <testName>test_eras</testName>
          <skipped>false</skipped>
          <failedSince>0</failedSince>
        </case>
        <case>
          <duration>0.002</duration>
          <className>org.joda.time.TestDurationFieldType</className>
          <testName>test_centuries</testName>
          <skipped>false</skipped>
          <failedSince>0</failedSince>
        </case>
        <case>
          <duration>0.002</duration>
          <className>org.joda.time.TestDurationFieldType</className>
          <testName>test_years</testName>
          <skipped>false</skipped>
          <failedSince>0</failedSince>
        </case>
        <case>
          <duration>0.0</duration>
          <className>org.joda.time.TestDurationFieldType</className>
          <testName>test_months</testName>
          <skipped>false</skipped>
          <failedSince>0</failedSince>
        </case>
        <case>
          <duration>0.0</duration>
          <className>org.joda.time.TestDurationFieldType</className>
          <testName>test_weekyears</testName>
          <skipped>false</skipped>
          <failedSince>0</failedSince>
        </case>
        <case>
          <duration>0.001</duration>
          <className>org.joda.time.TestDurationFieldType</className>
          <testName>test_weeks</testName>
          <skipped>false</skipped>
          <failedSince>0</failedSince>
        </case>
        <case>
          <duration>0.001</duration>
          <className>org.joda.time.TestDurationFieldType</className>
          <testName>test_days</testName>
          <skipped>false</skipped>
          <failedSince>0</failedSince>
        </case>
        <case>
          <duration>0.0</duration>
          <className>org.joda.time.TestDurationFieldType</className>
          <testName>test_halfdays</testName>
          <skipped>false</skipped>
          <failedSince>0</failedSince>
        </case>
        <case>
          <duration>0.001</duration>
          <className>org.joda.time.TestDurationFieldType</className>
          <testName>test_hours</testName>
          <skipped>false</skipped>
          <failedSince>0</failedSince>
        </case>
        <case>
          <duration>0.0</duration>
          <className>org.joda.time.TestDurationFieldType</className>
          <testName>test_minutes</testName>
          <skipped>false</skipped>
          <failedSince>0</failedSince>
        </case>
        <case>
          <duration>0.0</duration>
          <className>org.joda.time.TestDurationFieldType</className>
          <testName>test_seconds</testName>
          <skipped>false</skipped>
          <failedSince>0</failedSince>
        </case>
        <case>
          <duration>0.001</duration>
          <className>org.joda.time.TestDurationFieldType</className>
          <testName>test_millis</testName>
          <skipped>false</skipped>
          <failedSince>0</failedSince>
        </case>
        <case>
          <duration>0.0</duration>
          <className>org.joda.time.TestDurationFieldType</className>
          <testName>test_other</testName>
          <skipped>false</skipped>
          <failedSince>0</failedSince>
        </case>
        <case>
          <duration>0.0</duration>
          <className>org.joda.time.TestInstant_Constructors</className>
          <testName>testConstructor</testName>
          <skipped>false</skipped>
          <failedSince>0</failedSince>
        </case>
        <case>
          <duration>0.001</duration>
          <className>org.joda.time.TestInstant_Constructors</className>
          <testName>test_epoch</testName>
          <skipped>false</skipped>
          <failedSince>0</failedSince>
        </case>
        <case>
          <duration>0.0</duration>
          <className>org.joda.time.TestInstant_Constructors</className>
          <testName>test_now</testName>
          <skipped>false</skipped>
          <failedSince>0</failedSince>
        </case>
        <case>
          <duration>0.0</duration>
          <className>org.joda.time.TestInstant_Constructors</className>
          <testName>test_ofEpochMilli</testName>
          <skipped>false</skipped>
          <failedSince>0</failedSince>
        </case>
        <case>
          <duration>0.0</duration>
          <className>org.joda.time.TestInstant_Constructors</className>
          <testName>test_ofEpochSecond</testName>
          <skipped>false</skipped>
          <failedSince>0</failedSince>
        </case>
        <case>
          <duration>0.0</duration>
          <className>org.joda.time.TestInstant_Constructors</className>
          <testName>test_ofEpochSecond_zero</testName>
          <skipped>false</skipped>
          <failedSince>0</failedSince>
        </case>
        <case>
          <duration>0.0</duration>
          <className>org.joda.time.TestInstant_Constructors</className>
          <testName>test_ofEpochSecond_overflow</testName>
          <skipped>false</skipped>
          <failedSince>0</failedSince>
        </case>
        <case>
          <duration>0.0</duration>
          <className>org.joda.time.TestInstant_Constructors</className>
          <testName>test_ofEpochSecond_underflow</testName>
          <skipped>false</skipped>
          <failedSince>0</failedSince>
        </case>
        <case>
          <duration>0.006</duration>
          <className>org.joda.time.TestInstant_Constructors</className>
          <testName>testParse_noFormatter</testName>
          <skipped>false</skipped>
          <failedSince>0</failedSince>
        </case>
        <case>
          <duration>0.002</duration>
          <className>org.joda.time.TestInstant_Constructors</className>
          <testName>testParse_formatter</testName>
          <skipped>false</skipped>
          <failedSince>0</failedSince>
        </case>
        <case>
          <duration>0.001</duration>
          <className>org.joda.time.TestInstant_Constructors</className>
          <testName>testConstructor_long1</testName>
          <skipped>false</skipped>
          <failedSince>0</failedSince>
        </case>
        <case>
          <duration>0.0</duration>
          <className>org.joda.time.TestInstant_Constructors</className>
          <testName>testConstructor_long2</testName>
          <skipped>false</skipped>
          <failedSince>0</failedSince>
        </case>
        <case>
          <duration>0.013</duration>
          <className>org.joda.time.TestInstant_Constructors</className>
          <testName>testConstructor_Object</testName>
          <skipped>false</skipped>
          <failedSince>0</failedSince>
        </case>
        <case>
          <duration>0.002</duration>
          <className>org.joda.time.TestInstant_Constructors</className>
          <testName>testConstructor_invalidObject</testName>
          <skipped>false</skipped>
          <failedSince>0</failedSince>
        </case>
        <case>
          <duration>0.0</duration>
          <className>org.joda.time.TestInstant_Constructors</className>
          <testName>testConstructor_nullObject</testName>
          <skipped>false</skipped>
          <failedSince>0</failedSince>
        </case>
        <case>
          <duration>0.001</duration>
          <className>org.joda.time.TestInstant_Constructors</className>
          <testName>testConstructor_badconverterObject</testName>
          <skipped>false</skipped>
          <failedSince>0</failedSince>
        </case>
        <case>
          <duration>0.001</duration>
          <className>org.joda.time.TestInstant_Basics</className>
          <testName>testTest</testName>
          <skipped>false</skipped>
          <failedSince>0</failedSince>
        </case>
        <case>
          <duration>0.0</duration>
          <className>org.joda.time.TestInstant_Basics</className>
          <testName>testToString</testName>
          <skipped>false</skipped>
          <failedSince>0</failedSince>
        </case>
        <case>
          <duration>0.002</duration>
          <className>org.joda.time.TestInstant_Basics</className>
          <testName>testGet_DateTimeFieldType</testName>
          <skipped>false</skipped>
          <failedSince>0</failedSince>
        </case>
        <case>
          <duration>0.001</duration>
          <className>org.joda.time.TestInstant_Basics</className>
          <testName>testGet_DateTimeField</testName>
          <skipped>false</skipped>
          <failedSince>0</failedSince>
        </case>
        <case>
          <duration>0.0</duration>
          <className>org.joda.time.TestInstant_Basics</className>
          <testName>testGetMethods</testName>
          <skipped>false</skipped>
          <failedSince>0</failedSince>
        </case>
        <case>
          <duration>0.001</duration>
          <className>org.joda.time.TestInstant_Basics</className>
          <testName>testEqualsHashCode</testName>
          <skipped>false</skipped>
          <failedSince>0</failedSince>
        </case>
        <case>
          <duration>0.0</duration>
          <className>org.joda.time.TestInstant_Basics</className>
          <testName>testCompareTo</testName>
          <skipped>false</skipped>
          <failedSince>0</failedSince>
        </case>
        <case>
          <duration>0.0</duration>
          <className>org.joda.time.TestInstant_Basics</className>
          <testName>testIsEqual_long</testName>
          <skipped>false</skipped>
          <failedSince>0</failedSince>
        </case>
        <case>
          <duration>0.0</duration>
          <className>org.joda.time.TestInstant_Basics</className>
          <testName>testIsEqualNow</testName>
          <skipped>false</skipped>
          <failedSince>0</failedSince>
        </case>
        <case>
          <duration>0.0</duration>
          <className>org.joda.time.TestInstant_Basics</className>
          <testName>testIsEqual_RI</testName>
          <skipped>false</skipped>
          <failedSince>0</failedSince>
        </case>
        <case>
          <duration>0.0</duration>
          <className>org.joda.time.TestInstant_Basics</className>
          <testName>testIsBefore_long</testName>
          <skipped>false</skipped>
          <failedSince>0</failedSince>
        </case>
        <case>
          <duration>0.001</duration>
          <className>org.joda.time.TestInstant_Basics</className>
          <testName>testIsBeforeNow</testName>
          <skipped>false</skipped>
          <failedSince>0</failedSince>
        </case>
        <case>
          <duration>0.0</duration>
          <className>org.joda.time.TestInstant_Basics</className>
          <testName>testIsBefore_RI</testName>
          <skipped>false</skipped>
          <failedSince>0</failedSince>
        </case>
        <case>
          <duration>0.0</duration>
          <className>org.joda.time.TestInstant_Basics</className>
          <testName>testIsAfter_long</testName>
          <skipped>false</skipped>
          <failedSince>0</failedSince>
        </case>
        <case>
          <duration>0.0</duration>
          <className>org.joda.time.TestInstant_Basics</className>
          <testName>testIsAfterNow</testName>
          <skipped>false</skipped>
          <failedSince>0</failedSince>
        </case>
        <case>
          <duration>0.001</duration>
          <className>org.joda.time.TestInstant_Basics</className>
          <testName>testIsAfter_RI</testName>
          <skipped>false</skipped>
          <failedSince>0</failedSince>
        </case>
        <case>
          <duration>0.002</duration>
          <className>org.joda.time.TestInstant_Basics</className>
          <testName>testSerialization</testName>
          <skipped>false</skipped>
          <failedSince>0</failedSince>
        </case>
        <case>
          <duration>0.001</duration>
          <className>org.joda.time.TestInstant_Basics</className>
          <testName>testToInstant</testName>
          <skipped>false</skipped>
          <failedSince>0</failedSince>
        </case>
        <case>
          <duration>0.0</duration>
          <className>org.joda.time.TestInstant_Basics</className>
          <testName>testToDateTime</testName>
          <skipped>false</skipped>
          <failedSince>0</failedSince>
        </case>
        <case>
          <duration>0.001</duration>
          <className>org.joda.time.TestInstant_Basics</className>
          <testName>testToDateTimeISO</testName>
          <skipped>false</skipped>
          <failedSince>0</failedSince>
        </case>
        <case>
          <duration>0.0</duration>
          <className>org.joda.time.TestInstant_Basics</className>
          <testName>testToDateTime_DateTimeZone</testName>
          <skipped>false</skipped>
          <failedSince>0</failedSince>
        </case>
        <case>
          <duration>0.0</duration>
          <className>org.joda.time.TestInstant_Basics</className>
          <testName>testToDateTime_Chronology</testName>
          <skipped>false</skipped>
          <failedSince>0</failedSince>
        </case>
        <case>
          <duration>0.002</duration>
          <className>org.joda.time.TestInstant_Basics</className>
          <testName>testToMutableDateTime</testName>
          <skipped>false</skipped>
          <failedSince>0</failedSince>
        </case>
        <case>
          <duration>0.0</duration>
          <className>org.joda.time.TestInstant_Basics</className>
          <testName>testToMutableDateTimeISO</testName>
          <skipped>false</skipped>
          <failedSince>0</failedSince>
        </case>
        <case>
          <duration>0.0</duration>
          <className>org.joda.time.TestInstant_Basics</className>
          <testName>testToMutableDateTime_DateTimeZone</testName>
          <skipped>false</skipped>
          <failedSince>0</failedSince>
        </case>
        <case>
          <duration>0.0</duration>
          <className>org.joda.time.TestInstant_Basics</className>
          <testName>testToMutableDateTime_Chronology</testName>
          <skipped>false</skipped>
          <failedSince>0</failedSince>
        </case>
        <case>
          <duration>0.0</duration>
          <className>org.joda.time.TestInstant_Basics</className>
          <testName>testToDate</testName>
          <skipped>false</skipped>
          <failedSince>0</failedSince>
        </case>
        <case>
          <duration>0.001</duration>
          <className>org.joda.time.TestInstant_Basics</className>
          <testName>testWithMillis_long</testName>
          <skipped>false</skipped>
          <failedSince>0</failedSince>
        </case>
        <case>
          <duration>0.0</duration>
          <className>org.joda.time.TestInstant_Basics</className>
          <testName>testWithDurationAdded_long_int</testName>
          <skipped>false</skipped>
          <failedSince>0</failedSince>
        </case>
        <case>
          <duration>0.001</duration>
          <className>org.joda.time.TestInstant_Basics</className>
          <testName>testWithDurationAdded_RD_int</testName>
          <skipped>false</skipped>
          <failedSince>0</failedSince>
        </case>
        <case>
          <duration>0.0</duration>
          <className>org.joda.time.TestInstant_Basics</className>
          <testName>testPlus_long</testName>
          <skipped>false</skipped>
          <failedSince>0</failedSince>
        </case>
        <case>
          <duration>0.0</duration>
          <className>org.joda.time.TestInstant_Basics</className>
          <testName>testPlus_RD</testName>
          <skipped>false</skipped>
          <failedSince>0</failedSince>
        </case>
        <case>
          <duration>0.0</duration>
          <className>org.joda.time.TestInstant_Basics</className>
          <testName>testMinus_long</testName>
          <skipped>false</skipped>
          <failedSince>0</failedSince>
        </case>
        <case>
          <duration>0.0</duration>
          <className>org.joda.time.TestInstant_Basics</className>
          <testName>testMinus_RD</testName>
          <skipped>false</skipped>
          <failedSince>0</failedSince>
        </case>
        <case>
          <duration>0.0</duration>
          <className>org.joda.time.TestInstant_Basics</className>
          <testName>testImmutable</testName>
          <skipped>false</skipped>
          <failedSince>0</failedSince>
        </case>
        <case>
          <duration>0.001</duration>
          <className>org.joda.time.TestDateTime_Constructors</className>
          <testName>testConstructor</testName>
          <skipped>false</skipped>
          <failedSince>0</failedSince>
        </case>
        <case>
          <duration>0.0</duration>
          <className>org.joda.time.TestDateTime_Constructors</className>
          <testName>test_now_DateTimeZone</testName>
          <skipped>false</skipped>
          <failedSince>0</failedSince>
        </case>
        <case>
          <duration>0.0</duration>
          <className>org.joda.time.TestDateTime_Constructors</className>
          <testName>test_now_nullDateTimeZone</testName>
          <skipped>false</skipped>
          <failedSince>0</failedSince>
        </case>
        <case>
          <duration>0.0</duration>
          <className>org.joda.time.TestDateTime_Constructors</className>
          <testName>test_now_Chronology</testName>
          <skipped>false</skipped>
          <failedSince>0</failedSince>
        </case>
        <case>
          <duration>0.0</duration>
          <className>org.joda.time.TestDateTime_Constructors</className>
          <testName>test_now_nullChronology</testName>
          <skipped>false</skipped>
          <failedSince>0</failedSince>
        </case>
        <case>
          <duration>0.001</duration>
          <className>org.joda.time.TestDateTime_Constructors</className>
          <testName>testParse_noFormatter_vs_constructor_noOffset</testName>
          <skipped>false</skipped>
          <failedSince>0</failedSince>
        </case>
        <case>
          <duration>0.0</duration>
          <className>org.joda.time.TestDateTime_Constructors</className>
          <testName>testParse_noFormatter_vs_constructor_correctOffset</testName>
          <skipped>false</skipped>
          <failedSince>0</failedSince>
        </case>
        <case>
          <duration>0.0</duration>
          <className>org.joda.time.TestDateTime_Constructors</className>
          <testName>testConstructor_DateTimeZone</testName>
          <skipped>false</skipped>
          <failedSince>0</failedSince>
        </case>
        <case>
          <duration>0.0</duration>
          <className>org.joda.time.TestDateTime_Constructors</className>
          <testName>testConstructor_nullDateTimeZone</testName>
          <skipped>false</skipped>
          <failedSince>0</failedSince>
        </case>
        <case>
          <duration>0.0</duration>
          <className>org.joda.time.TestDateTime_Constructors</className>
          <testName>testConstructor_Chronology</testName>
          <skipped>false</skipped>
          <failedSince>0</failedSince>
        </case>
        <case>
          <duration>0.001</duration>
          <className>org.joda.time.TestDateTime_Constructors</className>
          <testName>testConstructor_nullChronology</testName>
          <skipped>false</skipped>
          <failedSince>0</failedSince>
        </case>
        <case>
          <duration>0.0</duration>
          <className>org.joda.time.TestDateTime_Constructors</className>
          <testName>testConstructor_long1_DateTimeZone</testName>
          <skipped>false</skipped>
          <failedSince>0</failedSince>
        </case>
        <case>
          <duration>0.0</duration>
          <className>org.joda.time.TestDateTime_Constructors</className>
          <testName>testConstructor_long2_DateTimeZone</testName>
          <skipped>false</skipped>
          <failedSince>0</failedSince>
        </case>
        <case>
          <duration>0.0</duration>
          <className>org.joda.time.TestDateTime_Constructors</className>
          <testName>testConstructor_long_nullDateTimeZone</testName>
          <skipped>false</skipped>
          <failedSince>0</failedSince>
        </case>
        <case>
          <duration>0.0</duration>
          <className>org.joda.time.TestDateTime_Constructors</className>
          <testName>testConstructor_long1_Chronology</testName>
          <skipped>false</skipped>
          <failedSince>0</failedSince>
        </case>
        <case>
          <duration>0.0</duration>
          <className>org.joda.time.TestDateTime_Constructors</className>
          <testName>testConstructor_long2_Chronology</testName>
          <skipped>false</skipped>
          <failedSince>0</failedSince>
        </case>
        <case>
          <duration>0.0</duration>
          <className>org.joda.time.TestDateTime_Constructors</className>
          <testName>testConstructor_long_nullChronology</testName>
          <skipped>false</skipped>
          <failedSince>0</failedSince>
        </case>
        <case>
          <duration>0.0</duration>
          <className>org.joda.time.TestDateTime_Constructors</className>
          <testName>testConstructor_ObjectString1</testName>
          <skipped>false</skipped>
          <failedSince>0</failedSince>
        </case>
        <case>
          <duration>0.0</duration>
          <className>org.joda.time.TestDateTime_Constructors</className>
          <testName>testConstructor_ObjectString2</testName>
          <skipped>false</skipped>
          <failedSince>0</failedSince>
        </case>
        <case>
          <duration>0.0</duration>
          <className>org.joda.time.TestDateTime_Constructors</className>
          <testName>testConstructor_ObjectString3</testName>
          <skipped>false</skipped>
          <failedSince>0</failedSince>
        </case>
        <case>
          <duration>0.0</duration>
          <className>org.joda.time.TestDateTime_Constructors</className>
          <testName>testConstructor_ObjectString4</testName>
          <skipped>false</skipped>
          <failedSince>0</failedSince>
        </case>
        <case>
          <duration>0.001</duration>
          <className>org.joda.time.TestDateTime_Constructors</className>
          <testName>testConstructor_ObjectString5</testName>
          <skipped>false</skipped>
          <failedSince>0</failedSince>
        </case>
        <case>
          <duration>0.0</duration>
          <className>org.joda.time.TestDateTime_Constructors</className>
          <testName>testConstructor_ObjectString6</testName>
          <skipped>false</skipped>
          <failedSince>0</failedSince>
        </case>
        <case>
          <duration>0.0</duration>
          <className>org.joda.time.TestDateTime_Constructors</className>
          <testName>testConstructor_ObjectString7</testName>
          <skipped>false</skipped>
          <failedSince>0</failedSince>
        </case>
        <case>
          <duration>0.0</duration>
          <className>org.joda.time.TestDateTime_Constructors</className>
          <testName>testConstructor_ObjectStringEx1</testName>
          <skipped>false</skipped>
          <failedSince>0</failedSince>
        </case>
        <case>
          <duration>0.0</duration>
          <className>org.joda.time.TestDateTime_Constructors</className>
          <testName>testConstructor_ObjectStringEx2</testName>
          <skipped>false</skipped>
          <failedSince>0</failedSince>
        </case>
        <case>
          <duration>0.002</duration>
          <className>org.joda.time.TestDateTime_Constructors</className>
          <testName>testConstructor_Object_DateTimeZone</testName>
          <skipped>false</skipped>
          <failedSince>0</failedSince>
        </case>
        <case>
          <duration>0.0</duration>
          <className>org.joda.time.TestDateTime_Constructors</className>
          <testName>testConstructor_invalidObject_DateTimeZone</testName>
          <skipped>false</skipped>
          <failedSince>0</failedSince>
        </case>
        <case>
          <duration>0.0</duration>
          <className>org.joda.time.TestDateTime_Constructors</className>
          <testName>testConstructor_nullObject_DateTimeZone</testName>
          <skipped>false</skipped>
          <failedSince>0</failedSince>
        </case>
        <case>
          <duration>0.0</duration>
          <className>org.joda.time.TestDateTime_Constructors</className>
          <testName>testConstructor_Object_nullDateTimeZone</testName>
          <skipped>false</skipped>
          <failedSince>0</failedSince>
        </case>
        <case>
          <duration>0.0</duration>
          <className>org.joda.time.TestDateTime_Constructors</className>
          <testName>testConstructor_nullObject_nullDateTimeZone</testName>
          <skipped>false</skipped>
          <failedSince>0</failedSince>
        </case>
        <case>
          <duration>0.0</duration>
          <className>org.joda.time.TestDateTime_Constructors</className>
          <testName>testConstructor_badconverterObject_DateTimeZone</testName>
          <skipped>false</skipped>
          <failedSince>0</failedSince>
        </case>
        <case>
          <duration>0.002</duration>
          <className>org.joda.time.TestDateTime_Constructors</className>
          <testName>testConstructor_Object_Chronology</testName>
          <skipped>false</skipped>
          <failedSince>0</failedSince>
        </case>
        <case>
          <duration>0.002</duration>
          <className>org.joda.time.TestDateTime_Constructors</className>
          <testName>testConstructor_invalidObject_Chronology</testName>
          <skipped>false</skipped>
          <failedSince>0</failedSince>
        </case>
        <case>
          <duration>0.001</duration>
          <className>org.joda.time.TestDateTime_Constructors</className>
          <testName>testConstructor_nullObject_Chronology</testName>
          <skipped>false</skipped>
          <failedSince>0</failedSince>
        </case>
        <case>
          <duration>0.0</duration>
          <className>org.joda.time.TestDateTime_Constructors</className>
          <testName>testConstructor_Object_nullChronology</testName>
          <skipped>false</skipped>
          <failedSince>0</failedSince>
        </case>
        <case>
          <duration>0.0</duration>
          <className>org.joda.time.TestDateTime_Constructors</className>
          <testName>testConstructor_nullObject_nullChronology</testName>
          <skipped>false</skipped>
          <failedSince>0</failedSince>
        </case>
        <case>
          <duration>0.0</duration>
          <className>org.joda.time.TestDateTime_Constructors</className>
          <testName>testConstructor_badconverterObject_Chronology</testName>
          <skipped>false</skipped>
          <failedSince>0</failedSince>
        </case>
        <case>
          <duration>0.0</duration>
          <className>org.joda.time.TestDateTime_Constructors</className>
          <testName>testConstructor_int_int_int_int_int</testName>
          <skipped>false</skipped>
          <failedSince>0</failedSince>
        </case>
        <case>
          <duration>0.0</duration>
          <className>org.joda.time.TestDateTime_Constructors</className>
          <testName>testConstructor_int_int_int_int_int_DateTimeZone</testName>
          <skipped>false</skipped>
          <failedSince>0</failedSince>
        </case>
        <case>
          <duration>0.0</duration>
          <className>org.joda.time.TestDateTime_Constructors</className>
          <testName>testConstructor_int_int_int_int_int_nullDateTimeZone</testName>
          <skipped>false</skipped>
          <failedSince>0</failedSince>
        </case>
        <case>
          <duration>0.0</duration>
          <className>org.joda.time.TestDateTime_Constructors</className>
          <testName>testConstructor_int_int_int_int_int_Chronology</testName>
          <skipped>false</skipped>
          <failedSince>0</failedSince>
        </case>
        <case>
          <duration>0.0</duration>
          <className>org.joda.time.TestDateTime_Constructors</className>
          <testName>testConstructor_int_int_int_int_int_nullChronology</testName>
          <skipped>false</skipped>
          <failedSince>0</failedSince>
        </case>
        <case>
          <duration>0.001</duration>
          <className>org.joda.time.TestDateTime_Constructors</className>
          <testName>testConstructor_int_int_int_int_int_int</testName>
          <skipped>false</skipped>
          <failedSince>0</failedSince>
        </case>
        <case>
          <duration>0.0</duration>
          <className>org.joda.time.TestDateTime_Constructors</className>
          <testName>testConstructor_int_int_int_int_int_int_DateTimeZone</testName>
          <skipped>false</skipped>
          <failedSince>0</failedSince>
        </case>
        <case>
          <duration>0.0</duration>
          <className>org.joda.time.TestDateTime_Constructors</className>
          <testName>testConstructor_int_int_int_int_int_int_nullDateTimeZone</testName>
          <skipped>false</skipped>
          <failedSince>0</failedSince>
        </case>
        <case>
          <duration>0.001</duration>
          <className>org.joda.time.TestDateTime_Constructors</className>
          <testName>testConstructor_int_int_int_int_int_int_Chronology</testName>
          <skipped>false</skipped>
          <failedSince>0</failedSince>
        </case>
        <case>
          <duration>0.0</duration>
          <className>org.joda.time.TestDateTime_Constructors</className>
          <testName>testConstructor_int_int_int_int_int_int_nullChronology</testName>
          <skipped>false</skipped>
          <failedSince>0</failedSince>
        </case>
        <case>
          <duration>0.001</duration>
          <className>org.joda.time.TestDateTime_Constructors</className>
          <testName>testConstructor_int_int_int_int_int_int_int</testName>
          <skipped>false</skipped>
          <failedSince>0</failedSince>
        </case>
        <case>
          <duration>0.0</duration>
          <className>org.joda.time.TestDateTime_Constructors</className>
          <testName>testConstructor_int_int_int_int_int_int_int_DateTimeZone</testName>
          <skipped>false</skipped>
          <failedSince>0</failedSince>
        </case>
        <case>
          <duration>0.0</duration>
          <className>org.joda.time.TestDateTime_Constructors</className>
          <testName>testConstructor_int_int_int_int_int_int_int_nullDateTimeZone</testName>
          <skipped>false</skipped>
          <failedSince>0</failedSince>
        </case>
        <case>
          <duration>0.0</duration>
          <className>org.joda.time.TestDateTime_Constructors</className>
          <testName>testConstructor_int_int_int_int_int_int_int_Chronology</testName>
          <skipped>false</skipped>
          <failedSince>0</failedSince>
        </case>
        <case>
          <duration>0.001</duration>
          <className>org.joda.time.TestDateTime_Constructors</className>
          <testName>testConstructor_int_int_int_int_int_int_int_nullChronology</testName>
          <skipped>false</skipped>
          <failedSince>0</failedSince>
        </case>
        <case>
          <duration>0.0</duration>
          <className>org.joda.time.TestDateTime_Constructors</className>
          <testName>testTest</testName>
          <skipped>false</skipped>
          <failedSince>0</failedSince>
        </case>
        <case>
          <duration>0.0</duration>
          <className>org.joda.time.TestDateTime_Constructors</className>
          <testName>test_now</testName>
          <skipped>false</skipped>
          <failedSince>0</failedSince>
        </case>
        <case>
          <duration>0.001</duration>
          <className>org.joda.time.TestDateTime_Constructors</className>
          <testName>testParse_noFormatter</testName>
          <skipped>false</skipped>
          <failedSince>0</failedSince>
        </case>
        <case>
          <duration>0.001</duration>
          <className>org.joda.time.TestDateTime_Constructors</className>
          <testName>testParse_formatter</testName>
          <skipped>false</skipped>
          <failedSince>0</failedSince>
        </case>
        <case>
          <duration>0.0</duration>
          <className>org.joda.time.TestDateTime_Constructors</className>
          <testName>testConstructor_long1</testName>
          <skipped>false</skipped>
          <failedSince>0</failedSince>
        </case>
        <case>
          <duration>0.0</duration>
          <className>org.joda.time.TestDateTime_Constructors</className>
          <testName>testConstructor_long2</testName>
          <skipped>false</skipped>
          <failedSince>0</failedSince>
        </case>
        <case>
          <duration>0.0</duration>
          <className>org.joda.time.TestDateTime_Constructors</className>
          <testName>testConstructor_Object</testName>
          <skipped>false</skipped>
          <failedSince>0</failedSince>
        </case>
        <case>
          <duration>0.0</duration>
          <className>org.joda.time.TestDateTime_Constructors</className>
          <testName>testConstructor_invalidObject</testName>
          <skipped>false</skipped>
          <failedSince>0</failedSince>
        </case>
        <case>
          <duration>0.0</duration>
          <className>org.joda.time.TestDateTime_Constructors</className>
          <testName>testConstructor_nullObject</testName>
          <skipped>false</skipped>
          <failedSince>0</failedSince>
        </case>
        <case>
          <duration>0.0</duration>
          <className>org.joda.time.TestDateTime_Constructors</className>
          <testName>testConstructor_badconverterObject</testName>
          <skipped>false</skipped>
          <failedSince>0</failedSince>
        </case>
        <case>
          <duration>0.0</duration>
          <className>org.joda.time.TestDateTime_Basics</className>
          <testName>testTest</testName>
          <skipped>false</skipped>
          <failedSince>0</failedSince>
        </case>
        <case>
          <duration>0.0</duration>
          <className>org.joda.time.TestDateTime_Basics</className>
          <testName>testToString</testName>
          <skipped>false</skipped>
          <failedSince>0</failedSince>
        </case>
        <case>
          <duration>0.0</duration>
          <className>org.joda.time.TestDateTime_Basics</className>
          <testName>testGet_DateTimeFieldType</testName>
          <skipped>false</skipped>
          <failedSince>0</failedSince>
        </case>
        <case>
          <duration>0.001</duration>
          <className>org.joda.time.TestDateTime_Basics</className>
          <testName>testGet_DateTimeField</testName>
          <skipped>false</skipped>
          <failedSince>0</failedSince>
        </case>
        <case>
          <duration>0.0</duration>
          <className>org.joda.time.TestDateTime_Basics</className>
          <testName>testEqualsHashCode</testName>
          <skipped>false</skipped>
          <failedSince>0</failedSince>
        </case>
        <case>
          <duration>0.002</duration>
          <className>org.joda.time.TestDateTime_Basics</className>
          <testName>testCompareTo</testName>
          <skipped>false</skipped>
          <failedSince>0</failedSince>
        </case>
        <case>
          <duration>0.0</duration>
          <className>org.joda.time.TestDateTime_Basics</className>
          <testName>testIsEqual_long</testName>
          <skipped>false</skipped>
          <failedSince>0</failedSince>
        </case>
        <case>
          <duration>0.0</duration>
          <className>org.joda.time.TestDateTime_Basics</className>
          <testName>testIsEqualNow</testName>
          <skipped>false</skipped>
          <failedSince>0</failedSince>
        </case>
        <case>
          <duration>0.0</duration>
          <className>org.joda.time.TestDateTime_Basics</className>
          <testName>testIsEqual_RI</testName>
          <skipped>false</skipped>
          <failedSince>0</failedSince>
        </case>
        <case>
          <duration>0.0</duration>
          <className>org.joda.time.TestDateTime_Basics</className>
          <testName>testIsBefore_long</testName>
          <skipped>false</skipped>
          <failedSince>0</failedSince>
        </case>
        <case>
          <duration>0.0</duration>
          <className>org.joda.time.TestDateTime_Basics</className>
          <testName>testIsBeforeNow</testName>
          <skipped>false</skipped>
          <failedSince>0</failedSince>
        </case>
        <case>
          <duration>0.0</duration>
          <className>org.joda.time.TestDateTime_Basics</className>
          <testName>testIsBefore_RI</testName>
          <skipped>false</skipped>
          <failedSince>0</failedSince>
        </case>
        <case>
          <duration>0.001</duration>
          <className>org.joda.time.TestDateTime_Basics</className>
          <testName>testIsAfter_long</testName>
          <skipped>false</skipped>
          <failedSince>0</failedSince>
        </case>
        <case>
          <duration>0.0</duration>
          <className>org.joda.time.TestDateTime_Basics</className>
          <testName>testIsAfterNow</testName>
          <skipped>false</skipped>
          <failedSince>0</failedSince>
        </case>
        <case>
          <duration>0.0</duration>
          <className>org.joda.time.TestDateTime_Basics</className>
          <testName>testIsAfter_RI</testName>
          <skipped>false</skipped>
          <failedSince>0</failedSince>
        </case>
        <case>
          <duration>0.009</duration>
          <className>org.joda.time.TestDateTime_Basics</className>
          <testName>testSerialization</testName>
          <skipped>false</skipped>
          <failedSince>0</failedSince>
        </case>
        <case>
          <duration>0.001</duration>
          <className>org.joda.time.TestDateTime_Basics</className>
          <testName>testToInstant</testName>
          <skipped>false</skipped>
          <failedSince>0</failedSince>
        </case>
        <case>
          <duration>0.0</duration>
          <className>org.joda.time.TestDateTime_Basics</className>
          <testName>testToDateTime</testName>
          <skipped>false</skipped>
          <failedSince>0</failedSince>
        </case>
        <case>
          <duration>0.001</duration>
          <className>org.joda.time.TestDateTime_Basics</className>
          <testName>testToDateTimeISO</testName>
          <skipped>false</skipped>
          <failedSince>0</failedSince>
        </case>
        <case>
          <duration>0.001</duration>
          <className>org.joda.time.TestDateTime_Basics</className>
          <testName>testToDateTime_DateTimeZone</testName>
          <skipped>false</skipped>
          <failedSince>0</failedSince>
        </case>
        <case>
          <duration>0.0</duration>
          <className>org.joda.time.TestDateTime_Basics</className>
          <testName>testToDateTime_Chronology</testName>
          <skipped>false</skipped>
          <failedSince>0</failedSince>
        </case>
        <case>
          <duration>0.001</duration>
          <className>org.joda.time.TestDateTime_Basics</className>
          <testName>testToMutableDateTime</testName>
          <skipped>false</skipped>
          <failedSince>0</failedSince>
        </case>
        <case>
          <duration>0.0</duration>
          <className>org.joda.time.TestDateTime_Basics</className>
          <testName>testToMutableDateTimeISO</testName>
          <skipped>false</skipped>
          <failedSince>0</failedSince>
        </case>
        <case>
          <duration>0.0</duration>
          <className>org.joda.time.TestDateTime_Basics</className>
          <testName>testToMutableDateTime_DateTimeZone</testName>
          <skipped>false</skipped>
          <failedSince>0</failedSince>
        </case>
        <case>
          <duration>0.0</duration>
          <className>org.joda.time.TestDateTime_Basics</className>
          <testName>testToMutableDateTime_Chronology</testName>
          <skipped>false</skipped>
          <failedSince>0</failedSince>
        </case>
        <case>
          <duration>0.0</duration>
          <className>org.joda.time.TestDateTime_Basics</className>
          <testName>testToDate</testName>
          <skipped>false</skipped>
          <failedSince>0</failedSince>
        </case>
        <case>
          <duration>0.0</duration>
          <className>org.joda.time.TestDateTime_Basics</className>
          <testName>testWithMillis_long</testName>
          <skipped>false</skipped>
          <failedSince>0</failedSince>
        </case>
        <case>
          <duration>0.0</duration>
          <className>org.joda.time.TestDateTime_Basics</className>
          <testName>testWithDurationAdded_long_int</testName>
          <skipped>false</skipped>
          <failedSince>0</failedSince>
        </case>
        <case>
          <duration>0.0</duration>
          <className>org.joda.time.TestDateTime_Basics</className>
          <testName>testWithDurationAdded_RD_int</testName>
          <skipped>false</skipped>
          <failedSince>0</failedSince>
        </case>
        <case>
          <duration>0.0</duration>
          <className>org.joda.time.TestDateTime_Basics</className>
          <testName>testPlus_long</testName>
          <skipped>false</skipped>
          <failedSince>0</failedSince>
        </case>
        <case>
          <duration>0.001</duration>
          <className>org.joda.time.TestDateTime_Basics</className>
          <testName>testPlus_RD</testName>
          <skipped>false</skipped>
          <failedSince>0</failedSince>
        </case>
        <case>
          <duration>0.0</duration>
          <className>org.joda.time.TestDateTime_Basics</className>
          <testName>testMinus_long</testName>
          <skipped>false</skipped>
          <failedSince>0</failedSince>
        </case>
        <case>
          <duration>0.0</duration>
          <className>org.joda.time.TestDateTime_Basics</className>
          <testName>testMinus_RD</testName>
          <skipped>false</skipped>
          <failedSince>0</failedSince>
        </case>
        <case>
          <duration>0.0</duration>
          <className>org.joda.time.TestDateTime_Basics</className>
          <testName>testIsSupported_DateTimeFieldType</testName>
          <skipped>false</skipped>
          <failedSince>0</failedSince>
        </case>
        <case>
          <duration>0.0</duration>
          <className>org.joda.time.TestDateTime_Basics</className>
          <testName>testGetters</testName>
          <skipped>false</skipped>
          <failedSince>0</failedSince>
        </case>
        <case>
          <duration>0.001</duration>
          <className>org.joda.time.TestDateTime_Basics</className>
          <testName>testWithers</testName>
          <skipped>false</skipped>
          <failedSince>0</failedSince>
        </case>
        <case>
          <duration>0.0</duration>
          <className>org.joda.time.TestDateTime_Basics</className>
          <testName>testToString_String</testName>
          <skipped>false</skipped>
          <failedSince>0</failedSince>
        </case>
        <case>
          <duration>0.007</duration>
          <className>org.joda.time.TestDateTime_Basics</className>
          <testName>testToString_String_Locale</testName>
          <skipped>false</skipped>
          <failedSince>0</failedSince>
        </case>
        <case>
          <duration>0.001</duration>
          <className>org.joda.time.TestDateTime_Basics</className>
          <testName>testToString_DTFormatter</testName>
          <skipped>false</skipped>
          <failedSince>0</failedSince>
        </case>
        <case>
          <duration>0.005</duration>
          <className>org.joda.time.TestDateTime_Basics</className>
          <testName>testToCalendar_Locale</testName>
          <skipped>false</skipped>
          <failedSince>0</failedSince>
        </case>
        <case>
          <duration>0.0</duration>
          <className>org.joda.time.TestDateTime_Basics</className>
          <testName>testToGregorianCalendar</testName>
          <skipped>false</skipped>
          <failedSince>0</failedSince>
        </case>
        <case>
          <duration>0.001</duration>
          <className>org.joda.time.TestDateTime_Basics</className>
          <testName>testToDateMidnight</testName>
          <skipped>false</skipped>
          <failedSince>0</failedSince>
        </case>
        <case>
          <duration>0.003</duration>
          <className>org.joda.time.TestDateTime_Basics</className>
          <testName>testToYearMonthDay</testName>
          <skipped>false</skipped>
          <failedSince>0</failedSince>
        </case>
        <case>
          <duration>0.001</duration>
          <className>org.joda.time.TestDateTime_Basics</className>
          <testName>testToTimeOfDay</testName>
          <skipped>false</skipped>
          <failedSince>0</failedSince>
        </case>
        <case>
          <duration>0.002</duration>
          <className>org.joda.time.TestDateTime_Basics</className>
          <testName>testToLocalDateTime</testName>
          <skipped>false</skipped>
          <failedSince>0</failedSince>
        </case>
        <case>
          <duration>0.001</duration>
          <className>org.joda.time.TestDateTime_Basics</className>
          <testName>testToLocalDate</testName>
          <skipped>false</skipped>
          <failedSince>0</failedSince>
        </case>
        <case>
          <duration>0.002</duration>
          <className>org.joda.time.TestDateTime_Basics</className>
          <testName>testToLocalTime</testName>
          <skipped>false</skipped>
          <failedSince>0</failedSince>
        </case>
        <case>
          <duration>0.0</duration>
          <className>org.joda.time.TestDateTime_Basics</className>
          <testName>testWithChronology_Chronology</testName>
          <skipped>false</skipped>
          <failedSince>0</failedSince>
        </case>
        <case>
          <duration>0.0</duration>
          <className>org.joda.time.TestDateTime_Basics</className>
          <testName>testWithZone_DateTimeZone</testName>
          <skipped>false</skipped>
          <failedSince>0</failedSince>
        </case>
        <case>
          <duration>0.001</duration>
          <className>org.joda.time.TestDateTime_Basics</className>
          <testName>testWithZoneRetainFields_DateTimeZone</testName>
          <skipped>false</skipped>
          <failedSince>0</failedSince>
        </case>
        <case>
          <duration>0.0</duration>
          <className>org.joda.time.TestDateTime_Basics</className>
          <testName>testWithDate_int_int_int</testName>
          <skipped>false</skipped>
          <failedSince>0</failedSince>
        </case>
        <case>
          <duration>0.0</duration>
          <className>org.joda.time.TestDateTime_Basics</className>
          <testName>testWithDate_int_int_int_toDST1</testName>
          <skipped>false</skipped>
          <failedSince>0</failedSince>
        </case>
        <case>
          <duration>0.0</duration>
          <className>org.joda.time.TestDateTime_Basics</className>
          <testName>testWithDate_int_int_int_toDST2</testName>
          <skipped>false</skipped>
          <failedSince>0</failedSince>
        </case>
        <case>
          <duration>0.001</duration>
          <className>org.joda.time.TestDateTime_Basics</className>
          <testName>testWithDate_int_int_int_affectedByDST</testName>
          <skipped>false</skipped>
          <failedSince>0</failedSince>
        </case>
        <case>
          <duration>0.0</duration>
          <className>org.joda.time.TestDateTime_Basics</className>
          <testName>testWithDate_LocalDate</testName>
          <skipped>false</skipped>
          <failedSince>0</failedSince>
        </case>
        <case>
          <duration>0.0</duration>
          <className>org.joda.time.TestDateTime_Basics</className>
          <testName>testWithTime_int_int_int_int</testName>
          <skipped>false</skipped>
          <failedSince>0</failedSince>
        </case>
        <case>
          <duration>0.0</duration>
          <className>org.joda.time.TestDateTime_Basics</className>
          <testName>testWithTime_int_int_int_int_toDST</testName>
          <skipped>false</skipped>
          <failedSince>0</failedSince>
        </case>
        <case>
          <duration>0.0</duration>
          <className>org.joda.time.TestDateTime_Basics</className>
          <testName>testWithTime_LocalTime</testName>
          <skipped>false</skipped>
          <failedSince>0</failedSince>
        </case>
        <case>
          <duration>0.001</duration>
          <className>org.joda.time.TestDateTime_Basics</className>
          <testName>testWithFields_RPartial</testName>
          <skipped>false</skipped>
          <failedSince>0</failedSince>
        </case>
        <case>
          <duration>0.0</duration>
          <className>org.joda.time.TestDateTime_Basics</className>
          <testName>testWithField1</testName>
          <skipped>false</skipped>
          <failedSince>0</failedSince>
        </case>
        <case>
          <duration>0.0</duration>
          <className>org.joda.time.TestDateTime_Basics</className>
          <testName>testWithField2</testName>
          <skipped>false</skipped>
          <failedSince>0</failedSince>
        </case>
        <case>
          <duration>0.001</duration>
          <className>org.joda.time.TestDateTime_Basics</className>
          <testName>testWithFieldAdded1</testName>
          <skipped>false</skipped>
          <failedSince>0</failedSince>
        </case>
        <case>
          <duration>0.0</duration>
          <className>org.joda.time.TestDateTime_Basics</className>
          <testName>testWithFieldAdded2</testName>
          <skipped>false</skipped>
          <failedSince>0</failedSince>
        </case>
        <case>
          <duration>0.0</duration>
          <className>org.joda.time.TestDateTime_Basics</className>
          <testName>testWithFieldAdded3</testName>
          <skipped>false</skipped>
          <failedSince>0</failedSince>
        </case>
        <case>
          <duration>0.0</duration>
          <className>org.joda.time.TestDateTime_Basics</className>
          <testName>testWithFieldAdded4</testName>
          <skipped>false</skipped>
          <failedSince>0</failedSince>
        </case>
        <case>
          <duration>0.001</duration>
          <className>org.joda.time.TestDateTime_Basics</className>
          <testName>testWithDurationAdded_RP_int</testName>
          <skipped>false</skipped>
          <failedSince>0</failedSince>
        </case>
        <case>
          <duration>0.0</duration>
          <className>org.joda.time.TestDateTime_Basics</className>
          <testName>testPlus_RP</testName>
          <skipped>false</skipped>
          <failedSince>0</failedSince>
        </case>
        <case>
          <duration>0.0</duration>
          <className>org.joda.time.TestDateTime_Basics</className>
          <testName>testPlusYears_int</testName>
          <skipped>false</skipped>
          <failedSince>0</failedSince>
        </case>
        <case>
          <duration>0.001</duration>
          <className>org.joda.time.TestDateTime_Basics</className>
          <testName>testPlusMonths_int</testName>
          <skipped>false</skipped>
          <failedSince>0</failedSince>
        </case>
        <case>
          <duration>0.0</duration>
          <className>org.joda.time.TestDateTime_Basics</className>
          <testName>testPlusMonths_intMax</testName>
          <skipped>false</skipped>
          <failedSince>0</failedSince>
        </case>
        <case>
          <duration>0.001</duration>
          <className>org.joda.time.TestDateTime_Basics</className>
          <testName>testPlusMonths_intMin</testName>
          <skipped>false</skipped>
          <failedSince>0</failedSince>
        </case>
        <case>
          <duration>0.0</duration>
          <className>org.joda.time.TestDateTime_Basics</className>
          <testName>testPlusWeeks_int</testName>
          <skipped>false</skipped>
          <failedSince>0</failedSince>
        </case>
        <case>
          <duration>0.0</duration>
          <className>org.joda.time.TestDateTime_Basics</className>
          <testName>testPlusDays_int</testName>
          <skipped>false</skipped>
          <failedSince>0</failedSince>
        </case>
        <case>
          <duration>0.0</duration>
          <className>org.joda.time.TestDateTime_Basics</className>
          <testName>testPlusHours_int</testName>
          <skipped>false</skipped>
          <failedSince>0</failedSince>
        </case>
        <case>
          <duration>0.0</duration>
          <className>org.joda.time.TestDateTime_Basics</className>
          <testName>testPlusMinutes_int</testName>
          <skipped>false</skipped>
          <failedSince>0</failedSince>
        </case>
        <case>
          <duration>0.001</duration>
          <className>org.joda.time.TestDateTime_Basics</className>
          <testName>testPlusSeconds_int</testName>
          <skipped>false</skipped>
          <failedSince>0</failedSince>
        </case>
        <case>
          <duration>0.0</duration>
          <className>org.joda.time.TestDateTime_Basics</className>
          <testName>testPlusMillis_int</testName>
          <skipped>false</skipped>
          <failedSince>0</failedSince>
        </case>
        <case>
          <duration>0.0</duration>
          <className>org.joda.time.TestDateTime_Basics</className>
          <testName>testMinus_RP</testName>
          <skipped>false</skipped>
          <failedSince>0</failedSince>
        </case>
        <case>
          <duration>0.0</duration>
          <className>org.joda.time.TestDateTime_Basics</className>
          <testName>testMinusYears_int</testName>
          <skipped>false</skipped>
          <failedSince>0</failedSince>
        </case>
        <case>
          <duration>0.0</duration>
          <className>org.joda.time.TestDateTime_Basics</className>
          <testName>testMinusMonths_int</testName>
          <skipped>false</skipped>
          <failedSince>0</failedSince>
        </case>
        <case>
          <duration>0.0</duration>
          <className>org.joda.time.TestDateTime_Basics</className>
          <testName>testMinusMonths_intMax</testName>
          <skipped>false</skipped>
          <failedSince>0</failedSince>
        </case>
        <case>
          <duration>0.001</duration>
          <className>org.joda.time.TestDateTime_Basics</className>
          <testName>testMinusMonths_intMin</testName>
          <skipped>false</skipped>
          <failedSince>0</failedSince>
        </case>
        <case>
          <duration>0.0</duration>
          <className>org.joda.time.TestDateTime_Basics</className>
          <testName>testMinusWeeks_int</testName>
          <skipped>false</skipped>
          <failedSince>0</failedSince>
        </case>
        <case>
          <duration>0.0</duration>
          <className>org.joda.time.TestDateTime_Basics</className>
          <testName>testMinusDays_int</testName>
          <skipped>false</skipped>
          <failedSince>0</failedSince>
        </case>
        <case>
          <duration>0.0</duration>
          <className>org.joda.time.TestDateTime_Basics</className>
          <testName>testMinusHours_int</testName>
          <skipped>false</skipped>
          <failedSince>0</failedSince>
        </case>
        <case>
          <duration>0.0</duration>
          <className>org.joda.time.TestDateTime_Basics</className>
          <testName>testMinusMinutes_int</testName>
          <skipped>false</skipped>
          <failedSince>0</failedSince>
        </case>
        <case>
          <duration>0.001</duration>
          <className>org.joda.time.TestDateTime_Basics</className>
          <testName>testMinusSeconds_int</testName>
          <skipped>false</skipped>
          <failedSince>0</failedSince>
        </case>
        <case>
          <duration>0.0</duration>
          <className>org.joda.time.TestDateTime_Basics</className>
          <testName>testMinusMillis_int</testName>
          <skipped>false</skipped>
          <failedSince>0</failedSince>
        </case>
        <case>
          <duration>0.001</duration>
          <className>org.joda.time.TestDateTime_Basics</className>
          <testName>testProperty</testName>
          <skipped>false</skipped>
          <failedSince>0</failedSince>
        </case>
        <case>
          <duration>0.0</duration>
          <className>org.joda.time.TestDateTime_Properties</className>
          <testName>testTest</testName>
          <skipped>false</skipped>
          <failedSince>0</failedSince>
        </case>
        <case>
          <duration>0.0</duration>
          <className>org.joda.time.TestDateTime_Properties</className>
          <testName>testPropertyGetEra</testName>
          <skipped>false</skipped>
          <failedSince>0</failedSince>
        </case>
        <case>
          <duration>0.0</duration>
          <className>org.joda.time.TestDateTime_Properties</className>
          <testName>testPropertyGetYearOfEra</testName>
          <skipped>false</skipped>
          <failedSince>0</failedSince>
        </case>
        <case>
          <duration>0.0</duration>
          <className>org.joda.time.TestDateTime_Properties</className>
          <testName>testPropertyGetCenturyOfEra</testName>
          <skipped>false</skipped>
          <failedSince>0</failedSince>
        </case>
        <case>
          <duration>0.0</duration>
          <className>org.joda.time.TestDateTime_Properties</className>
          <testName>testPropertyGetYearOfCentury</testName>
          <skipped>false</skipped>
          <failedSince>0</failedSince>
        </case>
        <case>
          <duration>0.0</duration>
          <className>org.joda.time.TestDateTime_Properties</className>
          <testName>testPropertyGetWeekyear</testName>
          <skipped>false</skipped>
          <failedSince>0</failedSince>
        </case>
        <case>
          <duration>0.0</duration>
          <className>org.joda.time.TestDateTime_Properties</className>
          <testName>testPropertyGetYear</testName>
          <skipped>false</skipped>
          <failedSince>0</failedSince>
        </case>
        <case>
          <duration>0.001</duration>
          <className>org.joda.time.TestDateTime_Properties</className>
          <testName>testPropertyLeapYear</testName>
          <skipped>false</skipped>
          <failedSince>0</failedSince>
        </case>
        <case>
          <duration>0.004</duration>
          <className>org.joda.time.TestDateTime_Properties</className>
          <testName>testPropertyAddYear</testName>
          <skipped>false</skipped>
          <failedSince>0</failedSince>
        </case>
        <case>
          <duration>0.001</duration>
          <className>org.joda.time.TestDateTime_Properties</className>
          <testName>testPropertyAddWrapFieldYear</testName>
          <skipped>false</skipped>
          <failedSince>0</failedSince>
        </case>
        <case>
          <duration>0.0</duration>
          <className>org.joda.time.TestDateTime_Properties</className>
          <testName>testPropertySetYear</testName>
          <skipped>false</skipped>
          <failedSince>0</failedSince>
        </case>
        <case>
          <duration>0.0</duration>
          <className>org.joda.time.TestDateTime_Properties</className>
          <testName>testPropertySetTextYear</testName>
          <skipped>false</skipped>
          <failedSince>0</failedSince>
        </case>
        <case>
          <duration>0.0</duration>
          <className>org.joda.time.TestDateTime_Properties</className>
          <testName>testPropertyCompareToYear</testName>
          <skipped>false</skipped>
          <failedSince>0</failedSince>
        </case>
        <case>
          <duration>0.0</duration>
          <className>org.joda.time.TestDateTime_Properties</className>
          <testName>testPropertyCompareToYear2</testName>
          <skipped>false</skipped>
          <failedSince>0</failedSince>
        </case>
        <case>
          <duration>0.001</duration>
          <className>org.joda.time.TestDateTime_Properties</className>
          <testName>testPropertyEqualsHashCodeYear</testName>
          <skipped>false</skipped>
          <failedSince>0</failedSince>
        </case>
        <case>
          <duration>0.0</duration>
          <className>org.joda.time.TestDateTime_Properties</className>
          <testName>testPropertyGetMonthOfYear</testName>
          <skipped>false</skipped>
          <failedSince>0</failedSince>
        </case>
        <case>
          <duration>0.001</duration>
          <className>org.joda.time.TestDateTime_Properties</className>
          <testName>testPropertyLeapMonthOfYear</testName>
          <skipped>false</skipped>
          <failedSince>0</failedSince>
        </case>
        <case>
          <duration>0.0</duration>
          <className>org.joda.time.TestDateTime_Properties</className>
          <testName>testPropertyAddMonthOfYear</testName>
          <skipped>false</skipped>
          <failedSince>0</failedSince>
        </case>
        <case>
          <duration>0.001</duration>
          <className>org.joda.time.TestDateTime_Properties</className>
          <testName>testPropertyAddWrapFieldMonthOfYear</testName>
          <skipped>false</skipped>
          <failedSince>0</failedSince>
        </case>
        <case>
          <duration>0.0</duration>
          <className>org.joda.time.TestDateTime_Properties</className>
          <testName>testPropertySetMonthOfYear</testName>
          <skipped>false</skipped>
          <failedSince>0</failedSince>
        </case>
        <case>
          <duration>0.0</duration>
          <className>org.joda.time.TestDateTime_Properties</className>
          <testName>testPropertySetTextMonthOfYear</testName>
          <skipped>false</skipped>
          <failedSince>0</failedSince>
        </case>
        <case>
          <duration>0.0</duration>
          <className>org.joda.time.TestDateTime_Properties</className>
          <testName>testPropertyCompareToMonthOfYear</testName>
          <skipped>false</skipped>
          <failedSince>0</failedSince>
        </case>
        <case>
          <duration>0.001</duration>
          <className>org.joda.time.TestDateTime_Properties</className>
          <testName>testPropertyGetDayOfMonth</testName>
          <skipped>false</skipped>
          <failedSince>0</failedSince>
        </case>
        <case>
          <duration>0.0</duration>
          <className>org.joda.time.TestDateTime_Properties</className>
          <testName>testPropertyGetMaxMinValuesDayOfMonth</testName>
          <skipped>false</skipped>
          <failedSince>0</failedSince>
        </case>
        <case>
          <duration>0.0</duration>
          <className>org.joda.time.TestDateTime_Properties</className>
          <testName>testPropertyAddDayOfMonth</testName>
          <skipped>false</skipped>
          <failedSince>0</failedSince>
        </case>
        <case>
          <duration>0.001</duration>
          <className>org.joda.time.TestDateTime_Properties</className>
          <testName>testPropertyAddWrapFieldDayOfMonth</testName>
          <skipped>false</skipped>
          <failedSince>0</failedSince>
        </case>
        <case>
          <duration>0.0</duration>
          <className>org.joda.time.TestDateTime_Properties</className>
          <testName>testPropertySetDayOfMonth</testName>
          <skipped>false</skipped>
          <failedSince>0</failedSince>
        </case>
        <case>
          <duration>0.0</duration>
          <className>org.joda.time.TestDateTime_Properties</className>
          <testName>testPropertySetTextDayOfMonth</testName>
          <skipped>false</skipped>
          <failedSince>0</failedSince>
        </case>
        <case>
          <duration>0.0</duration>
          <className>org.joda.time.TestDateTime_Properties</className>
          <testName>testPropertyWithMaximumValueDayOfMonth</testName>
          <skipped>false</skipped>
          <failedSince>0</failedSince>
        </case>
        <case>
          <duration>0.001</duration>
          <className>org.joda.time.TestDateTime_Properties</className>
          <testName>testPropertyWithMaximumValueMillisOfDayDSTGap</testName>
          <skipped>false</skipped>
          <failedSince>0</failedSince>
        </case>
        <case>
          <duration>0.0</duration>
          <className>org.joda.time.TestDateTime_Properties</className>
          <testName>testPropertyWithMinimumValueDayOfMonth</testName>
          <skipped>false</skipped>
          <failedSince>0</failedSince>
        </case>
        <case>
          <duration>0.001</duration>
          <className>org.joda.time.TestDateTime_Properties</className>
          <testName>testPropertyWithMinimumValueMillisOfDayDSTGap</testName>
          <skipped>false</skipped>
          <failedSince>0</failedSince>
        </case>
        <case>
          <duration>0.0</duration>
          <className>org.joda.time.TestDateTime_Properties</className>
          <testName>testPropertyCompareToDayOfMonth</testName>
          <skipped>false</skipped>
          <failedSince>0</failedSince>
        </case>
        <case>
          <duration>0.001</duration>
          <className>org.joda.time.TestDateTime_Properties</className>
          <testName>testPropertyGetDayOfYear</testName>
          <skipped>false</skipped>
          <failedSince>0</failedSince>
        </case>
        <case>
          <duration>0.0</duration>
          <className>org.joda.time.TestDateTime_Properties</className>
          <testName>testPropertyGetMaxMinValuesDayOfYear</testName>
          <skipped>false</skipped>
          <failedSince>0</failedSince>
        </case>
        <case>
          <duration>0.0</duration>
          <className>org.joda.time.TestDateTime_Properties</className>
          <testName>testPropertyAddDayOfYear</testName>
          <skipped>false</skipped>
          <failedSince>0</failedSince>
        </case>
        <case>
          <duration>0.0</duration>
          <className>org.joda.time.TestDateTime_Properties</className>
          <testName>testPropertyAddWrapFieldDayOfYear</testName>
          <skipped>false</skipped>
          <failedSince>0</failedSince>
        </case>
        <case>
          <duration>0.001</duration>
          <className>org.joda.time.TestDateTime_Properties</className>
          <testName>testPropertySetDayOfYear</testName>
          <skipped>false</skipped>
          <failedSince>0</failedSince>
        </case>
        <case>
          <duration>0.0</duration>
          <className>org.joda.time.TestDateTime_Properties</className>
          <testName>testPropertySetTextDayOfYear</testName>
          <skipped>false</skipped>
          <failedSince>0</failedSince>
        </case>
        <case>
          <duration>0.0</duration>
          <className>org.joda.time.TestDateTime_Properties</className>
          <testName>testPropertyCompareToDayOfYear</testName>
          <skipped>false</skipped>
          <failedSince>0</failedSince>
        </case>
        <case>
          <duration>0.0</duration>
          <className>org.joda.time.TestDateTime_Properties</className>
          <testName>testPropertyGetWeekOfWeekyear</testName>
          <skipped>false</skipped>
          <failedSince>0</failedSince>
        </case>
        <case>
          <duration>0.0</duration>
          <className>org.joda.time.TestDateTime_Properties</className>
          <testName>testPropertyGetMaxMinValuesWeekOfWeekyear</testName>
          <skipped>false</skipped>
          <failedSince>0</failedSince>
        </case>
        <case>
          <duration>0.0</duration>
          <className>org.joda.time.TestDateTime_Properties</className>
          <testName>testPropertyAddWeekOfWeekyear</testName>
          <skipped>false</skipped>
          <failedSince>0</failedSince>
        </case>
        <case>
          <duration>0.001</duration>
          <className>org.joda.time.TestDateTime_Properties</className>
          <testName>testPropertyAddWrapFieldWeekOfWeekyear</testName>
          <skipped>false</skipped>
          <failedSince>0</failedSince>
        </case>
        <case>
          <duration>0.0</duration>
          <className>org.joda.time.TestDateTime_Properties</className>
          <testName>testPropertySetWeekOfWeekyear</testName>
          <skipped>false</skipped>
          <failedSince>0</failedSince>
        </case>
        <case>
          <duration>0.0</duration>
          <className>org.joda.time.TestDateTime_Properties</className>
          <testName>testPropertySetTextWeekOfWeekyear</testName>
          <skipped>false</skipped>
          <failedSince>0</failedSince>
        </case>
        <case>
          <duration>0.0</duration>
          <className>org.joda.time.TestDateTime_Properties</className>
          <testName>testPropertyCompareToWeekOfWeekyear</testName>
          <skipped>false</skipped>
          <failedSince>0</failedSince>
        </case>
        <case>
          <duration>0.0</duration>
          <className>org.joda.time.TestDateTime_Properties</className>
          <testName>testPropertyGetDayOfWeek</testName>
          <skipped>false</skipped>
          <failedSince>0</failedSince>
        </case>
        <case>
          <duration>0.001</duration>
          <className>org.joda.time.TestDateTime_Properties</className>
          <testName>testPropertyAddDayOfWeek</testName>
          <skipped>false</skipped>
          <failedSince>0</failedSince>
        </case>
        <case>
          <duration>0.0</duration>
          <className>org.joda.time.TestDateTime_Properties</className>
          <testName>testPropertyAddLongDayOfWeek</testName>
          <skipped>false</skipped>
          <failedSince>0</failedSince>
        </case>
        <case>
          <duration>0.0</duration>
          <className>org.joda.time.TestDateTime_Properties</className>
          <testName>testPropertyAddWrapFieldDayOfWeek</testName>
          <skipped>false</skipped>
          <failedSince>0</failedSince>
        </case>
        <case>
          <duration>0.0</duration>
          <className>org.joda.time.TestDateTime_Properties</className>
          <testName>testPropertySetDayOfWeek</testName>
          <skipped>false</skipped>
          <failedSince>0</failedSince>
        </case>
        <case>
          <duration>0.001</duration>
          <className>org.joda.time.TestDateTime_Properties</className>
          <testName>testPropertySetTextDayOfWeek</testName>
          <skipped>false</skipped>
          <failedSince>0</failedSince>
        </case>
        <case>
          <duration>0.0</duration>
          <className>org.joda.time.TestDateTime_Properties</className>
          <testName>testPropertyCompareToDayOfWeek</testName>
          <skipped>false</skipped>
          <failedSince>0</failedSince>
        </case>
        <case>
          <duration>0.0</duration>
          <className>org.joda.time.TestDateTime_Properties</className>
          <testName>testPropertyGetHourOfDay</testName>
          <skipped>false</skipped>
          <failedSince>0</failedSince>
        </case>
        <case>
          <duration>0.0</duration>
          <className>org.joda.time.TestDateTime_Properties</className>
          <testName>testPropertyGetDifferenceHourOfDay</testName>
          <skipped>false</skipped>
          <failedSince>0</failedSince>
        </case>
        <case>
          <duration>0.0</duration>
          <className>org.joda.time.TestDateTime_Properties</className>
          <testName>testPropertyRoundFloorHourOfDay</testName>
          <skipped>false</skipped>
          <failedSince>0</failedSince>
        </case>
        <case>
          <duration>0.0</duration>
          <className>org.joda.time.TestDateTime_Properties</className>
          <testName>testPropertyRoundCeilingHourOfDay</testName>
          <skipped>false</skipped>
          <failedSince>0</failedSince>
        </case>
        <case>
          <duration>0.0</duration>
          <className>org.joda.time.TestDateTime_Properties</className>
          <testName>testPropertyRoundHalfFloorHourOfDay</testName>
          <skipped>false</skipped>
          <failedSince>0</failedSince>
        </case>
        <case>
          <duration>0.0</duration>
          <className>org.joda.time.TestDateTime_Properties</className>
          <testName>testPropertyRoundHalfCeilingHourOfDay</testName>
          <skipped>false</skipped>
          <failedSince>0</failedSince>
        </case>
        <case>
          <duration>0.0</duration>
          <className>org.joda.time.TestDateTime_Properties</className>
          <testName>testPropertyRoundHalfEvenHourOfDay</testName>
          <skipped>false</skipped>
          <failedSince>0</failedSince>
        </case>
        <case>
          <duration>0.0</duration>
          <className>org.joda.time.TestDateTime_Properties</className>
          <testName>testPropertyRemainderHourOfDay</testName>
          <skipped>false</skipped>
          <failedSince>0</failedSince>
        </case>
        <case>
          <duration>0.0</duration>
          <className>org.joda.time.TestDateTime_Properties</className>
          <testName>testPropertyGetMinuteOfHour</testName>
          <skipped>false</skipped>
          <failedSince>0</failedSince>
        </case>
        <case>
          <duration>0.0</duration>
          <className>org.joda.time.TestDateTime_Properties</className>
          <testName>testPropertyGetMinuteOfDay</testName>
          <skipped>false</skipped>
          <failedSince>0</failedSince>
        </case>
        <case>
          <duration>0.001</duration>
          <className>org.joda.time.TestDateTime_Properties</className>
          <testName>testPropertyGetSecondOfMinute</testName>
          <skipped>false</skipped>
          <failedSince>0</failedSince>
        </case>
        <case>
          <duration>0.0</duration>
          <className>org.joda.time.TestDateTime_Properties</className>
          <testName>testPropertyGetSecondOfDay</testName>
          <skipped>false</skipped>
          <failedSince>0</failedSince>
        </case>
        <case>
          <duration>0.0</duration>
          <className>org.joda.time.TestDateTime_Properties</className>
          <testName>testPropertyGetMillisOfSecond</testName>
          <skipped>false</skipped>
          <failedSince>0</failedSince>
        </case>
        <case>
          <duration>0.0</duration>
          <className>org.joda.time.TestDateTime_Properties</className>
          <testName>testPropertyGetMillisOfDay</testName>
          <skipped>false</skipped>
          <failedSince>0</failedSince>
        </case>
        <case>
          <duration>0.005</duration>
          <className>org.joda.time.TestDateTime_Properties</className>
          <testName>testPropertyToIntervalYearOfEra</testName>
          <skipped>false</skipped>
          <failedSince>0</failedSince>
        </case>
        <case>
          <duration>0.0</duration>
          <className>org.joda.time.TestDateTime_Properties</className>
          <testName>testPropertyToIntervalYearOfCentury</testName>
          <skipped>false</skipped>
          <failedSince>0</failedSince>
        </case>
        <case>
          <duration>0.001</duration>
          <className>org.joda.time.TestDateTime_Properties</className>
          <testName>testPropertyToIntervalYear</testName>
          <skipped>false</skipped>
          <failedSince>0</failedSince>
        </case>
        <case>
          <duration>0.0</duration>
          <className>org.joda.time.TestDateTime_Properties</className>
          <testName>testPropertyToIntervalMonthOfYear</testName>
          <skipped>false</skipped>
          <failedSince>0</failedSince>
        </case>
        <case>
          <duration>0.002</duration>
          <className>org.joda.time.TestDateTime_Properties</className>
          <testName>testPropertyToIntervalDayOfMonth</testName>
          <skipped>false</skipped>
          <failedSince>0</failedSince>
        </case>
        <case>
          <duration>0.0</duration>
          <className>org.joda.time.TestDateTime_Properties</className>
          <testName>testPropertyToIntervalHourOfDay</testName>
          <skipped>false</skipped>
          <failedSince>0</failedSince>
        </case>
        <case>
          <duration>0.0</duration>
          <className>org.joda.time.TestDateTime_Properties</className>
          <testName>testPropertyToIntervalMinuteOfHour</testName>
          <skipped>false</skipped>
          <failedSince>0</failedSince>
        </case>
        <case>
          <duration>0.001</duration>
          <className>org.joda.time.TestDateTime_Properties</className>
          <testName>testPropertyToIntervalSecondOfMinute</testName>
          <skipped>false</skipped>
          <failedSince>0</failedSince>
        </case>
        <case>
          <duration>0.0</duration>
          <className>org.joda.time.TestDateTime_Properties</className>
          <testName>testPropertyToIntervalMillisOfSecond</testName>
          <skipped>false</skipped>
          <failedSince>0</failedSince>
        </case>
        <case>
          <duration>0.0</duration>
          <className>org.joda.time.TestDateTime_Properties</className>
          <testName>testPropertyEqualsHashCodeLenient</testName>
          <skipped>false</skipped>
          <failedSince>0</failedSince>
        </case>
        <case>
          <duration>0.0</duration>
          <className>org.joda.time.TestDateTime_Properties</className>
          <testName>testPropertyEqualsHashCodeStrict</testName>
          <skipped>false</skipped>
          <failedSince>0</failedSince>
        </case>
        <case>
          <duration>0.001</duration>
          <className>org.joda.time.TestMutableDateTime_Constructors</className>
          <testName>testConstructor</testName>
          <skipped>false</skipped>
          <failedSince>0</failedSince>
        </case>
        <case>
          <duration>0.0</duration>
          <className>org.joda.time.TestMutableDateTime_Constructors</className>
          <testName>test_now_DateTimeZone</testName>
          <skipped>false</skipped>
          <failedSince>0</failedSince>
        </case>
        <case>
          <duration>0.0</duration>
          <className>org.joda.time.TestMutableDateTime_Constructors</className>
          <testName>test_now_nullDateTimeZone</testName>
          <skipped>false</skipped>
          <failedSince>0</failedSince>
        </case>
        <case>
          <duration>0.0</duration>
          <className>org.joda.time.TestMutableDateTime_Constructors</className>
          <testName>test_now_Chronology</testName>
          <skipped>false</skipped>
          <failedSince>0</failedSince>
        </case>
        <case>
          <duration>0.0</duration>
          <className>org.joda.time.TestMutableDateTime_Constructors</className>
          <testName>test_now_nullChronology</testName>
          <skipped>false</skipped>
          <failedSince>0</failedSince>
        </case>
        <case>
          <duration>0.0</duration>
          <className>org.joda.time.TestMutableDateTime_Constructors</className>
          <testName>testConstructor_DateTimeZone</testName>
          <skipped>false</skipped>
          <failedSince>0</failedSince>
        </case>
        <case>
          <duration>0.0</duration>
          <className>org.joda.time.TestMutableDateTime_Constructors</className>
          <testName>testConstructor_nullDateTimeZone</testName>
          <skipped>false</skipped>
          <failedSince>0</failedSince>
        </case>
        <case>
          <duration>0.0</duration>
          <className>org.joda.time.TestMutableDateTime_Constructors</className>
          <testName>testConstructor_Chronology</testName>
          <skipped>false</skipped>
          <failedSince>0</failedSince>
        </case>
        <case>
          <duration>0.0</duration>
          <className>org.joda.time.TestMutableDateTime_Constructors</className>
          <testName>testConstructor_nullChronology</testName>
          <skipped>false</skipped>
          <failedSince>0</failedSince>
        </case>
        <case>
          <duration>0.0</duration>
          <className>org.joda.time.TestMutableDateTime_Constructors</className>
          <testName>testConstructor_long1_DateTimeZone</testName>
          <skipped>false</skipped>
          <failedSince>0</failedSince>
        </case>
        <case>
          <duration>0.001</duration>
          <className>org.joda.time.TestMutableDateTime_Constructors</className>
          <testName>testConstructor_long2_DateTimeZone</testName>
          <skipped>false</skipped>
          <failedSince>0</failedSince>
        </case>
        <case>
          <duration>0.0</duration>
          <className>org.joda.time.TestMutableDateTime_Constructors</className>
          <testName>testConstructor_long_nullDateTimeZone</testName>
          <skipped>false</skipped>
          <failedSince>0</failedSince>
        </case>
        <case>
          <duration>0.0</duration>
          <className>org.joda.time.TestMutableDateTime_Constructors</className>
          <testName>testConstructor_long1_Chronology</testName>
          <skipped>false</skipped>
          <failedSince>0</failedSince>
        </case>
        <case>
          <duration>0.0</duration>
          <className>org.joda.time.TestMutableDateTime_Constructors</className>
          <testName>testConstructor_long2_Chronology</testName>
          <skipped>false</skipped>
          <failedSince>0</failedSince>
        </case>
        <case>
          <duration>0.0</duration>
          <className>org.joda.time.TestMutableDateTime_Constructors</className>
          <testName>testConstructor_long_nullChronology</testName>
          <skipped>false</skipped>
          <failedSince>0</failedSince>
        </case>
        <case>
          <duration>0.0</duration>
          <className>org.joda.time.TestMutableDateTime_Constructors</className>
          <testName>testConstructor_Object_DateTimeZone</testName>
          <skipped>false</skipped>
          <failedSince>0</failedSince>
        </case>
        <case>
          <duration>0.0</duration>
          <className>org.joda.time.TestMutableDateTime_Constructors</className>
          <testName>testConstructor_invalidObject_DateTimeZone</testName>
          <skipped>false</skipped>
          <failedSince>0</failedSince>
        </case>
        <case>
          <duration>0.0</duration>
          <className>org.joda.time.TestMutableDateTime_Constructors</className>
          <testName>testConstructor_nullObject_DateTimeZone</testName>
          <skipped>false</skipped>
          <failedSince>0</failedSince>
        </case>
        <case>
          <duration>0.0</duration>
          <className>org.joda.time.TestMutableDateTime_Constructors</className>
          <testName>testConstructor_Object_nullDateTimeZone</testName>
          <skipped>false</skipped>
          <failedSince>0</failedSince>
        </case>
        <case>
          <duration>0.0</duration>
          <className>org.joda.time.TestMutableDateTime_Constructors</className>
          <testName>testConstructor_nullObject_nullDateTimeZone</testName>
          <skipped>false</skipped>
          <failedSince>0</failedSince>
        </case>
        <case>
          <duration>0.0</duration>
          <className>org.joda.time.TestMutableDateTime_Constructors</className>
          <testName>testConstructor_badconverterObject_DateTimeZone</testName>
          <skipped>false</skipped>
          <failedSince>0</failedSince>
        </case>
        <case>
          <duration>0.001</duration>
          <className>org.joda.time.TestMutableDateTime_Constructors</className>
          <testName>testConstructor_Object_Chronology</testName>
          <skipped>false</skipped>
          <failedSince>0</failedSince>
        </case>
        <case>
          <duration>0.0</duration>
          <className>org.joda.time.TestMutableDateTime_Constructors</className>
          <testName>testConstructor_invalidObject_Chronology</testName>
          <skipped>false</skipped>
          <failedSince>0</failedSince>
        </case>
        <case>
          <duration>0.0</duration>
          <className>org.joda.time.TestMutableDateTime_Constructors</className>
          <testName>testConstructor_nullObject_Chronology</testName>
          <skipped>false</skipped>
          <failedSince>0</failedSince>
        </case>
        <case>
          <duration>0.0</duration>
          <className>org.joda.time.TestMutableDateTime_Constructors</className>
          <testName>testConstructor_Object_nullChronology</testName>
          <skipped>false</skipped>
          <failedSince>0</failedSince>
        </case>
        <case>
          <duration>0.0</duration>
          <className>org.joda.time.TestMutableDateTime_Constructors</className>
          <testName>testConstructor_nullObject_nullChronology</testName>
          <skipped>false</skipped>
          <failedSince>0</failedSince>
        </case>
        <case>
          <duration>0.0</duration>
          <className>org.joda.time.TestMutableDateTime_Constructors</className>
          <testName>testConstructor_badconverterObject_Chronology</testName>
          <skipped>false</skipped>
          <failedSince>0</failedSince>
        </case>
        <case>
          <duration>0.001</duration>
          <className>org.joda.time.TestMutableDateTime_Constructors</className>
          <testName>testConstructor_int_int_int_int_int_int_int</testName>
          <skipped>false</skipped>
          <failedSince>0</failedSince>
        </case>
        <case>
          <duration>0.0</duration>
          <className>org.joda.time.TestMutableDateTime_Constructors</className>
          <testName>testConstructor_int_int_int_int_int_int_int_DateTimeZone</testName>
          <skipped>false</skipped>
          <failedSince>0</failedSince>
        </case>
        <case>
          <duration>0.0</duration>
          <className>org.joda.time.TestMutableDateTime_Constructors</className>
          <testName>testConstructor_int_int_int_int_int_int_int_nullDateTimeZone</testName>
          <skipped>false</skipped>
          <failedSince>0</failedSince>
        </case>
        <case>
          <duration>0.0</duration>
          <className>org.joda.time.TestMutableDateTime_Constructors</className>
          <testName>testConstructor_int_int_int_int_int_int_int_Chronology</testName>
          <skipped>false</skipped>
          <failedSince>0</failedSince>
        </case>
        <case>
          <duration>0.0</duration>
          <className>org.joda.time.TestMutableDateTime_Constructors</className>
          <testName>testConstructor_int_int_int_int_int_int_int_nullChronology</testName>
          <skipped>false</skipped>
          <failedSince>0</failedSince>
        </case>
        <case>
          <duration>0.001</duration>
          <className>org.joda.time.TestMutableDateTime_Constructors</className>
          <testName>testTest</testName>
          <skipped>false</skipped>
          <failedSince>0</failedSince>
        </case>
        <case>
          <duration>0.0</duration>
          <className>org.joda.time.TestMutableDateTime_Constructors</className>
          <testName>test_now</testName>
          <skipped>false</skipped>
          <failedSince>0</failedSince>
        </case>
        <case>
          <duration>0.0</duration>
          <className>org.joda.time.TestMutableDateTime_Constructors</className>
          <testName>testParse_noFormatter</testName>
          <skipped>false</skipped>
          <failedSince>0</failedSince>
        </case>
        <case>
          <duration>0.0</duration>
          <className>org.joda.time.TestMutableDateTime_Constructors</className>
          <testName>testParse_formatter</testName>
          <skipped>false</skipped>
          <failedSince>0</failedSince>
        </case>
        <case>
          <duration>0.0</duration>
          <className>org.joda.time.TestMutableDateTime_Constructors</className>
          <testName>testConstructor_long1</testName>
          <skipped>false</skipped>
          <failedSince>0</failedSince>
        </case>
        <case>
          <duration>0.0</duration>
          <className>org.joda.time.TestMutableDateTime_Constructors</className>
          <testName>testConstructor_long2</testName>
          <skipped>false</skipped>
          <failedSince>0</failedSince>
        </case>
        <case>
          <duration>0.001</duration>
          <className>org.joda.time.TestMutableDateTime_Constructors</className>
          <testName>testConstructor_Object</testName>
          <skipped>false</skipped>
          <failedSince>0</failedSince>
        </case>
        <case>
          <duration>0.0</duration>
          <className>org.joda.time.TestMutableDateTime_Constructors</className>
          <testName>testConstructor_invalidObject</testName>
          <skipped>false</skipped>
          <failedSince>0</failedSince>
        </case>
        <case>
          <duration>0.0</duration>
          <className>org.joda.time.TestMutableDateTime_Constructors</className>
          <testName>testConstructor_nullObject</testName>
          <skipped>false</skipped>
          <failedSince>0</failedSince>
        </case>
        <case>
          <duration>0.0</duration>
          <className>org.joda.time.TestMutableDateTime_Constructors</className>
          <testName>testConstructor_badconverterObject</testName>
          <skipped>false</skipped>
          <failedSince>0</failedSince>
        </case>
        <case>
          <duration>0.0</duration>
          <className>org.joda.time.TestMutableDateTime_Basics</className>
          <testName>testTest</testName>
          <skipped>false</skipped>
          <failedSince>0</failedSince>
        </case>
        <case>
          <duration>0.0</duration>
          <className>org.joda.time.TestMutableDateTime_Basics</className>
          <testName>testToString</testName>
          <skipped>false</skipped>
          <failedSince>0</failedSince>
        </case>
        <case>
          <duration>0.001</duration>
          <className>org.joda.time.TestMutableDateTime_Basics</className>
          <testName>testGet_DateTimeFieldType</testName>
          <skipped>false</skipped>
          <failedSince>0</failedSince>
        </case>
        <case>
          <duration>0.0</duration>
          <className>org.joda.time.TestMutableDateTime_Basics</className>
          <testName>testGet_DateTimeField</testName>
          <skipped>false</skipped>
          <failedSince>0</failedSince>
        </case>
        <case>
          <duration>0.0</duration>
          <className>org.joda.time.TestMutableDateTime_Basics</className>
          <testName>testGetMethods</testName>
          <skipped>false</skipped>
          <failedSince>0</failedSince>
        </case>
        <case>
          <duration>0.001</duration>
          <className>org.joda.time.TestMutableDateTime_Basics</className>
          <testName>testEqualsHashCode</testName>
          <skipped>false</skipped>
          <failedSince>0</failedSince>
        </case>
        <case>
          <duration>0.0</duration>
          <className>org.joda.time.TestMutableDateTime_Basics</className>
          <testName>testCompareTo</testName>
          <skipped>false</skipped>
          <failedSince>0</failedSince>
        </case>
        <case>
          <duration>0.002</duration>
          <className>org.joda.time.TestMutableDateTime_Basics</className>
          <testName>testSerialization</testName>
          <skipped>false</skipped>
          <failedSince>0</failedSince>
        </case>
        <case>
          <duration>0.0</duration>
          <className>org.joda.time.TestMutableDateTime_Basics</className>
          <testName>testToInstant</testName>
          <skipped>false</skipped>
          <failedSince>0</failedSince>
        </case>
        <case>
          <duration>0.0</duration>
          <className>org.joda.time.TestMutableDateTime_Basics</className>
          <testName>testToDateTime</testName>
          <skipped>false</skipped>
          <failedSince>0</failedSince>
        </case>
        <case>
          <duration>0.0</duration>
          <className>org.joda.time.TestMutableDateTime_Basics</className>
          <testName>testToDateTimeISO</testName>
          <skipped>false</skipped>
          <failedSince>0</failedSince>
        </case>
        <case>
          <duration>0.001</duration>
          <className>org.joda.time.TestMutableDateTime_Basics</className>
          <testName>testToDateTime_DateTimeZone</testName>
          <skipped>false</skipped>
          <failedSince>0</failedSince>
        </case>
        <case>
          <duration>0.0</duration>
          <className>org.joda.time.TestMutableDateTime_Basics</className>
          <testName>testToDateTime_Chronology</testName>
          <skipped>false</skipped>
          <failedSince>0</failedSince>
        </case>
        <case>
          <duration>0.0</duration>
          <className>org.joda.time.TestMutableDateTime_Basics</className>
          <testName>testToMutableDateTime</testName>
          <skipped>false</skipped>
          <failedSince>0</failedSince>
        </case>
        <case>
          <duration>0.0</duration>
          <className>org.joda.time.TestMutableDateTime_Basics</className>
          <testName>testToMutableDateTimeISO</testName>
          <skipped>false</skipped>
          <failedSince>0</failedSince>
        </case>
        <case>
          <duration>0.0</duration>
          <className>org.joda.time.TestMutableDateTime_Basics</className>
          <testName>testToMutableDateTime_DateTimeZone</testName>
          <skipped>false</skipped>
          <failedSince>0</failedSince>
        </case>
        <case>
          <duration>0.0</duration>
          <className>org.joda.time.TestMutableDateTime_Basics</className>
          <testName>testToMutableDateTime_Chronology</testName>
          <skipped>false</skipped>
          <failedSince>0</failedSince>
        </case>
        <case>
          <duration>0.0</duration>
          <className>org.joda.time.TestMutableDateTime_Basics</className>
          <testName>testToDate</testName>
          <skipped>false</skipped>
          <failedSince>0</failedSince>
        </case>
        <case>
          <duration>0.0</duration>
          <className>org.joda.time.TestMutableDateTime_Basics</className>
          <testName>testIsAfter</testName>
          <skipped>false</skipped>
          <failedSince>0</failedSince>
        </case>
        <case>
          <duration>0.0</duration>
          <className>org.joda.time.TestMutableDateTime_Basics</className>
          <testName>testCopy</testName>
          <skipped>false</skipped>
          <failedSince>0</failedSince>
        </case>
        <case>
          <duration>0.0</duration>
          <className>org.joda.time.TestMutableDateTime_Basics</className>
          <testName>testToString_String</testName>
          <skipped>false</skipped>
          <failedSince>0</failedSince>
        </case>
        <case>
          <duration>0.0</duration>
          <className>org.joda.time.TestMutableDateTime_Basics</className>
          <testName>testToString_DTFormatter</testName>
          <skipped>false</skipped>
          <failedSince>0</failedSince>
        </case>
        <case>
          <duration>0.001</duration>
          <className>org.joda.time.TestMutableDateTime_Basics</className>
          <testName>testToCalendar_Locale</testName>
          <skipped>false</skipped>
          <failedSince>0</failedSince>
        </case>
        <case>
          <duration>0.0</duration>
          <className>org.joda.time.TestMutableDateTime_Basics</className>
          <testName>testToGregorianCalendar</testName>
          <skipped>false</skipped>
          <failedSince>0</failedSince>
        </case>
        <case>
          <duration>0.0</duration>
          <className>org.joda.time.TestMutableDateTime_Basics</className>
          <testName>testProperty</testName>
          <skipped>false</skipped>
          <failedSince>0</failedSince>
        </case>
        <case>
          <duration>0.001</duration>
          <className>org.joda.time.TestMutableDateTime_Basics</className>
          <testName>testToString_String_String</testName>
          <skipped>false</skipped>
          <failedSince>0</failedSince>
        </case>
        <case>
          <duration>0.0</duration>
          <className>org.joda.time.TestMutableDateTime_Basics</className>
          <testName>testClone</testName>
          <skipped>false</skipped>
          <failedSince>0</failedSince>
        </case>
        <case>
          <duration>0.0</duration>
          <className>org.joda.time.TestMutableDateTime_Basics</className>
          <testName>testRounding1</testName>
          <skipped>false</skipped>
          <failedSince>0</failedSince>
        </case>
        <case>
          <duration>0.0</duration>
          <className>org.joda.time.TestMutableDateTime_Basics</className>
          <testName>testRounding2</testName>
          <skipped>false</skipped>
          <failedSince>0</failedSince>
        </case>
        <case>
          <duration>0.0</duration>
          <className>org.joda.time.TestMutableDateTime_Basics</className>
          <testName>testRounding3</testName>
          <skipped>false</skipped>
          <failedSince>0</failedSince>
        </case>
        <case>
          <duration>0.0</duration>
          <className>org.joda.time.TestMutableDateTime_Basics</className>
          <testName>testRounding4</testName>
          <skipped>false</skipped>
          <failedSince>0</failedSince>
        </case>
        <case>
          <duration>0.001</duration>
          <className>org.joda.time.TestMutableDateTime_Basics</className>
          <testName>testRounding5</testName>
          <skipped>false</skipped>
          <failedSince>0</failedSince>
        </case>
        <case>
          <duration>0.0</duration>
          <className>org.joda.time.TestMutableDateTime_Basics</className>
          <testName>testRounding6</testName>
          <skipped>false</skipped>
          <failedSince>0</failedSince>
        </case>
        <case>
          <duration>0.0</duration>
          <className>org.joda.time.TestMutableDateTime_Basics</className>
          <testName>testRounding7</testName>
          <skipped>false</skipped>
          <failedSince>0</failedSince>
        </case>
        <case>
          <duration>0.0</duration>
          <className>org.joda.time.TestMutableDateTime_Basics</className>
          <testName>testRounding8</testName>
          <skipped>false</skipped>
          <failedSince>0</failedSince>
        </case>
        <case>
          <duration>0.0</duration>
          <className>org.joda.time.TestMutableDateTime_Basics</className>
          <testName>testIsBefore</testName>
          <skipped>false</skipped>
          <failedSince>0</failedSince>
        </case>
        <case>
          <duration>0.0</duration>
          <className>org.joda.time.TestMutableDateTime_Basics</className>
          <testName>testIsEqual</testName>
          <skipped>false</skipped>
          <failedSince>0</failedSince>
        </case>
        <case>
          <duration>0.001</duration>
          <className>org.joda.time.TestMutableDateTime_Sets</className>
          <testName>testSetChronology_Chronology1</testName>
          <skipped>false</skipped>
          <failedSince>0</failedSince>
        </case>
        <case>
          <duration>0.0</duration>
          <className>org.joda.time.TestMutableDateTime_Sets</className>
          <testName>testSetChronology_Chronology2</testName>
          <skipped>false</skipped>
          <failedSince>0</failedSince>
        </case>
        <case>
          <duration>0.001</duration>
          <className>org.joda.time.TestMutableDateTime_Sets</className>
          <testName>testSetZone_DateTimeZone1</testName>
          <skipped>false</skipped>
          <failedSince>0</failedSince>
        </case>
        <case>
          <duration>0.0</duration>
          <className>org.joda.time.TestMutableDateTime_Sets</className>
          <testName>testSetZone_DateTimeZone2</testName>
          <skipped>false</skipped>
          <failedSince>0</failedSince>
        </case>
        <case>
          <duration>0.0</duration>
          <className>org.joda.time.TestMutableDateTime_Sets</className>
          <testName>testSetZoneRetainFields_DateTimeZone1</testName>
          <skipped>false</skipped>
          <failedSince>0</failedSince>
        </case>
        <case>
          <duration>0.0</duration>
          <className>org.joda.time.TestMutableDateTime_Sets</className>
          <testName>testSetZoneRetainFields_DateTimeZone2</testName>
          <skipped>false</skipped>
          <failedSince>0</failedSince>
        </case>
        <case>
          <duration>0.0</duration>
          <className>org.joda.time.TestMutableDateTime_Sets</className>
          <testName>testSetZoneRetainFields_DateTimeZone3</testName>
          <skipped>false</skipped>
          <failedSince>0</failedSince>
        </case>
        <case>
          <duration>0.0</duration>
          <className>org.joda.time.TestMutableDateTime_Sets</className>
          <testName>testSetZoneRetainFields_DateTimeZone4</testName>
          <skipped>false</skipped>
          <failedSince>0</failedSince>
        </case>
        <case>
          <duration>0.0</duration>
          <className>org.joda.time.TestMutableDateTime_Sets</className>
          <testName>testSetMillis_RI2</testName>
          <skipped>false</skipped>
          <failedSince>0</failedSince>
        </case>
        <case>
          <duration>0.0</duration>
          <className>org.joda.time.TestMutableDateTime_Sets</className>
          <testName>testSet_DateTimeFieldType_int1</testName>
          <skipped>false</skipped>
          <failedSince>0</failedSince>
        </case>
        <case>
          <duration>0.0</duration>
          <className>org.joda.time.TestMutableDateTime_Sets</className>
          <testName>testSet_DateTimeFieldType_int2</testName>
          <skipped>false</skipped>
          <failedSince>0</failedSince>
        </case>
        <case>
          <duration>0.001</duration>
          <className>org.joda.time.TestMutableDateTime_Sets</className>
          <testName>testSet_DateTimeFieldType_int3</testName>
          <skipped>false</skipped>
          <failedSince>0</failedSince>
        </case>
        <case>
          <duration>0.0</duration>
          <className>org.joda.time.TestMutableDateTime_Sets</className>
          <testName>testSetDate_int_int_int1</testName>
          <skipped>false</skipped>
          <failedSince>0</failedSince>
        </case>
        <case>
          <duration>0.0</duration>
          <className>org.joda.time.TestMutableDateTime_Sets</className>
          <testName>testSetDate_int_int_int2</testName>
          <skipped>false</skipped>
          <failedSince>0</failedSince>
        </case>
        <case>
          <duration>0.0</duration>
          <className>org.joda.time.TestMutableDateTime_Sets</className>
          <testName>testSetDate_long1</testName>
          <skipped>false</skipped>
          <failedSince>0</failedSince>
        </case>
        <case>
          <duration>0.0</duration>
          <className>org.joda.time.TestMutableDateTime_Sets</className>
          <testName>testSetDate_RI1</testName>
          <skipped>false</skipped>
          <failedSince>0</failedSince>
        </case>
        <case>
          <duration>0.0</duration>
          <className>org.joda.time.TestMutableDateTime_Sets</className>
          <testName>testSetDate_RI2</testName>
          <skipped>false</skipped>
          <failedSince>0</failedSince>
        </case>
        <case>
          <duration>0.001</duration>
          <className>org.joda.time.TestMutableDateTime_Sets</className>
          <testName>testSetDate_RI_same</testName>
          <skipped>false</skipped>
          <failedSince>0</failedSince>
        </case>
        <case>
          <duration>0.0</duration>
          <className>org.joda.time.TestMutableDateTime_Sets</className>
          <testName>testSetDate_RI_different1</testName>
          <skipped>false</skipped>
          <failedSince>0</failedSince>
        </case>
        <case>
          <duration>0.0</duration>
          <className>org.joda.time.TestMutableDateTime_Sets</className>
          <testName>testSetTime_int_int_int2</testName>
          <skipped>false</skipped>
          <failedSince>0</failedSince>
        </case>
        <case>
          <duration>0.0</duration>
          <className>org.joda.time.TestMutableDateTime_Sets</className>
          <testName>testSetMillis_long1</testName>
          <skipped>false</skipped>
          <failedSince>0</failedSince>
        </case>
        <case>
          <duration>0.0</duration>
          <className>org.joda.time.TestMutableDateTime_Sets</className>
          <testName>testSetMillis_RI1</testName>
          <skipped>false</skipped>
          <failedSince>0</failedSince>
        </case>
        <case>
          <duration>0.0</duration>
          <className>org.joda.time.TestMutableDateTime_Sets</className>
          <testName>testSetDate_RI_different2</testName>
          <skipped>false</skipped>
          <failedSince>0</failedSince>
        </case>
        <case>
          <duration>0.001</duration>
          <className>org.joda.time.TestMutableDateTime_Sets</className>
          <testName>testSetTime_int_int_int_int1</testName>
          <skipped>false</skipped>
          <failedSince>0</failedSince>
        </case>
        <case>
          <duration>0.0</duration>
          <className>org.joda.time.TestMutableDateTime_Sets</className>
          <testName>testSetTime_long1</testName>
          <skipped>false</skipped>
          <failedSince>0</failedSince>
        </case>
        <case>
          <duration>0.0</duration>
          <className>org.joda.time.TestMutableDateTime_Sets</className>
          <testName>testSetTime_RI1</testName>
          <skipped>false</skipped>
          <failedSince>0</failedSince>
        </case>
        <case>
          <duration>0.0</duration>
          <className>org.joda.time.TestMutableDateTime_Sets</className>
          <testName>testSetTime_RI2</testName>
          <skipped>false</skipped>
          <failedSince>0</failedSince>
        </case>
        <case>
          <duration>0.0</duration>
          <className>org.joda.time.TestMutableDateTime_Sets</className>
          <testName>testSetTime_Object3</testName>
          <skipped>false</skipped>
          <failedSince>0</failedSince>
        </case>
        <case>
          <duration>0.0</duration>
          <className>org.joda.time.TestMutableDateTime_Sets</className>
          <testName>testSetDateTime_int_int_int_int_int_int_int1</testName>
          <skipped>false</skipped>
          <failedSince>0</failedSince>
        </case>
        <case>
          <duration>0.0</duration>
          <className>org.joda.time.TestMutableDateTime_Sets</className>
          <testName>testSetDateTime_int_int_int_int_int_int_int2</testName>
          <skipped>false</skipped>
          <failedSince>0</failedSince>
        </case>
        <case>
          <duration>0.003</duration>
          <className>org.joda.time.TestMutableDateTime_Sets</className>
          <testName>testSetYear_int1</testName>
          <skipped>false</skipped>
          <failedSince>0</failedSince>
        </case>
        <case>
          <duration>0.001</duration>
          <className>org.joda.time.TestMutableDateTime_Sets</className>
          <testName>testSetMonthOfYear_int1</testName>
          <skipped>false</skipped>
          <failedSince>0</failedSince>
        </case>
        <case>
          <duration>0.001</duration>
          <className>org.joda.time.TestMutableDateTime_Sets</className>
          <testName>testSetMonthOfYear_int_dstOverlapSummer_addZero</testName>
          <skipped>false</skipped>
          <failedSince>0</failedSince>
        </case>
        <case>
          <duration>0.0</duration>
          <className>org.joda.time.TestMutableDateTime_Sets</className>
          <testName>testSetMonthOfYear_int_dstOverlapWinter_addZero</testName>
          <skipped>false</skipped>
          <failedSince>0</failedSince>
        </case>
        <case>
          <duration>0.001</duration>
          <className>org.joda.time.TestMutableDateTime_Sets</className>
          <testName>testSetMonthOfYear_int2</testName>
          <skipped>false</skipped>
          <failedSince>0</failedSince>
        </case>
        <case>
          <duration>0.0</duration>
          <className>org.joda.time.TestMutableDateTime_Sets</className>
          <testName>testSetDayOfMonth_int1</testName>
          <skipped>false</skipped>
          <failedSince>0</failedSince>
        </case>
        <case>
          <duration>0.0</duration>
          <className>org.joda.time.TestMutableDateTime_Sets</className>
          <testName>testSetDayOfMonth_int2</testName>
          <skipped>false</skipped>
          <failedSince>0</failedSince>
        </case>
        <case>
          <duration>0.0</duration>
          <className>org.joda.time.TestMutableDateTime_Sets</className>
          <testName>testSetDayOfMonth_int_dstOverlapSummer_addZero</testName>
          <skipped>false</skipped>
          <failedSince>0</failedSince>
        </case>
        <case>
          <duration>0.0</duration>
          <className>org.joda.time.TestMutableDateTime_Sets</className>
          <testName>testSetDayOfMonth_int_dstOverlapWinter_addZero</testName>
          <skipped>false</skipped>
          <failedSince>0</failedSince>
        </case>
        <case>
          <duration>0.0</duration>
          <className>org.joda.time.TestMutableDateTime_Sets</className>
          <testName>testSetDayOfYear_int1</testName>
          <skipped>false</skipped>
          <failedSince>0</failedSince>
        </case>
        <case>
          <duration>0.0</duration>
          <className>org.joda.time.TestMutableDateTime_Sets</className>
          <testName>testSetDayOfYear_int_dstOverlapSummer_addZero</testName>
          <skipped>false</skipped>
          <failedSince>0</failedSince>
        </case>
        <case>
          <duration>0.0</duration>
          <className>org.joda.time.TestMutableDateTime_Sets</className>
          <testName>testSetDayOfYear_int_dstOverlapWinter_addZero</testName>
          <skipped>false</skipped>
          <failedSince>0</failedSince>
        </case>
        <case>
          <duration>0.0</duration>
          <className>org.joda.time.TestMutableDateTime_Sets</className>
          <testName>testSetDayOfYear_int2</testName>
          <skipped>false</skipped>
          <failedSince>0</failedSince>
        </case>
        <case>
          <duration>0.0</duration>
          <className>org.joda.time.TestMutableDateTime_Sets</className>
          <testName>testSetWeekyear_int1</testName>
          <skipped>false</skipped>
          <failedSince>0</failedSince>
        </case>
        <case>
          <duration>0.0</duration>
          <className>org.joda.time.TestMutableDateTime_Sets</className>
          <testName>testSetWeekOfWeekyear_int1</testName>
          <skipped>false</skipped>
          <failedSince>0</failedSince>
        </case>
        <case>
          <duration>0.0</duration>
          <className>org.joda.time.TestMutableDateTime_Sets</className>
          <testName>testSetWeekOfWeekyear_int2</testName>
          <skipped>false</skipped>
          <failedSince>0</failedSince>
        </case>
        <case>
          <duration>0.0</duration>
          <className>org.joda.time.TestMutableDateTime_Sets</className>
          <testName>testSetDayOfWeek_int1</testName>
          <skipped>false</skipped>
          <failedSince>0</failedSince>
        </case>
        <case>
          <duration>0.0</duration>
          <className>org.joda.time.TestMutableDateTime_Sets</className>
          <testName>testSetDayOfWeek_int2</testName>
          <skipped>false</skipped>
          <failedSince>0</failedSince>
        </case>
        <case>
          <duration>0.001</duration>
          <className>org.joda.time.TestMutableDateTime_Sets</className>
          <testName>testSetHourOfDay_int1</testName>
          <skipped>false</skipped>
          <failedSince>0</failedSince>
        </case>
        <case>
          <duration>0.0</duration>
          <className>org.joda.time.TestMutableDateTime_Sets</className>
          <testName>testSetHourOfDay_int2</testName>
          <skipped>false</skipped>
          <failedSince>0</failedSince>
        </case>
        <case>
          <duration>0.001</duration>
          <className>org.joda.time.TestMutableDateTime_Sets</className>
          <testName>testSetMinuteOfHour_int1</testName>
          <skipped>false</skipped>
          <failedSince>0</failedSince>
        </case>
        <case>
          <duration>0.0</duration>
          <className>org.joda.time.TestMutableDateTime_Sets</className>
          <testName>testSetMinuteOfHour_int2</testName>
          <skipped>false</skipped>
          <failedSince>0</failedSince>
        </case>
        <case>
          <duration>0.0</duration>
          <className>org.joda.time.TestMutableDateTime_Sets</className>
          <testName>testSetMinuteOfDay_int1</testName>
          <skipped>false</skipped>
          <failedSince>0</failedSince>
        </case>
        <case>
          <duration>0.0</duration>
          <className>org.joda.time.TestMutableDateTime_Sets</className>
          <testName>testSetMinuteOfDay_int2</testName>
          <skipped>false</skipped>
          <failedSince>0</failedSince>
        </case>
        <case>
          <duration>0.0</duration>
          <className>org.joda.time.TestMutableDateTime_Sets</className>
          <testName>testSetSecondOfMinute_int1</testName>
          <skipped>false</skipped>
          <failedSince>0</failedSince>
        </case>
        <case>
          <duration>0.0</duration>
          <className>org.joda.time.TestMutableDateTime_Sets</className>
          <testName>testSetSecondOfMinute_int2</testName>
          <skipped>false</skipped>
          <failedSince>0</failedSince>
        </case>
        <case>
          <duration>0.0</duration>
          <className>org.joda.time.TestMutableDateTime_Sets</className>
          <testName>testSetSecondOfDay_int1</testName>
          <skipped>false</skipped>
          <failedSince>0</failedSince>
        </case>
        <case>
          <duration>0.001</duration>
          <className>org.joda.time.TestMutableDateTime_Sets</className>
          <testName>testSetSecondOfDay_int2</testName>
          <skipped>false</skipped>
          <failedSince>0</failedSince>
        </case>
        <case>
          <duration>0.001</duration>
          <className>org.joda.time.TestMutableDateTime_Sets</className>
          <testName>testSetMilliOfSecond_int1</testName>
          <skipped>false</skipped>
          <failedSince>0</failedSince>
        </case>
        <case>
          <duration>0.0</duration>
          <className>org.joda.time.TestMutableDateTime_Sets</className>
          <testName>testSetMilliOfSecond_int2</testName>
          <skipped>false</skipped>
          <failedSince>0</failedSince>
        </case>
        <case>
          <duration>0.0</duration>
          <className>org.joda.time.TestMutableDateTime_Sets</className>
          <testName>testSetMilliOfDay_int1</testName>
          <skipped>false</skipped>
          <failedSince>0</failedSince>
        </case>
        <case>
          <duration>0.0</duration>
          <className>org.joda.time.TestMutableDateTime_Sets</className>
          <testName>testSetMilliOfDay_int2</testName>
          <skipped>false</skipped>
          <failedSince>0</failedSince>
        </case>
        <case>
          <duration>0.0</duration>
          <className>org.joda.time.TestMutableDateTime_Sets</className>
          <testName>testTest</testName>
          <skipped>false</skipped>
          <failedSince>0</failedSince>
        </case>
        <case>
          <duration>0.0</duration>
          <className>org.joda.time.TestMutableDateTime_Adds</className>
          <testName>testTest</testName>
          <skipped>false</skipped>
          <failedSince>0</failedSince>
        </case>
        <case>
          <duration>0.0</duration>
          <className>org.joda.time.TestMutableDateTime_Adds</className>
          <testName>testAdd_long1</testName>
          <skipped>false</skipped>
          <failedSince>0</failedSince>
        </case>
        <case>
          <duration>0.001</duration>
          <className>org.joda.time.TestMutableDateTime_Adds</className>
          <testName>testAdd_RD1</testName>
          <skipped>false</skipped>
          <failedSince>0</failedSince>
        </case>
        <case>
          <duration>0.0</duration>
          <className>org.joda.time.TestMutableDateTime_Adds</className>
          <testName>testAdd_RD2</testName>
          <skipped>false</skipped>
          <failedSince>0</failedSince>
        </case>
        <case>
          <duration>0.0</duration>
          <className>org.joda.time.TestMutableDateTime_Adds</className>
          <testName>testAdd_RD_int1</testName>
          <skipped>false</skipped>
          <failedSince>0</failedSince>
        </case>
        <case>
          <duration>0.0</duration>
          <className>org.joda.time.TestMutableDateTime_Adds</className>
          <testName>testAdd_RD_int2</testName>
          <skipped>false</skipped>
          <failedSince>0</failedSince>
        </case>
        <case>
          <duration>0.0</duration>
          <className>org.joda.time.TestMutableDateTime_Adds</className>
          <testName>testAdd_RP1</testName>
          <skipped>false</skipped>
          <failedSince>0</failedSince>
        </case>
        <case>
          <duration>0.0</duration>
          <className>org.joda.time.TestMutableDateTime_Adds</className>
          <testName>testAdd_RP2</testName>
          <skipped>false</skipped>
          <failedSince>0</failedSince>
        </case>
        <case>
          <duration>0.0</duration>
          <className>org.joda.time.TestMutableDateTime_Adds</className>
          <testName>testAdd_RP_int1</testName>
          <skipped>false</skipped>
          <failedSince>0</failedSince>
        </case>
        <case>
          <duration>0.0</duration>
          <className>org.joda.time.TestMutableDateTime_Adds</className>
          <testName>testAdd_RP_int2</testName>
          <skipped>false</skipped>
          <failedSince>0</failedSince>
        </case>
        <case>
          <duration>0.0</duration>
          <className>org.joda.time.TestMutableDateTime_Adds</className>
          <testName>testAdd_DurationFieldType_int1</testName>
          <skipped>false</skipped>
          <failedSince>0</failedSince>
        </case>
        <case>
          <duration>0.0</duration>
          <className>org.joda.time.TestMutableDateTime_Adds</className>
          <testName>testAdd_DurationFieldType_int_dstOverlapSummer_addZero</testName>
          <skipped>false</skipped>
          <failedSince>0</failedSince>
        </case>
        <case>
          <duration>0.003</duration>
          <className>org.joda.time.TestMutableDateTime_Adds</className>
          <testName>testAdd_DurationFieldType_int_dstOverlapWinter_addZero</testName>
          <skipped>false</skipped>
          <failedSince>0</failedSince>
        </case>
        <case>
          <duration>0.0</duration>
          <className>org.joda.time.TestMutableDateTime_Adds</className>
          <testName>testAdd_DurationFieldType_int2</testName>
          <skipped>false</skipped>
          <failedSince>0</failedSince>
        </case>
        <case>
          <duration>0.0</duration>
          <className>org.joda.time.TestMutableDateTime_Adds</className>
          <testName>testAdd_DurationFieldType_int3</testName>
          <skipped>false</skipped>
          <failedSince>0</failedSince>
        </case>
        <case>
          <duration>0.0</duration>
          <className>org.joda.time.TestMutableDateTime_Adds</className>
          <testName>testAddYears_int1</testName>
          <skipped>false</skipped>
          <failedSince>0</failedSince>
        </case>
        <case>
          <duration>0.0</duration>
          <className>org.joda.time.TestMutableDateTime_Adds</className>
          <testName>testAddYears_int_dstOverlapSummer_addZero</testName>
          <skipped>false</skipped>
          <failedSince>0</failedSince>
        </case>
        <case>
          <duration>0.0</duration>
          <className>org.joda.time.TestMutableDateTime_Adds</className>
          <testName>testAddYears_int_dstOverlapWinter_addZero</testName>
          <skipped>false</skipped>
          <failedSince>0</failedSince>
        </case>
        <case>
          <duration>0.0</duration>
          <className>org.joda.time.TestMutableDateTime_Adds</className>
          <testName>testAddMonths_int1</testName>
          <skipped>false</skipped>
          <failedSince>0</failedSince>
        </case>
        <case>
          <duration>0.001</duration>
          <className>org.joda.time.TestMutableDateTime_Adds</className>
          <testName>testAddMonths_int_dstOverlapSummer_addZero</testName>
          <skipped>false</skipped>
          <failedSince>0</failedSince>
        </case>
        <case>
          <duration>0.0</duration>
          <className>org.joda.time.TestMutableDateTime_Adds</className>
          <testName>testAddMonths_int_dstOverlapWinter_addZero</testName>
          <skipped>false</skipped>
          <failedSince>0</failedSince>
        </case>
        <case>
          <duration>0.0</duration>
          <className>org.joda.time.TestMutableDateTime_Adds</className>
          <testName>testAddDays_int1</testName>
          <skipped>false</skipped>
          <failedSince>0</failedSince>
        </case>
        <case>
          <duration>0.0</duration>
          <className>org.joda.time.TestMutableDateTime_Adds</className>
          <testName>testAddDays_int_dstOverlapSummer_addZero</testName>
          <skipped>false</skipped>
          <failedSince>0</failedSince>
        </case>
        <case>
          <duration>0.0</duration>
          <className>org.joda.time.TestMutableDateTime_Adds</className>
          <testName>testAddDays_int_dstOverlapWinter_addZero</testName>
          <skipped>false</skipped>
          <failedSince>0</failedSince>
        </case>
        <case>
          <duration>0.0</duration>
          <className>org.joda.time.TestMutableDateTime_Adds</className>
          <testName>testAddWeekyears_int1</testName>
          <skipped>false</skipped>
          <failedSince>0</failedSince>
        </case>
        <case>
          <duration>0.0</duration>
          <className>org.joda.time.TestMutableDateTime_Adds</className>
          <testName>testAddWeeks_int1</testName>
          <skipped>false</skipped>
          <failedSince>0</failedSince>
        </case>
        <case>
          <duration>0.001</duration>
          <className>org.joda.time.TestMutableDateTime_Adds</className>
          <testName>testAddWeeks_int_dstOverlapSummer_addZero</testName>
          <skipped>false</skipped>
          <failedSince>0</failedSince>
        </case>
        <case>
          <duration>0.0</duration>
          <className>org.joda.time.TestMutableDateTime_Adds</className>
          <testName>testAddWeeks_int_dstOverlapWinter_addZero</testName>
          <skipped>false</skipped>
          <failedSince>0</failedSince>
        </case>
        <case>
          <duration>0.0</duration>
          <className>org.joda.time.TestMutableDateTime_Adds</className>
          <testName>testAddHours_int1</testName>
          <skipped>false</skipped>
          <failedSince>0</failedSince>
        </case>
        <case>
          <duration>0.0</duration>
          <className>org.joda.time.TestMutableDateTime_Adds</className>
          <testName>testAddHours_int_dstOverlapSummer_addZero</testName>
          <skipped>false</skipped>
          <failedSince>0</failedSince>
        </case>
        <case>
          <duration>0.0</duration>
          <className>org.joda.time.TestMutableDateTime_Adds</className>
          <testName>testAddHours_int_dstOverlapWinter_addZero</testName>
          <skipped>false</skipped>
          <failedSince>0</failedSince>
        </case>
        <case>
          <duration>0.0</duration>
          <className>org.joda.time.TestMutableDateTime_Adds</className>
          <testName>testAddMinutes_int1</testName>
          <skipped>false</skipped>
          <failedSince>0</failedSince>
        </case>
        <case>
          <duration>0.0</duration>
          <className>org.joda.time.TestMutableDateTime_Adds</className>
          <testName>testAddMinutes_int_dstOverlapSummer_addZero</testName>
          <skipped>false</skipped>
          <failedSince>0</failedSince>
        </case>
        <case>
          <duration>0.0</duration>
          <className>org.joda.time.TestMutableDateTime_Adds</className>
          <testName>testAddMinutes_int_dstOverlapWinter_addZero</testName>
          <skipped>false</skipped>
          <failedSince>0</failedSince>
        </case>
        <case>
          <duration>0.0</duration>
          <className>org.joda.time.TestMutableDateTime_Adds</className>
          <testName>testAddSeconds_int1</testName>
          <skipped>false</skipped>
          <failedSince>0</failedSince>
        </case>
        <case>
          <duration>0.0</duration>
          <className>org.joda.time.TestMutableDateTime_Adds</className>
          <testName>testAddSeconds_int_dstOverlapSummer_addZero</testName>
          <skipped>false</skipped>
          <failedSince>0</failedSince>
        </case>
        <case>
          <duration>0.0</duration>
          <className>org.joda.time.TestMutableDateTime_Adds</className>
          <testName>testAddSeconds_int_dstOverlapWinter_addZero</testName>
          <skipped>false</skipped>
          <failedSince>0</failedSince>
        </case>
        <case>
          <duration>0.0</duration>
          <className>org.joda.time.TestMutableDateTime_Adds</className>
          <testName>testAddMillis_int1</testName>
          <skipped>false</skipped>
          <failedSince>0</failedSince>
        </case>
        <case>
          <duration>0.0</duration>
          <className>org.joda.time.TestMutableDateTime_Adds</className>
          <testName>testAddMillis_int_dstOverlapSummer_addZero</testName>
          <skipped>false</skipped>
          <failedSince>0</failedSince>
        </case>
        <case>
          <duration>0.0</duration>
          <className>org.joda.time.TestMutableDateTime_Adds</className>
          <testName>testAddMillis_int_dstOverlapWinter_addZero</testName>
          <skipped>false</skipped>
          <failedSince>0</failedSince>
        </case>
        <case>
          <duration>0.0</duration>
          <className>org.joda.time.TestMutableDateTime_Properties</className>
          <testName>testTest</testName>
          <skipped>false</skipped>
          <failedSince>0</failedSince>
        </case>
        <case>
          <duration>0.0</duration>
          <className>org.joda.time.TestMutableDateTime_Properties</className>
          <testName>testPropertyGetEra</testName>
          <skipped>false</skipped>
          <failedSince>0</failedSince>
        </case>
        <case>
          <duration>0.0</duration>
          <className>org.joda.time.TestMutableDateTime_Properties</className>
          <testName>testPropertyGetYearOfEra</testName>
          <skipped>false</skipped>
          <failedSince>0</failedSince>
        </case>
        <case>
          <duration>0.0</duration>
          <className>org.joda.time.TestMutableDateTime_Properties</className>
          <testName>testPropertyGetCenturyOfEra</testName>
          <skipped>false</skipped>
          <failedSince>0</failedSince>
        </case>
        <case>
          <duration>0.0</duration>
          <className>org.joda.time.TestMutableDateTime_Properties</className>
          <testName>testPropertyGetYearOfCentury</testName>
          <skipped>false</skipped>
          <failedSince>0</failedSince>
        </case>
        <case>
          <duration>0.0</duration>
          <className>org.joda.time.TestMutableDateTime_Properties</className>
          <testName>testPropertyGetWeekyear</testName>
          <skipped>false</skipped>
          <failedSince>0</failedSince>
        </case>
        <case>
          <duration>0.0</duration>
          <className>org.joda.time.TestMutableDateTime_Properties</className>
          <testName>testPropertyGetYear</testName>
          <skipped>false</skipped>
          <failedSince>0</failedSince>
        </case>
        <case>
          <duration>0.0</duration>
          <className>org.joda.time.TestMutableDateTime_Properties</className>
          <testName>testPropertyAddYear</testName>
          <skipped>false</skipped>
          <failedSince>0</failedSince>
        </case>
        <case>
          <duration>0.0</duration>
          <className>org.joda.time.TestMutableDateTime_Properties</className>
          <testName>testPropertyAddWrapFieldYear</testName>
          <skipped>false</skipped>
          <failedSince>0</failedSince>
        </case>
        <case>
          <duration>0.0</duration>
          <className>org.joda.time.TestMutableDateTime_Properties</className>
          <testName>testPropertySetYear</testName>
          <skipped>false</skipped>
          <failedSince>0</failedSince>
        </case>
        <case>
          <duration>0.0</duration>
          <className>org.joda.time.TestMutableDateTime_Properties</className>
          <testName>testPropertySetTextYear</testName>
          <skipped>false</skipped>
          <failedSince>0</failedSince>
        </case>
        <case>
          <duration>0.0</duration>
          <className>org.joda.time.TestMutableDateTime_Properties</className>
          <testName>testPropertyGetMonthOfYear</testName>
          <skipped>false</skipped>
          <failedSince>0</failedSince>
        </case>
        <case>
          <duration>0.0</duration>
          <className>org.joda.time.TestMutableDateTime_Properties</className>
          <testName>testPropertyAddMonthOfYear</testName>
          <skipped>false</skipped>
          <failedSince>0</failedSince>
        </case>
        <case>
          <duration>0.0</duration>
          <className>org.joda.time.TestMutableDateTime_Properties</className>
          <testName>testPropertyAddWrapFieldMonthOfYear</testName>
          <skipped>false</skipped>
          <failedSince>0</failedSince>
        </case>
        <case>
          <duration>0.0</duration>
          <className>org.joda.time.TestMutableDateTime_Properties</className>
          <testName>testPropertySetMonthOfYear</testName>
          <skipped>false</skipped>
          <failedSince>0</failedSince>
        </case>
        <case>
          <duration>0.0</duration>
          <className>org.joda.time.TestMutableDateTime_Properties</className>
          <testName>testPropertySetTextMonthOfYear</testName>
          <skipped>false</skipped>
          <failedSince>0</failedSince>
        </case>
        <case>
          <duration>0.0</duration>
          <className>org.joda.time.TestMutableDateTime_Properties</className>
          <testName>testPropertyGetDayOfMonth</testName>
          <skipped>false</skipped>
          <failedSince>0</failedSince>
        </case>
        <case>
          <duration>0.0</duration>
          <className>org.joda.time.TestMutableDateTime_Properties</className>
          <testName>testPropertyAddDayOfMonth</testName>
          <skipped>false</skipped>
          <failedSince>0</failedSince>
        </case>
        <case>
          <duration>0.0</duration>
          <className>org.joda.time.TestMutableDateTime_Properties</className>
          <testName>testPropertyAddWrapFieldDayOfMonth</testName>
          <skipped>false</skipped>
          <failedSince>0</failedSince>
        </case>
        <case>
          <duration>0.0</duration>
          <className>org.joda.time.TestMutableDateTime_Properties</className>
          <testName>testPropertySetDayOfMonth</testName>
          <skipped>false</skipped>
          <failedSince>0</failedSince>
        </case>
        <case>
          <duration>0.001</duration>
          <className>org.joda.time.TestMutableDateTime_Properties</className>
          <testName>testPropertySetTextDayOfMonth</testName>
          <skipped>false</skipped>
          <failedSince>0</failedSince>
        </case>
        <case>
          <duration>0.0</duration>
          <className>org.joda.time.TestMutableDateTime_Properties</className>
          <testName>testPropertyGetDayOfYear</testName>
          <skipped>false</skipped>
          <failedSince>0</failedSince>
        </case>
        <case>
          <duration>0.0</duration>
          <className>org.joda.time.TestMutableDateTime_Properties</className>
          <testName>testPropertyAddDayOfYear</testName>
          <skipped>false</skipped>
          <failedSince>0</failedSince>
        </case>
        <case>
          <duration>0.0</duration>
          <className>org.joda.time.TestMutableDateTime_Properties</className>
          <testName>testPropertyAddWrapFieldDayOfYear</testName>
          <skipped>false</skipped>
          <failedSince>0</failedSince>
        </case>
        <case>
          <duration>0.0</duration>
          <className>org.joda.time.TestMutableDateTime_Properties</className>
          <testName>testPropertySetDayOfYear</testName>
          <skipped>false</skipped>
          <failedSince>0</failedSince>
        </case>
        <case>
          <duration>0.0</duration>
          <className>org.joda.time.TestMutableDateTime_Properties</className>
          <testName>testPropertySetTextDayOfYear</testName>
          <skipped>false</skipped>
          <failedSince>0</failedSince>
        </case>
        <case>
          <duration>0.0</duration>
          <className>org.joda.time.TestMutableDateTime_Properties</className>
          <testName>testPropertyGetWeekOfWeekyear</testName>
          <skipped>false</skipped>
          <failedSince>0</failedSince>
        </case>
        <case>
          <duration>0.0</duration>
          <className>org.joda.time.TestMutableDateTime_Properties</className>
          <testName>testPropertyAddWeekOfWeekyear</testName>
          <skipped>false</skipped>
          <failedSince>0</failedSince>
        </case>
        <case>
          <duration>0.0</duration>
          <className>org.joda.time.TestMutableDateTime_Properties</className>
          <testName>testPropertyAddWrapFieldWeekOfWeekyear</testName>
          <skipped>false</skipped>
          <failedSince>0</failedSince>
        </case>
        <case>
          <duration>0.001</duration>
          <className>org.joda.time.TestMutableDateTime_Properties</className>
          <testName>testPropertySetWeekOfWeekyear</testName>
          <skipped>false</skipped>
          <failedSince>0</failedSince>
        </case>
        <case>
          <duration>0.0</duration>
          <className>org.joda.time.TestMutableDateTime_Properties</className>
          <testName>testPropertySetTextWeekOfWeekyear</testName>
          <skipped>false</skipped>
          <failedSince>0</failedSince>
        </case>
        <case>
          <duration>0.0</duration>
          <className>org.joda.time.TestMutableDateTime_Properties</className>
          <testName>testPropertyGetDayOfWeek</testName>
          <skipped>false</skipped>
          <failedSince>0</failedSince>
        </case>
        <case>
          <duration>0.003</duration>
          <className>org.joda.time.TestMutableDateTime_Properties</className>
          <testName>testPropertyAddDayOfWeek</testName>
          <skipped>false</skipped>
          <failedSince>0</failedSince>
        </case>
        <case>
          <duration>0.001</duration>
          <className>org.joda.time.TestMutableDateTime_Properties</className>
          <testName>testPropertyAddLongDayOfWeek</testName>
          <skipped>false</skipped>
          <failedSince>0</failedSince>
        </case>
        <case>
          <duration>0.0</duration>
          <className>org.joda.time.TestMutableDateTime_Properties</className>
          <testName>testPropertyAddWrapFieldDayOfWeek</testName>
          <skipped>false</skipped>
          <failedSince>0</failedSince>
        </case>
        <case>
          <duration>0.0</duration>
          <className>org.joda.time.TestMutableDateTime_Properties</className>
          <testName>testPropertySetDayOfWeek</testName>
          <skipped>false</skipped>
          <failedSince>0</failedSince>
        </case>
        <case>
          <duration>0.0</duration>
          <className>org.joda.time.TestMutableDateTime_Properties</className>
          <testName>testPropertySetTextDayOfWeek</testName>
          <skipped>false</skipped>
          <failedSince>0</failedSince>
        </case>
        <case>
          <duration>0.0</duration>
          <className>org.joda.time.TestMutableDateTime_Properties</className>
          <testName>testPropertyGetHourOfDay</testName>
          <skipped>false</skipped>
          <failedSince>0</failedSince>
        </case>
        <case>
          <duration>0.0</duration>
          <className>org.joda.time.TestMutableDateTime_Properties</className>
          <testName>testPropertyRoundFloorHourOfDay</testName>
          <skipped>false</skipped>
          <failedSince>0</failedSince>
        </case>
        <case>
          <duration>0.0</duration>
          <className>org.joda.time.TestMutableDateTime_Properties</className>
          <testName>testPropertyRoundCeilingHourOfDay</testName>
          <skipped>false</skipped>
          <failedSince>0</failedSince>
        </case>
        <case>
          <duration>0.001</duration>
          <className>org.joda.time.TestMutableDateTime_Properties</className>
          <testName>testPropertyRoundHalfFloorHourOfDay</testName>
          <skipped>false</skipped>
          <failedSince>0</failedSince>
        </case>
        <case>
          <duration>0.0</duration>
          <className>org.joda.time.TestMutableDateTime_Properties</className>
          <testName>testPropertyRoundHalfCeilingHourOfDay</testName>
          <skipped>false</skipped>
          <failedSince>0</failedSince>
        </case>
        <case>
          <duration>0.0</duration>
          <className>org.joda.time.TestMutableDateTime_Properties</className>
          <testName>testPropertyRoundHalfEvenHourOfDay</testName>
          <skipped>false</skipped>
          <failedSince>0</failedSince>
        </case>
        <case>
          <duration>0.0</duration>
          <className>org.joda.time.TestMutableDateTime_Properties</className>
          <testName>testPropertyRemainderHourOfDay</testName>
          <skipped>false</skipped>
          <failedSince>0</failedSince>
        </case>
        <case>
          <duration>0.0</duration>
          <className>org.joda.time.TestMutableDateTime_Properties</className>
          <testName>testPropertyGetMinuteOfHour</testName>
          <skipped>false</skipped>
          <failedSince>0</failedSince>
        </case>
        <case>
          <duration>0.0</duration>
          <className>org.joda.time.TestMutableDateTime_Properties</className>
          <testName>testPropertyGetMinuteOfDay</testName>
          <skipped>false</skipped>
          <failedSince>0</failedSince>
        </case>
        <case>
          <duration>0.0</duration>
          <className>org.joda.time.TestMutableDateTime_Properties</className>
          <testName>testPropertyGetSecondOfMinute</testName>
          <skipped>false</skipped>
          <failedSince>0</failedSince>
        </case>
        <case>
          <duration>0.0</duration>
          <className>org.joda.time.TestMutableDateTime_Properties</className>
          <testName>testPropertyGetSecondOfDay</testName>
          <skipped>false</skipped>
          <failedSince>0</failedSince>
        </case>
        <case>
          <duration>0.0</duration>
          <className>org.joda.time.TestMutableDateTime_Properties</className>
          <testName>testPropertyGetMillisOfSecond</testName>
          <skipped>false</skipped>
          <failedSince>0</failedSince>
        </case>
        <case>
          <duration>0.0</duration>
          <className>org.joda.time.TestMutableDateTime_Properties</className>
          <testName>testPropertyGetMillisOfDay</testName>
          <skipped>false</skipped>
          <failedSince>0</failedSince>
        </case>
        <case>
          <duration>0.0</duration>
          <className>org.joda.time.TestMutableDateTime_Properties</className>
          <testName>testPropertyToIntervalYearOfEra</testName>
          <skipped>false</skipped>
          <failedSince>0</failedSince>
        </case>
        <case>
          <duration>0.0</duration>
          <className>org.joda.time.TestMutableDateTime_Properties</className>
          <testName>testPropertyToIntervalYearOfCentury</testName>
          <skipped>false</skipped>
          <failedSince>0</failedSince>
        </case>
        <case>
          <duration>0.0</duration>
          <className>org.joda.time.TestMutableDateTime_Properties</className>
          <testName>testPropertyToIntervalYear</testName>
          <skipped>false</skipped>
          <failedSince>0</failedSince>
        </case>
        <case>
          <duration>0.0</duration>
          <className>org.joda.time.TestMutableDateTime_Properties</className>
          <testName>testPropertyToIntervalMonthOfYear</testName>
          <skipped>false</skipped>
          <failedSince>0</failedSince>
        </case>
        <case>
          <duration>0.0</duration>
          <className>org.joda.time.TestMutableDateTime_Properties</className>
          <testName>testPropertyToIntervalDayOfMonth</testName>
          <skipped>false</skipped>
          <failedSince>0</failedSince>
        </case>
        <case>
          <duration>0.0</duration>
          <className>org.joda.time.TestMutableDateTime_Properties</className>
          <testName>testPropertyToIntervalHourOfDay</testName>
          <skipped>false</skipped>
          <failedSince>0</failedSince>
        </case>
        <case>
          <duration>0.001</duration>
          <className>org.joda.time.TestMutableDateTime_Properties</className>
          <testName>testPropertyToIntervalMinuteOfHour</testName>
          <skipped>false</skipped>
          <failedSince>0</failedSince>
        </case>
        <case>
          <duration>0.0</duration>
          <className>org.joda.time.TestMutableDateTime_Properties</className>
          <testName>testPropertyToIntervalSecondOfMinute</testName>
          <skipped>false</skipped>
          <failedSince>0</failedSince>
        </case>
        <case>
          <duration>0.0</duration>
          <className>org.joda.time.TestMutableDateTime_Properties</className>
          <testName>testPropertyToIntervalMillisOfSecond</testName>
          <skipped>false</skipped>
          <failedSince>0</failedSince>
        </case>
        <case>
          <duration>0.0</duration>
          <className>org.joda.time.TestDateMidnight_Constructors</className>
          <testName>testConstructor</testName>
          <skipped>false</skipped>
          <failedSince>0</failedSince>
        </case>
        <case>
          <duration>0.0</duration>
          <className>org.joda.time.TestDateMidnight_Constructors</className>
          <testName>test_now_DateTimeZone</testName>
          <skipped>false</skipped>
          <failedSince>0</failedSince>
        </case>
        <case>
          <duration>0.0</duration>
          <className>org.joda.time.TestDateMidnight_Constructors</className>
          <testName>test_now_nullDateTimeZone</testName>
          <skipped>false</skipped>
          <failedSince>0</failedSince>
        </case>
        <case>
          <duration>0.0</duration>
          <className>org.joda.time.TestDateMidnight_Constructors</className>
          <testName>test_now_Chronology</testName>
          <skipped>false</skipped>
          <failedSince>0</failedSince>
        </case>
        <case>
          <duration>0.0</duration>
          <className>org.joda.time.TestDateMidnight_Constructors</className>
          <testName>test_now_nullChronology</testName>
          <skipped>false</skipped>
          <failedSince>0</failedSince>
        </case>
        <case>
          <duration>0.0</duration>
          <className>org.joda.time.TestDateMidnight_Constructors</className>
          <testName>testConstructor_DateTimeZone</testName>
          <skipped>false</skipped>
          <failedSince>0</failedSince>
        </case>
        <case>
          <duration>0.0</duration>
          <className>org.joda.time.TestDateMidnight_Constructors</className>
          <testName>testConstructor_nullDateTimeZone</testName>
          <skipped>false</skipped>
          <failedSince>0</failedSince>
        </case>
        <case>
          <duration>0.0</duration>
          <className>org.joda.time.TestDateMidnight_Constructors</className>
          <testName>testConstructor_Chronology</testName>
          <skipped>false</skipped>
          <failedSince>0</failedSince>
        </case>
        <case>
          <duration>0.0</duration>
          <className>org.joda.time.TestDateMidnight_Constructors</className>
          <testName>testConstructor_nullChronology</testName>
          <skipped>false</skipped>
          <failedSince>0</failedSince>
        </case>
        <case>
          <duration>0.001</duration>
          <className>org.joda.time.TestDateMidnight_Constructors</className>
          <testName>testConstructor_long1_DateTimeZone</testName>
          <skipped>false</skipped>
          <failedSince>0</failedSince>
        </case>
        <case>
          <duration>0.0</duration>
          <className>org.joda.time.TestDateMidnight_Constructors</className>
          <testName>testConstructor_long2_DateTimeZone</testName>
          <skipped>false</skipped>
          <failedSince>0</failedSince>
        </case>
        <case>
          <duration>0.0</duration>
          <className>org.joda.time.TestDateMidnight_Constructors</className>
          <testName>testConstructor_long_nullDateTimeZone</testName>
          <skipped>false</skipped>
          <failedSince>0</failedSince>
        </case>
        <case>
          <duration>0.0</duration>
          <className>org.joda.time.TestDateMidnight_Constructors</className>
          <testName>testConstructor_long1_Chronology</testName>
          <skipped>false</skipped>
          <failedSince>0</failedSince>
        </case>
        <case>
          <duration>0.0</duration>
          <className>org.joda.time.TestDateMidnight_Constructors</className>
          <testName>testConstructor_long2_Chronology</testName>
          <skipped>false</skipped>
          <failedSince>0</failedSince>
        </case>
        <case>
          <duration>0.0</duration>
          <className>org.joda.time.TestDateMidnight_Constructors</className>
          <testName>testConstructor_long_nullChronology</testName>
          <skipped>false</skipped>
          <failedSince>0</failedSince>
        </case>
        <case>
          <duration>0.0</duration>
          <className>org.joda.time.TestDateMidnight_Constructors</className>
          <testName>testConstructor_Object_DateTimeZone</testName>
          <skipped>false</skipped>
          <failedSince>0</failedSince>
        </case>
        <case>
          <duration>0.0</duration>
          <className>org.joda.time.TestDateMidnight_Constructors</className>
          <testName>testConstructor_invalidObject_DateTimeZone</testName>
          <skipped>false</skipped>
          <failedSince>0</failedSince>
        </case>
        <case>
          <duration>0.0</duration>
          <className>org.joda.time.TestDateMidnight_Constructors</className>
          <testName>testConstructor_nullObject_DateTimeZone</testName>
          <skipped>false</skipped>
          <failedSince>0</failedSince>
        </case>
        <case>
          <duration>0.0</duration>
          <className>org.joda.time.TestDateMidnight_Constructors</className>
          <testName>testConstructor_Object_nullDateTimeZone</testName>
          <skipped>false</skipped>
          <failedSince>0</failedSince>
        </case>
        <case>
          <duration>0.0</duration>
          <className>org.joda.time.TestDateMidnight_Constructors</className>
          <testName>testConstructor_nullObject_nullDateTimeZone</testName>
          <skipped>false</skipped>
          <failedSince>0</failedSince>
        </case>
        <case>
          <duration>0.0</duration>
          <className>org.joda.time.TestDateMidnight_Constructors</className>
          <testName>testConstructor_badconverterObject_DateTimeZone</testName>
          <skipped>false</skipped>
          <failedSince>0</failedSince>
        </case>
        <case>
          <duration>0.0</duration>
          <className>org.joda.time.TestDateMidnight_Constructors</className>
          <testName>testConstructor_Object_Chronology</testName>
          <skipped>false</skipped>
          <failedSince>0</failedSince>
        </case>
        <case>
          <duration>0.0</duration>
          <className>org.joda.time.TestDateMidnight_Constructors</className>
          <testName>testConstructor_invalidObject_Chronology</testName>
          <skipped>false</skipped>
          <failedSince>0</failedSince>
        </case>
        <case>
          <duration>0.0</duration>
          <className>org.joda.time.TestDateMidnight_Constructors</className>
          <testName>testConstructor_nullObject_Chronology</testName>
          <skipped>false</skipped>
          <failedSince>0</failedSince>
        </case>
        <case>
          <duration>0.0</duration>
          <className>org.joda.time.TestDateMidnight_Constructors</className>
          <testName>testConstructor_Object_nullChronology</testName>
          <skipped>false</skipped>
          <failedSince>0</failedSince>
        </case>
        <case>
          <duration>0.0</duration>
          <className>org.joda.time.TestDateMidnight_Constructors</className>
          <testName>testConstructor_nullObject_nullChronology</testName>
          <skipped>false</skipped>
          <failedSince>0</failedSince>
        </case>
        <case>
          <duration>0.0</duration>
          <className>org.joda.time.TestDateMidnight_Constructors</className>
          <testName>testConstructor_badconverterObject_Chronology</testName>
          <skipped>false</skipped>
          <failedSince>0</failedSince>
        </case>
        <case>
          <duration>0.0</duration>
          <className>org.joda.time.TestDateMidnight_Constructors</className>
          <testName>testTest</testName>
          <skipped>false</skipped>
          <failedSince>0</failedSince>
        </case>
        <case>
          <duration>0.0</duration>
          <className>org.joda.time.TestDateMidnight_Constructors</className>
          <testName>test_now</testName>
          <skipped>false</skipped>
          <failedSince>0</failedSince>
        </case>
        <case>
          <duration>0.0</duration>
          <className>org.joda.time.TestDateMidnight_Constructors</className>
          <testName>testParse_noFormatter</testName>
          <skipped>false</skipped>
          <failedSince>0</failedSince>
        </case>
        <case>
          <duration>0.001</duration>
          <className>org.joda.time.TestDateMidnight_Constructors</className>
          <testName>testParse_formatter</testName>
          <skipped>false</skipped>
          <failedSince>0</failedSince>
        </case>
        <case>
          <duration>0.0</duration>
          <className>org.joda.time.TestDateMidnight_Constructors</className>
          <testName>testConstructor_long1</testName>
          <skipped>false</skipped>
          <failedSince>0</failedSince>
        </case>
        <case>
          <duration>0.0</duration>
          <className>org.joda.time.TestDateMidnight_Constructors</className>
          <testName>testConstructor_long2</testName>
          <skipped>false</skipped>
          <failedSince>0</failedSince>
        </case>
        <case>
          <duration>0.0</duration>
          <className>org.joda.time.TestDateMidnight_Constructors</className>
          <testName>testConstructor_Object</testName>
          <skipped>false</skipped>
          <failedSince>0</failedSince>
        </case>
        <case>
          <duration>0.0</duration>
          <className>org.joda.time.TestDateMidnight_Constructors</className>
          <testName>testConstructor_invalidObject</testName>
          <skipped>false</skipped>
          <failedSince>0</failedSince>
        </case>
        <case>
          <duration>0.0</duration>
          <className>org.joda.time.TestDateMidnight_Constructors</className>
          <testName>testConstructor_nullObject</testName>
          <skipped>false</skipped>
          <failedSince>0</failedSince>
        </case>
        <case>
          <duration>0.002</duration>
          <className>org.joda.time.TestDateMidnight_Constructors</className>
          <testName>testConstructor_badconverterObject</testName>
          <skipped>false</skipped>
          <failedSince>0</failedSince>
        </case>
        <case>
          <duration>0.001</duration>
          <className>org.joda.time.TestDateMidnight_Constructors</className>
          <testName>testConstructor_int_int_int</testName>
          <skipped>false</skipped>
          <failedSince>0</failedSince>
        </case>
        <case>
          <duration>0.0</duration>
          <className>org.joda.time.TestDateMidnight_Constructors</className>
          <testName>testConstructor_int_int_int_DateTimeZone</testName>
          <skipped>false</skipped>
          <failedSince>0</failedSince>
        </case>
        <case>
          <duration>0.0</duration>
          <className>org.joda.time.TestDateMidnight_Constructors</className>
          <testName>testConstructor_int_int_int_nullDateTimeZone</testName>
          <skipped>false</skipped>
          <failedSince>0</failedSince>
        </case>
        <case>
          <duration>0.0</duration>
          <className>org.joda.time.TestDateMidnight_Constructors</className>
          <testName>testConstructor_int_int_int_Chronology</testName>
          <skipped>false</skipped>
          <failedSince>0</failedSince>
        </case>
        <case>
          <duration>0.0</duration>
          <className>org.joda.time.TestDateMidnight_Constructors</className>
          <testName>testConstructor_int_int_int_nullChronology</testName>
          <skipped>false</skipped>
          <failedSince>0</failedSince>
        </case>
        <case>
          <duration>0.001</duration>
          <className>org.joda.time.TestDateMidnight_Basics</className>
          <testName>testTest</testName>
          <skipped>false</skipped>
          <failedSince>0</failedSince>
        </case>
        <case>
          <duration>0.0</duration>
          <className>org.joda.time.TestDateMidnight_Basics</className>
          <testName>testToString</testName>
          <skipped>false</skipped>
          <failedSince>0</failedSince>
        </case>
        <case>
          <duration>0.001</duration>
          <className>org.joda.time.TestDateMidnight_Basics</className>
          <testName>testGet_DateTimeFieldType</testName>
          <skipped>false</skipped>
          <failedSince>0</failedSince>
        </case>
        <case>
          <duration>0.0</duration>
          <className>org.joda.time.TestDateMidnight_Basics</className>
          <testName>testGet_DateTimeField</testName>
          <skipped>false</skipped>
          <failedSince>0</failedSince>
        </case>
        <case>
          <duration>0.001</duration>
          <className>org.joda.time.TestDateMidnight_Basics</className>
          <testName>testEqualsHashCode</testName>
          <skipped>false</skipped>
          <failedSince>0</failedSince>
        </case>
        <case>
          <duration>0.0</duration>
          <className>org.joda.time.TestDateMidnight_Basics</className>
          <testName>testCompareTo</testName>
          <skipped>false</skipped>
          <failedSince>0</failedSince>
        </case>
        <case>
          <duration>0.008</duration>
          <className>org.joda.time.TestDateMidnight_Basics</className>
          <testName>testSerialization</testName>
          <skipped>false</skipped>
          <failedSince>0</failedSince>
        </case>
        <case>
          <duration>0.0</duration>
          <className>org.joda.time.TestDateMidnight_Basics</className>
          <testName>testToInstant</testName>
          <skipped>false</skipped>
          <failedSince>0</failedSince>
        </case>
        <case>
          <duration>0.0</duration>
          <className>org.joda.time.TestDateMidnight_Basics</className>
          <testName>testToDateTime</testName>
          <skipped>false</skipped>
          <failedSince>0</failedSince>
        </case>
        <case>
          <duration>0.0</duration>
          <className>org.joda.time.TestDateMidnight_Basics</className>
          <testName>testToDateTimeISO</testName>
          <skipped>false</skipped>
          <failedSince>0</failedSince>
        </case>
        <case>
          <duration>0.0</duration>
          <className>org.joda.time.TestDateMidnight_Basics</className>
          <testName>testToDateTime_DateTimeZone</testName>
          <skipped>false</skipped>
          <failedSince>0</failedSince>
        </case>
        <case>
          <duration>0.0</duration>
          <className>org.joda.time.TestDateMidnight_Basics</className>
          <testName>testToDateTime_Chronology</testName>
          <skipped>false</skipped>
          <failedSince>0</failedSince>
        </case>
        <case>
          <duration>0.0</duration>
          <className>org.joda.time.TestDateMidnight_Basics</className>
          <testName>testToMutableDateTime</testName>
          <skipped>false</skipped>
          <failedSince>0</failedSince>
        </case>
        <case>
          <duration>0.0</duration>
          <className>org.joda.time.TestDateMidnight_Basics</className>
          <testName>testToMutableDateTimeISO</testName>
          <skipped>false</skipped>
          <failedSince>0</failedSince>
        </case>
        <case>
          <duration>0.0</duration>
          <className>org.joda.time.TestDateMidnight_Basics</className>
          <testName>testToMutableDateTime_DateTimeZone</testName>
          <skipped>false</skipped>
          <failedSince>0</failedSince>
        </case>
        <case>
          <duration>0.0</duration>
          <className>org.joda.time.TestDateMidnight_Basics</className>
          <testName>testToMutableDateTime_Chronology</testName>
          <skipped>false</skipped>
          <failedSince>0</failedSince>
        </case>
        <case>
          <duration>0.0</duration>
          <className>org.joda.time.TestDateMidnight_Basics</className>
          <testName>testToDate</testName>
          <skipped>false</skipped>
          <failedSince>0</failedSince>
        </case>
        <case>
          <duration>0.0</duration>
          <className>org.joda.time.TestDateMidnight_Basics</className>
          <testName>testWithMillis_long</testName>
          <skipped>false</skipped>
          <failedSince>0</failedSince>
        </case>
        <case>
          <duration>0.0</duration>
          <className>org.joda.time.TestDateMidnight_Basics</className>
          <testName>testWithDurationAdded_long_int</testName>
          <skipped>false</skipped>
          <failedSince>0</failedSince>
        </case>
        <case>
          <duration>0.0</duration>
          <className>org.joda.time.TestDateMidnight_Basics</className>
          <testName>testWithDurationAdded_RD_int</testName>
          <skipped>false</skipped>
          <failedSince>0</failedSince>
        </case>
        <case>
          <duration>0.0</duration>
          <className>org.joda.time.TestDateMidnight_Basics</className>
          <testName>testPlus_long</testName>
          <skipped>false</skipped>
          <failedSince>0</failedSince>
        </case>
        <case>
          <duration>0.0</duration>
          <className>org.joda.time.TestDateMidnight_Basics</className>
          <testName>testPlus_RD</testName>
          <skipped>false</skipped>
          <failedSince>0</failedSince>
        </case>
        <case>
          <duration>0.0</duration>
          <className>org.joda.time.TestDateMidnight_Basics</className>
          <testName>testMinus_long</testName>
          <skipped>false</skipped>
          <failedSince>0</failedSince>
        </case>
        <case>
          <duration>0.0</duration>
          <className>org.joda.time.TestDateMidnight_Basics</className>
          <testName>testMinus_RD</testName>
          <skipped>false</skipped>
          <failedSince>0</failedSince>
        </case>
        <case>
          <duration>0.0</duration>
          <className>org.joda.time.TestDateMidnight_Basics</className>
          <testName>testIsAfter</testName>
          <skipped>false</skipped>
          <failedSince>0</failedSince>
        </case>
        <case>
          <duration>0.001</duration>
          <className>org.joda.time.TestDateMidnight_Basics</className>
          <testName>testGetters</testName>
          <skipped>false</skipped>
          <failedSince>0</failedSince>
        </case>
        <case>
          <duration>0.0</duration>
          <className>org.joda.time.TestDateMidnight_Basics</className>
          <testName>testWithers</testName>
          <skipped>false</skipped>
          <failedSince>0</failedSince>
        </case>
        <case>
          <duration>0.0</duration>
          <className>org.joda.time.TestDateMidnight_Basics</className>
          <testName>testToString_String</testName>
          <skipped>false</skipped>
          <failedSince>0</failedSince>
        </case>
        <case>
          <duration>0.0</duration>
          <className>org.joda.time.TestDateMidnight_Basics</className>
          <testName>testToString_DTFormatter</testName>
          <skipped>false</skipped>
          <failedSince>0</failedSince>
        </case>
        <case>
          <duration>0.002</duration>
          <className>org.joda.time.TestDateMidnight_Basics</className>
          <testName>testToCalendar_Locale</testName>
          <skipped>false</skipped>
          <failedSince>0</failedSince>
        </case>
        <case>
          <duration>0.0</duration>
          <className>org.joda.time.TestDateMidnight_Basics</className>
          <testName>testToGregorianCalendar</testName>
          <skipped>false</skipped>
          <failedSince>0</failedSince>
        </case>
        <case>
          <duration>0.0</duration>
          <className>org.joda.time.TestDateMidnight_Basics</className>
          <testName>testToYearMonthDay</testName>
          <skipped>false</skipped>
          <failedSince>0</failedSince>
        </case>
        <case>
          <duration>0.0</duration>
          <className>org.joda.time.TestDateMidnight_Basics</className>
          <testName>testToLocalDate</testName>
          <skipped>false</skipped>
          <failedSince>0</failedSince>
        </case>
        <case>
          <duration>0.0</duration>
          <className>org.joda.time.TestDateMidnight_Basics</className>
          <testName>testWithChronology_Chronology</testName>
          <skipped>false</skipped>
          <failedSince>0</failedSince>
        </case>
        <case>
          <duration>0.0</duration>
          <className>org.joda.time.TestDateMidnight_Basics</className>
          <testName>testWithZoneRetainFields_DateTimeZone</testName>
          <skipped>false</skipped>
          <failedSince>0</failedSince>
        </case>
        <case>
          <duration>0.0</duration>
          <className>org.joda.time.TestDateMidnight_Basics</className>
          <testName>testWithFields_RPartial</testName>
          <skipped>false</skipped>
          <failedSince>0</failedSince>
        </case>
        <case>
          <duration>0.0</duration>
          <className>org.joda.time.TestDateMidnight_Basics</className>
          <testName>testWithField1</testName>
          <skipped>false</skipped>
          <failedSince>0</failedSince>
        </case>
        <case>
          <duration>0.0</duration>
          <className>org.joda.time.TestDateMidnight_Basics</className>
          <testName>testWithField2</testName>
          <skipped>false</skipped>
          <failedSince>0</failedSince>
        </case>
        <case>
          <duration>0.0</duration>
          <className>org.joda.time.TestDateMidnight_Basics</className>
          <testName>testWithFieldAdded1</testName>
          <skipped>false</skipped>
          <failedSince>0</failedSince>
        </case>
        <case>
          <duration>0.0</duration>
          <className>org.joda.time.TestDateMidnight_Basics</className>
          <testName>testWithFieldAdded2</testName>
          <skipped>false</skipped>
          <failedSince>0</failedSince>
        </case>
        <case>
          <duration>0.0</duration>
          <className>org.joda.time.TestDateMidnight_Basics</className>
          <testName>testWithFieldAdded3</testName>
          <skipped>false</skipped>
          <failedSince>0</failedSince>
        </case>
        <case>
          <duration>0.0</duration>
          <className>org.joda.time.TestDateMidnight_Basics</className>
          <testName>testWithFieldAdded4</testName>
          <skipped>false</skipped>
          <failedSince>0</failedSince>
        </case>
        <case>
          <duration>0.0</duration>
          <className>org.joda.time.TestDateMidnight_Basics</className>
          <testName>testWithDurationAdded_RP_int</testName>
          <skipped>false</skipped>
          <failedSince>0</failedSince>
        </case>
        <case>
          <duration>0.0</duration>
          <className>org.joda.time.TestDateMidnight_Basics</className>
          <testName>testPlus_RP</testName>
          <skipped>false</skipped>
          <failedSince>0</failedSince>
        </case>
        <case>
          <duration>0.0</duration>
          <className>org.joda.time.TestDateMidnight_Basics</className>
          <testName>testPlusYears_int</testName>
          <skipped>false</skipped>
          <failedSince>0</failedSince>
        </case>
        <case>
          <duration>0.0</duration>
          <className>org.joda.time.TestDateMidnight_Basics</className>
          <testName>testPlusMonths_int</testName>
          <skipped>false</skipped>
          <failedSince>0</failedSince>
        </case>
        <case>
          <duration>0.0</duration>
          <className>org.joda.time.TestDateMidnight_Basics</className>
          <testName>testPlusWeeks_int</testName>
          <skipped>false</skipped>
          <failedSince>0</failedSince>
        </case>
        <case>
          <duration>0.0</duration>
          <className>org.joda.time.TestDateMidnight_Basics</className>
          <testName>testPlusDays_int</testName>
          <skipped>false</skipped>
          <failedSince>0</failedSince>
        </case>
        <case>
          <duration>0.0</duration>
          <className>org.joda.time.TestDateMidnight_Basics</className>
          <testName>testMinus_RP</testName>
          <skipped>false</skipped>
          <failedSince>0</failedSince>
        </case>
        <case>
          <duration>0.0</duration>
          <className>org.joda.time.TestDateMidnight_Basics</className>
          <testName>testMinusYears_int</testName>
          <skipped>false</skipped>
          <failedSince>0</failedSince>
        </case>
        <case>
          <duration>0.0</duration>
          <className>org.joda.time.TestDateMidnight_Basics</className>
          <testName>testMinusMonths_int</testName>
          <skipped>false</skipped>
          <failedSince>0</failedSince>
        </case>
        <case>
          <duration>0.001</duration>
          <className>org.joda.time.TestDateMidnight_Basics</className>
          <testName>testMinusWeeks_int</testName>
          <skipped>false</skipped>
          <failedSince>0</failedSince>
        </case>
        <case>
          <duration>0.0</duration>
          <className>org.joda.time.TestDateMidnight_Basics</className>
          <testName>testMinusDays_int</testName>
          <skipped>false</skipped>
          <failedSince>0</failedSince>
        </case>
        <case>
          <duration>0.0</duration>
          <className>org.joda.time.TestDateMidnight_Basics</className>
          <testName>testProperty</testName>
          <skipped>false</skipped>
          <failedSince>0</failedSince>
        </case>
        <case>
          <duration>0.001</duration>
          <className>org.joda.time.TestDateMidnight_Basics</className>
          <testName>testToString_String_String</testName>
          <skipped>false</skipped>
          <failedSince>0</failedSince>
        </case>
        <case>
          <duration>0.0</duration>
          <className>org.joda.time.TestDateMidnight_Basics</className>
          <testName>testIsBefore</testName>
          <skipped>false</skipped>
          <failedSince>0</failedSince>
        </case>
        <case>
          <duration>0.0</duration>
          <className>org.joda.time.TestDateMidnight_Basics</className>
          <testName>testIsEqual</testName>
          <skipped>false</skipped>
          <failedSince>0</failedSince>
        </case>
        <case>
          <duration>0.0</duration>
          <className>org.joda.time.TestDateMidnight_Basics</className>
          <testName>testToInterval</testName>
          <skipped>false</skipped>
          <failedSince>0</failedSince>
        </case>
        <case>
          <duration>0.0</duration>
          <className>org.joda.time.TestDateMidnight_Properties</className>
          <testName>testPropertySetTextLocaleMonthOfYear</testName>
          <skipped>false</skipped>
          <failedSince>0</failedSince>
        </case>
        <case>
          <duration>0.0</duration>
          <className>org.joda.time.TestDateMidnight_Properties</className>
          <testName>testPropertyAddLongMonthOfYear</testName>
          <skipped>false</skipped>
          <failedSince>0</failedSince>
        </case>
        <case>
          <duration>0.0</duration>
          <className>org.joda.time.TestDateMidnight_Properties</className>
          <testName>testPropertyGetDifferenceMonthOfYear</testName>
          <skipped>false</skipped>
          <failedSince>0</failedSince>
        </case>
        <case>
          <duration>0.001</duration>
          <className>org.joda.time.TestDateMidnight_Properties</className>
          <testName>testPropertyRoundFloorMonthOfYear</testName>
          <skipped>false</skipped>
          <failedSince>0</failedSince>
        </case>
        <case>
          <duration>0.0</duration>
          <className>org.joda.time.TestDateMidnight_Properties</className>
          <testName>testPropertyRoundCeilingMonthOfYear</testName>
          <skipped>false</skipped>
          <failedSince>0</failedSince>
        </case>
        <case>
          <duration>0.0</duration>
          <className>org.joda.time.TestDateMidnight_Properties</className>
          <testName>testPropertyRoundHalfFloorMonthOfYear</testName>
          <skipped>false</skipped>
          <failedSince>0</failedSince>
        </case>
        <case>
          <duration>0.001</duration>
          <className>org.joda.time.TestDateMidnight_Properties</className>
          <testName>testPropertyRoundHalfCeilingMonthOfYear</testName>
          <skipped>false</skipped>
          <failedSince>0</failedSince>
        </case>
        <case>
          <duration>0.0</duration>
          <className>org.joda.time.TestDateMidnight_Properties</className>
          <testName>testPropertyRoundHalfEvenMonthOfYear</testName>
          <skipped>false</skipped>
          <failedSince>0</failedSince>
        </case>
        <case>
          <duration>0.0</duration>
          <className>org.joda.time.TestDateMidnight_Properties</className>
          <testName>testPropertyRemainderMonthOfYear</testName>
          <skipped>false</skipped>
          <failedSince>0</failedSince>
        </case>
        <case>
          <duration>0.0</duration>
          <className>org.joda.time.TestDateMidnight_Properties</className>
          <testName>testTest</testName>
          <skipped>false</skipped>
          <failedSince>0</failedSince>
        </case>
        <case>
          <duration>0.0</duration>
          <className>org.joda.time.TestDateMidnight_Properties</className>
          <testName>testPropertyGetEra</testName>
          <skipped>false</skipped>
          <failedSince>0</failedSince>
        </case>
        <case>
          <duration>0.0</duration>
          <className>org.joda.time.TestDateMidnight_Properties</className>
          <testName>testPropertyGetYearOfEra</testName>
          <skipped>false</skipped>
          <failedSince>0</failedSince>
        </case>
        <case>
          <duration>0.0</duration>
          <className>org.joda.time.TestDateMidnight_Properties</className>
          <testName>testPropertyGetCenturyOfEra</testName>
          <skipped>false</skipped>
          <failedSince>0</failedSince>
        </case>
        <case>
          <duration>0.0</duration>
          <className>org.joda.time.TestDateMidnight_Properties</className>
          <testName>testPropertyGetYearOfCentury</testName>
          <skipped>false</skipped>
          <failedSince>0</failedSince>
        </case>
        <case>
          <duration>0.0</duration>
          <className>org.joda.time.TestDateMidnight_Properties</className>
          <testName>testPropertyGetWeekyear</testName>
          <skipped>false</skipped>
          <failedSince>0</failedSince>
        </case>
        <case>
          <duration>0.004</duration>
          <className>org.joda.time.TestDateMidnight_Properties</className>
          <testName>testPropertyGetYear</testName>
          <skipped>false</skipped>
          <failedSince>0</failedSince>
        </case>
        <case>
          <duration>0.0</duration>
          <className>org.joda.time.TestDateMidnight_Properties</className>
          <testName>testPropertyGetMonthOfYear</testName>
          <skipped>false</skipped>
          <failedSince>0</failedSince>
        </case>
        <case>
          <duration>0.0</duration>
          <className>org.joda.time.TestDateMidnight_Properties</className>
          <testName>testPropertyAddMonthOfYear</testName>
          <skipped>false</skipped>
          <failedSince>0</failedSince>
        </case>
        <case>
          <duration>0.0</duration>
          <className>org.joda.time.TestDateMidnight_Properties</className>
          <testName>testPropertyAddWrapFieldMonthOfYear</testName>
          <skipped>false</skipped>
          <failedSince>0</failedSince>
        </case>
        <case>
          <duration>0.0</duration>
          <className>org.joda.time.TestDateMidnight_Properties</className>
          <testName>testPropertySetMonthOfYear</testName>
          <skipped>false</skipped>
          <failedSince>0</failedSince>
        </case>
        <case>
          <duration>0.0</duration>
          <className>org.joda.time.TestDateMidnight_Properties</className>
          <testName>testPropertySetTextMonthOfYear</testName>
          <skipped>false</skipped>
          <failedSince>0</failedSince>
        </case>
        <case>
          <duration>0.0</duration>
          <className>org.joda.time.TestDateMidnight_Properties</className>
          <testName>testPropertyGetDayOfMonth</testName>
          <skipped>false</skipped>
          <failedSince>0</failedSince>
        </case>
        <case>
          <duration>0.0</duration>
          <className>org.joda.time.TestDateMidnight_Properties</className>
          <testName>testPropertyWithMaximumValueDayOfMonth</testName>
          <skipped>false</skipped>
          <failedSince>0</failedSince>
        </case>
        <case>
          <duration>0.0</duration>
          <className>org.joda.time.TestDateMidnight_Properties</className>
          <testName>testPropertyWithMinimumValueDayOfMonth</testName>
          <skipped>false</skipped>
          <failedSince>0</failedSince>
        </case>
        <case>
          <duration>0.0</duration>
          <className>org.joda.time.TestDateMidnight_Properties</className>
          <testName>testPropertyGetDayOfYear</testName>
          <skipped>false</skipped>
          <failedSince>0</failedSince>
        </case>
        <case>
          <duration>0.0</duration>
          <className>org.joda.time.TestDateMidnight_Properties</className>
          <testName>testPropertyGetWeekOfWeekyear</testName>
          <skipped>false</skipped>
          <failedSince>0</failedSince>
        </case>
        <case>
          <duration>0.0</duration>
          <className>org.joda.time.TestDateMidnight_Properties</className>
          <testName>testPropertyGetDayOfWeek</testName>
          <skipped>false</skipped>
          <failedSince>0</failedSince>
        </case>
        <case>
          <duration>0.0</duration>
          <className>org.joda.time.TestDateMidnight_Properties</className>
          <testName>testPropertyToIntervalYearOfEra</testName>
          <skipped>false</skipped>
          <failedSince>0</failedSince>
        </case>
        <case>
          <duration>0.0</duration>
          <className>org.joda.time.TestDateMidnight_Properties</className>
          <testName>testPropertyToIntervalYearOfCentury</testName>
          <skipped>false</skipped>
          <failedSince>0</failedSince>
        </case>
        <case>
          <duration>0.0</duration>
          <className>org.joda.time.TestDateMidnight_Properties</className>
          <testName>testPropertyToIntervalYear</testName>
          <skipped>false</skipped>
          <failedSince>0</failedSince>
        </case>
        <case>
          <duration>0.0</duration>
          <className>org.joda.time.TestDateMidnight_Properties</className>
          <testName>testPropertyToIntervalMonthOfYear</testName>
          <skipped>false</skipped>
          <failedSince>0</failedSince>
        </case>
        <case>
          <duration>0.0</duration>
          <className>org.joda.time.TestDateMidnight_Properties</className>
          <testName>testPropertyToIntervalDayOfMonth</testName>
          <skipped>false</skipped>
          <failedSince>0</failedSince>
        </case>
        <case>
          <duration>0.0</duration>
          <className>org.joda.time.TestDateMidnight_Properties</className>
          <testName>testPropertyEqualsHashCodeLenient</testName>
          <skipped>false</skipped>
          <failedSince>0</failedSince>
        </case>
        <case>
          <duration>0.0</duration>
          <className>org.joda.time.TestDateMidnight_Properties</className>
          <testName>testPropertyEqualsHashCodeStrict</testName>
          <skipped>false</skipped>
          <failedSince>0</failedSince>
        </case>
        <case>
          <duration>0.0</duration>
          <className>org.joda.time.TestDuration_Constructors</className>
          <testName>testParse_noFormatter</testName>
          <skipped>false</skipped>
          <failedSince>0</failedSince>
        </case>
        <case>
          <duration>0.0</duration>
          <className>org.joda.time.TestDuration_Constructors</className>
          <testName>testConstructor_long1</testName>
          <skipped>false</skipped>
          <failedSince>0</failedSince>
        </case>
        <case>
          <duration>0.0</duration>
          <className>org.joda.time.TestDuration_Constructors</className>
          <testName>testFactory_standardDays_long</testName>
          <skipped>false</skipped>
          <failedSince>0</failedSince>
        </case>
        <case>
          <duration>0.0</duration>
          <className>org.joda.time.TestDuration_Constructors</className>
          <testName>testFactory_standardHours_long</testName>
          <skipped>false</skipped>
          <failedSince>0</failedSince>
        </case>
        <case>
          <duration>0.0</duration>
          <className>org.joda.time.TestDuration_Constructors</className>
          <testName>testFactory_standardMinutes_long</testName>
          <skipped>false</skipped>
          <failedSince>0</failedSince>
        </case>
        <case>
          <duration>0.0</duration>
          <className>org.joda.time.TestDuration_Constructors</className>
          <testName>testFactory_standardSeconds_long</testName>
          <skipped>false</skipped>
          <failedSince>0</failedSince>
        </case>
        <case>
          <duration>0.0</duration>
          <className>org.joda.time.TestDuration_Constructors</className>
          <testName>testFactory_millis_long</testName>
          <skipped>false</skipped>
          <failedSince>0</failedSince>
        </case>
        <case>
          <duration>0.0</duration>
          <className>org.joda.time.TestDuration_Constructors</className>
          <testName>testConstructor_long_long1</testName>
          <skipped>false</skipped>
          <failedSince>0</failedSince>
        </case>
        <case>
          <duration>0.0</duration>
          <className>org.joda.time.TestDuration_Constructors</className>
          <testName>testConstructor_RI_RI1</testName>
          <skipped>false</skipped>
          <failedSince>0</failedSince>
        </case>
        <case>
          <duration>0.0</duration>
          <className>org.joda.time.TestDuration_Constructors</className>
          <testName>testConstructor_RI_RI2</testName>
          <skipped>false</skipped>
          <failedSince>0</failedSince>
        </case>
        <case>
          <duration>0.0</duration>
          <className>org.joda.time.TestDuration_Constructors</className>
          <testName>testConstructor_RI_RI3</testName>
          <skipped>false</skipped>
          <failedSince>0</failedSince>
        </case>
        <case>
          <duration>0.0</duration>
          <className>org.joda.time.TestDuration_Constructors</className>
          <testName>testConstructor_RI_RI4</testName>
          <skipped>false</skipped>
          <failedSince>0</failedSince>
        </case>
        <case>
          <duration>0.0</duration>
          <className>org.joda.time.TestDuration_Constructors</className>
          <testName>testConstructor_Object1</testName>
          <skipped>false</skipped>
          <failedSince>0</failedSince>
        </case>
        <case>
          <duration>0.0</duration>
          <className>org.joda.time.TestDuration_Constructors</className>
          <testName>testConstructor_Object2</testName>
          <skipped>false</skipped>
          <failedSince>0</failedSince>
        </case>
        <case>
          <duration>0.0</duration>
          <className>org.joda.time.TestDuration_Constructors</className>
          <testName>testConstructor_Object3</testName>
          <skipped>false</skipped>
          <failedSince>0</failedSince>
        </case>
        <case>
          <duration>0.002</duration>
          <className>org.joda.time.TestDuration_Constructors</className>
          <testName>testConstructor_Object4</testName>
          <skipped>false</skipped>
          <failedSince>0</failedSince>
        </case>
        <case>
          <duration>0.0</duration>
          <className>org.joda.time.TestDuration_Constructors</className>
          <testName>testConstructor_Object5</testName>
          <skipped>false</skipped>
          <failedSince>0</failedSince>
        </case>
        <case>
          <duration>0.0</duration>
          <className>org.joda.time.TestDuration_Constructors</className>
          <testName>testConstructor_Overflow1</testName>
          <skipped>false</skipped>
          <failedSince>0</failedSince>
        </case>
        <case>
          <duration>0.0</duration>
          <className>org.joda.time.TestDuration_Constructors</className>
          <testName>testConstructor_Overflow2</testName>
          <skipped>false</skipped>
          <failedSince>0</failedSince>
        </case>
        <case>
          <duration>0.0</duration>
          <className>org.joda.time.TestDuration_Constructors</className>
          <testName>testConstructor_Overflow3</testName>
          <skipped>false</skipped>
          <failedSince>0</failedSince>
        </case>
        <case>
          <duration>0.0</duration>
          <className>org.joda.time.TestDuration_Constructors</className>
          <testName>testConstructor_Overflow4</testName>
          <skipped>false</skipped>
          <failedSince>0</failedSince>
        </case>
        <case>
          <duration>0.0</duration>
          <className>org.joda.time.TestDuration_Constructors</className>
          <testName>testZERO</testName>
          <skipped>false</skipped>
          <failedSince>0</failedSince>
        </case>
        <case>
          <duration>0.0</duration>
          <className>org.joda.time.TestDuration_Basics</className>
          <testName>testTest</testName>
          <skipped>false</skipped>
          <failedSince>0</failedSince>
        </case>
        <case>
          <duration>0.0</duration>
          <className>org.joda.time.TestDuration_Basics</className>
          <testName>testToString</testName>
          <skipped>false</skipped>
          <failedSince>0</failedSince>
        </case>
        <case>
          <duration>0.0</duration>
          <className>org.joda.time.TestDuration_Basics</className>
          <testName>testEqualsHashCode</testName>
          <skipped>false</skipped>
          <failedSince>0</failedSince>
        </case>
        <case>
          <duration>0.001</duration>
          <className>org.joda.time.TestDuration_Basics</className>
          <testName>testCompareTo</testName>
          <skipped>false</skipped>
          <failedSince>0</failedSince>
        </case>
        <case>
          <duration>0.004</duration>
          <className>org.joda.time.TestDuration_Basics</className>
          <testName>testSerialization</testName>
          <skipped>false</skipped>
          <failedSince>0</failedSince>
        </case>
        <case>
          <duration>0.0</duration>
          <className>org.joda.time.TestDuration_Basics</className>
          <testName>testIsAfter</testName>
          <skipped>false</skipped>
          <failedSince>0</failedSince>
        </case>
        <case>
          <duration>0.0</duration>
          <className>org.joda.time.TestDuration_Basics</className>
          <testName>testIsBefore</testName>
          <skipped>false</skipped>
          <failedSince>0</failedSince>
        </case>
        <case>
          <duration>0.0</duration>
          <className>org.joda.time.TestDuration_Basics</className>
          <testName>testIsEqual</testName>
          <skipped>false</skipped>
          <failedSince>0</failedSince>
        </case>
        <case>
          <duration>0.0</duration>
          <className>org.joda.time.TestDuration_Basics</className>
          <testName>testAbs</testName>
          <skipped>false</skipped>
          <failedSince>0</failedSince>
        </case>
        <case>
          <duration>0.0</duration>
          <className>org.joda.time.TestDuration_Basics</className>
          <testName>testGetMillis</testName>
          <skipped>false</skipped>
          <failedSince>0</failedSince>
        </case>
        <case>
          <duration>0.0</duration>
          <className>org.joda.time.TestDuration_Basics</className>
          <testName>testGetStandardSeconds</testName>
          <skipped>false</skipped>
          <failedSince>0</failedSince>
        </case>
        <case>
          <duration>0.0</duration>
          <className>org.joda.time.TestDuration_Basics</className>
          <testName>testToDuration1</testName>
          <skipped>false</skipped>
          <failedSince>0</failedSince>
        </case>
        <case>
          <duration>0.0</duration>
          <className>org.joda.time.TestDuration_Basics</className>
          <testName>testToDuration2</testName>
          <skipped>false</skipped>
          <failedSince>0</failedSince>
        </case>
        <case>
          <duration>0.019</duration>
          <className>org.joda.time.TestDuration_Basics</className>
          <testName>testToStandardDays</testName>
          <skipped>false</skipped>
          <failedSince>0</failedSince>
        </case>
        <case>
          <duration>0.0</duration>
          <className>org.joda.time.TestDuration_Basics</className>
          <testName>testToStandardDays_overflow</testName>
          <skipped>false</skipped>
          <failedSince>0</failedSince>
        </case>
        <case>
          <duration>0.0</duration>
          <className>org.joda.time.TestDuration_Basics</className>
          <testName>testToStandardHours</testName>
          <skipped>false</skipped>
          <failedSince>0</failedSince>
        </case>
        <case>
          <duration>0.0</duration>
          <className>org.joda.time.TestDuration_Basics</className>
          <testName>testToStandardHours_overflow</testName>
          <skipped>false</skipped>
          <failedSince>0</failedSince>
        </case>
        <case>
          <duration>0.001</duration>
          <className>org.joda.time.TestDuration_Basics</className>
          <testName>testToStandardMinutes</testName>
          <skipped>false</skipped>
          <failedSince>0</failedSince>
        </case>
        <case>
          <duration>0.0</duration>
          <className>org.joda.time.TestDuration_Basics</className>
          <testName>testToStandardMinutes_overflow</testName>
          <skipped>false</skipped>
          <failedSince>0</failedSince>
        </case>
        <case>
          <duration>0.0</duration>
          <className>org.joda.time.TestDuration_Basics</className>
          <testName>testToStandardSeconds</testName>
          <skipped>false</skipped>
          <failedSince>0</failedSince>
        </case>
        <case>
          <duration>0.0</duration>
          <className>org.joda.time.TestDuration_Basics</className>
          <testName>testToStandardSeconds_overflow</testName>
          <skipped>false</skipped>
          <failedSince>0</failedSince>
        </case>
        <case>
          <duration>0.0</duration>
          <className>org.joda.time.TestDuration_Basics</className>
          <testName>testToPeriod</testName>
          <skipped>false</skipped>
          <failedSince>0</failedSince>
        </case>
        <case>
          <duration>0.0</duration>
          <className>org.joda.time.TestDuration_Basics</className>
          <testName>testToPeriod_fixedZone</testName>
          <skipped>false</skipped>
          <failedSince>0</failedSince>
        </case>
        <case>
          <duration>0.002</duration>
          <className>org.joda.time.TestDuration_Basics</className>
          <testName>testToPeriod_PeriodType</testName>
          <skipped>false</skipped>
          <failedSince>0</failedSince>
        </case>
        <case>
          <duration>0.0</duration>
          <className>org.joda.time.TestDuration_Basics</className>
          <testName>testToPeriod_Chronology</testName>
          <skipped>false</skipped>
          <failedSince>0</failedSince>
        </case>
        <case>
          <duration>0.0</duration>
          <className>org.joda.time.TestDuration_Basics</className>
          <testName>testToPeriod_PeriodType_Chronology</testName>
          <skipped>false</skipped>
          <failedSince>0</failedSince>
        </case>
        <case>
          <duration>0.0</duration>
          <className>org.joda.time.TestDuration_Basics</className>
          <testName>testToPeriodFrom</testName>
          <skipped>false</skipped>
          <failedSince>0</failedSince>
        </case>
        <case>
          <duration>0.001</duration>
          <className>org.joda.time.TestDuration_Basics</className>
          <testName>testToPeriodFrom_PeriodType</testName>
          <skipped>false</skipped>
          <failedSince>0</failedSince>
        </case>
        <case>
          <duration>0.0</duration>
          <className>org.joda.time.TestDuration_Basics</className>
          <testName>testToPeriodTo</testName>
          <skipped>false</skipped>
          <failedSince>0</failedSince>
        </case>
        <case>
          <duration>0.0</duration>
          <className>org.joda.time.TestDuration_Basics</className>
          <testName>testToPeriodTo_PeriodType</testName>
          <skipped>false</skipped>
          <failedSince>0</failedSince>
        </case>
        <case>
          <duration>0.0</duration>
          <className>org.joda.time.TestDuration_Basics</className>
          <testName>testToIntervalFrom</testName>
          <skipped>false</skipped>
          <failedSince>0</failedSince>
        </case>
        <case>
          <duration>0.0</duration>
          <className>org.joda.time.TestDuration_Basics</className>
          <testName>testToIntervalTo</testName>
          <skipped>false</skipped>
          <failedSince>0</failedSince>
        </case>
        <case>
          <duration>0.0</duration>
          <className>org.joda.time.TestDuration_Basics</className>
          <testName>testWithMillis1</testName>
          <skipped>false</skipped>
          <failedSince>0</failedSince>
        </case>
        <case>
          <duration>0.0</duration>
          <className>org.joda.time.TestDuration_Basics</className>
          <testName>testWithMillis2</testName>
          <skipped>false</skipped>
          <failedSince>0</failedSince>
        </case>
        <case>
          <duration>0.0</duration>
          <className>org.joda.time.TestDuration_Basics</className>
          <testName>testWithDurationAdded_long_int1</testName>
          <skipped>false</skipped>
          <failedSince>0</failedSince>
        </case>
        <case>
          <duration>0.0</duration>
          <className>org.joda.time.TestDuration_Basics</className>
          <testName>testWithDurationAdded_long_int2</testName>
          <skipped>false</skipped>
          <failedSince>0</failedSince>
        </case>
        <case>
          <duration>0.0</duration>
          <className>org.joda.time.TestDuration_Basics</className>
          <testName>testWithDurationAdded_long_int3</testName>
          <skipped>false</skipped>
          <failedSince>0</failedSince>
        </case>
        <case>
          <duration>0.0</duration>
          <className>org.joda.time.TestDuration_Basics</className>
          <testName>testWithDurationAdded_long_int4</testName>
          <skipped>false</skipped>
          <failedSince>0</failedSince>
        </case>
        <case>
          <duration>0.0</duration>
          <className>org.joda.time.TestDuration_Basics</className>
          <testName>testWithDurationAdded_long_int5</testName>
          <skipped>false</skipped>
          <failedSince>0</failedSince>
        </case>
        <case>
          <duration>0.0</duration>
          <className>org.joda.time.TestDuration_Basics</className>
          <testName>testPlus_long1</testName>
          <skipped>false</skipped>
          <failedSince>0</failedSince>
        </case>
        <case>
          <duration>0.0</duration>
          <className>org.joda.time.TestDuration_Basics</className>
          <testName>testPlus_long2</testName>
          <skipped>false</skipped>
          <failedSince>0</failedSince>
        </case>
        <case>
          <duration>0.0</duration>
          <className>org.joda.time.TestDuration_Basics</className>
          <testName>testMinus_long1</testName>
          <skipped>false</skipped>
          <failedSince>0</failedSince>
        </case>
        <case>
          <duration>0.0</duration>
          <className>org.joda.time.TestDuration_Basics</className>
          <testName>testMinus_long2</testName>
          <skipped>false</skipped>
          <failedSince>0</failedSince>
        </case>
        <case>
          <duration>0.0</duration>
          <className>org.joda.time.TestDuration_Basics</className>
          <testName>testMultipliedBy_long1</testName>
          <skipped>false</skipped>
          <failedSince>0</failedSince>
        </case>
        <case>
          <duration>0.0</duration>
          <className>org.joda.time.TestDuration_Basics</className>
          <testName>testMultipliedBy_long2</testName>
          <skipped>false</skipped>
          <failedSince>0</failedSince>
        </case>
        <case>
          <duration>0.001</duration>
          <className>org.joda.time.TestDuration_Basics</className>
          <testName>testDividedBy_long1</testName>
          <skipped>false</skipped>
          <failedSince>0</failedSince>
        </case>
        <case>
          <duration>0.0</duration>
          <className>org.joda.time.TestDuration_Basics</className>
          <testName>testDividedBy_long2</testName>
          <skipped>false</skipped>
          <failedSince>0</failedSince>
        </case>
        <case>
          <duration>0.003</duration>
          <className>org.joda.time.TestDuration_Basics</className>
          <testName>testDividedByRoundingMode_long1</testName>
          <skipped>false</skipped>
          <failedSince>0</failedSince>
        </case>
        <case>
          <duration>0.0</duration>
          <className>org.joda.time.TestDuration_Basics</className>
          <testName>testDividedByRoundingMode_long2</testName>
          <skipped>false</skipped>
          <failedSince>0</failedSince>
        </case>
        <case>
          <duration>0.0</duration>
          <className>org.joda.time.TestDuration_Basics</className>
          <testName>testDividedByRoundingMode_long3</testName>
          <skipped>false</skipped>
          <failedSince>0</failedSince>
        </case>
        <case>
          <duration>0.0</duration>
          <className>org.joda.time.TestDuration_Basics</className>
          <testName>testDividedByRoundingMode_long4</testName>
          <skipped>false</skipped>
          <failedSince>0</failedSince>
        </case>
        <case>
          <duration>0.0</duration>
          <className>org.joda.time.TestDuration_Basics</className>
          <testName>testNegated_long1</testName>
          <skipped>false</skipped>
          <failedSince>0</failedSince>
        </case>
        <case>
          <duration>0.0</duration>
          <className>org.joda.time.TestDuration_Basics</className>
          <testName>testNegated_long2</testName>
          <skipped>false</skipped>
          <failedSince>0</failedSince>
        </case>
        <case>
          <duration>0.0</duration>
          <className>org.joda.time.TestDuration_Basics</className>
          <testName>testNegated_long3</testName>
          <skipped>false</skipped>
          <failedSince>0</failedSince>
        </case>
        <case>
          <duration>0.0</duration>
          <className>org.joda.time.TestDuration_Basics</className>
          <testName>testWithDurationAdded_RD_int1</testName>
          <skipped>false</skipped>
          <failedSince>0</failedSince>
        </case>
        <case>
          <duration>0.0</duration>
          <className>org.joda.time.TestDuration_Basics</className>
          <testName>testWithDurationAdded_RD_int2</testName>
          <skipped>false</skipped>
          <failedSince>0</failedSince>
        </case>
        <case>
          <duration>0.0</duration>
          <className>org.joda.time.TestDuration_Basics</className>
          <testName>testWithDurationAdded_RD_int3</testName>
          <skipped>false</skipped>
          <failedSince>0</failedSince>
        </case>
        <case>
          <duration>0.0</duration>
          <className>org.joda.time.TestDuration_Basics</className>
          <testName>testWithDurationAdded_RD_int4</testName>
          <skipped>false</skipped>
          <failedSince>0</failedSince>
        </case>
        <case>
          <duration>0.0</duration>
          <className>org.joda.time.TestDuration_Basics</className>
          <testName>testWithDurationAdded_RD_int5</testName>
          <skipped>false</skipped>
          <failedSince>0</failedSince>
        </case>
        <case>
          <duration>0.004</duration>
          <className>org.joda.time.TestDuration_Basics</className>
          <testName>testWithDurationAdded_RD_int6</testName>
          <skipped>false</skipped>
          <failedSince>0</failedSince>
        </case>
        <case>
          <duration>0.0</duration>
          <className>org.joda.time.TestDuration_Basics</className>
          <testName>testPlus_RD1</testName>
          <skipped>false</skipped>
          <failedSince>0</failedSince>
        </case>
        <case>
          <duration>0.0</duration>
          <className>org.joda.time.TestDuration_Basics</className>
          <testName>testPlus_RD2</testName>
          <skipped>false</skipped>
          <failedSince>0</failedSince>
        </case>
        <case>
          <duration>0.0</duration>
          <className>org.joda.time.TestDuration_Basics</className>
          <testName>testPlus_RD3</testName>
          <skipped>false</skipped>
          <failedSince>0</failedSince>
        </case>
        <case>
          <duration>0.0</duration>
          <className>org.joda.time.TestDuration_Basics</className>
          <testName>testMinus_RD1</testName>
          <skipped>false</skipped>
          <failedSince>0</failedSince>
        </case>
        <case>
          <duration>0.0</duration>
          <className>org.joda.time.TestDuration_Basics</className>
          <testName>testMinus_RD2</testName>
          <skipped>false</skipped>
          <failedSince>0</failedSince>
        </case>
        <case>
          <duration>0.0</duration>
          <className>org.joda.time.TestDuration_Basics</className>
          <testName>testMinus_RD3</testName>
          <skipped>false</skipped>
          <failedSince>0</failedSince>
        </case>
        <case>
          <duration>0.0</duration>
          <className>org.joda.time.TestDuration_Basics</className>
          <testName>testMutableDuration</testName>
          <skipped>false</skipped>
          <failedSince>0</failedSince>
        </case>
        <case>
          <duration>0.0</duration>
          <className>org.joda.time.TestInterval_Constructors</className>
          <testName>testConstructor_long_long1</testName>
          <skipped>false</skipped>
          <failedSince>0</failedSince>
        </case>
        <case>
          <duration>0.0</duration>
          <className>org.joda.time.TestInterval_Constructors</className>
          <testName>testConstructor_RI_RI1</testName>
          <skipped>false</skipped>
          <failedSince>0</failedSince>
        </case>
        <case>
          <duration>0.0</duration>
          <className>org.joda.time.TestInterval_Constructors</className>
          <testName>testConstructor_RI_RI2</testName>
          <skipped>false</skipped>
          <failedSince>0</failedSince>
        </case>
        <case>
          <duration>0.0</duration>
          <className>org.joda.time.TestInterval_Constructors</className>
          <testName>testConstructor_RI_RI3</testName>
          <skipped>false</skipped>
          <failedSince>0</failedSince>
        </case>
        <case>
          <duration>0.0</duration>
          <className>org.joda.time.TestInterval_Constructors</className>
          <testName>testConstructor_RI_RI4</testName>
          <skipped>false</skipped>
          <failedSince>0</failedSince>
        </case>
        <case>
          <duration>0.0</duration>
          <className>org.joda.time.TestInterval_Constructors</className>
          <testName>testConstructor_Object1</testName>
          <skipped>false</skipped>
          <failedSince>0</failedSince>
        </case>
        <case>
          <duration>0.0</duration>
          <className>org.joda.time.TestInterval_Constructors</className>
          <testName>testConstructor_Object2</testName>
          <skipped>false</skipped>
          <failedSince>0</failedSince>
        </case>
        <case>
          <duration>0.0</duration>
          <className>org.joda.time.TestInterval_Constructors</className>
          <testName>testConstructor_Object3</testName>
          <skipped>false</skipped>
          <failedSince>0</failedSince>
        </case>
        <case>
          <duration>0.001</duration>
          <className>org.joda.time.TestInterval_Constructors</className>
          <testName>testConstructor_Object4</testName>
          <skipped>false</skipped>
          <failedSince>0</failedSince>
        </case>
        <case>
          <duration>0.001</duration>
          <className>org.joda.time.TestInterval_Constructors</className>
          <testName>testConstructor_Object5</testName>
          <skipped>false</skipped>
          <failedSince>0</failedSince>
        </case>
        <case>
          <duration>0.002</duration>
          <className>org.joda.time.TestInterval_Constructors</className>
          <testName>testParse_noOffsetInString</testName>
          <skipped>false</skipped>
          <failedSince>0</failedSince>
        </case>
        <case>
          <duration>0.0</duration>
          <className>org.joda.time.TestInterval_Constructors</className>
          <testName>testParse_offsetInString</testName>
          <skipped>false</skipped>
          <failedSince>0</failedSince>
        </case>
        <case>
          <duration>0.001</duration>
          <className>org.joda.time.TestInterval_Constructors</className>
          <testName>testParseWithOffset_noOffsetInString</testName>
          <skipped>false</skipped>
          <failedSince>0</failedSince>
        </case>
        <case>
          <duration>0.001</duration>
          <className>org.joda.time.TestInterval_Constructors</className>
          <testName>testParseWithOffset_offsetInString</testName>
          <skipped>false</skipped>
          <failedSince>0</failedSince>
        </case>
        <case>
          <duration>0.0</duration>
          <className>org.joda.time.TestInterval_Constructors</className>
          <testName>testParseWithOffset_invalid</testName>
          <skipped>false</skipped>
          <failedSince>0</failedSince>
        </case>
        <case>
          <duration>0.0</duration>
          <className>org.joda.time.TestInterval_Constructors</className>
          <testName>testConstructor_long_long2</testName>
          <skipped>false</skipped>
          <failedSince>0</failedSince>
        </case>
        <case>
          <duration>0.0</duration>
          <className>org.joda.time.TestInterval_Constructors</className>
          <testName>testConstructor_long_long3</testName>
          <skipped>false</skipped>
          <failedSince>0</failedSince>
        </case>
        <case>
          <duration>0.001</duration>
          <className>org.joda.time.TestInterval_Constructors</className>
          <testName>testConstructor_long_long_minMax</testName>
          <skipped>false</skipped>
          <failedSince>0</failedSince>
        </case>
        <case>
          <duration>0.0</duration>
          <className>org.joda.time.TestInterval_Constructors</className>
          <testName>testConstructor_long_long_min</testName>
          <skipped>false</skipped>
          <failedSince>0</failedSince>
        </case>
        <case>
          <duration>0.0</duration>
          <className>org.joda.time.TestInterval_Constructors</className>
          <testName>testConstructor_long_long_max</testName>
          <skipped>false</skipped>
          <failedSince>0</failedSince>
        </case>
        <case>
          <duration>0.0</duration>
          <className>org.joda.time.TestInterval_Constructors</className>
          <testName>testConstructor_long_long_Zone</testName>
          <skipped>false</skipped>
          <failedSince>0</failedSince>
        </case>
        <case>
          <duration>0.0</duration>
          <className>org.joda.time.TestInterval_Constructors</className>
          <testName>testConstructor_long_long_nullZone</testName>
          <skipped>false</skipped>
          <failedSince>0</failedSince>
        </case>
        <case>
          <duration>0.001</duration>
          <className>org.joda.time.TestInterval_Constructors</className>
          <testName>testConstructor_long_long_Chronology</testName>
          <skipped>false</skipped>
          <failedSince>0</failedSince>
        </case>
        <case>
          <duration>0.0</duration>
          <className>org.joda.time.TestInterval_Constructors</className>
          <testName>testConstructor_long_long_nullChronology</testName>
          <skipped>false</skipped>
          <failedSince>0</failedSince>
        </case>
        <case>
          <duration>0.0</duration>
          <className>org.joda.time.TestInterval_Constructors</className>
          <testName>testConstructor_RI_RI5</testName>
          <skipped>false</skipped>
          <failedSince>0</failedSince>
        </case>
        <case>
          <duration>0.0</duration>
          <className>org.joda.time.TestInterval_Constructors</className>
          <testName>testConstructor_RI_RI6</testName>
          <skipped>false</skipped>
          <failedSince>0</failedSince>
        </case>
        <case>
          <duration>0.0</duration>
          <className>org.joda.time.TestInterval_Constructors</className>
          <testName>testConstructor_RI_RI7</testName>
          <skipped>false</skipped>
          <failedSince>0</failedSince>
        </case>
        <case>
          <duration>0.0</duration>
          <className>org.joda.time.TestInterval_Constructors</className>
          <testName>testConstructor_RI_RI_chronoStart</testName>
          <skipped>false</skipped>
          <failedSince>0</failedSince>
        </case>
        <case>
          <duration>0.0</duration>
          <className>org.joda.time.TestInterval_Constructors</className>
          <testName>testConstructor_RI_RI_chronoEnd</testName>
          <skipped>false</skipped>
          <failedSince>0</failedSince>
        </case>
        <case>
          <duration>0.0</duration>
          <className>org.joda.time.TestInterval_Constructors</className>
          <testName>testConstructor_RI_RI_zones</testName>
          <skipped>false</skipped>
          <failedSince>0</failedSince>
        </case>
        <case>
          <duration>0.0</duration>
          <className>org.joda.time.TestInterval_Constructors</className>
          <testName>testConstructor_RI_RI_instant</testName>
          <skipped>false</skipped>
          <failedSince>0</failedSince>
        </case>
        <case>
          <duration>0.0</duration>
          <className>org.joda.time.TestInterval_Constructors</className>
          <testName>testConstructor_RI_RP1</testName>
          <skipped>false</skipped>
          <failedSince>0</failedSince>
        </case>
        <case>
          <duration>0.0</duration>
          <className>org.joda.time.TestInterval_Constructors</className>
          <testName>testConstructor_RI_RP2</testName>
          <skipped>false</skipped>
          <failedSince>0</failedSince>
        </case>
        <case>
          <duration>0.0</duration>
          <className>org.joda.time.TestInterval_Constructors</className>
          <testName>testConstructor_RI_RP3</testName>
          <skipped>false</skipped>
          <failedSince>0</failedSince>
        </case>
        <case>
          <duration>0.0</duration>
          <className>org.joda.time.TestInterval_Constructors</className>
          <testName>testConstructor_RI_RP4</testName>
          <skipped>false</skipped>
          <failedSince>0</failedSince>
        </case>
        <case>
          <duration>0.0</duration>
          <className>org.joda.time.TestInterval_Constructors</className>
          <testName>testConstructor_RI_RP5</testName>
          <skipped>false</skipped>
          <failedSince>0</failedSince>
        </case>
        <case>
          <duration>0.0</duration>
          <className>org.joda.time.TestInterval_Constructors</className>
          <testName>testConstructor_RI_RP6</testName>
          <skipped>false</skipped>
          <failedSince>0</failedSince>
        </case>
        <case>
          <duration>0.0</duration>
          <className>org.joda.time.TestInterval_Constructors</className>
          <testName>testConstructor_RI_RP7</testName>
          <skipped>false</skipped>
          <failedSince>0</failedSince>
        </case>
        <case>
          <duration>0.0</duration>
          <className>org.joda.time.TestInterval_Constructors</className>
          <testName>testConstructor_RI_RP8</testName>
          <skipped>false</skipped>
          <failedSince>0</failedSince>
        </case>
        <case>
          <duration>0.0</duration>
          <className>org.joda.time.TestInterval_Constructors</className>
          <testName>testConstructor_RP_RI1</testName>
          <skipped>false</skipped>
          <failedSince>0</failedSince>
        </case>
        <case>
          <duration>0.0</duration>
          <className>org.joda.time.TestInterval_Constructors</className>
          <testName>testConstructor_RP_RI2</testName>
          <skipped>false</skipped>
          <failedSince>0</failedSince>
        </case>
        <case>
          <duration>0.0</duration>
          <className>org.joda.time.TestInterval_Constructors</className>
          <testName>testConstructor_RP_RI3</testName>
          <skipped>false</skipped>
          <failedSince>0</failedSince>
        </case>
        <case>
          <duration>0.0</duration>
          <className>org.joda.time.TestInterval_Constructors</className>
          <testName>testConstructor_RP_RI4</testName>
          <skipped>false</skipped>
          <failedSince>0</failedSince>
        </case>
        <case>
          <duration>0.0</duration>
          <className>org.joda.time.TestInterval_Constructors</className>
          <testName>testConstructor_RP_RI5</testName>
          <skipped>false</skipped>
          <failedSince>0</failedSince>
        </case>
        <case>
          <duration>0.001</duration>
          <className>org.joda.time.TestInterval_Constructors</className>
          <testName>testConstructor_RP_RI6</testName>
          <skipped>false</skipped>
          <failedSince>0</failedSince>
        </case>
        <case>
          <duration>0.0</duration>
          <className>org.joda.time.TestInterval_Constructors</className>
          <testName>testConstructor_RP_RI7</testName>
          <skipped>false</skipped>
          <failedSince>0</failedSince>
        </case>
        <case>
          <duration>0.0</duration>
          <className>org.joda.time.TestInterval_Constructors</className>
          <testName>testConstructor_RP_RI8</testName>
          <skipped>false</skipped>
          <failedSince>0</failedSince>
        </case>
        <case>
          <duration>0.0</duration>
          <className>org.joda.time.TestInterval_Constructors</className>
          <testName>testConstructor_RI_RD1</testName>
          <skipped>false</skipped>
          <failedSince>0</failedSince>
        </case>
        <case>
          <duration>0.0</duration>
          <className>org.joda.time.TestInterval_Constructors</className>
          <testName>testConstructor_RI_RD2</testName>
          <skipped>false</skipped>
          <failedSince>0</failedSince>
        </case>
        <case>
          <duration>0.0</duration>
          <className>org.joda.time.TestInterval_Constructors</className>
          <testName>testConstructor_RI_RD3</testName>
          <skipped>false</skipped>
          <failedSince>0</failedSince>
        </case>
        <case>
          <duration>0.0</duration>
          <className>org.joda.time.TestInterval_Constructors</className>
          <testName>testConstructor_RI_RD4</testName>
          <skipped>false</skipped>
          <failedSince>0</failedSince>
        </case>
        <case>
          <duration>0.0</duration>
          <className>org.joda.time.TestInterval_Constructors</className>
          <testName>testConstructor_RI_RD5</testName>
          <skipped>false</skipped>
          <failedSince>0</failedSince>
        </case>
        <case>
          <duration>0.0</duration>
          <className>org.joda.time.TestInterval_Constructors</className>
          <testName>testConstructor_RD_RI1</testName>
          <skipped>false</skipped>
          <failedSince>0</failedSince>
        </case>
        <case>
          <duration>0.0</duration>
          <className>org.joda.time.TestInterval_Constructors</className>
          <testName>testConstructor_RD_RI2</testName>
          <skipped>false</skipped>
          <failedSince>0</failedSince>
        </case>
        <case>
          <duration>0.0</duration>
          <className>org.joda.time.TestInterval_Constructors</className>
          <testName>testConstructor_RD_RI3</testName>
          <skipped>false</skipped>
          <failedSince>0</failedSince>
        </case>
        <case>
          <duration>0.0</duration>
          <className>org.joda.time.TestInterval_Constructors</className>
          <testName>testConstructor_RD_RI4</testName>
          <skipped>false</skipped>
          <failedSince>0</failedSince>
        </case>
        <case>
          <duration>0.0</duration>
          <className>org.joda.time.TestInterval_Constructors</className>
          <testName>testConstructor_RD_RI5</testName>
          <skipped>false</skipped>
          <failedSince>0</failedSince>
        </case>
        <case>
          <duration>0.001</duration>
          <className>org.joda.time.TestInterval_Constructors</className>
          <testName>testConstructor_Object6</testName>
          <skipped>false</skipped>
          <failedSince>0</failedSince>
        </case>
        <case>
          <duration>0.0</duration>
          <className>org.joda.time.TestInterval_Constructors</className>
          <testName>testConstructor_Object_Chronology1</testName>
          <skipped>false</skipped>
          <failedSince>0</failedSince>
        </case>
        <case>
          <duration>0.0</duration>
          <className>org.joda.time.TestInterval_Constructors</className>
          <testName>testConstructor_Object_Chronology2</testName>
          <skipped>false</skipped>
          <failedSince>0</failedSince>
        </case>
        <case>
          <duration>0.0</duration>
          <className>org.joda.time.TestInterval_Basics</className>
          <testName>testTest</testName>
          <skipped>false</skipped>
          <failedSince>0</failedSince>
        </case>
        <case>
          <duration>0.0</duration>
          <className>org.joda.time.TestInterval_Basics</className>
          <testName>testToString</testName>
          <skipped>false</skipped>
          <failedSince>0</failedSince>
        </case>
        <case>
          <duration>0.003</duration>
          <className>org.joda.time.TestInterval_Basics</className>
          <testName>testEqualsHashCode</testName>
          <skipped>false</skipped>
          <failedSince>0</failedSince>
        </case>
        <case>
          <duration>0.0</duration>
          <className>org.joda.time.TestInterval_Basics</className>
          <testName>testIsEqual_RI</testName>
          <skipped>false</skipped>
          <failedSince>0</failedSince>
        </case>
        <case>
          <duration>0.0</duration>
          <className>org.joda.time.TestInterval_Basics</className>
          <testName>testIsBefore_long</testName>
          <skipped>false</skipped>
          <failedSince>0</failedSince>
        </case>
        <case>
          <duration>0.0</duration>
          <className>org.joda.time.TestInterval_Basics</className>
          <testName>testIsBeforeNow</testName>
          <skipped>false</skipped>
          <failedSince>0</failedSince>
        </case>
        <case>
          <duration>0.0</duration>
          <className>org.joda.time.TestInterval_Basics</className>
          <testName>testIsBefore_RI</testName>
          <skipped>false</skipped>
          <failedSince>0</failedSince>
        </case>
        <case>
          <duration>0.0</duration>
          <className>org.joda.time.TestInterval_Basics</className>
          <testName>testIsAfter_long</testName>
          <skipped>false</skipped>
          <failedSince>0</failedSince>
        </case>
        <case>
          <duration>0.0</duration>
          <className>org.joda.time.TestInterval_Basics</className>
          <testName>testIsAfterNow</testName>
          <skipped>false</skipped>
          <failedSince>0</failedSince>
        </case>
        <case>
          <duration>0.0</duration>
          <className>org.joda.time.TestInterval_Basics</className>
          <testName>testIsAfter_RI</testName>
          <skipped>false</skipped>
          <failedSince>0</failedSince>
        </case>
        <case>
          <duration>0.028</duration>
          <className>org.joda.time.TestInterval_Basics</className>
          <testName>testSerialization</testName>
          <skipped>false</skipped>
          <failedSince>0</failedSince>
        </case>
        <case>
          <duration>0.0</duration>
          <className>org.joda.time.TestInterval_Basics</className>
          <testName>testGetMillis</testName>
          <skipped>false</skipped>
          <failedSince>0</failedSince>
        </case>
        <case>
          <duration>0.0</duration>
          <className>org.joda.time.TestInterval_Basics</className>
          <testName>testToPeriod</testName>
          <skipped>false</skipped>
          <failedSince>0</failedSince>
        </case>
        <case>
          <duration>0.0</duration>
          <className>org.joda.time.TestInterval_Basics</className>
          <testName>testGetDuration1</testName>
          <skipped>false</skipped>
          <failedSince>0</failedSince>
        </case>
        <case>
          <duration>0.0</duration>
          <className>org.joda.time.TestInterval_Basics</className>
          <testName>testGetDuration2</testName>
          <skipped>false</skipped>
          <failedSince>0</failedSince>
        </case>
        <case>
          <duration>0.0</duration>
          <className>org.joda.time.TestInterval_Basics</className>
          <testName>testGetDuration3</testName>
          <skipped>false</skipped>
          <failedSince>0</failedSince>
        </case>
        <case>
          <duration>0.0</duration>
          <className>org.joda.time.TestInterval_Basics</className>
          <testName>testEqualsHashCodeLenient</testName>
          <skipped>false</skipped>
          <failedSince>0</failedSince>
        </case>
        <case>
          <duration>0.001</duration>
          <className>org.joda.time.TestInterval_Basics</className>
          <testName>testEqualsHashCodeStrict</testName>
          <skipped>false</skipped>
          <failedSince>0</failedSince>
        </case>
        <case>
          <duration>0.0</duration>
          <className>org.joda.time.TestInterval_Basics</className>
          <testName>test_useCase_ContainsOverlapAbutGap</testName>
          <skipped>false</skipped>
          <failedSince>0</failedSince>
        </case>
        <case>
          <duration>0.0</duration>
          <className>org.joda.time.TestInterval_Basics</className>
          <testName>test_useCase_ContainsOverlapAbutGap_zeroDuration</testName>
          <skipped>false</skipped>
          <failedSince>0</failedSince>
        </case>
        <case>
          <duration>0.0</duration>
          <className>org.joda.time.TestInterval_Basics</className>
          <testName>test_useCase_ContainsOverlapAbutGap_bothZeroDuration</testName>
          <skipped>false</skipped>
          <failedSince>0</failedSince>
        </case>
        <case>
          <duration>0.0</duration>
          <className>org.joda.time.TestInterval_Basics</className>
          <testName>testContains_long</testName>
          <skipped>false</skipped>
          <failedSince>0</failedSince>
        </case>
        <case>
          <duration>0.0</duration>
          <className>org.joda.time.TestInterval_Basics</className>
          <testName>testContains_long_zeroDuration</testName>
          <skipped>false</skipped>
          <failedSince>0</failedSince>
        </case>
        <case>
          <duration>0.0</duration>
          <className>org.joda.time.TestInterval_Basics</className>
          <testName>testContainsNow</testName>
          <skipped>false</skipped>
          <failedSince>0</failedSince>
        </case>
        <case>
          <duration>0.0</duration>
          <className>org.joda.time.TestInterval_Basics</className>
          <testName>testContains_RI</testName>
          <skipped>false</skipped>
          <failedSince>0</failedSince>
        </case>
        <case>
          <duration>0.0</duration>
          <className>org.joda.time.TestInterval_Basics</className>
          <testName>testContains_RI_null</testName>
          <skipped>false</skipped>
          <failedSince>0</failedSince>
        </case>
        <case>
          <duration>0.0</duration>
          <className>org.joda.time.TestInterval_Basics</className>
          <testName>testContains_RI_zeroDuration</testName>
          <skipped>false</skipped>
          <failedSince>0</failedSince>
        </case>
        <case>
          <duration>0.0</duration>
          <className>org.joda.time.TestInterval_Basics</className>
          <testName>testContains_RInterval</testName>
          <skipped>false</skipped>
          <failedSince>0</failedSince>
        </case>
        <case>
          <duration>0.0</duration>
          <className>org.joda.time.TestInterval_Basics</className>
          <testName>testContains_RInterval_null</testName>
          <skipped>false</skipped>
          <failedSince>0</failedSince>
        </case>
        <case>
          <duration>0.0</duration>
          <className>org.joda.time.TestInterval_Basics</className>
          <testName>testContains_RInterval_zeroDuration</testName>
          <skipped>false</skipped>
          <failedSince>0</failedSince>
        </case>
        <case>
          <duration>0.0</duration>
          <className>org.joda.time.TestInterval_Basics</className>
          <testName>testOverlaps_RInterval</testName>
          <skipped>false</skipped>
          <failedSince>0</failedSince>
        </case>
        <case>
          <duration>0.0</duration>
          <className>org.joda.time.TestInterval_Basics</className>
          <testName>testOverlaps_RInterval_null</testName>
          <skipped>false</skipped>
          <failedSince>0</failedSince>
        </case>
        <case>
          <duration>0.0</duration>
          <className>org.joda.time.TestInterval_Basics</className>
          <testName>testOverlaps_RInterval_zeroDuration</testName>
          <skipped>false</skipped>
          <failedSince>0</failedSince>
        </case>
        <case>
          <duration>0.0</duration>
          <className>org.joda.time.TestInterval_Basics</className>
          <testName>testOverlap_RInterval</testName>
          <skipped>false</skipped>
          <failedSince>0</failedSince>
        </case>
        <case>
          <duration>0.0</duration>
          <className>org.joda.time.TestInterval_Basics</className>
          <testName>testOverlap_RInterval_null</testName>
          <skipped>false</skipped>
          <failedSince>0</failedSince>
        </case>
        <case>
          <duration>0.0</duration>
          <className>org.joda.time.TestInterval_Basics</className>
          <testName>testOverlap_RInterval_zone</testName>
          <skipped>false</skipped>
          <failedSince>0</failedSince>
        </case>
        <case>
          <duration>0.0</duration>
          <className>org.joda.time.TestInterval_Basics</className>
          <testName>testOverlap_RInterval_zoneUTC</testName>
          <skipped>false</skipped>
          <failedSince>0</failedSince>
        </case>
        <case>
          <duration>0.0</duration>
          <className>org.joda.time.TestInterval_Basics</className>
          <testName>testGap_RInterval</testName>
          <skipped>false</skipped>
          <failedSince>0</failedSince>
        </case>
        <case>
          <duration>0.0</duration>
          <className>org.joda.time.TestInterval_Basics</className>
          <testName>testGap_RInterval_null</testName>
          <skipped>false</skipped>
          <failedSince>0</failedSince>
        </case>
        <case>
          <duration>0.0</duration>
          <className>org.joda.time.TestInterval_Basics</className>
          <testName>testGap_RInterval_zone</testName>
          <skipped>false</skipped>
          <failedSince>0</failedSince>
        </case>
        <case>
          <duration>0.0</duration>
          <className>org.joda.time.TestInterval_Basics</className>
          <testName>testGap_RInterval_zoneUTC</testName>
          <skipped>false</skipped>
          <failedSince>0</failedSince>
        </case>
        <case>
          <duration>0.001</duration>
          <className>org.joda.time.TestInterval_Basics</className>
          <testName>testAbuts_RInterval</testName>
          <skipped>false</skipped>
          <failedSince>0</failedSince>
        </case>
        <case>
          <duration>0.0</duration>
          <className>org.joda.time.TestInterval_Basics</className>
          <testName>testAbuts_RInterval_null</testName>
          <skipped>false</skipped>
          <failedSince>0</failedSince>
        </case>
        <case>
          <duration>0.0</duration>
          <className>org.joda.time.TestInterval_Basics</className>
          <testName>testIsBefore_RI_null</testName>
          <skipped>false</skipped>
          <failedSince>0</failedSince>
        </case>
        <case>
          <duration>0.0</duration>
          <className>org.joda.time.TestInterval_Basics</className>
          <testName>testIsBefore_RInterval</testName>
          <skipped>false</skipped>
          <failedSince>0</failedSince>
        </case>
        <case>
          <duration>0.0</duration>
          <className>org.joda.time.TestInterval_Basics</className>
          <testName>testIsBefore_RInterval_null</testName>
          <skipped>false</skipped>
          <failedSince>0</failedSince>
        </case>
        <case>
          <duration>0.0</duration>
          <className>org.joda.time.TestInterval_Basics</className>
          <testName>testIsAfter_RI_null</testName>
          <skipped>false</skipped>
          <failedSince>0</failedSince>
        </case>
        <case>
          <duration>0.0</duration>
          <className>org.joda.time.TestInterval_Basics</className>
          <testName>testIsAfter_RInterval</testName>
          <skipped>false</skipped>
          <failedSince>0</failedSince>
        </case>
        <case>
          <duration>0.0</duration>
          <className>org.joda.time.TestInterval_Basics</className>
          <testName>testIsAfter_RInterval_null</testName>
          <skipped>false</skipped>
          <failedSince>0</failedSince>
        </case>
        <case>
          <duration>0.0</duration>
          <className>org.joda.time.TestInterval_Basics</className>
          <testName>testToInterval1</testName>
          <skipped>false</skipped>
          <failedSince>0</failedSince>
        </case>
        <case>
          <duration>0.0</duration>
          <className>org.joda.time.TestInterval_Basics</className>
          <testName>testToMutableInterval1</testName>
          <skipped>false</skipped>
          <failedSince>0</failedSince>
        </case>
        <case>
          <duration>0.002</duration>
          <className>org.joda.time.TestInterval_Basics</className>
          <testName>testToPeriod_PeriodType1</testName>
          <skipped>false</skipped>
          <failedSince>0</failedSince>
        </case>
        <case>
          <duration>0.0</duration>
          <className>org.joda.time.TestInterval_Basics</className>
          <testName>testToPeriod_PeriodType2</testName>
          <skipped>false</skipped>
          <failedSince>0</failedSince>
        </case>
        <case>
          <duration>0.0</duration>
          <className>org.joda.time.TestInterval_Basics</className>
          <testName>testToString_reparse</testName>
          <skipped>false</skipped>
          <failedSince>0</failedSince>
        </case>
        <case>
          <duration>0.0</duration>
          <className>org.joda.time.TestInterval_Basics</className>
          <testName>testWithChronology1</testName>
          <skipped>false</skipped>
          <failedSince>0</failedSince>
        </case>
        <case>
          <duration>0.0</duration>
          <className>org.joda.time.TestInterval_Basics</className>
          <testName>testWithChronology2</testName>
          <skipped>false</skipped>
          <failedSince>0</failedSince>
        </case>
        <case>
          <duration>0.0</duration>
          <className>org.joda.time.TestInterval_Basics</className>
          <testName>testWithChronology3</testName>
          <skipped>false</skipped>
          <failedSince>0</failedSince>
        </case>
        <case>
          <duration>0.0</duration>
          <className>org.joda.time.TestInterval_Basics</className>
          <testName>testWithStartMillis_long1</testName>
          <skipped>false</skipped>
          <failedSince>0</failedSince>
        </case>
        <case>
          <duration>0.0</duration>
          <className>org.joda.time.TestInterval_Basics</className>
          <testName>testWithStartMillis_long2</testName>
          <skipped>false</skipped>
          <failedSince>0</failedSince>
        </case>
        <case>
          <duration>0.0</duration>
          <className>org.joda.time.TestInterval_Basics</className>
          <testName>testWithStartMillis_long3</testName>
          <skipped>false</skipped>
          <failedSince>0</failedSince>
        </case>
        <case>
          <duration>0.0</duration>
          <className>org.joda.time.TestInterval_Basics</className>
          <testName>testWithStartInstant_RI1</testName>
          <skipped>false</skipped>
          <failedSince>0</failedSince>
        </case>
        <case>
          <duration>0.0</duration>
          <className>org.joda.time.TestInterval_Basics</className>
          <testName>testWithStartInstant_RI2</testName>
          <skipped>false</skipped>
          <failedSince>0</failedSince>
        </case>
        <case>
          <duration>0.0</duration>
          <className>org.joda.time.TestInterval_Basics</className>
          <testName>testWithStartInstant_RI3</testName>
          <skipped>false</skipped>
          <failedSince>0</failedSince>
        </case>
        <case>
          <duration>0.0</duration>
          <className>org.joda.time.TestInterval_Basics</className>
          <testName>testWithEndMillis_long1</testName>
          <skipped>false</skipped>
          <failedSince>0</failedSince>
        </case>
        <case>
          <duration>0.0</duration>
          <className>org.joda.time.TestInterval_Basics</className>
          <testName>testWithEndMillis_long2</testName>
          <skipped>false</skipped>
          <failedSince>0</failedSince>
        </case>
        <case>
          <duration>0.0</duration>
          <className>org.joda.time.TestInterval_Basics</className>
          <testName>testWithEndMillis_long3</testName>
          <skipped>false</skipped>
          <failedSince>0</failedSince>
        </case>
        <case>
          <duration>0.0</duration>
          <className>org.joda.time.TestInterval_Basics</className>
          <testName>testWithEndInstant_RI1</testName>
          <skipped>false</skipped>
          <failedSince>0</failedSince>
        </case>
        <case>
          <duration>0.0</duration>
          <className>org.joda.time.TestInterval_Basics</className>
          <testName>testWithEndInstant_RI2</testName>
          <skipped>false</skipped>
          <failedSince>0</failedSince>
        </case>
        <case>
          <duration>0.0</duration>
          <className>org.joda.time.TestInterval_Basics</className>
          <testName>testWithEndInstant_RI3</testName>
          <skipped>false</skipped>
          <failedSince>0</failedSince>
        </case>
        <case>
          <duration>0.0</duration>
          <className>org.joda.time.TestInterval_Basics</className>
          <testName>testWithDurationAfterStart1</testName>
          <skipped>false</skipped>
          <failedSince>0</failedSince>
        </case>
        <case>
          <duration>0.0</duration>
          <className>org.joda.time.TestInterval_Basics</className>
          <testName>testWithDurationAfterStart2</testName>
          <skipped>false</skipped>
          <failedSince>0</failedSince>
        </case>
        <case>
          <duration>0.0</duration>
          <className>org.joda.time.TestInterval_Basics</className>
          <testName>testWithDurationAfterStart3</testName>
          <skipped>false</skipped>
          <failedSince>0</failedSince>
        </case>
        <case>
          <duration>0.0</duration>
          <className>org.joda.time.TestInterval_Basics</className>
          <testName>testWithDurationAfterStart4</testName>
          <skipped>false</skipped>
          <failedSince>0</failedSince>
        </case>
        <case>
          <duration>0.0</duration>
          <className>org.joda.time.TestInterval_Basics</className>
          <testName>testWithDurationBeforeEnd1</testName>
          <skipped>false</skipped>
          <failedSince>0</failedSince>
        </case>
        <case>
          <duration>0.0</duration>
          <className>org.joda.time.TestInterval_Basics</className>
          <testName>testWithDurationBeforeEnd2</testName>
          <skipped>false</skipped>
          <failedSince>0</failedSince>
        </case>
        <case>
          <duration>0.0</duration>
          <className>org.joda.time.TestInterval_Basics</className>
          <testName>testWithDurationBeforeEnd3</testName>
          <skipped>false</skipped>
          <failedSince>0</failedSince>
        </case>
        <case>
          <duration>0.0</duration>
          <className>org.joda.time.TestInterval_Basics</className>
          <testName>testWithDurationBeforeEnd4</testName>
          <skipped>false</skipped>
          <failedSince>0</failedSince>
        </case>
        <case>
          <duration>0.0</duration>
          <className>org.joda.time.TestInterval_Basics</className>
          <testName>testWithPeriodAfterStart1</testName>
          <skipped>false</skipped>
          <failedSince>0</failedSince>
        </case>
        <case>
          <duration>0.0</duration>
          <className>org.joda.time.TestInterval_Basics</className>
          <testName>testWithPeriodAfterStart2</testName>
          <skipped>false</skipped>
          <failedSince>0</failedSince>
        </case>
        <case>
          <duration>0.0</duration>
          <className>org.joda.time.TestInterval_Basics</className>
          <testName>testWithPeriodAfterStart3</testName>
          <skipped>false</skipped>
          <failedSince>0</failedSince>
        </case>
        <case>
          <duration>0.0</duration>
          <className>org.joda.time.TestInterval_Basics</className>
          <testName>testWithPeriodBeforeEnd1</testName>
          <skipped>false</skipped>
          <failedSince>0</failedSince>
        </case>
        <case>
          <duration>0.0</duration>
          <className>org.joda.time.TestInterval_Basics</className>
          <testName>testWithPeriodBeforeEnd2</testName>
          <skipped>false</skipped>
          <failedSince>0</failedSince>
        </case>
        <case>
          <duration>0.0</duration>
          <className>org.joda.time.TestInterval_Basics</className>
          <testName>testWithPeriodBeforeEnd3</testName>
          <skipped>false</skipped>
          <failedSince>0</failedSince>
        </case>
        <case>
          <duration>0.0</duration>
          <className>org.joda.time.TestLocalDateTime_Constructors</className>
          <testName>testConstructor</testName>
          <skipped>false</skipped>
          <failedSince>0</failedSince>
        </case>
        <case>
          <duration>0.0</duration>
          <className>org.joda.time.TestLocalDateTime_Constructors</className>
          <testName>testConstructor_DateTimeZone</testName>
          <skipped>false</skipped>
          <failedSince>0</failedSince>
        </case>
        <case>
          <duration>0.0</duration>
          <className>org.joda.time.TestLocalDateTime_Constructors</className>
          <testName>testConstructor_nullDateTimeZone</testName>
          <skipped>false</skipped>
          <failedSince>0</failedSince>
        </case>
        <case>
          <duration>0.0</duration>
          <className>org.joda.time.TestLocalDateTime_Constructors</className>
          <testName>testConstructor_Chronology</testName>
          <skipped>false</skipped>
          <failedSince>0</failedSince>
        </case>
        <case>
          <duration>0.0</duration>
          <className>org.joda.time.TestLocalDateTime_Constructors</className>
          <testName>testConstructor_nullChronology</testName>
          <skipped>false</skipped>
          <failedSince>0</failedSince>
        </case>
        <case>
          <duration>0.0</duration>
          <className>org.joda.time.TestLocalDateTime_Constructors</className>
          <testName>testConstructor_long1_DateTimeZone</testName>
          <skipped>false</skipped>
          <failedSince>0</failedSince>
        </case>
        <case>
          <duration>0.0</duration>
          <className>org.joda.time.TestLocalDateTime_Constructors</className>
          <testName>testConstructor_long2_DateTimeZone</testName>
          <skipped>false</skipped>
          <failedSince>0</failedSince>
        </case>
        <case>
          <duration>0.0</duration>
          <className>org.joda.time.TestLocalDateTime_Constructors</className>
          <testName>testConstructor_long_nullDateTimeZone</testName>
          <skipped>false</skipped>
          <failedSince>0</failedSince>
        </case>
        <case>
          <duration>0.0</duration>
          <className>org.joda.time.TestLocalDateTime_Constructors</className>
          <testName>testConstructor_long1_Chronology</testName>
          <skipped>false</skipped>
          <failedSince>0</failedSince>
        </case>
        <case>
          <duration>0.0</duration>
          <className>org.joda.time.TestLocalDateTime_Constructors</className>
          <testName>testConstructor_long2_Chronology</testName>
          <skipped>false</skipped>
          <failedSince>0</failedSince>
        </case>
        <case>
          <duration>0.0</duration>
          <className>org.joda.time.TestLocalDateTime_Constructors</className>
          <testName>testConstructor_long_nullChronology</testName>
          <skipped>false</skipped>
          <failedSince>0</failedSince>
        </case>
        <case>
          <duration>0.001</duration>
          <className>org.joda.time.TestLocalDateTime_Constructors</className>
          <testName>testConstructor_ObjectString1</testName>
          <skipped>false</skipped>
          <failedSince>0</failedSince>
        </case>
        <case>
          <duration>0.0</duration>
          <className>org.joda.time.TestLocalDateTime_Constructors</className>
          <testName>testConstructor_ObjectString2</testName>
          <skipped>false</skipped>
          <failedSince>0</failedSince>
        </case>
        <case>
          <duration>0.001</duration>
          <className>org.joda.time.TestLocalDateTime_Constructors</className>
          <testName>testConstructor_ObjectString3</testName>
          <skipped>false</skipped>
          <failedSince>0</failedSince>
        </case>
        <case>
          <duration>0.0</duration>
          <className>org.joda.time.TestLocalDateTime_Constructors</className>
          <testName>testConstructor_ObjectString4</testName>
          <skipped>false</skipped>
          <failedSince>0</failedSince>
        </case>
        <case>
          <duration>0.0</duration>
          <className>org.joda.time.TestLocalDateTime_Constructors</className>
          <testName>testConstructor_ObjectStringEx1</testName>
          <skipped>false</skipped>
          <failedSince>0</failedSince>
        </case>
        <case>
          <duration>0.0</duration>
          <className>org.joda.time.TestLocalDateTime_Constructors</className>
          <testName>testConstructor_ObjectStringEx2</testName>
          <skipped>false</skipped>
          <failedSince>0</failedSince>
        </case>
        <case>
          <duration>0.0</duration>
          <className>org.joda.time.TestLocalDateTime_Constructors</className>
          <testName>testConstructor_Object_DateTimeZone</testName>
          <skipped>false</skipped>
          <failedSince>0</failedSince>
        </case>
        <case>
          <duration>0.0</duration>
          <className>org.joda.time.TestLocalDateTime_Constructors</className>
          <testName>testConstructor_nullObject_DateTimeZone</testName>
          <skipped>false</skipped>
          <failedSince>0</failedSince>
        </case>
        <case>
          <duration>0.0</duration>
          <className>org.joda.time.TestLocalDateTime_Constructors</className>
          <testName>testConstructor_Object_nullDateTimeZone</testName>
          <skipped>false</skipped>
          <failedSince>0</failedSince>
        </case>
        <case>
          <duration>0.0</duration>
          <className>org.joda.time.TestLocalDateTime_Constructors</className>
          <testName>testConstructor_nullObject_nullDateTimeZone</testName>
          <skipped>false</skipped>
          <failedSince>0</failedSince>
        </case>
        <case>
          <duration>0.0</duration>
          <className>org.joda.time.TestLocalDateTime_Constructors</className>
          <testName>testConstructor_Object_Chronology</testName>
          <skipped>false</skipped>
          <failedSince>0</failedSince>
        </case>
        <case>
          <duration>0.0</duration>
          <className>org.joda.time.TestLocalDateTime_Constructors</className>
          <testName>testConstructor_nullObject_Chronology</testName>
          <skipped>false</skipped>
          <failedSince>0</failedSince>
        </case>
        <case>
          <duration>0.0</duration>
          <className>org.joda.time.TestLocalDateTime_Constructors</className>
          <testName>testConstructor_Object_nullChronology</testName>
          <skipped>false</skipped>
          <failedSince>0</failedSince>
        </case>
        <case>
          <duration>0.0</duration>
          <className>org.joda.time.TestLocalDateTime_Constructors</className>
          <testName>testConstructor_nullObject_nullChronology</testName>
          <skipped>false</skipped>
          <failedSince>0</failedSince>
        </case>
        <case>
          <duration>0.0</duration>
          <className>org.joda.time.TestLocalDateTime_Constructors</className>
          <testName>testConstructor_int_int_int_int_int</testName>
          <skipped>false</skipped>
          <failedSince>0</failedSince>
        </case>
        <case>
          <duration>0.0</duration>
          <className>org.joda.time.TestLocalDateTime_Constructors</className>
          <testName>testConstructor_int_int_int_int_int_int</testName>
          <skipped>false</skipped>
          <failedSince>0</failedSince>
        </case>
        <case>
          <duration>0.0</duration>
          <className>org.joda.time.TestLocalDateTime_Constructors</className>
          <testName>testConstructor_int_int_int_int_int_int_int</testName>
          <skipped>false</skipped>
          <failedSince>0</failedSince>
        </case>
        <case>
          <duration>0.0</duration>
          <className>org.joda.time.TestLocalDateTime_Constructors</className>
          <testName>testParse_noFormatter</testName>
          <skipped>false</skipped>
          <failedSince>0</failedSince>
        </case>
        <case>
          <duration>0.0</duration>
          <className>org.joda.time.TestLocalDateTime_Constructors</className>
          <testName>testParse_formatter</testName>
          <skipped>false</skipped>
          <failedSince>0</failedSince>
        </case>
        <case>
          <duration>0.0</duration>
          <className>org.joda.time.TestLocalDateTime_Constructors</className>
          <testName>testConstructor_long1</testName>
          <skipped>false</skipped>
          <failedSince>0</failedSince>
        </case>
        <case>
          <duration>0.0</duration>
          <className>org.joda.time.TestLocalDateTime_Constructors</className>
          <testName>testConstructor_long2</testName>
          <skipped>false</skipped>
          <failedSince>0</failedSince>
        </case>
        <case>
          <duration>0.0</duration>
          <className>org.joda.time.TestLocalDateTime_Constructors</className>
          <testName>testConstructor_nullObject</testName>
          <skipped>false</skipped>
          <failedSince>0</failedSince>
        </case>
        <case>
          <duration>0.0</duration>
          <className>org.joda.time.TestLocalDateTime_Constructors</className>
          <testName>testConstructor_Object1</testName>
          <skipped>false</skipped>
          <failedSince>0</failedSince>
        </case>
        <case>
          <duration>0.0</duration>
          <className>org.joda.time.TestLocalDateTime_Constructors</className>
          <testName>testConstructor_int_int_int_Chronology</testName>
          <skipped>false</skipped>
          <failedSince>0</failedSince>
        </case>
        <case>
          <duration>0.0</duration>
          <className>org.joda.time.TestLocalDateTime_Constructors</className>
          <testName>testConstructor_int_int_int_nullChronology</testName>
          <skipped>false</skipped>
          <failedSince>0</failedSince>
        </case>
        <case>
          <duration>0.001</duration>
          <className>org.joda.time.TestLocalDateTime_Constructors</className>
          <testName>testFactory_fromCalendarFields</testName>
          <skipped>false</skipped>
          <failedSince>0</failedSince>
        </case>
        <case>
          <duration>0.001</duration>
          <className>org.joda.time.TestLocalDateTime_Constructors</className>
          <testName>testFactory_fromCalendarFields_beforeYearZero1</testName>
          <skipped>false</skipped>
          <failedSince>0</failedSince>
        </case>
        <case>
          <duration>0.0</duration>
          <className>org.joda.time.TestLocalDateTime_Constructors</className>
          <testName>testFactory_fromCalendarFields_beforeYearZero3</testName>
          <skipped>false</skipped>
          <failedSince>0</failedSince>
        </case>
        <case>
          <duration>0.0</duration>
          <className>org.joda.time.TestLocalDateTime_Constructors</className>
          <testName>testFactory_fromCalendarFields_null</testName>
          <skipped>false</skipped>
          <failedSince>0</failedSince>
        </case>
        <case>
          <duration>0.0</duration>
          <className>org.joda.time.TestLocalDateTime_Constructors</className>
          <testName>testFactory_fromDateFields_after1970</testName>
          <skipped>false</skipped>
          <failedSince>0</failedSince>
        </case>
        <case>
          <duration>0.0</duration>
          <className>org.joda.time.TestLocalDateTime_Constructors</className>
          <testName>testFactory_fromDateFields_before1970</testName>
          <skipped>false</skipped>
          <failedSince>0</failedSince>
        </case>
        <case>
          <duration>0.0</duration>
          <className>org.joda.time.TestLocalDateTime_Constructors</className>
          <testName>testFactory_fromDateFields_beforeYearZero1</testName>
          <skipped>false</skipped>
          <failedSince>0</failedSince>
        </case>
        <case>
          <duration>0.0</duration>
          <className>org.joda.time.TestLocalDateTime_Constructors</className>
          <testName>testFactory_fromDateFields_beforeYearZero3</testName>
          <skipped>false</skipped>
          <failedSince>0</failedSince>
        </case>
        <case>
          <duration>0.0</duration>
          <className>org.joda.time.TestLocalDateTime_Constructors</className>
          <testName>testFactory_fromDateFields_null</testName>
          <skipped>false</skipped>
          <failedSince>0</failedSince>
        </case>
        <case>
          <duration>0.0</duration>
          <className>org.joda.time.TestLocalDateTime_Constructors</className>
          <testName>testConstructor_ObjectStringEx3</testName>
          <skipped>false</skipped>
          <failedSince>0</failedSince>
        </case>
        <case>
          <duration>0.0</duration>
          <className>org.joda.time.TestLocalDateTime_Constructors</className>
          <testName>testConstructor_ObjectStringEx4</testName>
          <skipped>false</skipped>
          <failedSince>0</failedSince>
        </case>
        <case>
          <duration>0.0</duration>
          <className>org.joda.time.TestLocalDateTime_Constructors</className>
          <testName>testConstructor_ObjectStringEx5</testName>
          <skipped>false</skipped>
          <failedSince>0</failedSince>
        </case>
        <case>
          <duration>0.0</duration>
          <className>org.joda.time.TestLocalDateTime_Constructors</className>
          <testName>testConstructor_ObjectStringEx6</testName>
          <skipped>false</skipped>
          <failedSince>0</failedSince>
        </case>
        <case>
          <duration>0.0</duration>
          <className>org.joda.time.TestLocalDateTime_Constructors</className>
          <testName>testConstructor_ObjectLocalDateTime</testName>
          <skipped>false</skipped>
          <failedSince>0</failedSince>
        </case>
        <case>
          <duration>0.001</duration>
          <className>org.joda.time.TestLocalDateTime_Constructors</className>
          <testName>testConstructor_ObjectLocalDate</testName>
          <skipped>false</skipped>
          <failedSince>0</failedSince>
        </case>
        <case>
          <duration>0.0</duration>
          <className>org.joda.time.TestLocalDateTime_Constructors</className>
          <testName>testConstructor_ObjectLocalTime</testName>
          <skipped>false</skipped>
          <failedSince>0</failedSince>
        </case>
        <case>
          <duration>0.003</duration>
          <className>org.joda.time.TestLocalDateTime_Constructors</className>
          <testName>testConstructor_Object_DateTimeZoneMoscow</testName>
          <skipped>false</skipped>
          <failedSince>0</failedSince>
        </case>
        <case>
          <duration>0.0</duration>
          <className>org.joda.time.TestLocalDateTime_Constructors</className>
          <testName>testConstructor_Object_DateTimeZoneMoscowBadDateTime</testName>
          <skipped>false</skipped>
          <failedSince>0</failedSince>
        </case>
        <case>
          <duration>0.0</duration>
          <className>org.joda.time.TestLocalDateTime_Constructors</className>
          <testName>testConstructor_Object_Chronology_crossChronology</testName>
          <skipped>false</skipped>
          <failedSince>0</failedSince>
        </case>
        <case>
          <duration>0.0</duration>
          <className>org.joda.time.TestLocalDateTime_Constructors</className>
          <testName>testConstructor_Object_ChronologyMoscow</testName>
          <skipped>false</skipped>
          <failedSince>0</failedSince>
        </case>
        <case>
          <duration>0.0</duration>
          <className>org.joda.time.TestLocalDateTime_Constructors</className>
          <testName>testConstructor_Object_ChronologyMoscowBadDateTime</testName>
          <skipped>false</skipped>
          <failedSince>0</failedSince>
        </case>
        <case>
          <duration>0.0</duration>
          <className>org.joda.time.TestLocalDateTime_Basics</className>
          <testName>testToString</testName>
          <skipped>false</skipped>
          <failedSince>0</failedSince>
        </case>
        <case>
          <duration>0.0</duration>
          <className>org.joda.time.TestLocalDateTime_Basics</className>
          <testName>testGet_DateTimeFieldType</testName>
          <skipped>false</skipped>
          <failedSince>0</failedSince>
        </case>
        <case>
          <duration>0.001</duration>
          <className>org.joda.time.TestLocalDateTime_Basics</className>
          <testName>testEqualsHashCode</testName>
          <skipped>false</skipped>
          <failedSince>0</failedSince>
        </case>
        <case>
          <duration>0.002</duration>
          <className>org.joda.time.TestLocalDateTime_Basics</className>
          <testName>testCompareTo</testName>
          <skipped>false</skipped>
          <failedSince>0</failedSince>
        </case>
        <case>
          <duration>0.002</duration>
          <className>org.joda.time.TestLocalDateTime_Basics</className>
          <testName>testSerialization</testName>
          <skipped>false</skipped>
          <failedSince>0</failedSince>
        </case>
        <case>
          <duration>0.0</duration>
          <className>org.joda.time.TestLocalDateTime_Basics</className>
          <testName>testToDateTime</testName>
          <skipped>false</skipped>
          <failedSince>0</failedSince>
        </case>
        <case>
          <duration>0.0</duration>
          <className>org.joda.time.TestLocalDateTime_Basics</className>
          <testName>testIsSupported_DateTimeFieldType</testName>
          <skipped>false</skipped>
          <failedSince>0</failedSince>
        </case>
        <case>
          <duration>0.0</duration>
          <className>org.joda.time.TestLocalDateTime_Basics</className>
          <testName>testGetters</testName>
          <skipped>false</skipped>
          <failedSince>0</failedSince>
        </case>
        <case>
          <duration>0.0</duration>
          <className>org.joda.time.TestLocalDateTime_Basics</className>
          <testName>testWithers</testName>
          <skipped>false</skipped>
          <failedSince>0</failedSince>
        </case>
        <case>
          <duration>0.0</duration>
          <className>org.joda.time.TestLocalDateTime_Basics</className>
          <testName>testToString_String</testName>
          <skipped>false</skipped>
          <failedSince>0</failedSince>
        </case>
        <case>
          <duration>0.0</duration>
          <className>org.joda.time.TestLocalDateTime_Basics</className>
          <testName>testToString_String_Locale</testName>
          <skipped>false</skipped>
          <failedSince>0</failedSince>
        </case>
        <case>
          <duration>0.0</duration>
          <className>org.joda.time.TestLocalDateTime_Basics</className>
          <testName>testToString_DTFormatter</testName>
          <skipped>false</skipped>
          <failedSince>0</failedSince>
        </case>
        <case>
          <duration>0.0</duration>
          <className>org.joda.time.TestLocalDateTime_Basics</className>
          <testName>testToLocalDate</testName>
          <skipped>false</skipped>
          <failedSince>0</failedSince>
        </case>
        <case>
          <duration>0.0</duration>
          <className>org.joda.time.TestLocalDateTime_Basics</className>
          <testName>testToLocalTime</testName>
          <skipped>false</skipped>
          <failedSince>0</failedSince>
        </case>
        <case>
          <duration>0.001</duration>
          <className>org.joda.time.TestLocalDateTime_Basics</className>
          <testName>testPlus_RP</testName>
          <skipped>false</skipped>
          <failedSince>0</failedSince>
        </case>
        <case>
          <duration>0.0</duration>
          <className>org.joda.time.TestLocalDateTime_Basics</className>
          <testName>testPlusYears_int</testName>
          <skipped>false</skipped>
          <failedSince>0</failedSince>
        </case>
        <case>
          <duration>0.0</duration>
          <className>org.joda.time.TestLocalDateTime_Basics</className>
          <testName>testPlusMonths_int</testName>
          <skipped>false</skipped>
          <failedSince>0</failedSince>
        </case>
        <case>
          <duration>0.0</duration>
          <className>org.joda.time.TestLocalDateTime_Basics</className>
          <testName>testPlusWeeks_int</testName>
          <skipped>false</skipped>
          <failedSince>0</failedSince>
        </case>
        <case>
          <duration>0.0</duration>
          <className>org.joda.time.TestLocalDateTime_Basics</className>
          <testName>testPlusDays_int</testName>
          <skipped>false</skipped>
          <failedSince>0</failedSince>
        </case>
        <case>
          <duration>0.0</duration>
          <className>org.joda.time.TestLocalDateTime_Basics</className>
          <testName>testPlusHours_int</testName>
          <skipped>false</skipped>
          <failedSince>0</failedSince>
        </case>
        <case>
          <duration>0.0</duration>
          <className>org.joda.time.TestLocalDateTime_Basics</className>
          <testName>testPlusMinutes_int</testName>
          <skipped>false</skipped>
          <failedSince>0</failedSince>
        </case>
        <case>
          <duration>0.0</duration>
          <className>org.joda.time.TestLocalDateTime_Basics</className>
          <testName>testPlusSeconds_int</testName>
          <skipped>false</skipped>
          <failedSince>0</failedSince>
        </case>
        <case>
          <duration>0.0</duration>
          <className>org.joda.time.TestLocalDateTime_Basics</className>
          <testName>testPlusMillis_int</testName>
          <skipped>false</skipped>
          <failedSince>0</failedSince>
        </case>
        <case>
          <duration>0.0</duration>
          <className>org.joda.time.TestLocalDateTime_Basics</className>
          <testName>testMinus_RP</testName>
          <skipped>false</skipped>
          <failedSince>0</failedSince>
        </case>
        <case>
          <duration>0.0</duration>
          <className>org.joda.time.TestLocalDateTime_Basics</className>
          <testName>testMinusYears_int</testName>
          <skipped>false</skipped>
          <failedSince>0</failedSince>
        </case>
        <case>
          <duration>0.0</duration>
          <className>org.joda.time.TestLocalDateTime_Basics</className>
          <testName>testMinusMonths_int</testName>
          <skipped>false</skipped>
          <failedSince>0</failedSince>
        </case>
        <case>
          <duration>0.001</duration>
          <className>org.joda.time.TestLocalDateTime_Basics</className>
          <testName>testMinusWeeks_int</testName>
          <skipped>false</skipped>
          <failedSince>0</failedSince>
        </case>
        <case>
          <duration>0.0</duration>
          <className>org.joda.time.TestLocalDateTime_Basics</className>
          <testName>testMinusDays_int</testName>
          <skipped>false</skipped>
          <failedSince>0</failedSince>
        </case>
        <case>
          <duration>0.003</duration>
          <className>org.joda.time.TestLocalDateTime_Basics</className>
          <testName>testMinusHours_int</testName>
          <skipped>false</skipped>
          <failedSince>0</failedSince>
        </case>
        <case>
          <duration>0.0</duration>
          <className>org.joda.time.TestLocalDateTime_Basics</className>
          <testName>testMinusMinutes_int</testName>
          <skipped>false</skipped>
          <failedSince>0</failedSince>
        </case>
        <case>
          <duration>0.0</duration>
          <className>org.joda.time.TestLocalDateTime_Basics</className>
          <testName>testMinusSeconds_int</testName>
          <skipped>false</skipped>
          <failedSince>0</failedSince>
        </case>
        <case>
          <duration>0.0</duration>
          <className>org.joda.time.TestLocalDateTime_Basics</className>
          <testName>testMinusMillis_int</testName>
          <skipped>false</skipped>
          <failedSince>0</failedSince>
        </case>
        <case>
          <duration>0.0</duration>
          <className>org.joda.time.TestLocalDateTime_Basics</className>
          <testName>testProperty</testName>
          <skipped>false</skipped>
          <failedSince>0</failedSince>
        </case>
        <case>
          <duration>0.0</duration>
          <className>org.joda.time.TestLocalDateTime_Basics</className>
          <testName>testGetFieldType_int</testName>
          <skipped>false</skipped>
          <failedSince>0</failedSince>
        </case>
        <case>
          <duration>0.0</duration>
          <className>org.joda.time.TestLocalDateTime_Basics</className>
          <testName>testGetFieldTypes</testName>
          <skipped>false</skipped>
          <failedSince>0</failedSince>
        </case>
        <case>
          <duration>0.0</duration>
          <className>org.joda.time.TestLocalDateTime_Basics</className>
          <testName>testGetField_int</testName>
          <skipped>false</skipped>
          <failedSince>0</failedSince>
        </case>
        <case>
          <duration>0.0</duration>
          <className>org.joda.time.TestLocalDateTime_Basics</className>
          <testName>testGetFields</testName>
          <skipped>false</skipped>
          <failedSince>0</failedSince>
        </case>
        <case>
          <duration>0.0</duration>
          <className>org.joda.time.TestLocalDateTime_Basics</className>
          <testName>testGetValue_int</testName>
          <skipped>false</skipped>
          <failedSince>0</failedSince>
        </case>
        <case>
          <duration>0.0</duration>
          <className>org.joda.time.TestLocalDateTime_Basics</className>
          <testName>testGetValues</testName>
          <skipped>false</skipped>
          <failedSince>0</failedSince>
        </case>
        <case>
          <duration>0.0</duration>
          <className>org.joda.time.TestLocalDateTime_Basics</className>
          <testName>testIsSupported_DurationFieldType</testName>
          <skipped>false</skipped>
          <failedSince>0</failedSince>
        </case>
        <case>
          <duration>0.0</duration>
          <className>org.joda.time.TestLocalDateTime_Basics</className>
          <testName>testIsEqual_LocalDateTime</testName>
          <skipped>false</skipped>
          <failedSince>0</failedSince>
        </case>
        <case>
          <duration>0.0</duration>
          <className>org.joda.time.TestLocalDateTime_Basics</className>
          <testName>testIsBefore_LocalDateTime</testName>
          <skipped>false</skipped>
          <failedSince>0</failedSince>
        </case>
        <case>
          <duration>0.0</duration>
          <className>org.joda.time.TestLocalDateTime_Basics</className>
          <testName>testIsAfter_LocalDateTime</testName>
          <skipped>false</skipped>
          <failedSince>0</failedSince>
        </case>
        <case>
          <duration>0.0</duration>
          <className>org.joda.time.TestLocalDateTime_Basics</className>
          <testName>testWithDate</testName>
          <skipped>false</skipped>
          <failedSince>0</failedSince>
        </case>
        <case>
          <duration>0.0</duration>
          <className>org.joda.time.TestLocalDateTime_Basics</className>
          <testName>testWithTime</testName>
          <skipped>false</skipped>
          <failedSince>0</failedSince>
        </case>
        <case>
          <duration>0.0</duration>
          <className>org.joda.time.TestLocalDateTime_Basics</className>
          <testName>testWithField_DateTimeFieldType_int_1</testName>
          <skipped>false</skipped>
          <failedSince>0</failedSince>
        </case>
        <case>
          <duration>0.0</duration>
          <className>org.joda.time.TestLocalDateTime_Basics</className>
          <testName>testWithField_DateTimeFieldType_int_2</testName>
          <skipped>false</skipped>
          <failedSince>0</failedSince>
        </case>
        <case>
          <duration>0.0</duration>
          <className>org.joda.time.TestLocalDateTime_Basics</className>
          <testName>testWithField_DateTimeFieldType_int_3</testName>
          <skipped>false</skipped>
          <failedSince>0</failedSince>
        </case>
        <case>
          <duration>0.0</duration>
          <className>org.joda.time.TestLocalDateTime_Basics</className>
          <testName>testWithFieldAdded_DurationFieldType_int_1</testName>
          <skipped>false</skipped>
          <failedSince>0</failedSince>
        </case>
        <case>
          <duration>0.0</duration>
          <className>org.joda.time.TestLocalDateTime_Basics</className>
          <testName>testWithFieldAdded_DurationFieldType_int_2</testName>
          <skipped>false</skipped>
          <failedSince>0</failedSince>
        </case>
        <case>
          <duration>0.0</duration>
          <className>org.joda.time.TestLocalDateTime_Basics</className>
          <testName>testWithFieldAdded_DurationFieldType_int_3</testName>
          <skipped>false</skipped>
          <failedSince>0</failedSince>
        </case>
        <case>
          <duration>0.0</duration>
          <className>org.joda.time.TestLocalDateTime_Basics</className>
          <testName>testWithFieldAdded_DurationFieldType_int_4</testName>
          <skipped>false</skipped>
          <failedSince>0</failedSince>
        </case>
        <case>
          <duration>0.0</duration>
          <className>org.joda.time.TestLocalDateTime_Basics</className>
          <testName>testToDateTime_Zone</testName>
          <skipped>false</skipped>
          <failedSince>0</failedSince>
        </case>
        <case>
          <duration>0.0</duration>
          <className>org.joda.time.TestLocalDateTime_Basics</className>
          <testName>testToDateTime_nullZone</testName>
          <skipped>false</skipped>
          <failedSince>0</failedSince>
        </case>
        <case>
          <duration>0.0</duration>
          <className>org.joda.time.TestLocalDateTime_Basics</className>
          <testName>testToDateTime_Zone_dstGap</testName>
          <skipped>false</skipped>
          <failedSince>0</failedSince>
        </case>
        <case>
          <duration>0.0</duration>
          <className>org.joda.time.TestLocalDateTime_Basics</className>
          <testName>testToDateTime_Zone_dstOverlap</testName>
          <skipped>false</skipped>
          <failedSince>0</failedSince>
        </case>
        <case>
          <duration>0.0</duration>
          <className>org.joda.time.TestLocalDateTime_Basics</className>
          <testName>testToDateTime_Zone_dstOverlap_NewYork</testName>
          <skipped>false</skipped>
          <failedSince>0</failedSince>
        </case>
        <case>
          <duration>0.0</duration>
          <className>org.joda.time.TestLocalDateTime_Basics</className>
          <testName>testToDateTime_RI</testName>
          <skipped>false</skipped>
          <failedSince>0</failedSince>
        </case>
        <case>
          <duration>0.0</duration>
          <className>org.joda.time.TestLocalDateTime_Basics</className>
          <testName>testToDateTime_nullRI</testName>
          <skipped>false</skipped>
          <failedSince>0</failedSince>
        </case>
        <case>
          <duration>0.0</duration>
          <className>org.joda.time.TestLocalDateTime_Basics</className>
          <testName>testToDate_summer</testName>
          <skipped>false</skipped>
          <failedSince>0</failedSince>
        </case>
        <case>
          <duration>0.0</duration>
          <className>org.joda.time.TestLocalDateTime_Basics</className>
          <testName>testToDate_winter</testName>
          <skipped>false</skipped>
          <failedSince>0</failedSince>
        </case>
        <case>
          <duration>0.005</duration>
          <className>org.joda.time.TestLocalDateTime_Basics</className>
          <testName>testToDate_springDST</testName>
          <skipped>false</skipped>
          <failedSince>0</failedSince>
        </case>
        <case>
          <duration>0.002</duration>
          <className>org.joda.time.TestLocalDateTime_Basics</className>
          <testName>testToDate_springDST_2Hour40Savings</testName>
          <skipped>false</skipped>
          <failedSince>0</failedSince>
        </case>
        <case>
          <duration>0.002</duration>
          <className>org.joda.time.TestLocalDateTime_Basics</className>
          <testName>testToDate_autumnDST</testName>
          <skipped>false</skipped>
          <failedSince>0</failedSince>
        </case>
        <case>
          <duration>0.0</duration>
          <className>org.joda.time.TestLocalDateTime_Basics</className>
          <testName>testToDate_summer_Zone</testName>
          <skipped>false</skipped>
          <failedSince>0</failedSince>
        </case>
        <case>
          <duration>0.0</duration>
          <className>org.joda.time.TestLocalDateTime_Basics</className>
          <testName>testToDate_winter_Zone</testName>
          <skipped>false</skipped>
          <failedSince>0</failedSince>
        </case>
        <case>
          <duration>0.004</duration>
          <className>org.joda.time.TestLocalDateTime_Basics</className>
          <testName>testToDate_springDST_Zone</testName>
          <skipped>false</skipped>
          <failedSince>0</failedSince>
        </case>
        <case>
          <duration>0.0</duration>
          <className>org.joda.time.TestLocalDateTime_Basics</className>
          <testName>testToDate_springDST_2Hour40Savings_Zone</testName>
          <skipped>false</skipped>
          <failedSince>0</failedSince>
        </case>
        <case>
          <duration>0.0</duration>
          <className>org.joda.time.TestLocalDateTime_Basics</className>
          <testName>testToDate_autumnDST_Zone</testName>
          <skipped>false</skipped>
          <failedSince>0</failedSince>
        </case>
        <case>
          <duration>0.0</duration>
          <className>org.joda.time.TestLocalDateTime_Basics</className>
          <testName>testSize</testName>
          <skipped>false</skipped>
          <failedSince>0</failedSince>
        </case>
        <case>
          <duration>0.0</duration>
          <className>org.joda.time.TestLocalDateTime_Properties</className>
          <testName>testPropertyAddToCopyYear</testName>
          <skipped>false</skipped>
          <failedSince>0</failedSince>
        </case>
        <case>
          <duration>0.0</duration>
          <className>org.joda.time.TestLocalDateTime_Properties</className>
          <testName>testPropertySetCopyYear</testName>
          <skipped>false</skipped>
          <failedSince>0</failedSince>
        </case>
        <case>
          <duration>0.0</duration>
          <className>org.joda.time.TestLocalDateTime_Properties</className>
          <testName>testPropertyAddWrapFieldToCopyYear</testName>
          <skipped>false</skipped>
          <failedSince>0</failedSince>
        </case>
        <case>
          <duration>0.0</duration>
          <className>org.joda.time.TestLocalDateTime_Properties</className>
          <testName>testPropertySetCopyTextYear</testName>
          <skipped>false</skipped>
          <failedSince>0</failedSince>
        </case>
        <case>
          <duration>0.0</duration>
          <className>org.joda.time.TestLocalDateTime_Properties</className>
          <testName>testPropertyGetMaxMinValuesMonth</testName>
          <skipped>false</skipped>
          <failedSince>0</failedSince>
        </case>
        <case>
          <duration>0.0</duration>
          <className>org.joda.time.TestLocalDateTime_Properties</className>
          <testName>testPropertyAddToCopyMonth</testName>
          <skipped>false</skipped>
          <failedSince>0</failedSince>
        </case>
        <case>
          <duration>0.0</duration>
          <className>org.joda.time.TestLocalDateTime_Properties</className>
          <testName>testPropertyAddWrapFieldToCopyMonth</testName>
          <skipped>false</skipped>
          <failedSince>0</failedSince>
        </case>
        <case>
          <duration>0.0</duration>
          <className>org.joda.time.TestLocalDateTime_Properties</className>
          <testName>testPropertySetCopyMonth</testName>
          <skipped>false</skipped>
          <failedSince>0</failedSince>
        </case>
        <case>
          <duration>0.001</duration>
          <className>org.joda.time.TestLocalDateTime_Properties</className>
          <testName>testPropertySetCopyTextMonth</testName>
          <skipped>false</skipped>
          <failedSince>0</failedSince>
        </case>
        <case>
          <duration>0.0</duration>
          <className>org.joda.time.TestLocalDateTime_Properties</className>
          <testName>testPropertyCompareToMonth</testName>
          <skipped>false</skipped>
          <failedSince>0</failedSince>
        </case>
        <case>
          <duration>0.0</duration>
          <className>org.joda.time.TestLocalDateTime_Properties</className>
          <testName>testPropertyGetDay</testName>
          <skipped>false</skipped>
          <failedSince>0</failedSince>
        </case>
        <case>
          <duration>0.0</duration>
          <className>org.joda.time.TestLocalDateTime_Properties</className>
          <testName>testPropertyGetMaxMinValuesDay</testName>
          <skipped>false</skipped>
          <failedSince>0</failedSince>
        </case>
        <case>
          <duration>0.0</duration>
          <className>org.joda.time.TestLocalDateTime_Properties</className>
          <testName>testPropertyAddToCopyDay</testName>
          <skipped>false</skipped>
          <failedSince>0</failedSince>
        </case>
        <case>
          <duration>0.0</duration>
          <className>org.joda.time.TestLocalDateTime_Properties</className>
          <testName>testPropertyAddWrapFieldToCopyDay</testName>
          <skipped>false</skipped>
          <failedSince>0</failedSince>
        </case>
        <case>
          <duration>0.0</duration>
          <className>org.joda.time.TestLocalDateTime_Properties</className>
          <testName>testPropertySetCopyDay</testName>
          <skipped>false</skipped>
          <failedSince>0</failedSince>
        </case>
        <case>
          <duration>0.0</duration>
          <className>org.joda.time.TestLocalDateTime_Properties</className>
          <testName>testPropertySetCopyTextDay</testName>
          <skipped>false</skipped>
          <failedSince>0</failedSince>
        </case>
        <case>
          <duration>0.001</duration>
          <className>org.joda.time.TestLocalDateTime_Properties</className>
          <testName>testPropertyCompareToDay</testName>
          <skipped>false</skipped>
          <failedSince>0</failedSince>
        </case>
        <case>
          <duration>0.0</duration>
          <className>org.joda.time.TestLocalDateTime_Properties</className>
          <testName>testPropertyEquals</testName>
          <skipped>false</skipped>
          <failedSince>0</failedSince>
        </case>
        <case>
          <duration>0.0</duration>
          <className>org.joda.time.TestLocalDateTime_Properties</className>
          <testName>testPropertyHashCode</testName>
          <skipped>false</skipped>
          <failedSince>0</failedSince>
        </case>
        <case>
          <duration>0.0</duration>
          <className>org.joda.time.TestLocalDateTime_Properties</className>
          <testName>testPropertyGetHour</testName>
          <skipped>false</skipped>
          <failedSince>0</failedSince>
        </case>
        <case>
          <duration>0.001</duration>
          <className>org.joda.time.TestLocalDateTime_Properties</className>
          <testName>testPropertyRoundHour</testName>
          <skipped>false</skipped>
          <failedSince>0</failedSince>
        </case>
        <case>
          <duration>0.0</duration>
          <className>org.joda.time.TestLocalDateTime_Properties</className>
          <testName>testPropertyGetMaxMinValuesHour</testName>
          <skipped>false</skipped>
          <failedSince>0</failedSince>
        </case>
        <case>
          <duration>0.0</duration>
          <className>org.joda.time.TestLocalDateTime_Properties</className>
          <testName>testPropertyWithMaxMinValueHour</testName>
          <skipped>false</skipped>
          <failedSince>0</failedSince>
        </case>
        <case>
          <duration>0.0</duration>
          <className>org.joda.time.TestLocalDateTime_Properties</className>
          <testName>testPropertyAddToCopyHour</testName>
          <skipped>false</skipped>
          <failedSince>0</failedSince>
        </case>
        <case>
          <duration>0.0</duration>
          <className>org.joda.time.TestLocalDateTime_Properties</className>
          <testName>testPropertyAddWrapFieldToCopyHour</testName>
          <skipped>false</skipped>
          <failedSince>0</failedSince>
        </case>
        <case>
          <duration>0.0</duration>
          <className>org.joda.time.TestLocalDateTime_Properties</className>
          <testName>testPropertySetHour</testName>
          <skipped>false</skipped>
          <failedSince>0</failedSince>
        </case>
        <case>
          <duration>0.0</duration>
          <className>org.joda.time.TestLocalDateTime_Properties</className>
          <testName>testPropertySetTextHour</testName>
          <skipped>false</skipped>
          <failedSince>0</failedSince>
        </case>
        <case>
          <duration>0.0</duration>
          <className>org.joda.time.TestLocalDateTime_Properties</className>
          <testName>testPropertyWithMaximumValueHour</testName>
          <skipped>false</skipped>
          <failedSince>0</failedSince>
        </case>
        <case>
          <duration>0.0</duration>
          <className>org.joda.time.TestLocalDateTime_Properties</className>
          <testName>testPropertyWithMinimumValueHour</testName>
          <skipped>false</skipped>
          <failedSince>0</failedSince>
        </case>
        <case>
          <duration>0.0</duration>
          <className>org.joda.time.TestLocalDateTime_Properties</className>
          <testName>testPropertyCompareToHour</testName>
          <skipped>false</skipped>
          <failedSince>0</failedSince>
        </case>
        <case>
          <duration>0.0</duration>
          <className>org.joda.time.TestLocalDateTime_Properties</className>
          <testName>testPropertyGetMinute</testName>
          <skipped>false</skipped>
          <failedSince>0</failedSince>
        </case>
        <case>
          <duration>0.0</duration>
          <className>org.joda.time.TestLocalDateTime_Properties</className>
          <testName>testPropertyGetMaxMinValuesMinute</testName>
          <skipped>false</skipped>
          <failedSince>0</failedSince>
        </case>
        <case>
          <duration>0.0</duration>
          <className>org.joda.time.TestLocalDateTime_Properties</className>
          <testName>testPropertyWithMaxMinValueMinute</testName>
          <skipped>false</skipped>
          <failedSince>0</failedSince>
        </case>
        <case>
          <duration>0.001</duration>
          <className>org.joda.time.TestLocalDateTime_Properties</className>
          <testName>testPropertyAddToCopyMinute</testName>
          <skipped>false</skipped>
          <failedSince>0</failedSince>
        </case>
        <case>
          <duration>0.0</duration>
          <className>org.joda.time.TestLocalDateTime_Properties</className>
          <testName>testPropertyAddWrapFieldToCopyMinute</testName>
          <skipped>false</skipped>
          <failedSince>0</failedSince>
        </case>
        <case>
          <duration>0.0</duration>
          <className>org.joda.time.TestLocalDateTime_Properties</className>
          <testName>testPropertySetMinute</testName>
          <skipped>false</skipped>
          <failedSince>0</failedSince>
        </case>
        <case>
          <duration>0.0</duration>
          <className>org.joda.time.TestLocalDateTime_Properties</className>
          <testName>testPropertySetTextMinute</testName>
          <skipped>false</skipped>
          <failedSince>0</failedSince>
        </case>
        <case>
          <duration>0.0</duration>
          <className>org.joda.time.TestLocalDateTime_Properties</className>
          <testName>testPropertyCompareToMinute</testName>
          <skipped>false</skipped>
          <failedSince>0</failedSince>
        </case>
        <case>
          <duration>0.0</duration>
          <className>org.joda.time.TestLocalDateTime_Properties</className>
          <testName>testPropertyGetSecond</testName>
          <skipped>false</skipped>
          <failedSince>0</failedSince>
        </case>
        <case>
          <duration>0.0</duration>
          <className>org.joda.time.TestLocalDateTime_Properties</className>
          <testName>testPropertyGetMaxMinValuesSecond</testName>
          <skipped>false</skipped>
          <failedSince>0</failedSince>
        </case>
        <case>
          <duration>0.0</duration>
          <className>org.joda.time.TestLocalDateTime_Properties</className>
          <testName>testPropertyWithMaxMinValueSecond</testName>
          <skipped>false</skipped>
          <failedSince>0</failedSince>
        </case>
        <case>
          <duration>0.0</duration>
          <className>org.joda.time.TestLocalDateTime_Properties</className>
          <testName>testPropertyAddToCopySecond</testName>
          <skipped>false</skipped>
          <failedSince>0</failedSince>
        </case>
        <case>
          <duration>0.0</duration>
          <className>org.joda.time.TestLocalDateTime_Properties</className>
          <testName>testPropertyAddWrapFieldToCopySecond</testName>
          <skipped>false</skipped>
          <failedSince>0</failedSince>
        </case>
        <case>
          <duration>0.0</duration>
          <className>org.joda.time.TestLocalDateTime_Properties</className>
          <testName>testPropertySetSecond</testName>
          <skipped>false</skipped>
          <failedSince>0</failedSince>
        </case>
        <case>
          <duration>0.0</duration>
          <className>org.joda.time.TestLocalDateTime_Properties</className>
          <testName>testPropertySetTextSecond</testName>
          <skipped>false</skipped>
          <failedSince>0</failedSince>
        </case>
        <case>
          <duration>0.0</duration>
          <className>org.joda.time.TestLocalDateTime_Properties</className>
          <testName>testPropertyCompareToSecond</testName>
          <skipped>false</skipped>
          <failedSince>0</failedSince>
        </case>
        <case>
          <duration>0.0</duration>
          <className>org.joda.time.TestLocalDateTime_Properties</className>
          <testName>testPropertyGetMilli</testName>
          <skipped>false</skipped>
          <failedSince>0</failedSince>
        </case>
        <case>
          <duration>0.0</duration>
          <className>org.joda.time.TestLocalDateTime_Properties</className>
          <testName>testPropertyGetMaxMinValuesMilli</testName>
          <skipped>false</skipped>
          <failedSince>0</failedSince>
        </case>
        <case>
          <duration>0.0</duration>
          <className>org.joda.time.TestLocalDateTime_Properties</className>
          <testName>testPropertyWithMaxMinValueMilli</testName>
          <skipped>false</skipped>
          <failedSince>0</failedSince>
        </case>
        <case>
          <duration>0.001</duration>
          <className>org.joda.time.TestLocalDateTime_Properties</className>
          <testName>testPropertyAddToCopyMilli</testName>
          <skipped>false</skipped>
          <failedSince>0</failedSince>
        </case>
        <case>
          <duration>0.0</duration>
          <className>org.joda.time.TestLocalDateTime_Properties</className>
          <testName>testPropertyAddWrapFieldToCopyMilli</testName>
          <skipped>false</skipped>
          <failedSince>0</failedSince>
        </case>
        <case>
          <duration>0.0</duration>
          <className>org.joda.time.TestLocalDateTime_Properties</className>
          <testName>testPropertySetMilli</testName>
          <skipped>false</skipped>
          <failedSince>0</failedSince>
        </case>
        <case>
          <duration>0.0</duration>
          <className>org.joda.time.TestLocalDateTime_Properties</className>
          <testName>testPropertySetTextMilli</testName>
          <skipped>false</skipped>
          <failedSince>0</failedSince>
        </case>
        <case>
          <duration>0.0</duration>
          <className>org.joda.time.TestLocalDateTime_Properties</className>
          <testName>testPropertyCompareToMilli</testName>
          <skipped>false</skipped>
          <failedSince>0</failedSince>
        </case>
        <case>
          <duration>0.0</duration>
          <className>org.joda.time.TestLocalDateTime_Properties</className>
          <testName>testPropertyGetMaxMinValuesYear</testName>
          <skipped>false</skipped>
          <failedSince>0</failedSince>
        </case>
        <case>
          <duration>0.0</duration>
          <className>org.joda.time.TestLocalDateTime_Properties</className>
          <testName>testPropertyGetMonth</testName>
          <skipped>false</skipped>
          <failedSince>0</failedSince>
        </case>
        <case>
          <duration>0.0</duration>
          <className>org.joda.time.TestLocalDateTime_Properties</className>
          <testName>testPropertyGetYear</testName>
          <skipped>false</skipped>
          <failedSince>0</failedSince>
        </case>
        <case>
          <duration>0.0</duration>
          <className>org.joda.time.TestLocalDateTime_Properties</className>
          <testName>testPropertyCompareToYear</testName>
          <skipped>false</skipped>
          <failedSince>0</failedSince>
        </case>
        <case>
          <duration>0.0</duration>
          <className>org.joda.time.TestLocalDateTime_Properties</className>
          <testName>testPropertyWithMaximumValueDayOfMonth</testName>
          <skipped>false</skipped>
          <failedSince>0</failedSince>
        </case>
        <case>
          <duration>0.0</duration>
          <className>org.joda.time.TestLocalDateTime_Properties</className>
          <testName>testPropertyWithMinimumValueDayOfMonth</testName>
          <skipped>false</skipped>
          <failedSince>0</failedSince>
        </case>
        <case>
          <duration>0.001</duration>
          <className>org.joda.time.TestLocalDate_Constructors</className>
          <testName>testConstructor</testName>
          <skipped>false</skipped>
          <failedSince>0</failedSince>
        </case>
        <case>
          <duration>0.0</duration>
          <className>org.joda.time.TestLocalDate_Constructors</className>
          <testName>testConstructor_DateTimeZone</testName>
          <skipped>false</skipped>
          <failedSince>0</failedSince>
        </case>
        <case>
          <duration>0.0</duration>
          <className>org.joda.time.TestLocalDate_Constructors</className>
          <testName>testConstructor_nullDateTimeZone</testName>
          <skipped>false</skipped>
          <failedSince>0</failedSince>
        </case>
        <case>
          <duration>0.0</duration>
          <className>org.joda.time.TestLocalDate_Constructors</className>
          <testName>testConstructor_Chronology</testName>
          <skipped>false</skipped>
          <failedSince>0</failedSince>
        </case>
        <case>
          <duration>0.0</duration>
          <className>org.joda.time.TestLocalDate_Constructors</className>
          <testName>testConstructor_nullChronology</testName>
          <skipped>false</skipped>
          <failedSince>0</failedSince>
        </case>
        <case>
          <duration>0.0</duration>
          <className>org.joda.time.TestLocalDate_Constructors</className>
          <testName>testConstructor_long1_DateTimeZone</testName>
          <skipped>false</skipped>
          <failedSince>0</failedSince>
        </case>
        <case>
          <duration>0.0</duration>
          <className>org.joda.time.TestLocalDate_Constructors</className>
          <testName>testConstructor_long2_DateTimeZone</testName>
          <skipped>false</skipped>
          <failedSince>0</failedSince>
        </case>
        <case>
          <duration>0.0</duration>
          <className>org.joda.time.TestLocalDate_Constructors</className>
          <testName>testConstructor_long_nullDateTimeZone</testName>
          <skipped>false</skipped>
          <failedSince>0</failedSince>
        </case>
        <case>
          <duration>0.0</duration>
          <className>org.joda.time.TestLocalDate_Constructors</className>
          <testName>testConstructor_long1_Chronology</testName>
          <skipped>false</skipped>
          <failedSince>0</failedSince>
        </case>
        <case>
          <duration>0.0</duration>
          <className>org.joda.time.TestLocalDate_Constructors</className>
          <testName>testConstructor_long2_Chronology</testName>
          <skipped>false</skipped>
          <failedSince>0</failedSince>
        </case>
        <case>
          <duration>0.0</duration>
          <className>org.joda.time.TestLocalDate_Constructors</className>
          <testName>testConstructor_long_nullChronology</testName>
          <skipped>false</skipped>
          <failedSince>0</failedSince>
        </case>
        <case>
          <duration>0.0</duration>
          <className>org.joda.time.TestLocalDate_Constructors</className>
          <testName>testConstructor_ObjectString1</testName>
          <skipped>false</skipped>
          <failedSince>0</failedSince>
        </case>
        <case>
          <duration>0.0</duration>
          <className>org.joda.time.TestLocalDate_Constructors</className>
          <testName>testConstructor_ObjectString2</testName>
          <skipped>false</skipped>
          <failedSince>0</failedSince>
        </case>
        <case>
          <duration>0.0</duration>
          <className>org.joda.time.TestLocalDate_Constructors</className>
          <testName>testConstructor_ObjectString3</testName>
          <skipped>false</skipped>
          <failedSince>0</failedSince>
        </case>
        <case>
          <duration>0.0</duration>
          <className>org.joda.time.TestLocalDate_Constructors</className>
          <testName>testConstructor_ObjectStringEx1</testName>
          <skipped>false</skipped>
          <failedSince>0</failedSince>
        </case>
        <case>
          <duration>0.0</duration>
          <className>org.joda.time.TestLocalDate_Constructors</className>
          <testName>testConstructor_ObjectStringEx2</testName>
          <skipped>false</skipped>
          <failedSince>0</failedSince>
        </case>
        <case>
          <duration>0.0</duration>
          <className>org.joda.time.TestLocalDate_Constructors</className>
          <testName>testConstructor_Object_DateTimeZone</testName>
          <skipped>false</skipped>
          <failedSince>0</failedSince>
        </case>
        <case>
          <duration>0.0</duration>
          <className>org.joda.time.TestLocalDate_Constructors</className>
          <testName>testConstructor_nullObject_DateTimeZone</testName>
          <skipped>false</skipped>
          <failedSince>0</failedSince>
        </case>
        <case>
          <duration>0.0</duration>
          <className>org.joda.time.TestLocalDate_Constructors</className>
          <testName>testConstructor_Object_nullDateTimeZone</testName>
          <skipped>false</skipped>
          <failedSince>0</failedSince>
        </case>
        <case>
          <duration>0.0</duration>
          <className>org.joda.time.TestLocalDate_Constructors</className>
          <testName>testConstructor_nullObject_nullDateTimeZone</testName>
          <skipped>false</skipped>
          <failedSince>0</failedSince>
        </case>
        <case>
          <duration>0.0</duration>
          <className>org.joda.time.TestLocalDate_Constructors</className>
          <testName>testConstructor_Object_Chronology</testName>
          <skipped>false</skipped>
          <failedSince>0</failedSince>
        </case>
        <case>
          <duration>0.0</duration>
          <className>org.joda.time.TestLocalDate_Constructors</className>
          <testName>testConstructor_nullObject_Chronology</testName>
          <skipped>false</skipped>
          <failedSince>0</failedSince>
        </case>
        <case>
          <duration>0.0</duration>
          <className>org.joda.time.TestLocalDate_Constructors</className>
          <testName>testConstructor_Object_nullChronology</testName>
          <skipped>false</skipped>
          <failedSince>0</failedSince>
        </case>
        <case>
          <duration>0.0</duration>
          <className>org.joda.time.TestLocalDate_Constructors</className>
          <testName>testConstructor_nullObject_nullChronology</testName>
          <skipped>false</skipped>
          <failedSince>0</failedSince>
        </case>
        <case>
          <duration>0.0</duration>
          <className>org.joda.time.TestLocalDate_Constructors</className>
          <testName>testParse_noFormatter</testName>
          <skipped>false</skipped>
          <failedSince>0</failedSince>
        </case>
        <case>
          <duration>0.0</duration>
          <className>org.joda.time.TestLocalDate_Constructors</className>
          <testName>testParse_formatter</testName>
          <skipped>false</skipped>
          <failedSince>0</failedSince>
        </case>
        <case>
          <duration>0.0</duration>
          <className>org.joda.time.TestLocalDate_Constructors</className>
          <testName>testConstructor_long1</testName>
          <skipped>false</skipped>
          <failedSince>0</failedSince>
        </case>
        <case>
          <duration>0.0</duration>
          <className>org.joda.time.TestLocalDate_Constructors</className>
          <testName>testConstructor_long2</testName>
          <skipped>false</skipped>
          <failedSince>0</failedSince>
        </case>
        <case>
          <duration>0.0</duration>
          <className>org.joda.time.TestLocalDate_Constructors</className>
          <testName>testConstructor_nullObject</testName>
          <skipped>false</skipped>
          <failedSince>0</failedSince>
        </case>
        <case>
          <duration>0.0</duration>
          <className>org.joda.time.TestLocalDate_Constructors</className>
          <testName>testConstructor_Object1</testName>
          <skipped>false</skipped>
          <failedSince>0</failedSince>
        </case>
        <case>
          <duration>0.0</duration>
          <className>org.joda.time.TestLocalDate_Constructors</className>
          <testName>testConstructor_long3_DateTimeZone</testName>
          <skipped>false</skipped>
          <failedSince>0</failedSince>
        </case>
        <case>
          <duration>0.0</duration>
          <className>org.joda.time.TestLocalDate_Constructors</className>
          <testName>testConstructor_long4_DateTimeZone</testName>
          <skipped>false</skipped>
          <failedSince>0</failedSince>
        </case>
        <case>
          <duration>0.0</duration>
          <className>org.joda.time.TestLocalDate_Constructors</className>
          <testName>testConstructor_ObjectStringEx7</testName>
          <skipped>false</skipped>
          <failedSince>0</failedSince>
        </case>
        <case>
          <duration>0.0</duration>
          <className>org.joda.time.TestLocalDate_Constructors</className>
          <testName>testConstructor_ObjectYearMonthDay</testName>
          <skipped>false</skipped>
          <failedSince>0</failedSince>
        </case>
        <case>
          <duration>0.0</duration>
          <className>org.joda.time.TestLocalDate_Constructors</className>
          <testName>testConstructor_int_int_int</testName>
          <skipped>false</skipped>
          <failedSince>0</failedSince>
        </case>
        <case>
          <duration>0.0</duration>
          <className>org.joda.time.TestLocalDate_Constructors</className>
          <testName>testConstructor_int_int_int_Chronology</testName>
          <skipped>false</skipped>
          <failedSince>0</failedSince>
        </case>
        <case>
          <duration>0.0</duration>
          <className>org.joda.time.TestLocalDate_Constructors</className>
          <testName>testConstructor_int_int_int_nullChronology</testName>
          <skipped>false</skipped>
          <failedSince>0</failedSince>
        </case>
        <case>
          <duration>0.002</duration>
          <className>org.joda.time.TestLocalDate_Constructors</className>
          <testName>testFactory_fromCalendarFields</testName>
          <skipped>false</skipped>
          <failedSince>0</failedSince>
        </case>
        <case>
          <duration>0.001</duration>
          <className>org.joda.time.TestLocalDate_Constructors</className>
          <testName>testFactory_fromCalendarFields_beforeYearZero1</testName>
          <skipped>false</skipped>
          <failedSince>0</failedSince>
        </case>
        <case>
          <duration>0.0</duration>
          <className>org.joda.time.TestLocalDate_Constructors</className>
          <testName>testFactory_fromCalendarFields_beforeYearZero3</testName>
          <skipped>false</skipped>
          <failedSince>0</failedSince>
        </case>
        <case>
          <duration>0.0</duration>
          <className>org.joda.time.TestLocalDate_Constructors</className>
          <testName>testFactory_fromCalendarFields_null</testName>
          <skipped>false</skipped>
          <failedSince>0</failedSince>
        </case>
        <case>
          <duration>0.002</duration>
          <className>org.joda.time.TestLocalDate_Constructors</className>
          <testName>testFactory_fromDateFields_after1970</testName>
          <skipped>false</skipped>
          <failedSince>0</failedSince>
        </case>
        <case>
          <duration>0.0</duration>
          <className>org.joda.time.TestLocalDate_Constructors</className>
          <testName>testFactory_fromDateFields_before1970</testName>
          <skipped>false</skipped>
          <failedSince>0</failedSince>
        </case>
        <case>
          <duration>0.0</duration>
          <className>org.joda.time.TestLocalDate_Constructors</className>
          <testName>testFactory_fromDateFields_beforeYearZero1</testName>
          <skipped>false</skipped>
          <failedSince>0</failedSince>
        </case>
        <case>
          <duration>0.0</duration>
          <className>org.joda.time.TestLocalDate_Constructors</className>
          <testName>testFactory_fromDateFields_beforeYearZero3</testName>
          <skipped>false</skipped>
          <failedSince>0</failedSince>
        </case>
        <case>
          <duration>0.0</duration>
          <className>org.joda.time.TestLocalDate_Constructors</className>
          <testName>testFactory_fromDateFields_null</testName>
          <skipped>false</skipped>
          <failedSince>0</failedSince>
        </case>
        <case>
          <duration>0.0</duration>
          <className>org.joda.time.TestLocalDate_Constructors</className>
          <testName>testConstructor_ObjectStringEx3</testName>
          <skipped>false</skipped>
          <failedSince>0</failedSince>
        </case>
        <case>
          <duration>0.0</duration>
          <className>org.joda.time.TestLocalDate_Constructors</className>
          <testName>testConstructor_ObjectStringEx4</testName>
          <skipped>false</skipped>
          <failedSince>0</failedSince>
        </case>
        <case>
          <duration>0.0</duration>
          <className>org.joda.time.TestLocalDate_Constructors</className>
          <testName>testConstructor_ObjectStringEx5</testName>
          <skipped>false</skipped>
          <failedSince>0</failedSince>
        </case>
        <case>
          <duration>0.0</duration>
          <className>org.joda.time.TestLocalDate_Constructors</className>
          <testName>testConstructor_ObjectStringEx6</testName>
          <skipped>false</skipped>
          <failedSince>0</failedSince>
        </case>
        <case>
          <duration>0.0</duration>
          <className>org.joda.time.TestLocalDate_Constructors</className>
          <testName>testConstructor_ObjectLocalDateTime</testName>
          <skipped>false</skipped>
          <failedSince>0</failedSince>
        </case>
        <case>
          <duration>0.0</duration>
          <className>org.joda.time.TestLocalDate_Constructors</className>
          <testName>testConstructor_ObjectLocalDate</testName>
          <skipped>false</skipped>
          <failedSince>0</failedSince>
        </case>
        <case>
          <duration>0.0</duration>
          <className>org.joda.time.TestLocalDate_Constructors</className>
          <testName>testConstructor_ObjectLocalTime</testName>
          <skipped>false</skipped>
          <failedSince>0</failedSince>
        </case>
        <case>
          <duration>0.0</duration>
          <className>org.joda.time.TestLocalDate_Constructors</className>
          <testName>testConstructor_Object_Chronology_crossChronology</testName>
          <skipped>false</skipped>
          <failedSince>0</failedSince>
        </case>
        <case>
          <duration>0.0</duration>
          <className>org.joda.time.TestLocalDate_Basics</className>
          <testName>testToString</testName>
          <skipped>false</skipped>
          <failedSince>0</failedSince>
        </case>
        <case>
          <duration>0.001</duration>
          <className>org.joda.time.TestLocalDate_Basics</className>
          <testName>testGet_DateTimeFieldType</testName>
          <skipped>false</skipped>
          <failedSince>0</failedSince>
        </case>
        <case>
          <duration>0.0</duration>
          <className>org.joda.time.TestLocalDate_Basics</className>
          <testName>testEqualsHashCode</testName>
          <skipped>false</skipped>
          <failedSince>0</failedSince>
        </case>
        <case>
          <duration>0.002</duration>
          <className>org.joda.time.TestLocalDate_Basics</className>
          <testName>testCompareTo</testName>
          <skipped>false</skipped>
          <failedSince>0</failedSince>
        </case>
        <case>
          <duration>0.002</duration>
          <className>org.joda.time.TestLocalDate_Basics</className>
          <testName>testSerialization</testName>
          <skipped>false</skipped>
          <failedSince>0</failedSince>
        </case>
        <case>
          <duration>0.0</duration>
          <className>org.joda.time.TestLocalDate_Basics</className>
          <testName>testIsSupported_DateTimeFieldType</testName>
          <skipped>false</skipped>
          <failedSince>0</failedSince>
        </case>
        <case>
          <duration>0.0</duration>
          <className>org.joda.time.TestLocalDate_Basics</className>
          <testName>testGetters</testName>
          <skipped>false</skipped>
          <failedSince>0</failedSince>
        </case>
        <case>
          <duration>0.0</duration>
          <className>org.joda.time.TestLocalDate_Basics</className>
          <testName>testWithers</testName>
          <skipped>false</skipped>
          <failedSince>0</failedSince>
        </case>
        <case>
          <duration>0.0</duration>
          <className>org.joda.time.TestLocalDate_Basics</className>
          <testName>testToString_String</testName>
          <skipped>false</skipped>
          <failedSince>0</failedSince>
        </case>
        <case>
          <duration>0.0</duration>
          <className>org.joda.time.TestLocalDate_Basics</className>
          <testName>testToString_String_Locale</testName>
          <skipped>false</skipped>
          <failedSince>0</failedSince>
        </case>
        <case>
          <duration>0.0</duration>
          <className>org.joda.time.TestLocalDate_Basics</className>
          <testName>testToString_DTFormatter</testName>
          <skipped>false</skipped>
          <failedSince>0</failedSince>
        </case>
        <case>
          <duration>0.0</duration>
          <className>org.joda.time.TestLocalDate_Basics</className>
          <testName>testToDateMidnight</testName>
          <skipped>false</skipped>
          <failedSince>0</failedSince>
        </case>
        <case>
          <duration>0.001</duration>
          <className>org.joda.time.TestLocalDate_Basics</className>
          <testName>testPlus_RP</testName>
          <skipped>false</skipped>
          <failedSince>0</failedSince>
        </case>
        <case>
          <duration>0.0</duration>
          <className>org.joda.time.TestLocalDate_Basics</className>
          <testName>testPlusYears_int</testName>
          <skipped>false</skipped>
          <failedSince>0</failedSince>
        </case>
        <case>
          <duration>0.0</duration>
          <className>org.joda.time.TestLocalDate_Basics</className>
          <testName>testPlusMonths_int</testName>
          <skipped>false</skipped>
          <failedSince>0</failedSince>
        </case>
        <case>
          <duration>0.0</duration>
          <className>org.joda.time.TestLocalDate_Basics</className>
          <testName>testPlusWeeks_int</testName>
          <skipped>false</skipped>
          <failedSince>0</failedSince>
        </case>
        <case>
          <duration>0.0</duration>
          <className>org.joda.time.TestLocalDate_Basics</className>
          <testName>testPlusDays_int</testName>
          <skipped>false</skipped>
          <failedSince>0</failedSince>
        </case>
        <case>
          <duration>0.0</duration>
          <className>org.joda.time.TestLocalDate_Basics</className>
          <testName>testMinus_RP</testName>
          <skipped>false</skipped>
          <failedSince>0</failedSince>
        </case>
        <case>
          <duration>0.0</duration>
          <className>org.joda.time.TestLocalDate_Basics</className>
          <testName>testMinusYears_int</testName>
          <skipped>false</skipped>
          <failedSince>0</failedSince>
        </case>
        <case>
          <duration>0.0</duration>
          <className>org.joda.time.TestLocalDate_Basics</className>
          <testName>testMinusMonths_int</testName>
          <skipped>false</skipped>
          <failedSince>0</failedSince>
        </case>
        <case>
          <duration>0.0</duration>
          <className>org.joda.time.TestLocalDate_Basics</className>
          <testName>testMinusWeeks_int</testName>
          <skipped>false</skipped>
          <failedSince>0</failedSince>
        </case>
        <case>
          <duration>0.0</duration>
          <className>org.joda.time.TestLocalDate_Basics</className>
          <testName>testMinusDays_int</testName>
          <skipped>false</skipped>
          <failedSince>0</failedSince>
        </case>
        <case>
          <duration>0.0</duration>
          <className>org.joda.time.TestLocalDate_Basics</className>
          <testName>testProperty</testName>
          <skipped>false</skipped>
          <failedSince>0</failedSince>
        </case>
        <case>
          <duration>0.0</duration>
          <className>org.joda.time.TestLocalDate_Basics</className>
          <testName>testGetFieldType_int</testName>
          <skipped>false</skipped>
          <failedSince>0</failedSince>
        </case>
        <case>
          <duration>0.0</duration>
          <className>org.joda.time.TestLocalDate_Basics</className>
          <testName>testGetFieldTypes</testName>
          <skipped>false</skipped>
          <failedSince>0</failedSince>
        </case>
        <case>
          <duration>0.0</duration>
          <className>org.joda.time.TestLocalDate_Basics</className>
          <testName>testGetField_int</testName>
          <skipped>false</skipped>
          <failedSince>0</failedSince>
        </case>
        <case>
          <duration>0.001</duration>
          <className>org.joda.time.TestLocalDate_Basics</className>
          <testName>testGetFields</testName>
          <skipped>false</skipped>
          <failedSince>0</failedSince>
        </case>
        <case>
          <duration>0.0</duration>
          <className>org.joda.time.TestLocalDate_Basics</className>
          <testName>testGetValue_int</testName>
          <skipped>false</skipped>
          <failedSince>0</failedSince>
        </case>
        <case>
          <duration>0.0</duration>
          <className>org.joda.time.TestLocalDate_Basics</className>
          <testName>testGetValues</testName>
          <skipped>false</skipped>
          <failedSince>0</failedSince>
        </case>
        <case>
          <duration>0.001</duration>
          <className>org.joda.time.TestLocalDate_Basics</className>
          <testName>testIsSupported_DurationFieldType</testName>
          <skipped>false</skipped>
          <failedSince>0</failedSince>
        </case>
        <case>
          <duration>0.0</duration>
          <className>org.joda.time.TestLocalDate_Basics</className>
          <testName>testWithField_DateTimeFieldType_int_1</testName>
          <skipped>false</skipped>
          <failedSince>0</failedSince>
        </case>
        <case>
          <duration>0.0</duration>
          <className>org.joda.time.TestLocalDate_Basics</className>
          <testName>testWithField_DateTimeFieldType_int_2</testName>
          <skipped>false</skipped>
          <failedSince>0</failedSince>
        </case>
        <case>
          <duration>0.0</duration>
          <className>org.joda.time.TestLocalDate_Basics</className>
          <testName>testWithField_DateTimeFieldType_int_3</testName>
          <skipped>false</skipped>
          <failedSince>0</failedSince>
        </case>
        <case>
          <duration>0.0</duration>
          <className>org.joda.time.TestLocalDate_Basics</className>
          <testName>testWithFieldAdded_DurationFieldType_int_1</testName>
          <skipped>false</skipped>
          <failedSince>0</failedSince>
        </case>
        <case>
          <duration>0.0</duration>
          <className>org.joda.time.TestLocalDate_Basics</className>
          <testName>testWithFieldAdded_DurationFieldType_int_2</testName>
          <skipped>false</skipped>
          <failedSince>0</failedSince>
        </case>
        <case>
          <duration>0.0</duration>
          <className>org.joda.time.TestLocalDate_Basics</className>
          <testName>testWithFieldAdded_DurationFieldType_int_3</testName>
          <skipped>false</skipped>
          <failedSince>0</failedSince>
        </case>
        <case>
          <duration>0.0</duration>
          <className>org.joda.time.TestLocalDate_Basics</className>
          <testName>testWithFieldAdded_DurationFieldType_int_4</testName>
          <skipped>false</skipped>
          <failedSince>0</failedSince>
        </case>
        <case>
          <duration>0.0</duration>
          <className>org.joda.time.TestLocalDate_Basics</className>
          <testName>testToDateTime_RI</testName>
          <skipped>false</skipped>
          <failedSince>0</failedSince>
        </case>
        <case>
          <duration>0.0</duration>
          <className>org.joda.time.TestLocalDate_Basics</className>
          <testName>testToDateTime_nullRI</testName>
          <skipped>false</skipped>
          <failedSince>0</failedSince>
        </case>
        <case>
          <duration>0.0</duration>
          <className>org.joda.time.TestLocalDate_Basics</className>
          <testName>testToDate_summer</testName>
          <skipped>false</skipped>
          <failedSince>0</failedSince>
        </case>
        <case>
          <duration>0.0</duration>
          <className>org.joda.time.TestLocalDate_Basics</className>
          <testName>testToDate_winter</testName>
          <skipped>false</skipped>
          <failedSince>0</failedSince>
        </case>
        <case>
          <duration>0.0</duration>
          <className>org.joda.time.TestLocalDate_Basics</className>
          <testName>testToDate_springDST</testName>
          <skipped>false</skipped>
          <failedSince>0</failedSince>
        </case>
        <case>
          <duration>0.004</duration>
          <className>org.joda.time.TestLocalDate_Basics</className>
          <testName>testToDate_springDST_2Hour40Savings</testName>
          <skipped>false</skipped>
          <failedSince>0</failedSince>
        </case>
        <case>
          <duration>0.005</duration>
          <className>org.joda.time.TestLocalDate_Basics</className>
          <testName>testToDate_autumnDST</testName>
          <skipped>false</skipped>
          <failedSince>0</failedSince>
        </case>
        <case>
          <duration>0.0</duration>
          <className>org.joda.time.TestLocalDate_Basics</className>
          <testName>testSize</testName>
          <skipped>false</skipped>
          <failedSince>0</failedSince>
        </case>
        <case>
          <duration>0.0</duration>
          <className>org.joda.time.TestLocalDate_Basics</className>
          <testName>testEqualsHashCodeAPI</testName>
          <skipped>false</skipped>
          <failedSince>0</failedSince>
        </case>
        <case>
          <duration>0.0</duration>
          <className>org.joda.time.TestLocalDate_Basics</className>
          <testName>testIsEqual_LocalDate</testName>
          <skipped>false</skipped>
          <failedSince>0</failedSince>
        </case>
        <case>
          <duration>0.0</duration>
          <className>org.joda.time.TestLocalDate_Basics</className>
          <testName>testIsBefore_LocalDate</testName>
          <skipped>false</skipped>
          <failedSince>0</failedSince>
        </case>
        <case>
          <duration>0.0</duration>
          <className>org.joda.time.TestLocalDate_Basics</className>
          <testName>testIsAfter_LocalDate</testName>
          <skipped>false</skipped>
          <failedSince>0</failedSince>
        </case>
        <case>
          <duration>0.0</duration>
          <className>org.joda.time.TestLocalDate_Basics</className>
          <testName>testWithField_DateTimeFieldType_int_4</testName>
          <skipped>false</skipped>
          <failedSince>0</failedSince>
        </case>
        <case>
          <duration>0.0</duration>
          <className>org.joda.time.TestLocalDate_Basics</className>
          <testName>testWithFieldAdded_DurationFieldType_int_5</testName>
          <skipped>false</skipped>
          <failedSince>0</failedSince>
        </case>
        <case>
          <duration>0.0</duration>
          <className>org.joda.time.TestLocalDate_Basics</className>
          <testName>testToDateTimeAtStartOfDay</testName>
          <skipped>false</skipped>
          <failedSince>0</failedSince>
        </case>
        <case>
          <duration>0.0</duration>
          <className>org.joda.time.TestLocalDate_Basics</className>
          <testName>testToDateTimeAtStartOfDay_avoidDST</testName>
          <skipped>false</skipped>
          <failedSince>0</failedSince>
        </case>
        <case>
          <duration>0.0</duration>
          <className>org.joda.time.TestLocalDate_Basics</className>
          <testName>testToDateTimeAtStartOfDay_Zone</testName>
          <skipped>false</skipped>
          <failedSince>0</failedSince>
        </case>
        <case>
          <duration>0.0</duration>
          <className>org.joda.time.TestLocalDate_Basics</className>
          <testName>testToDateTimeAtStartOfDay_Zone_avoidDST</testName>
          <skipped>false</skipped>
          <failedSince>0</failedSince>
        </case>
        <case>
          <duration>0.0</duration>
          <className>org.joda.time.TestLocalDate_Basics</className>
          <testName>testToDateTimeAtStartOfDay_nullZone</testName>
          <skipped>false</skipped>
          <failedSince>0</failedSince>
        </case>
        <case>
          <duration>0.0</duration>
          <className>org.joda.time.TestLocalDate_Basics</className>
          <testName>testToDateTimeAtMidnight</testName>
          <skipped>false</skipped>
          <failedSince>0</failedSince>
        </case>
        <case>
          <duration>0.0</duration>
          <className>org.joda.time.TestLocalDate_Basics</className>
          <testName>testToDateTimeAtMidnight_Zone</testName>
          <skipped>false</skipped>
          <failedSince>0</failedSince>
        </case>
        <case>
          <duration>0.0</duration>
          <className>org.joda.time.TestLocalDate_Basics</className>
          <testName>testToDateTimeAtMidnight_nullZone</testName>
          <skipped>false</skipped>
          <failedSince>0</failedSince>
        </case>
        <case>
          <duration>0.0</duration>
          <className>org.joda.time.TestLocalDate_Basics</className>
          <testName>testToDateTimeAtCurrentTime</testName>
          <skipped>false</skipped>
          <failedSince>0</failedSince>
        </case>
        <case>
          <duration>0.0</duration>
          <className>org.joda.time.TestLocalDate_Basics</className>
          <testName>testToDateTimeAtCurrentTime_Zone</testName>
          <skipped>false</skipped>
          <failedSince>0</failedSince>
        </case>
        <case>
          <duration>0.0</duration>
          <className>org.joda.time.TestLocalDate_Basics</className>
          <testName>testToDateTimeAtCurrentTime_nullZone</testName>
          <skipped>false</skipped>
          <failedSince>0</failedSince>
        </case>
        <case>
          <duration>0.0</duration>
          <className>org.joda.time.TestLocalDate_Basics</className>
          <testName>testToLocalDateTime_LocalTime</testName>
          <skipped>false</skipped>
          <failedSince>0</failedSince>
        </case>
        <case>
          <duration>0.001</duration>
          <className>org.joda.time.TestLocalDate_Basics</className>
          <testName>testToLocalDateTime_nullLocalTime</testName>
          <skipped>false</skipped>
          <failedSince>0</failedSince>
        </case>
        <case>
          <duration>0.0</duration>
          <className>org.joda.time.TestLocalDate_Basics</className>
          <testName>testToLocalDateTime_wrongChronologyLocalTime</testName>
          <skipped>false</skipped>
          <failedSince>0</failedSince>
        </case>
        <case>
          <duration>0.0</duration>
          <className>org.joda.time.TestLocalDate_Basics</className>
          <testName>testToDateTime_LocalTime</testName>
          <skipped>false</skipped>
          <failedSince>0</failedSince>
        </case>
        <case>
          <duration>0.0</duration>
          <className>org.joda.time.TestLocalDate_Basics</className>
          <testName>testToDateTime_nullLocalTime</testName>
          <skipped>false</skipped>
          <failedSince>0</failedSince>
        </case>
        <case>
          <duration>0.0</duration>
          <className>org.joda.time.TestLocalDate_Basics</className>
          <testName>testToDateTime_LocalTime_Zone</testName>
          <skipped>false</skipped>
          <failedSince>0</failedSince>
        </case>
        <case>
          <duration>0.0</duration>
          <className>org.joda.time.TestLocalDate_Basics</className>
          <testName>testToDateTime_LocalTime_nullZone</testName>
          <skipped>false</skipped>
          <failedSince>0</failedSince>
        </case>
        <case>
          <duration>0.0</duration>
          <className>org.joda.time.TestLocalDate_Basics</className>
          <testName>testToDateTime_nullLocalTime_Zone</testName>
          <skipped>false</skipped>
          <failedSince>0</failedSince>
        </case>
        <case>
          <duration>0.0</duration>
          <className>org.joda.time.TestLocalDate_Basics</className>
          <testName>testToDateTime_LocalTime_Zone_dstGap</testName>
          <skipped>false</skipped>
          <failedSince>0</failedSince>
        </case>
        <case>
          <duration>0.0</duration>
          <className>org.joda.time.TestLocalDate_Basics</className>
          <testName>testToDateTime_LocalTime_Zone_dstOverlap</testName>
          <skipped>false</skipped>
          <failedSince>0</failedSince>
        </case>
        <case>
          <duration>0.0</duration>
          <className>org.joda.time.TestLocalDate_Basics</className>
          <testName>testToDateTime_LocalTime_Zone_dstOverlap_NewYork</testName>
          <skipped>false</skipped>
          <failedSince>0</failedSince>
        </case>
        <case>
          <duration>0.0</duration>
          <className>org.joda.time.TestLocalDate_Basics</className>
          <testName>testToDateTime_wrongChronoLocalTime_Zone</testName>
          <skipped>false</skipped>
          <failedSince>0</failedSince>
        </case>
        <case>
          <duration>0.0</duration>
          <className>org.joda.time.TestLocalDate_Basics</className>
          <testName>testToDateMidnight_Zone</testName>
          <skipped>false</skipped>
          <failedSince>0</failedSince>
        </case>
        <case>
          <duration>0.0</duration>
          <className>org.joda.time.TestLocalDate_Basics</className>
          <testName>testToDateMidnight_nullZone</testName>
          <skipped>false</skipped>
          <failedSince>0</failedSince>
        </case>
        <case>
          <duration>0.0</duration>
          <className>org.joda.time.TestLocalDate_Basics</className>
          <testName>testToInterval_Zone</testName>
          <skipped>false</skipped>
          <failedSince>0</failedSince>
        </case>
        <case>
          <duration>0.0</duration>
          <className>org.joda.time.TestLocalDate_Basics</className>
          <testName>testToInterval_Zone_noMidnight</testName>
          <skipped>false</skipped>
          <failedSince>0</failedSince>
        </case>
        <case>
          <duration>0.0</duration>
          <className>org.joda.time.TestLocalDate_Basics</className>
          <testName>testToInterval_nullZone</testName>
          <skipped>false</skipped>
          <failedSince>0</failedSince>
        </case>
        <case>
          <duration>0.0</duration>
          <className>org.joda.time.TestLocalDate_Basics</className>
          <testName>testToInterval</testName>
          <skipped>false</skipped>
          <failedSince>0</failedSince>
        </case>
        <case>
          <duration>0.0</duration>
          <className>org.joda.time.TestLocalDate_Basics</className>
          <testName>testEqualsHashCodeLenient</testName>
          <skipped>false</skipped>
          <failedSince>0</failedSince>
        </case>
        <case>
          <duration>0.0</duration>
          <className>org.joda.time.TestLocalDate_Basics</className>
          <testName>testEqualsHashCodeStrict</testName>
          <skipped>false</skipped>
          <failedSince>0</failedSince>
        </case>
        <case>
          <duration>0.0</duration>
          <className>org.joda.time.TestLocalDate_Properties</className>
          <testName>testPropertyAddToCopyYear</testName>
          <skipped>false</skipped>
          <failedSince>0</failedSince>
        </case>
        <case>
          <duration>0.0</duration>
          <className>org.joda.time.TestLocalDate_Properties</className>
          <testName>testPropertySetCopyYear</testName>
          <skipped>false</skipped>
          <failedSince>0</failedSince>
        </case>
        <case>
          <duration>0.0</duration>
          <className>org.joda.time.TestLocalDate_Properties</className>
          <testName>testPropertyAddWrapFieldToCopyYear</testName>
          <skipped>false</skipped>
          <failedSince>0</failedSince>
        </case>
        <case>
          <duration>0.0</duration>
          <className>org.joda.time.TestLocalDate_Properties</className>
          <testName>testPropertySetCopyTextYear</testName>
          <skipped>false</skipped>
          <failedSince>0</failedSince>
        </case>
        <case>
          <duration>0.0</duration>
          <className>org.joda.time.TestLocalDate_Properties</className>
          <testName>testPropertyGetMaxMinValuesMonth</testName>
          <skipped>false</skipped>
          <failedSince>0</failedSince>
        </case>
        <case>
          <duration>0.0</duration>
          <className>org.joda.time.TestLocalDate_Properties</className>
          <testName>testPropertyAddToCopyMonth</testName>
          <skipped>false</skipped>
          <failedSince>0</failedSince>
        </case>
        <case>
          <duration>0.0</duration>
          <className>org.joda.time.TestLocalDate_Properties</className>
          <testName>testPropertyAddWrapFieldToCopyMonth</testName>
          <skipped>false</skipped>
          <failedSince>0</failedSince>
        </case>
        <case>
          <duration>0.0</duration>
          <className>org.joda.time.TestLocalDate_Properties</className>
          <testName>testPropertySetCopyMonth</testName>
          <skipped>false</skipped>
          <failedSince>0</failedSince>
        </case>
        <case>
          <duration>0.0</duration>
          <className>org.joda.time.TestLocalDate_Properties</className>
          <testName>testPropertySetCopyTextMonth</testName>
          <skipped>false</skipped>
          <failedSince>0</failedSince>
        </case>
        <case>
          <duration>0.0</duration>
          <className>org.joda.time.TestLocalDate_Properties</className>
          <testName>testPropertyCompareToMonth</testName>
          <skipped>false</skipped>
          <failedSince>0</failedSince>
        </case>
        <case>
          <duration>0.0</duration>
          <className>org.joda.time.TestLocalDate_Properties</className>
          <testName>testPropertyGetDay</testName>
          <skipped>false</skipped>
          <failedSince>0</failedSince>
        </case>
        <case>
          <duration>0.0</duration>
          <className>org.joda.time.TestLocalDate_Properties</className>
          <testName>testPropertyGetMaxMinValuesDay</testName>
          <skipped>false</skipped>
          <failedSince>0</failedSince>
        </case>
        <case>
          <duration>0.0</duration>
          <className>org.joda.time.TestLocalDate_Properties</className>
          <testName>testPropertyAddToCopyDay</testName>
          <skipped>false</skipped>
          <failedSince>0</failedSince>
        </case>
        <case>
          <duration>0.0</duration>
          <className>org.joda.time.TestLocalDate_Properties</className>
          <testName>testPropertyAddWrapFieldToCopyDay</testName>
          <skipped>false</skipped>
          <failedSince>0</failedSince>
        </case>
        <case>
          <duration>0.0</duration>
          <className>org.joda.time.TestLocalDate_Properties</className>
          <testName>testPropertySetCopyDay</testName>
          <skipped>false</skipped>
          <failedSince>0</failedSince>
        </case>
        <case>
          <duration>0.0</duration>
          <className>org.joda.time.TestLocalDate_Properties</className>
          <testName>testPropertySetCopyTextDay</testName>
          <skipped>false</skipped>
          <failedSince>0</failedSince>
        </case>
        <case>
          <duration>0.0</duration>
          <className>org.joda.time.TestLocalDate_Properties</className>
          <testName>testPropertyCompareToDay</testName>
          <skipped>false</skipped>
          <failedSince>0</failedSince>
        </case>
        <case>
          <duration>0.0</duration>
          <className>org.joda.time.TestLocalDate_Properties</className>
          <testName>testPropertyEquals</testName>
          <skipped>false</skipped>
          <failedSince>0</failedSince>
        </case>
        <case>
          <duration>0.0</duration>
          <className>org.joda.time.TestLocalDate_Properties</className>
          <testName>testPropertyHashCode</testName>
          <skipped>false</skipped>
          <failedSince>0</failedSince>
        </case>
        <case>
          <duration>0.0</duration>
          <className>org.joda.time.TestLocalDate_Properties</className>
          <testName>testPropertyGetMaxMinValuesYear</testName>
          <skipped>false</skipped>
          <failedSince>0</failedSince>
        </case>
        <case>
          <duration>0.0</duration>
          <className>org.joda.time.TestLocalDate_Properties</className>
          <testName>testPropertyGetMonth</testName>
          <skipped>false</skipped>
          <failedSince>0</failedSince>
        </case>
        <case>
          <duration>0.0</duration>
          <className>org.joda.time.TestLocalDate_Properties</className>
          <testName>testPropertyGetYear</testName>
          <skipped>false</skipped>
          <failedSince>0</failedSince>
        </case>
        <case>
          <duration>0.0</duration>
          <className>org.joda.time.TestLocalDate_Properties</className>
          <testName>testPropertyCompareToYear</testName>
          <skipped>false</skipped>
          <failedSince>0</failedSince>
        </case>
        <case>
          <duration>0.0</duration>
          <className>org.joda.time.TestLocalDate_Properties</className>
          <testName>testPropertyWithMaximumValueDayOfMonth</testName>
          <skipped>false</skipped>
          <failedSince>0</failedSince>
        </case>
        <case>
          <duration>0.0</duration>
          <className>org.joda.time.TestLocalDate_Properties</className>
          <testName>testPropertyWithMinimumValueDayOfMonth</testName>
          <skipped>false</skipped>
          <failedSince>0</failedSince>
        </case>
        <case>
          <duration>0.0</duration>
          <className>org.joda.time.TestLocalDate_Properties</className>
          <testName>testPropertyEqualsHashCodeLenient</testName>
          <skipped>false</skipped>
          <failedSince>0</failedSince>
        </case>
        <case>
          <duration>0.0</duration>
          <className>org.joda.time.TestLocalDate_Properties</className>
          <testName>testPropertyEqualsHashCodeStrict</testName>
          <skipped>false</skipped>
          <failedSince>0</failedSince>
        </case>
        <case>
          <duration>0.0</duration>
          <className>org.joda.time.TestLocalTime_Constructors</className>
          <testName>testConstructor</testName>
          <skipped>false</skipped>
          <failedSince>0</failedSince>
        </case>
        <case>
          <duration>0.001</duration>
          <className>org.joda.time.TestLocalTime_Constructors</className>
          <testName>testConstructor_DateTimeZone</testName>
          <skipped>false</skipped>
          <failedSince>0</failedSince>
        </case>
        <case>
          <duration>0.0</duration>
          <className>org.joda.time.TestLocalTime_Constructors</className>
          <testName>testConstructor_nullDateTimeZone</testName>
          <skipped>false</skipped>
          <failedSince>0</failedSince>
        </case>
        <case>
          <duration>0.0</duration>
          <className>org.joda.time.TestLocalTime_Constructors</className>
          <testName>testConstructor_Chronology</testName>
          <skipped>false</skipped>
          <failedSince>0</failedSince>
        </case>
        <case>
          <duration>0.0</duration>
          <className>org.joda.time.TestLocalTime_Constructors</className>
          <testName>testConstructor_nullChronology</testName>
          <skipped>false</skipped>
          <failedSince>0</failedSince>
        </case>
        <case>
          <duration>0.0</duration>
          <className>org.joda.time.TestLocalTime_Constructors</className>
          <testName>testConstructor_long_nullDateTimeZone</testName>
          <skipped>false</skipped>
          <failedSince>0</failedSince>
        </case>
        <case>
          <duration>0.001</duration>
          <className>org.joda.time.TestLocalTime_Constructors</className>
          <testName>testConstructor_long1_Chronology</testName>
          <skipped>false</skipped>
          <failedSince>0</failedSince>
        </case>
        <case>
          <duration>0.0</duration>
          <className>org.joda.time.TestLocalTime_Constructors</className>
          <testName>testConstructor_long2_Chronology</testName>
          <skipped>false</skipped>
          <failedSince>0</failedSince>
        </case>
        <case>
          <duration>0.0</duration>
          <className>org.joda.time.TestLocalTime_Constructors</className>
          <testName>testConstructor_long_nullChronology</testName>
          <skipped>false</skipped>
          <failedSince>0</failedSince>
        </case>
        <case>
          <duration>0.0</duration>
          <className>org.joda.time.TestLocalTime_Constructors</className>
          <testName>testConstructor_ObjectString1</testName>
          <skipped>false</skipped>
          <failedSince>0</failedSince>
        </case>
        <case>
          <duration>0.0</duration>
          <className>org.joda.time.TestLocalTime_Constructors</className>
          <testName>testConstructor_ObjectString2</testName>
          <skipped>false</skipped>
          <failedSince>0</failedSince>
        </case>
        <case>
          <duration>0.0</duration>
          <className>org.joda.time.TestLocalTime_Constructors</className>
          <testName>testConstructor_ObjectString3</testName>
          <skipped>false</skipped>
          <failedSince>0</failedSince>
        </case>
        <case>
          <duration>0.0</duration>
          <className>org.joda.time.TestLocalTime_Constructors</className>
          <testName>testConstructor_ObjectString4</testName>
          <skipped>false</skipped>
          <failedSince>0</failedSince>
        </case>
        <case>
          <duration>0.0</duration>
          <className>org.joda.time.TestLocalTime_Constructors</className>
          <testName>testConstructor_ObjectStringEx1</testName>
          <skipped>false</skipped>
          <failedSince>0</failedSince>
        </case>
        <case>
          <duration>0.0</duration>
          <className>org.joda.time.TestLocalTime_Constructors</className>
          <testName>testConstructor_ObjectStringEx2</testName>
          <skipped>false</skipped>
          <failedSince>0</failedSince>
        </case>
        <case>
          <duration>0.0</duration>
          <className>org.joda.time.TestLocalTime_Constructors</className>
          <testName>testConstructor_nullObject_DateTimeZone</testName>
          <skipped>false</skipped>
          <failedSince>0</failedSince>
        </case>
        <case>
          <duration>0.0</duration>
          <className>org.joda.time.TestLocalTime_Constructors</className>
          <testName>testConstructor_Object_nullDateTimeZone</testName>
          <skipped>false</skipped>
          <failedSince>0</failedSince>
        </case>
        <case>
          <duration>0.0</duration>
          <className>org.joda.time.TestLocalTime_Constructors</className>
          <testName>testConstructor_nullObject_nullDateTimeZone</testName>
          <skipped>false</skipped>
          <failedSince>0</failedSince>
        </case>
        <case>
          <duration>0.0</duration>
          <className>org.joda.time.TestLocalTime_Constructors</className>
          <testName>testConstructor_nullObject_Chronology</testName>
          <skipped>false</skipped>
          <failedSince>0</failedSince>
        </case>
        <case>
          <duration>0.0</duration>
          <className>org.joda.time.TestLocalTime_Constructors</className>
          <testName>testConstructor_Object_nullChronology</testName>
          <skipped>false</skipped>
          <failedSince>0</failedSince>
        </case>
        <case>
          <duration>0.0</duration>
          <className>org.joda.time.TestLocalTime_Constructors</className>
          <testName>testConstructor_nullObject_nullChronology</testName>
          <skipped>false</skipped>
          <failedSince>0</failedSince>
        </case>
        <case>
          <duration>0.0</duration>
          <className>org.joda.time.TestLocalTime_Constructors</className>
          <testName>testParse_noFormatter</testName>
          <skipped>false</skipped>
          <failedSince>0</failedSince>
        </case>
        <case>
          <duration>0.0</duration>
          <className>org.joda.time.TestLocalTime_Constructors</className>
          <testName>testParse_formatter</testName>
          <skipped>false</skipped>
          <failedSince>0</failedSince>
        </case>
        <case>
          <duration>0.0</duration>
          <className>org.joda.time.TestLocalTime_Constructors</className>
          <testName>testConstructor_long1</testName>
          <skipped>false</skipped>
          <failedSince>0</failedSince>
        </case>
        <case>
          <duration>0.0</duration>
          <className>org.joda.time.TestLocalTime_Constructors</className>
          <testName>testConstructor_long2</testName>
          <skipped>false</skipped>
          <failedSince>0</failedSince>
        </case>
        <case>
          <duration>0.0</duration>
          <className>org.joda.time.TestLocalTime_Constructors</className>
          <testName>testConstructor_nullObject</testName>
          <skipped>false</skipped>
          <failedSince>0</failedSince>
        </case>
        <case>
          <duration>0.0</duration>
          <className>org.joda.time.TestLocalTime_Constructors</className>
          <testName>testConstructor_Object1</testName>
          <skipped>false</skipped>
          <failedSince>0</failedSince>
        </case>
        <case>
          <duration>0.001</duration>
          <className>org.joda.time.TestLocalTime_Constructors</className>
          <testName>testConstructor_Object2</testName>
          <skipped>false</skipped>
          <failedSince>0</failedSince>
        </case>
        <case>
          <duration>0.0</duration>
          <className>org.joda.time.TestLocalTime_Constructors</className>
          <testName>testConstantMidnight</testName>
          <skipped>false</skipped>
          <failedSince>0</failedSince>
        </case>
        <case>
          <duration>0.0</duration>
          <className>org.joda.time.TestLocalTime_Constructors</className>
          <testName>testFactory_FromCalendarFields_Calendar</testName>
          <skipped>false</skipped>
          <failedSince>0</failedSince>
        </case>
        <case>
          <duration>0.0</duration>
          <className>org.joda.time.TestLocalTime_Constructors</className>
          <testName>testFactory_FromDateFields_after1970</testName>
          <skipped>false</skipped>
          <failedSince>0</failedSince>
        </case>
        <case>
          <duration>0.0</duration>
          <className>org.joda.time.TestLocalTime_Constructors</className>
          <testName>testFactory_FromDateFields_before1970</testName>
          <skipped>false</skipped>
          <failedSince>0</failedSince>
        </case>
        <case>
          <duration>0.0</duration>
          <className>org.joda.time.TestLocalTime_Constructors</className>
          <testName>testFactory_FromDateFields_null</testName>
          <skipped>false</skipped>
          <failedSince>0</failedSince>
        </case>
        <case>
          <duration>0.0</duration>
          <className>org.joda.time.TestLocalTime_Constructors</className>
          <testName>testFactoryMillisOfDay_long</testName>
          <skipped>false</skipped>
          <failedSince>0</failedSince>
        </case>
        <case>
          <duration>0.0</duration>
          <className>org.joda.time.TestLocalTime_Constructors</className>
          <testName>testFactoryMillisOfDay_long_Chronology</testName>
          <skipped>false</skipped>
          <failedSince>0</failedSince>
        </case>
        <case>
          <duration>0.0</duration>
          <className>org.joda.time.TestLocalTime_Constructors</className>
          <testName>testFactoryMillisOfDay_long_nullChronology</testName>
          <skipped>false</skipped>
          <failedSince>0</failedSince>
        </case>
        <case>
          <duration>0.0</duration>
          <className>org.joda.time.TestLocalTime_Constructors</className>
          <testName>testConstructor_long_DateTimeZone</testName>
          <skipped>false</skipped>
          <failedSince>0</failedSince>
        </case>
        <case>
          <duration>0.003</duration>
          <className>org.joda.time.TestLocalTime_Constructors</className>
          <testName>testConstructor_long_DateTimeZone_2</testName>
          <skipped>false</skipped>
          <failedSince>0</failedSince>
        </case>
        <case>
          <duration>0.0</duration>
          <className>org.joda.time.TestLocalTime_Constructors</className>
          <testName>testConstructor_ObjectString1Tokyo</testName>
          <skipped>false</skipped>
          <failedSince>0</failedSince>
        </case>
        <case>
          <duration>0.0</duration>
          <className>org.joda.time.TestLocalTime_Constructors</className>
          <testName>testConstructor_ObjectString1NewYork</testName>
          <skipped>false</skipped>
          <failedSince>0</failedSince>
        </case>
        <case>
          <duration>0.0</duration>
          <className>org.joda.time.TestLocalTime_Constructors</className>
          <testName>testConstructor_ObjectTimeOfDay</testName>
          <skipped>false</skipped>
          <failedSince>0</failedSince>
        </case>
        <case>
          <duration>0.0</duration>
          <className>org.joda.time.TestLocalTime_Constructors</className>
          <testName>testConstructor_Object1_DateTimeZone</testName>
          <skipped>false</skipped>
          <failedSince>0</failedSince>
        </case>
        <case>
          <duration>0.0</duration>
          <className>org.joda.time.TestLocalTime_Constructors</className>
          <testName>testConstructor_ObjectString_DateTimeZoneLondon</testName>
          <skipped>false</skipped>
          <failedSince>0</failedSince>
        </case>
        <case>
          <duration>0.0</duration>
          <className>org.joda.time.TestLocalTime_Constructors</className>
          <testName>testConstructor_ObjectString_DateTimeZoneTokyo</testName>
          <skipped>false</skipped>
          <failedSince>0</failedSince>
        </case>
        <case>
          <duration>0.0</duration>
          <className>org.joda.time.TestLocalTime_Constructors</className>
          <testName>testConstructor_ObjectString_DateTimeZoneNewYork</testName>
          <skipped>false</skipped>
          <failedSince>0</failedSince>
        </case>
        <case>
          <duration>0.0</duration>
          <className>org.joda.time.TestLocalTime_Constructors</className>
          <testName>testConstructor_Object1_Chronology</testName>
          <skipped>false</skipped>
          <failedSince>0</failedSince>
        </case>
        <case>
          <duration>0.0</duration>
          <className>org.joda.time.TestLocalTime_Constructors</className>
          <testName>testConstructor_Object2_Chronology</testName>
          <skipped>false</skipped>
          <failedSince>0</failedSince>
        </case>
        <case>
          <duration>0.0</duration>
          <className>org.joda.time.TestLocalTime_Constructors</className>
          <testName>testConstructor_int_int</testName>
          <skipped>false</skipped>
          <failedSince>0</failedSince>
        </case>
        <case>
          <duration>0.0</duration>
          <className>org.joda.time.TestLocalTime_Constructors</className>
          <testName>testConstructor_int_int_int_int</testName>
          <skipped>false</skipped>
          <failedSince>0</failedSince>
        </case>
        <case>
          <duration>0.0</duration>
          <className>org.joda.time.TestLocalTime_Constructors</className>
          <testName>testConstructor_int_int_int_int_Chronology</testName>
          <skipped>false</skipped>
          <failedSince>0</failedSince>
        </case>
        <case>
          <duration>0.0</duration>
          <className>org.joda.time.TestLocalTime_Constructors</className>
          <testName>testConstructor_int_int_int_int_nullChronology</testName>
          <skipped>false</skipped>
          <failedSince>0</failedSince>
        </case>
        <case>
          <duration>0.0</duration>
          <className>org.joda.time.TestLocalTime_Constructors</className>
          <testName>testConstructor_int_int_int</testName>
          <skipped>false</skipped>
          <failedSince>0</failedSince>
        </case>
        <case>
          <duration>0.0</duration>
          <className>org.joda.time.TestLocalTime_Constructors</className>
          <testName>testConstructor_ObjectStringEx3</testName>
          <skipped>false</skipped>
          <failedSince>0</failedSince>
        </case>
        <case>
          <duration>0.0</duration>
          <className>org.joda.time.TestLocalTime_Constructors</className>
          <testName>testConstructor_ObjectStringEx4</testName>
          <skipped>false</skipped>
          <failedSince>0</failedSince>
        </case>
        <case>
          <duration>0.0</duration>
          <className>org.joda.time.TestLocalTime_Constructors</className>
          <testName>testConstructor_ObjectStringEx5</testName>
          <skipped>false</skipped>
          <failedSince>0</failedSince>
        </case>
        <case>
          <duration>0.0</duration>
          <className>org.joda.time.TestLocalTime_Constructors</className>
          <testName>testConstructor_ObjectStringEx6</testName>
          <skipped>false</skipped>
          <failedSince>0</failedSince>
        </case>
        <case>
          <duration>0.0</duration>
          <className>org.joda.time.TestLocalTime_Constructors</className>
          <testName>testConstructor_ObjectLocalDateTime</testName>
          <skipped>false</skipped>
          <failedSince>0</failedSince>
        </case>
        <case>
          <duration>0.0</duration>
          <className>org.joda.time.TestLocalTime_Constructors</className>
          <testName>testConstructor_ObjectLocalDate</testName>
          <skipped>false</skipped>
          <failedSince>0</failedSince>
        </case>
        <case>
          <duration>0.0</duration>
          <className>org.joda.time.TestLocalTime_Constructors</className>
          <testName>testConstructor_ObjectLocalTime</testName>
          <skipped>false</skipped>
          <failedSince>0</failedSince>
        </case>
        <case>
          <duration>0.0</duration>
          <className>org.joda.time.TestLocalTime_Basics</className>
          <testName>testIsEqual_LocalTime</testName>
          <skipped>false</skipped>
          <failedSince>0</failedSince>
        </case>
        <case>
          <duration>0.0</duration>
          <className>org.joda.time.TestLocalTime_Basics</className>
          <testName>testIsBefore_LocalTime</testName>
          <skipped>false</skipped>
          <failedSince>0</failedSince>
        </case>
        <case>
          <duration>0.0</duration>
          <className>org.joda.time.TestLocalTime_Basics</className>
          <testName>testIsAfter_LocalTime</testName>
          <skipped>false</skipped>
          <failedSince>0</failedSince>
        </case>
        <case>
          <duration>0.0</duration>
          <className>org.joda.time.TestLocalTime_Basics</className>
          <testName>testWithFieldAdded_DurationFieldType_int_6</testName>
          <skipped>false</skipped>
          <failedSince>0</failedSince>
        </case>
        <case>
          <duration>0.0</duration>
          <className>org.joda.time.TestLocalTime_Basics</className>
          <testName>testWithFieldAdded_DurationFieldType_int_7</testName>
          <skipped>false</skipped>
          <failedSince>0</failedSince>
        </case>
        <case>
          <duration>0.0</duration>
          <className>org.joda.time.TestLocalTime_Basics</className>
          <testName>testWithFieldAdded_DurationFieldType_int_8</testName>
          <skipped>false</skipped>
          <failedSince>0</failedSince>
        </case>
        <case>
          <duration>0.0</duration>
          <className>org.joda.time.TestLocalTime_Basics</className>
          <testName>testToDateTimeTodayDefaultZone</testName>
          <skipped>false</skipped>
          <failedSince>0</failedSince>
        </case>
        <case>
          <duration>0.0</duration>
          <className>org.joda.time.TestLocalTime_Basics</className>
          <testName>testToDateTimeToday_Zone</testName>
          <skipped>false</skipped>
          <failedSince>0</failedSince>
        </case>
        <case>
          <duration>0.0</duration>
          <className>org.joda.time.TestLocalTime_Basics</className>
          <testName>testToDateTimeToday_nullZone</testName>
          <skipped>false</skipped>
          <failedSince>0</failedSince>
        </case>
        <case>
          <duration>0.0</duration>
          <className>org.joda.time.TestLocalTime_Basics</className>
          <testName>testToString</testName>
          <skipped>false</skipped>
          <failedSince>0</failedSince>
        </case>
        <case>
          <duration>0.0</duration>
          <className>org.joda.time.TestLocalTime_Basics</className>
          <testName>testGet_DateTimeFieldType</testName>
          <skipped>false</skipped>
          <failedSince>0</failedSince>
        </case>
        <case>
          <duration>0.001</duration>
          <className>org.joda.time.TestLocalTime_Basics</className>
          <testName>testEqualsHashCode</testName>
          <skipped>false</skipped>
          <failedSince>0</failedSince>
        </case>
        <case>
          <duration>0.001</duration>
          <className>org.joda.time.TestLocalTime_Basics</className>
          <testName>testCompareTo</testName>
          <skipped>false</skipped>
          <failedSince>0</failedSince>
        </case>
        <case>
          <duration>0.001</duration>
          <className>org.joda.time.TestLocalTime_Basics</className>
          <testName>testSerialization</testName>
          <skipped>false</skipped>
          <failedSince>0</failedSince>
        </case>
        <case>
          <duration>0.0</duration>
          <className>org.joda.time.TestLocalTime_Basics</className>
          <testName>testIsSupported_DateTimeFieldType</testName>
          <skipped>false</skipped>
          <failedSince>0</failedSince>
        </case>
        <case>
          <duration>0.0</duration>
          <className>org.joda.time.TestLocalTime_Basics</className>
          <testName>testGetters</testName>
          <skipped>false</skipped>
          <failedSince>0</failedSince>
        </case>
        <case>
          <duration>0.0</duration>
          <className>org.joda.time.TestLocalTime_Basics</className>
          <testName>testWithers</testName>
          <skipped>false</skipped>
          <failedSince>0</failedSince>
        </case>
        <case>
          <duration>0.001</duration>
          <className>org.joda.time.TestLocalTime_Basics</className>
          <testName>testToString_String</testName>
          <skipped>false</skipped>
          <failedSince>0</failedSince>
        </case>
        <case>
          <duration>0.0</duration>
          <className>org.joda.time.TestLocalTime_Basics</className>
          <testName>testToString_String_Locale</testName>
          <skipped>false</skipped>
          <failedSince>0</failedSince>
        </case>
        <case>
          <duration>0.0</duration>
          <className>org.joda.time.TestLocalTime_Basics</className>
          <testName>testToString_DTFormatter</testName>
          <skipped>false</skipped>
          <failedSince>0</failedSince>
        </case>
        <case>
          <duration>0.0</duration>
          <className>org.joda.time.TestLocalTime_Basics</className>
          <testName>testPlus_RP</testName>
          <skipped>false</skipped>
          <failedSince>0</failedSince>
        </case>
        <case>
          <duration>0.0</duration>
          <className>org.joda.time.TestLocalTime_Basics</className>
          <testName>testPlusHours_int</testName>
          <skipped>false</skipped>
          <failedSince>0</failedSince>
        </case>
        <case>
          <duration>0.0</duration>
          <className>org.joda.time.TestLocalTime_Basics</className>
          <testName>testPlusMinutes_int</testName>
          <skipped>false</skipped>
          <failedSince>0</failedSince>
        </case>
        <case>
          <duration>0.0</duration>
          <className>org.joda.time.TestLocalTime_Basics</className>
          <testName>testPlusSeconds_int</testName>
          <skipped>false</skipped>
          <failedSince>0</failedSince>
        </case>
        <case>
          <duration>0.0</duration>
          <className>org.joda.time.TestLocalTime_Basics</className>
          <testName>testPlusMillis_int</testName>
          <skipped>false</skipped>
          <failedSince>0</failedSince>
        </case>
        <case>
          <duration>0.0</duration>
          <className>org.joda.time.TestLocalTime_Basics</className>
          <testName>testMinus_RP</testName>
          <skipped>false</skipped>
          <failedSince>0</failedSince>
        </case>
        <case>
          <duration>0.0</duration>
          <className>org.joda.time.TestLocalTime_Basics</className>
          <testName>testMinusHours_int</testName>
          <skipped>false</skipped>
          <failedSince>0</failedSince>
        </case>
        <case>
          <duration>0.0</duration>
          <className>org.joda.time.TestLocalTime_Basics</className>
          <testName>testMinusMinutes_int</testName>
          <skipped>false</skipped>
          <failedSince>0</failedSince>
        </case>
        <case>
          <duration>0.0</duration>
          <className>org.joda.time.TestLocalTime_Basics</className>
          <testName>testMinusSeconds_int</testName>
          <skipped>false</skipped>
          <failedSince>0</failedSince>
        </case>
        <case>
          <duration>0.0</duration>
          <className>org.joda.time.TestLocalTime_Basics</className>
          <testName>testMinusMillis_int</testName>
          <skipped>false</skipped>
          <failedSince>0</failedSince>
        </case>
        <case>
          <duration>0.0</duration>
          <className>org.joda.time.TestLocalTime_Basics</className>
          <testName>testProperty</testName>
          <skipped>false</skipped>
          <failedSince>0</failedSince>
        </case>
        <case>
          <duration>0.0</duration>
          <className>org.joda.time.TestLocalTime_Basics</className>
          <testName>testGetFieldType_int</testName>
          <skipped>false</skipped>
          <failedSince>0</failedSince>
        </case>
        <case>
          <duration>0.0</duration>
          <className>org.joda.time.TestLocalTime_Basics</className>
          <testName>testGetFieldTypes</testName>
          <skipped>false</skipped>
          <failedSince>0</failedSince>
        </case>
        <case>
          <duration>0.0</duration>
          <className>org.joda.time.TestLocalTime_Basics</className>
          <testName>testGetField_int</testName>
          <skipped>false</skipped>
          <failedSince>0</failedSince>
        </case>
        <case>
          <duration>0.0</duration>
          <className>org.joda.time.TestLocalTime_Basics</className>
          <testName>testGetFields</testName>
          <skipped>false</skipped>
          <failedSince>0</failedSince>
        </case>
        <case>
          <duration>0.0</duration>
          <className>org.joda.time.TestLocalTime_Basics</className>
          <testName>testGetValue_int</testName>
          <skipped>false</skipped>
          <failedSince>0</failedSince>
        </case>
        <case>
          <duration>0.0</duration>
          <className>org.joda.time.TestLocalTime_Basics</className>
          <testName>testGetValues</testName>
          <skipped>false</skipped>
          <failedSince>0</failedSince>
        </case>
        <case>
          <duration>0.0</duration>
          <className>org.joda.time.TestLocalTime_Basics</className>
          <testName>testIsSupported_DurationFieldType</testName>
          <skipped>false</skipped>
          <failedSince>0</failedSince>
        </case>
        <case>
          <duration>0.0</duration>
          <className>org.joda.time.TestLocalTime_Basics</className>
          <testName>testWithField_DateTimeFieldType_int_1</testName>
          <skipped>false</skipped>
          <failedSince>0</failedSince>
        </case>
        <case>
          <duration>0.0</duration>
          <className>org.joda.time.TestLocalTime_Basics</className>
          <testName>testWithField_DateTimeFieldType_int_2</testName>
          <skipped>false</skipped>
          <failedSince>0</failedSince>
        </case>
        <case>
          <duration>0.0</duration>
          <className>org.joda.time.TestLocalTime_Basics</className>
          <testName>testWithField_DateTimeFieldType_int_3</testName>
          <skipped>false</skipped>
          <failedSince>0</failedSince>
        </case>
        <case>
          <duration>0.0</duration>
          <className>org.joda.time.TestLocalTime_Basics</className>
          <testName>testWithFieldAdded_DurationFieldType_int_1</testName>
          <skipped>false</skipped>
          <failedSince>0</failedSince>
        </case>
        <case>
          <duration>0.0</duration>
          <className>org.joda.time.TestLocalTime_Basics</className>
          <testName>testWithFieldAdded_DurationFieldType_int_2</testName>
          <skipped>false</skipped>
          <failedSince>0</failedSince>
        </case>
        <case>
          <duration>0.0</duration>
          <className>org.joda.time.TestLocalTime_Basics</className>
          <testName>testWithFieldAdded_DurationFieldType_int_3</testName>
          <skipped>false</skipped>
          <failedSince>0</failedSince>
        </case>
        <case>
          <duration>0.0</duration>
          <className>org.joda.time.TestLocalTime_Basics</className>
          <testName>testWithFieldAdded_DurationFieldType_int_4</testName>
          <skipped>false</skipped>
          <failedSince>0</failedSince>
        </case>
        <case>
          <duration>0.002</duration>
          <className>org.joda.time.TestLocalTime_Basics</className>
          <testName>testToDateTime_RI</testName>
          <skipped>false</skipped>
          <failedSince>0</failedSince>
        </case>
        <case>
          <duration>0.0</duration>
          <className>org.joda.time.TestLocalTime_Basics</className>
          <testName>testToDateTime_nullRI</testName>
          <skipped>false</skipped>
          <failedSince>0</failedSince>
        </case>
        <case>
          <duration>0.0</duration>
          <className>org.joda.time.TestLocalTime_Basics</className>
          <testName>testSize</testName>
          <skipped>false</skipped>
          <failedSince>0</failedSince>
        </case>
        <case>
          <duration>0.0</duration>
          <className>org.joda.time.TestLocalTime_Basics</className>
          <testName>testWithField_DateTimeFieldType_int_4</testName>
          <skipped>false</skipped>
          <failedSince>0</failedSince>
        </case>
        <case>
          <duration>0.0</duration>
          <className>org.joda.time.TestLocalTime_Basics</className>
          <testName>testWithFieldAdded_DurationFieldType_int_5</testName>
          <skipped>false</skipped>
          <failedSince>0</failedSince>
        </case>
        <case>
          <duration>0.0</duration>
          <className>org.joda.time.TestLocalTime_Properties</className>
          <testName>testPropertyPlusNoWrapHour</testName>
          <skipped>false</skipped>
          <failedSince>0</failedSince>
        </case>
        <case>
          <duration>0.0</duration>
          <className>org.joda.time.TestLocalTime_Properties</className>
          <testName>testPropertyPlusHour</testName>
          <skipped>false</skipped>
          <failedSince>0</failedSince>
        </case>
        <case>
          <duration>0.0</duration>
          <className>org.joda.time.TestLocalTime_Properties</className>
          <testName>testPropertyPlusWrapFieldHour</testName>
          <skipped>false</skipped>
          <failedSince>0</failedSince>
        </case>
        <case>
          <duration>0.0</duration>
          <className>org.joda.time.TestLocalTime_Properties</className>
          <testName>testPropertyPlusMinute</testName>
          <skipped>false</skipped>
          <failedSince>0</failedSince>
        </case>
        <case>
          <duration>0.0</duration>
          <className>org.joda.time.TestLocalTime_Properties</className>
          <testName>testPropertyPlusSecond</testName>
          <skipped>false</skipped>
          <failedSince>0</failedSince>
        </case>
        <case>
          <duration>0.0</duration>
          <className>org.joda.time.TestLocalTime_Properties</className>
          <testName>testPropertyPlusNoWrapMinute</testName>
          <skipped>false</skipped>
          <failedSince>0</failedSince>
        </case>
        <case>
          <duration>0.0</duration>
          <className>org.joda.time.TestLocalTime_Properties</className>
          <testName>testPropertyPlusWrapFieldMinute</testName>
          <skipped>false</skipped>
          <failedSince>0</failedSince>
        </case>
        <case>
          <duration>0.0</duration>
          <className>org.joda.time.TestLocalTime_Properties</className>
          <testName>testPropertyPlusNoWrapSecond</testName>
          <skipped>false</skipped>
          <failedSince>0</failedSince>
        </case>
        <case>
          <duration>0.0</duration>
          <className>org.joda.time.TestLocalTime_Properties</className>
          <testName>testPropertyPlusWrapFieldSecond</testName>
          <skipped>false</skipped>
          <failedSince>0</failedSince>
        </case>
        <case>
          <duration>0.0</duration>
          <className>org.joda.time.TestLocalTime_Properties</className>
          <testName>testPropertyPlusMilli</testName>
          <skipped>false</skipped>
          <failedSince>0</failedSince>
        </case>
        <case>
          <duration>0.0</duration>
          <className>org.joda.time.TestLocalTime_Properties</className>
          <testName>testPropertyPlusNoWrapMilli</testName>
          <skipped>false</skipped>
          <failedSince>0</failedSince>
        </case>
        <case>
          <duration>0.001</duration>
          <className>org.joda.time.TestLocalTime_Properties</className>
          <testName>testPropertyPlusWrapFieldMilli</testName>
          <skipped>false</skipped>
          <failedSince>0</failedSince>
        </case>
        <case>
          <duration>0.0</duration>
          <className>org.joda.time.TestLocalTime_Properties</className>
          <testName>testPropertyGetHour</testName>
          <skipped>false</skipped>
          <failedSince>0</failedSince>
        </case>
        <case>
          <duration>0.0</duration>
          <className>org.joda.time.TestLocalTime_Properties</className>
          <testName>testPropertyRoundHour</testName>
          <skipped>false</skipped>
          <failedSince>0</failedSince>
        </case>
        <case>
          <duration>0.0</duration>
          <className>org.joda.time.TestLocalTime_Properties</className>
          <testName>testPropertyGetMaxMinValuesHour</testName>
          <skipped>false</skipped>
          <failedSince>0</failedSince>
        </case>
        <case>
          <duration>0.0</duration>
          <className>org.joda.time.TestLocalTime_Properties</className>
          <testName>testPropertyWithMaxMinValueHour</testName>
          <skipped>false</skipped>
          <failedSince>0</failedSince>
        </case>
        <case>
          <duration>0.0</duration>
          <className>org.joda.time.TestLocalTime_Properties</className>
          <testName>testPropertySetHour</testName>
          <skipped>false</skipped>
          <failedSince>0</failedSince>
        </case>
        <case>
          <duration>0.0</duration>
          <className>org.joda.time.TestLocalTime_Properties</className>
          <testName>testPropertySetTextHour</testName>
          <skipped>false</skipped>
          <failedSince>0</failedSince>
        </case>
        <case>
          <duration>0.0</duration>
          <className>org.joda.time.TestLocalTime_Properties</className>
          <testName>testPropertyWithMaximumValueHour</testName>
          <skipped>false</skipped>
          <failedSince>0</failedSince>
        </case>
        <case>
          <duration>0.0</duration>
          <className>org.joda.time.TestLocalTime_Properties</className>
          <testName>testPropertyWithMinimumValueHour</testName>
          <skipped>false</skipped>
          <failedSince>0</failedSince>
        </case>
        <case>
          <duration>0.0</duration>
          <className>org.joda.time.TestLocalTime_Properties</className>
          <testName>testPropertyCompareToHour</testName>
          <skipped>false</skipped>
          <failedSince>0</failedSince>
        </case>
        <case>
          <duration>0.0</duration>
          <className>org.joda.time.TestLocalTime_Properties</className>
          <testName>testPropertyGetMinute</testName>
          <skipped>false</skipped>
          <failedSince>0</failedSince>
        </case>
        <case>
          <duration>0.0</duration>
          <className>org.joda.time.TestLocalTime_Properties</className>
          <testName>testPropertyGetMaxMinValuesMinute</testName>
          <skipped>false</skipped>
          <failedSince>0</failedSince>
        </case>
        <case>
          <duration>0.0</duration>
          <className>org.joda.time.TestLocalTime_Properties</className>
          <testName>testPropertyWithMaxMinValueMinute</testName>
          <skipped>false</skipped>
          <failedSince>0</failedSince>
        </case>
        <case>
          <duration>0.0</duration>
          <className>org.joda.time.TestLocalTime_Properties</className>
          <testName>testPropertySetMinute</testName>
          <skipped>false</skipped>
          <failedSince>0</failedSince>
        </case>
        <case>
          <duration>0.0</duration>
          <className>org.joda.time.TestLocalTime_Properties</className>
          <testName>testPropertySetTextMinute</testName>
          <skipped>false</skipped>
          <failedSince>0</failedSince>
        </case>
        <case>
          <duration>0.0</duration>
          <className>org.joda.time.TestLocalTime_Properties</className>
          <testName>testPropertyCompareToMinute</testName>
          <skipped>false</skipped>
          <failedSince>0</failedSince>
        </case>
        <case>
          <duration>0.0</duration>
          <className>org.joda.time.TestLocalTime_Properties</className>
          <testName>testPropertyGetSecond</testName>
          <skipped>false</skipped>
          <failedSince>0</failedSince>
        </case>
        <case>
          <duration>0.0</duration>
          <className>org.joda.time.TestLocalTime_Properties</className>
          <testName>testPropertyGetMaxMinValuesSecond</testName>
          <skipped>false</skipped>
          <failedSince>0</failedSince>
        </case>
        <case>
          <duration>0.0</duration>
          <className>org.joda.time.TestLocalTime_Properties</className>
          <testName>testPropertyWithMaxMinValueSecond</testName>
          <skipped>false</skipped>
          <failedSince>0</failedSince>
        </case>
        <case>
          <duration>0.0</duration>
          <className>org.joda.time.TestLocalTime_Properties</className>
          <testName>testPropertySetSecond</testName>
          <skipped>false</skipped>
          <failedSince>0</failedSince>
        </case>
        <case>
          <duration>0.0</duration>
          <className>org.joda.time.TestLocalTime_Properties</className>
          <testName>testPropertySetTextSecond</testName>
          <skipped>false</skipped>
          <failedSince>0</failedSince>
        </case>
        <case>
          <duration>0.0</duration>
          <className>org.joda.time.TestLocalTime_Properties</className>
          <testName>testPropertyCompareToSecond</testName>
          <skipped>false</skipped>
          <failedSince>0</failedSince>
        </case>
        <case>
          <duration>0.0</duration>
          <className>org.joda.time.TestLocalTime_Properties</className>
          <testName>testPropertyGetMilli</testName>
          <skipped>false</skipped>
          <failedSince>0</failedSince>
        </case>
        <case>
          <duration>0.0</duration>
          <className>org.joda.time.TestLocalTime_Properties</className>
          <testName>testPropertyGetMaxMinValuesMilli</testName>
          <skipped>false</skipped>
          <failedSince>0</failedSince>
        </case>
        <case>
          <duration>0.0</duration>
          <className>org.joda.time.TestLocalTime_Properties</className>
          <testName>testPropertyWithMaxMinValueMilli</testName>
          <skipped>false</skipped>
          <failedSince>0</failedSince>
        </case>
        <case>
          <duration>0.0</duration>
          <className>org.joda.time.TestLocalTime_Properties</className>
          <testName>testPropertySetMilli</testName>
          <skipped>false</skipped>
          <failedSince>0</failedSince>
        </case>
        <case>
          <duration>0.0</duration>
          <className>org.joda.time.TestLocalTime_Properties</className>
          <testName>testPropertySetTextMilli</testName>
          <skipped>false</skipped>
          <failedSince>0</failedSince>
        </case>
        <case>
          <duration>0.0</duration>
          <className>org.joda.time.TestLocalTime_Properties</className>
          <testName>testPropertyCompareToMilli</testName>
          <skipped>false</skipped>
          <failedSince>0</failedSince>
        </case>
        <case>
          <duration>0.0</duration>
          <className>org.joda.time.TestMutableInterval_Constructors</className>
          <testName>testConstructor</testName>
          <skipped>false</skipped>
          <failedSince>0</failedSince>
        </case>
        <case>
          <duration>0.001</duration>
          <className>org.joda.time.TestMutableInterval_Constructors</className>
          <testName>testTest</testName>
          <skipped>false</skipped>
          <failedSince>0</failedSince>
        </case>
        <case>
          <duration>0.0</duration>
          <className>org.joda.time.TestMutableInterval_Constructors</className>
          <testName>testParse_noFormatter</testName>
          <skipped>false</skipped>
          <failedSince>0</failedSince>
        </case>
        <case>
          <duration>0.0</duration>
          <className>org.joda.time.TestMutableInterval_Constructors</className>
          <testName>testConstructor_long_long1</testName>
          <skipped>false</skipped>
          <failedSince>0</failedSince>
        </case>
        <case>
          <duration>0.0</duration>
          <className>org.joda.time.TestMutableInterval_Constructors</className>
          <testName>testConstructor_RI_RI1</testName>
          <skipped>false</skipped>
          <failedSince>0</failedSince>
        </case>
        <case>
          <duration>0.0</duration>
          <className>org.joda.time.TestMutableInterval_Constructors</className>
          <testName>testConstructor_RI_RI2</testName>
          <skipped>false</skipped>
          <failedSince>0</failedSince>
        </case>
        <case>
          <duration>0.0</duration>
          <className>org.joda.time.TestMutableInterval_Constructors</className>
          <testName>testConstructor_RI_RI3</testName>
          <skipped>false</skipped>
          <failedSince>0</failedSince>
        </case>
        <case>
          <duration>0.0</duration>
          <className>org.joda.time.TestMutableInterval_Constructors</className>
          <testName>testConstructor_RI_RI4</testName>
          <skipped>false</skipped>
          <failedSince>0</failedSince>
        </case>
        <case>
          <duration>0.0</duration>
          <className>org.joda.time.TestMutableInterval_Constructors</className>
          <testName>testConstructor_Object1</testName>
          <skipped>false</skipped>
          <failedSince>0</failedSince>
        </case>
        <case>
          <duration>0.0</duration>
          <className>org.joda.time.TestMutableInterval_Constructors</className>
          <testName>testConstructor_Object2</testName>
          <skipped>false</skipped>
          <failedSince>0</failedSince>
        </case>
        <case>
          <duration>0.0</duration>
          <className>org.joda.time.TestMutableInterval_Constructors</className>
          <testName>testConstructor_Object3</testName>
          <skipped>false</skipped>
          <failedSince>0</failedSince>
        </case>
        <case>
          <duration>0.004</duration>
          <className>org.joda.time.TestMutableInterval_Constructors</className>
          <testName>testConstructor_Object4</testName>
          <skipped>false</skipped>
          <failedSince>0</failedSince>
        </case>
        <case>
          <duration>0.0</duration>
          <className>org.joda.time.TestMutableInterval_Constructors</className>
          <testName>testConstructor_Object5</testName>
          <skipped>false</skipped>
          <failedSince>0</failedSince>
        </case>
        <case>
          <duration>0.0</duration>
          <className>org.joda.time.TestMutableInterval_Constructors</className>
          <testName>testConstructor_long_long2</testName>
          <skipped>false</skipped>
          <failedSince>0</failedSince>
        </case>
        <case>
          <duration>0.0</duration>
          <className>org.joda.time.TestMutableInterval_Constructors</className>
          <testName>testConstructor_long_long3</testName>
          <skipped>false</skipped>
          <failedSince>0</failedSince>
        </case>
        <case>
          <duration>0.0</duration>
          <className>org.joda.time.TestMutableInterval_Constructors</className>
          <testName>testConstructor_RI_RI5</testName>
          <skipped>false</skipped>
          <failedSince>0</failedSince>
        </case>
        <case>
          <duration>0.0</duration>
          <className>org.joda.time.TestMutableInterval_Constructors</className>
          <testName>testConstructor_RI_RI6</testName>
          <skipped>false</skipped>
          <failedSince>0</failedSince>
        </case>
        <case>
          <duration>0.0</duration>
          <className>org.joda.time.TestMutableInterval_Constructors</className>
          <testName>testConstructor_RI_RI7</testName>
          <skipped>false</skipped>
          <failedSince>0</failedSince>
        </case>
        <case>
          <duration>0.0</duration>
          <className>org.joda.time.TestMutableInterval_Constructors</className>
          <testName>testConstructor_RI_RP1</testName>
          <skipped>false</skipped>
          <failedSince>0</failedSince>
        </case>
        <case>
          <duration>0.0</duration>
          <className>org.joda.time.TestMutableInterval_Constructors</className>
          <testName>testConstructor_RI_RP2</testName>
          <skipped>false</skipped>
          <failedSince>0</failedSince>
        </case>
        <case>
          <duration>0.0</duration>
          <className>org.joda.time.TestMutableInterval_Constructors</className>
          <testName>testConstructor_RI_RP3</testName>
          <skipped>false</skipped>
          <failedSince>0</failedSince>
        </case>
        <case>
          <duration>0.0</duration>
          <className>org.joda.time.TestMutableInterval_Constructors</className>
          <testName>testConstructor_RI_RP4</testName>
          <skipped>false</skipped>
          <failedSince>0</failedSince>
        </case>
        <case>
          <duration>0.0</duration>
          <className>org.joda.time.TestMutableInterval_Constructors</className>
          <testName>testConstructor_RI_RP5</testName>
          <skipped>false</skipped>
          <failedSince>0</failedSince>
        </case>
        <case>
          <duration>0.0</duration>
          <className>org.joda.time.TestMutableInterval_Constructors</className>
          <testName>testConstructor_RI_RP6</testName>
          <skipped>false</skipped>
          <failedSince>0</failedSince>
        </case>
        <case>
          <duration>0.0</duration>
          <className>org.joda.time.TestMutableInterval_Constructors</className>
          <testName>testConstructor_RI_RP7</testName>
          <skipped>false</skipped>
          <failedSince>0</failedSince>
        </case>
        <case>
          <duration>0.0</duration>
          <className>org.joda.time.TestMutableInterval_Constructors</className>
          <testName>testConstructor_RI_RP8</testName>
          <skipped>false</skipped>
          <failedSince>0</failedSince>
        </case>
        <case>
          <duration>0.0</duration>
          <className>org.joda.time.TestMutableInterval_Constructors</className>
          <testName>testConstructor_RP_RI1</testName>
          <skipped>false</skipped>
          <failedSince>0</failedSince>
        </case>
        <case>
          <duration>0.0</duration>
          <className>org.joda.time.TestMutableInterval_Constructors</className>
          <testName>testConstructor_RP_RI2</testName>
          <skipped>false</skipped>
          <failedSince>0</failedSince>
        </case>
        <case>
          <duration>0.0</duration>
          <className>org.joda.time.TestMutableInterval_Constructors</className>
          <testName>testConstructor_RP_RI3</testName>
          <skipped>false</skipped>
          <failedSince>0</failedSince>
        </case>
        <case>
          <duration>0.0</duration>
          <className>org.joda.time.TestMutableInterval_Constructors</className>
          <testName>testConstructor_RP_RI4</testName>
          <skipped>false</skipped>
          <failedSince>0</failedSince>
        </case>
        <case>
          <duration>0.0</duration>
          <className>org.joda.time.TestMutableInterval_Constructors</className>
          <testName>testConstructor_RP_RI5</testName>
          <skipped>false</skipped>
          <failedSince>0</failedSince>
        </case>
        <case>
          <duration>0.0</duration>
          <className>org.joda.time.TestMutableInterval_Constructors</className>
          <testName>testConstructor_RP_RI6</testName>
          <skipped>false</skipped>
          <failedSince>0</failedSince>
        </case>
        <case>
          <duration>0.0</duration>
          <className>org.joda.time.TestMutableInterval_Constructors</className>
          <testName>testConstructor_RP_RI7</testName>
          <skipped>false</skipped>
          <failedSince>0</failedSince>
        </case>
        <case>
          <duration>0.0</duration>
          <className>org.joda.time.TestMutableInterval_Constructors</className>
          <testName>testConstructor_RP_RI8</testName>
          <skipped>false</skipped>
          <failedSince>0</failedSince>
        </case>
        <case>
          <duration>0.0</duration>
          <className>org.joda.time.TestMutableInterval_Constructors</className>
          <testName>testConstructor_RI_RD1</testName>
          <skipped>false</skipped>
          <failedSince>0</failedSince>
        </case>
        <case>
          <duration>0.0</duration>
          <className>org.joda.time.TestMutableInterval_Constructors</className>
          <testName>testConstructor_RI_RD2</testName>
          <skipped>false</skipped>
          <failedSince>0</failedSince>
        </case>
        <case>
          <duration>0.0</duration>
          <className>org.joda.time.TestMutableInterval_Constructors</className>
          <testName>testConstructor_RI_RD3</testName>
          <skipped>false</skipped>
          <failedSince>0</failedSince>
        </case>
        <case>
          <duration>0.0</duration>
          <className>org.joda.time.TestMutableInterval_Constructors</className>
          <testName>testConstructor_RI_RD4</testName>
          <skipped>false</skipped>
          <failedSince>0</failedSince>
        </case>
        <case>
          <duration>0.0</duration>
          <className>org.joda.time.TestMutableInterval_Constructors</className>
          <testName>testConstructor_RI_RD5</testName>
          <skipped>false</skipped>
          <failedSince>0</failedSince>
        </case>
        <case>
          <duration>0.0</duration>
          <className>org.joda.time.TestMutableInterval_Constructors</className>
          <testName>testConstructor_RD_RI1</testName>
          <skipped>false</skipped>
          <failedSince>0</failedSince>
        </case>
        <case>
          <duration>0.0</duration>
          <className>org.joda.time.TestMutableInterval_Constructors</className>
          <testName>testConstructor_RD_RI2</testName>
          <skipped>false</skipped>
          <failedSince>0</failedSince>
        </case>
        <case>
          <duration>0.0</duration>
          <className>org.joda.time.TestMutableInterval_Constructors</className>
          <testName>testConstructor_RD_RI3</testName>
          <skipped>false</skipped>
          <failedSince>0</failedSince>
        </case>
        <case>
          <duration>0.0</duration>
          <className>org.joda.time.TestMutableInterval_Constructors</className>
          <testName>testConstructor_RD_RI4</testName>
          <skipped>false</skipped>
          <failedSince>0</failedSince>
        </case>
        <case>
          <duration>0.0</duration>
          <className>org.joda.time.TestMutableInterval_Constructors</className>
          <testName>testConstructor_RD_RI5</testName>
          <skipped>false</skipped>
          <failedSince>0</failedSince>
        </case>
        <case>
          <duration>0.0</duration>
          <className>org.joda.time.TestMutableInterval_Constructors</className>
          <testName>testConstructor_Object6</testName>
          <skipped>false</skipped>
          <failedSince>0</failedSince>
        </case>
        <case>
          <duration>0.0</duration>
          <className>org.joda.time.TestMutableInterval_Constructors</className>
          <testName>testConstructor_Object_Chronology1</testName>
          <skipped>false</skipped>
          <failedSince>0</failedSince>
        </case>
        <case>
          <duration>0.0</duration>
          <className>org.joda.time.TestMutableInterval_Constructors</className>
          <testName>testConstructor_Object_Chronology2</testName>
          <skipped>false</skipped>
          <failedSince>0</failedSince>
        </case>
        <case>
          <duration>0.0</duration>
          <className>org.joda.time.TestMutableInterval_Constructors</className>
          <testName>testConstructor_RI_RI8</testName>
          <skipped>false</skipped>
          <failedSince>0</failedSince>
        </case>
        <case>
          <duration>0.0</duration>
          <className>org.joda.time.TestMutableInterval_Constructors</className>
          <testName>testConstructor_long_long_Chronology1</testName>
          <skipped>false</skipped>
          <failedSince>0</failedSince>
        </case>
        <case>
          <duration>0.0</duration>
          <className>org.joda.time.TestMutableInterval_Constructors</className>
          <testName>testConstructor_long_long_Chronology2</testName>
          <skipped>false</skipped>
          <failedSince>0</failedSince>
        </case>
        <case>
          <duration>0.0</duration>
          <className>org.joda.time.TestMutableInterval_Constructors</className>
          <testName>testConstructor_RI_RI9</testName>
          <skipped>false</skipped>
          <failedSince>0</failedSince>
        </case>
        <case>
          <duration>0.0</duration>
          <className>org.joda.time.TestMutableInterval_Basics</className>
          <testName>testTest</testName>
          <skipped>false</skipped>
          <failedSince>0</failedSince>
        </case>
        <case>
          <duration>0.0</duration>
          <className>org.joda.time.TestMutableInterval_Basics</className>
          <testName>testToString</testName>
          <skipped>false</skipped>
          <failedSince>0</failedSince>
        </case>
        <case>
          <duration>0.0</duration>
          <className>org.joda.time.TestMutableInterval_Basics</className>
          <testName>testEqualsHashCode</testName>
          <skipped>false</skipped>
          <failedSince>0</failedSince>
        </case>
        <case>
          <duration>0.0</duration>
          <className>org.joda.time.TestMutableInterval_Basics</className>
          <testName>testIsBefore_long</testName>
          <skipped>false</skipped>
          <failedSince>0</failedSince>
        </case>
        <case>
          <duration>0.0</duration>
          <className>org.joda.time.TestMutableInterval_Basics</className>
          <testName>testIsBeforeNow</testName>
          <skipped>false</skipped>
          <failedSince>0</failedSince>
        </case>
        <case>
          <duration>0.0</duration>
          <className>org.joda.time.TestMutableInterval_Basics</className>
          <testName>testIsBefore_RI</testName>
          <skipped>false</skipped>
          <failedSince>0</failedSince>
        </case>
        <case>
          <duration>0.0</duration>
          <className>org.joda.time.TestMutableInterval_Basics</className>
          <testName>testIsAfter_long</testName>
          <skipped>false</skipped>
          <failedSince>0</failedSince>
        </case>
        <case>
          <duration>0.0</duration>
          <className>org.joda.time.TestMutableInterval_Basics</className>
          <testName>testIsAfterNow</testName>
          <skipped>false</skipped>
          <failedSince>0</failedSince>
        </case>
        <case>
          <duration>0.0</duration>
          <className>org.joda.time.TestMutableInterval_Basics</className>
          <testName>testIsAfter_RI</testName>
          <skipped>false</skipped>
          <failedSince>0</failedSince>
        </case>
        <case>
          <duration>0.0</duration>
          <className>org.joda.time.TestMutableInterval_Basics</className>
          <testName>testSerialization</testName>
          <skipped>false</skipped>
          <failedSince>0</failedSince>
        </case>
        <case>
          <duration>0.0</duration>
          <className>org.joda.time.TestMutableInterval_Basics</className>
          <testName>testCopy</testName>
          <skipped>false</skipped>
          <failedSince>0</failedSince>
        </case>
        <case>
          <duration>0.0</duration>
          <className>org.joda.time.TestMutableInterval_Basics</className>
          <testName>testClone</testName>
          <skipped>false</skipped>
          <failedSince>0</failedSince>
        </case>
        <case>
          <duration>0.0</duration>
          <className>org.joda.time.TestMutableInterval_Basics</className>
          <testName>testGetMillis</testName>
          <skipped>false</skipped>
          <failedSince>0</failedSince>
        </case>
        <case>
          <duration>0.0</duration>
          <className>org.joda.time.TestMutableInterval_Basics</className>
          <testName>testToPeriod</testName>
          <skipped>false</skipped>
          <failedSince>0</failedSince>
        </case>
        <case>
          <duration>0.0</duration>
          <className>org.joda.time.TestMutableInterval_Basics</className>
          <testName>testGetDuration1</testName>
          <skipped>false</skipped>
          <failedSince>0</failedSince>
        </case>
        <case>
          <duration>0.0</duration>
          <className>org.joda.time.TestMutableInterval_Basics</className>
          <testName>testGetDuration2</testName>
          <skipped>false</skipped>
          <failedSince>0</failedSince>
        </case>
        <case>
          <duration>0.0</duration>
          <className>org.joda.time.TestMutableInterval_Basics</className>
          <testName>testContains_long</testName>
          <skipped>false</skipped>
          <failedSince>0</failedSince>
        </case>
        <case>
          <duration>0.0</duration>
          <className>org.joda.time.TestMutableInterval_Basics</className>
          <testName>testContainsNow</testName>
          <skipped>false</skipped>
          <failedSince>0</failedSince>
        </case>
        <case>
          <duration>0.0</duration>
          <className>org.joda.time.TestMutableInterval_Basics</className>
          <testName>testContains_RI</testName>
          <skipped>false</skipped>
          <failedSince>0</failedSince>
        </case>
        <case>
          <duration>0.0</duration>
          <className>org.joda.time.TestMutableInterval_Basics</className>
          <testName>testContains_RInterval</testName>
          <skipped>false</skipped>
          <failedSince>0</failedSince>
        </case>
        <case>
          <duration>0.0</duration>
          <className>org.joda.time.TestMutableInterval_Basics</className>
          <testName>testOverlaps_RInterval</testName>
          <skipped>false</skipped>
          <failedSince>0</failedSince>
        </case>
        <case>
          <duration>0.0</duration>
          <className>org.joda.time.TestMutableInterval_Basics</className>
          <testName>testIsBefore_RInterval</testName>
          <skipped>false</skipped>
          <failedSince>0</failedSince>
        </case>
        <case>
          <duration>0.0</duration>
          <className>org.joda.time.TestMutableInterval_Basics</className>
          <testName>testIsAfter_RInterval</testName>
          <skipped>false</skipped>
          <failedSince>0</failedSince>
        </case>
        <case>
          <duration>0.0</duration>
          <className>org.joda.time.TestMutableInterval_Basics</className>
          <testName>testToInterval1</testName>
          <skipped>false</skipped>
          <failedSince>0</failedSince>
        </case>
        <case>
          <duration>0.0</duration>
          <className>org.joda.time.TestMutableInterval_Basics</className>
          <testName>testToMutableInterval1</testName>
          <skipped>false</skipped>
          <failedSince>0</failedSince>
        </case>
        <case>
          <duration>0.0</duration>
          <className>org.joda.time.TestMutableInterval_Basics</className>
          <testName>testToPeriod_PeriodType1</testName>
          <skipped>false</skipped>
          <failedSince>0</failedSince>
        </case>
        <case>
          <duration>0.001</duration>
          <className>org.joda.time.TestMutableInterval_Basics</className>
          <testName>testToPeriod_PeriodType2</testName>
          <skipped>false</skipped>
          <failedSince>0</failedSince>
        </case>
        <case>
          <duration>0.0</duration>
          <className>org.joda.time.TestMutableInterval_Updates</className>
          <testName>testTest</testName>
          <skipped>false</skipped>
          <failedSince>0</failedSince>
        </case>
        <case>
          <duration>0.0</duration>
          <className>org.joda.time.TestMutableInterval_Updates</className>
          <testName>testSetInterval_long_long1</testName>
          <skipped>false</skipped>
          <failedSince>0</failedSince>
        </case>
        <case>
          <duration>0.0</duration>
          <className>org.joda.time.TestMutableInterval_Updates</className>
          <testName>testSetInterval_long_long2</testName>
          <skipped>false</skipped>
          <failedSince>0</failedSince>
        </case>
        <case>
          <duration>0.0</duration>
          <className>org.joda.time.TestMutableInterval_Updates</className>
          <testName>testSetInterval_RI_RI1</testName>
          <skipped>false</skipped>
          <failedSince>0</failedSince>
        </case>
        <case>
          <duration>0.0</duration>
          <className>org.joda.time.TestMutableInterval_Updates</className>
          <testName>testSetInterval_RI_RI2</testName>
          <skipped>false</skipped>
          <failedSince>0</failedSince>
        </case>
        <case>
          <duration>0.0</duration>
          <className>org.joda.time.TestMutableInterval_Updates</className>
          <testName>testSetInterval_RI_RI3</testName>
          <skipped>false</skipped>
          <failedSince>0</failedSince>
        </case>
        <case>
          <duration>0.0</duration>
          <className>org.joda.time.TestMutableInterval_Updates</className>
          <testName>testSetInterval_RI_RI4</testName>
          <skipped>false</skipped>
          <failedSince>0</failedSince>
        </case>
        <case>
          <duration>0.0</duration>
          <className>org.joda.time.TestMutableInterval_Updates</className>
          <testName>testSetInterval_RI_RI5</testName>
          <skipped>false</skipped>
          <failedSince>0</failedSince>
        </case>
        <case>
          <duration>0.0</duration>
          <className>org.joda.time.TestMutableInterval_Updates</className>
          <testName>testSetInterval_RInterval1</testName>
          <skipped>false</skipped>
          <failedSince>0</failedSince>
        </case>
        <case>
          <duration>0.004</duration>
          <className>org.joda.time.TestMutableInterval_Updates</className>
          <testName>testSetInterval_RInterval2</testName>
          <skipped>false</skipped>
          <failedSince>0</failedSince>
        </case>
        <case>
          <duration>0.0</duration>
          <className>org.joda.time.TestMutableInterval_Updates</className>
          <testName>testSetInterval_RInterval3</testName>
          <skipped>false</skipped>
          <failedSince>0</failedSince>
        </case>
        <case>
          <duration>0.0</duration>
          <className>org.joda.time.TestMutableInterval_Updates</className>
          <testName>testSetStartMillis_long1</testName>
          <skipped>false</skipped>
          <failedSince>0</failedSince>
        </case>
        <case>
          <duration>0.0</duration>
          <className>org.joda.time.TestMutableInterval_Updates</className>
          <testName>testSetStartMillis_long2</testName>
          <skipped>false</skipped>
          <failedSince>0</failedSince>
        </case>
        <case>
          <duration>0.0</duration>
          <className>org.joda.time.TestMutableInterval_Updates</className>
          <testName>testSetStart_RI1</testName>
          <skipped>false</skipped>
          <failedSince>0</failedSince>
        </case>
        <case>
          <duration>0.0</duration>
          <className>org.joda.time.TestMutableInterval_Updates</className>
          <testName>testSetStart_RI2</testName>
          <skipped>false</skipped>
          <failedSince>0</failedSince>
        </case>
        <case>
          <duration>0.0</duration>
          <className>org.joda.time.TestMutableInterval_Updates</className>
          <testName>testSetStart_RI3</testName>
          <skipped>false</skipped>
          <failedSince>0</failedSince>
        </case>
        <case>
          <duration>0.0</duration>
          <className>org.joda.time.TestMutableInterval_Updates</className>
          <testName>testSetEndMillis_long1</testName>
          <skipped>false</skipped>
          <failedSince>0</failedSince>
        </case>
        <case>
          <duration>0.0</duration>
          <className>org.joda.time.TestMutableInterval_Updates</className>
          <testName>testSetEndMillis_long2</testName>
          <skipped>false</skipped>
          <failedSince>0</failedSince>
        </case>
        <case>
          <duration>0.0</duration>
          <className>org.joda.time.TestMutableInterval_Updates</className>
          <testName>testSetEnd_RI1</testName>
          <skipped>false</skipped>
          <failedSince>0</failedSince>
        </case>
        <case>
          <duration>0.0</duration>
          <className>org.joda.time.TestMutableInterval_Updates</className>
          <testName>testSetEnd_RI2</testName>
          <skipped>false</skipped>
          <failedSince>0</failedSince>
        </case>
        <case>
          <duration>0.0</duration>
          <className>org.joda.time.TestMutableInterval_Updates</className>
          <testName>testSetEnd_RI3</testName>
          <skipped>false</skipped>
          <failedSince>0</failedSince>
        </case>
        <case>
          <duration>0.0</duration>
          <className>org.joda.time.TestMutableInterval_Updates</className>
          <testName>testSetDurationAfterStart_long1</testName>
          <skipped>false</skipped>
          <failedSince>0</failedSince>
        </case>
        <case>
          <duration>0.0</duration>
          <className>org.joda.time.TestMutableInterval_Updates</className>
          <testName>testSeDurationAfterStart_long2</testName>
          <skipped>false</skipped>
          <failedSince>0</failedSince>
        </case>
        <case>
          <duration>0.0</duration>
          <className>org.joda.time.TestMutableInterval_Updates</className>
          <testName>testSetDurationAfterStart_RI1</testName>
          <skipped>false</skipped>
          <failedSince>0</failedSince>
        </case>
        <case>
          <duration>0.0</duration>
          <className>org.joda.time.TestMutableInterval_Updates</className>
          <testName>testSeDurationAfterStart_RI2</testName>
          <skipped>false</skipped>
          <failedSince>0</failedSince>
        </case>
        <case>
          <duration>0.0</duration>
          <className>org.joda.time.TestMutableInterval_Updates</className>
          <testName>testSetDurationAfterStart_RI3</testName>
          <skipped>false</skipped>
          <failedSince>0</failedSince>
        </case>
        <case>
          <duration>0.0</duration>
          <className>org.joda.time.TestMutableInterval_Updates</className>
          <testName>testSetDurationBeforeEnd_long1</testName>
          <skipped>false</skipped>
          <failedSince>0</failedSince>
        </case>
        <case>
          <duration>0.0</duration>
          <className>org.joda.time.TestMutableInterval_Updates</className>
          <testName>testSeDurationBeforeEnd_long2</testName>
          <skipped>false</skipped>
          <failedSince>0</failedSince>
        </case>
        <case>
          <duration>0.0</duration>
          <className>org.joda.time.TestMutableInterval_Updates</className>
          <testName>testSetDurationBeforeEnd_RI1</testName>
          <skipped>false</skipped>
          <failedSince>0</failedSince>
        </case>
        <case>
          <duration>0.0</duration>
          <className>org.joda.time.TestMutableInterval_Updates</className>
          <testName>testSeDurationBeforeEnd_RI2</testName>
          <skipped>false</skipped>
          <failedSince>0</failedSince>
        </case>
        <case>
          <duration>0.0</duration>
          <className>org.joda.time.TestMutableInterval_Updates</className>
          <testName>testSetDurationBeforeEnd_RI3</testName>
          <skipped>false</skipped>
          <failedSince>0</failedSince>
        </case>
        <case>
          <duration>0.0</duration>
          <className>org.joda.time.TestMutableInterval_Updates</className>
          <testName>testSetPeriodAfterStart_RI1</testName>
          <skipped>false</skipped>
          <failedSince>0</failedSince>
        </case>
        <case>
          <duration>0.0</duration>
          <className>org.joda.time.TestMutableInterval_Updates</className>
          <testName>testSePeriodAfterStart_RI2</testName>
          <skipped>false</skipped>
          <failedSince>0</failedSince>
        </case>
        <case>
          <duration>0.0</duration>
          <className>org.joda.time.TestMutableInterval_Updates</className>
          <testName>testSetPeriodAfterStart_RI3</testName>
          <skipped>false</skipped>
          <failedSince>0</failedSince>
        </case>
        <case>
          <duration>0.0</duration>
          <className>org.joda.time.TestMutableInterval_Updates</className>
          <testName>testSetPeriodBeforeEnd_RI1</testName>
          <skipped>false</skipped>
          <failedSince>0</failedSince>
        </case>
        <case>
          <duration>0.0</duration>
          <className>org.joda.time.TestMutableInterval_Updates</className>
          <testName>testSePeriodBeforeEnd_RI2</testName>
          <skipped>false</skipped>
          <failedSince>0</failedSince>
        </case>
        <case>
          <duration>0.0</duration>
          <className>org.joda.time.TestMutableInterval_Updates</className>
          <testName>testSetPeriodBeforeEnd_RI3</testName>
          <skipped>false</skipped>
          <failedSince>0</failedSince>
        </case>
        <case>
          <duration>0.0</duration>
          <className>org.joda.time.TestPeriod_Constructors</className>
          <testName>testParse_noFormatter</testName>
          <skipped>false</skipped>
          <failedSince>0</failedSince>
        </case>
        <case>
          <duration>0.0</duration>
          <className>org.joda.time.TestPeriod_Constructors</className>
          <testName>testConstructor_long1</testName>
          <skipped>false</skipped>
          <failedSince>0</failedSince>
        </case>
        <case>
          <duration>0.0</duration>
          <className>org.joda.time.TestPeriod_Constructors</className>
          <testName>testConstructor_long2</testName>
          <skipped>false</skipped>
          <failedSince>0</failedSince>
        </case>
        <case>
          <duration>0.001</duration>
          <className>org.joda.time.TestPeriod_Constructors</className>
          <testName>testConstructor_long_long1</testName>
          <skipped>false</skipped>
          <failedSince>0</failedSince>
        </case>
        <case>
          <duration>0.0</duration>
          <className>org.joda.time.TestPeriod_Constructors</className>
          <testName>testConstructor_RI_RI1</testName>
          <skipped>false</skipped>
          <failedSince>0</failedSince>
        </case>
        <case>
          <duration>0.0</duration>
          <className>org.joda.time.TestPeriod_Constructors</className>
          <testName>testConstructor_RI_RI2</testName>
          <skipped>false</skipped>
          <failedSince>0</failedSince>
        </case>
        <case>
          <duration>0.0</duration>
          <className>org.joda.time.TestPeriod_Constructors</className>
          <testName>testConstructor_RI_RI3</testName>
          <skipped>false</skipped>
          <failedSince>0</failedSince>
        </case>
        <case>
          <duration>0.0</duration>
          <className>org.joda.time.TestPeriod_Constructors</className>
          <testName>testConstructor_RI_RI4</testName>
          <skipped>false</skipped>
          <failedSince>0</failedSince>
        </case>
        <case>
          <duration>0.0</duration>
          <className>org.joda.time.TestPeriod_Constructors</className>
          <testName>testConstructor_Object1</testName>
          <skipped>false</skipped>
          <failedSince>0</failedSince>
        </case>
        <case>
          <duration>0.0</duration>
          <className>org.joda.time.TestPeriod_Constructors</className>
          <testName>testConstructor_Object2</testName>
          <skipped>false</skipped>
          <failedSince>0</failedSince>
        </case>
        <case>
          <duration>0.0</duration>
          <className>org.joda.time.TestPeriod_Constructors</className>
          <testName>testConstructor_Object3</testName>
          <skipped>false</skipped>
          <failedSince>0</failedSince>
        </case>
        <case>
          <duration>0.0</duration>
          <className>org.joda.time.TestPeriod_Constructors</className>
          <testName>testConstructor_Object4</testName>
          <skipped>false</skipped>
          <failedSince>0</failedSince>
        </case>
        <case>
          <duration>0.0</duration>
          <className>org.joda.time.TestPeriod_Constructors</className>
          <testName>testConstructor_long_long2</testName>
          <skipped>false</skipped>
          <failedSince>0</failedSince>
        </case>
        <case>
          <duration>0.0</duration>
          <className>org.joda.time.TestPeriod_Constructors</className>
          <testName>testConstructor_RI_RI5</testName>
          <skipped>false</skipped>
          <failedSince>0</failedSince>
        </case>
        <case>
          <duration>0.0</duration>
          <className>org.joda.time.TestPeriod_Constructors</className>
          <testName>testConstructor_RI_RI6</testName>
          <skipped>false</skipped>
          <failedSince>0</failedSince>
        </case>
        <case>
          <duration>0.0</duration>
          <className>org.joda.time.TestPeriod_Constructors</className>
          <testName>testConstructor_RI_RI7</testName>
          <skipped>false</skipped>
          <failedSince>0</failedSince>
        </case>
        <case>
          <duration>0.0</duration>
          <className>org.joda.time.TestPeriod_Constructors</className>
          <testName>testConstructor_RI_RD1</testName>
          <skipped>false</skipped>
          <failedSince>0</failedSince>
        </case>
        <case>
          <duration>0.0</duration>
          <className>org.joda.time.TestPeriod_Constructors</className>
          <testName>testConstructor_RI_RD2</testName>
          <skipped>false</skipped>
          <failedSince>0</failedSince>
        </case>
        <case>
          <duration>0.0</duration>
          <className>org.joda.time.TestPeriod_Constructors</className>
          <testName>testConstructor_RD_RI1</testName>
          <skipped>false</skipped>
          <failedSince>0</failedSince>
        </case>
        <case>
          <duration>0.0</duration>
          <className>org.joda.time.TestPeriod_Constructors</className>
          <testName>testConstructor_RD_RI2</testName>
          <skipped>false</skipped>
          <failedSince>0</failedSince>
        </case>
        <case>
          <duration>0.0</duration>
          <className>org.joda.time.TestPeriod_Constructors</className>
          <testName>testConstructor_RP_RP_PeriodType4</testName>
          <skipped>false</skipped>
          <failedSince>0</failedSince>
        </case>
        <case>
          <duration>0.0</duration>
          <className>org.joda.time.TestPeriod_Constructors</className>
          <testName>testConstructor_RP_RP_PeriodType5</testName>
          <skipped>false</skipped>
          <failedSince>0</failedSince>
        </case>
        <case>
          <duration>0.0</duration>
          <className>org.joda.time.TestPeriod_Constructors</className>
          <testName>testConstructor_RP_RP_PeriodType6</testName>
          <skipped>false</skipped>
          <failedSince>0</failedSince>
        </case>
        <case>
          <duration>0.0</duration>
          <className>org.joda.time.TestPeriod_Constructors</className>
          <testName>testConstructor_RP_RP_PeriodType7</testName>
          <skipped>false</skipped>
          <failedSince>0</failedSince>
        </case>
        <case>
          <duration>0.0</duration>
          <className>org.joda.time.TestPeriod_Constructors</className>
          <testName>testConstructor_RP_RP_PeriodType8</testName>
          <skipped>false</skipped>
          <failedSince>0</failedSince>
        </case>
        <case>
          <duration>0.0</duration>
          <className>org.joda.time.TestPeriod_Constructors</className>
          <testName>testConstructor_RI_RD_PeriodType1</testName>
          <skipped>false</skipped>
          <failedSince>0</failedSince>
        </case>
        <case>
          <duration>0.0</duration>
          <className>org.joda.time.TestPeriod_Constructors</className>
          <testName>testConstructor_RI_RD_PeriodType2</testName>
          <skipped>false</skipped>
          <failedSince>0</failedSince>
        </case>
        <case>
          <duration>0.0</duration>
          <className>org.joda.time.TestPeriod_Constructors</className>
          <testName>testConstructor_RD_RI_PeriodType1</testName>
          <skipped>false</skipped>
          <failedSince>0</failedSince>
        </case>
        <case>
          <duration>0.0</duration>
          <className>org.joda.time.TestPeriod_Constructors</className>
          <testName>testConstructor_RD_RI_PeriodType2</testName>
          <skipped>false</skipped>
          <failedSince>0</failedSince>
        </case>
        <case>
          <duration>0.0</duration>
          <className>org.joda.time.TestPeriod_Constructors</className>
          <testName>testConstructor_Object_PeriodType1</testName>
          <skipped>false</skipped>
          <failedSince>0</failedSince>
        </case>
        <case>
          <duration>0.0</duration>
          <className>org.joda.time.TestPeriod_Constructors</className>
          <testName>testConstructor_Object_PeriodType2</testName>
          <skipped>false</skipped>
          <failedSince>0</failedSince>
        </case>
        <case>
          <duration>0.0</duration>
          <className>org.joda.time.TestPeriod_Constructors</className>
          <testName>testConstructor_Object_PeriodType3</testName>
          <skipped>false</skipped>
          <failedSince>0</failedSince>
        </case>
        <case>
          <duration>0.0</duration>
          <className>org.joda.time.TestPeriod_Constructors</className>
          <testName>testConstructor_Object_PeriodType4</testName>
          <skipped>false</skipped>
          <failedSince>0</failedSince>
        </case>
        <case>
          <duration>0.0</duration>
          <className>org.joda.time.TestPeriod_Constructors</className>
          <testName>testFactoryMonths</testName>
          <skipped>false</skipped>
          <failedSince>0</failedSince>
        </case>
        <case>
          <duration>0.0</duration>
          <className>org.joda.time.TestPeriod_Constructors</className>
          <testName>testFactoryWeeks</testName>
          <skipped>false</skipped>
          <failedSince>0</failedSince>
        </case>
        <case>
          <duration>0.0</duration>
          <className>org.joda.time.TestPeriod_Constructors</className>
          <testName>testFactoryDays</testName>
          <skipped>false</skipped>
          <failedSince>0</failedSince>
        </case>
        <case>
          <duration>0.0</duration>
          <className>org.joda.time.TestPeriod_Constructors</className>
          <testName>testFactoryHours</testName>
          <skipped>false</skipped>
          <failedSince>0</failedSince>
        </case>
        <case>
          <duration>0.0</duration>
          <className>org.joda.time.TestPeriod_Constructors</className>
          <testName>testFactoryMinutes</testName>
          <skipped>false</skipped>
          <failedSince>0</failedSince>
        </case>
        <case>
          <duration>0.0</duration>
          <className>org.joda.time.TestPeriod_Constructors</className>
          <testName>testFactorySeconds</testName>
          <skipped>false</skipped>
          <failedSince>0</failedSince>
        </case>
        <case>
          <duration>0.0</duration>
          <className>org.joda.time.TestPeriod_Constructors</className>
          <testName>testFactoryMillis</testName>
          <skipped>false</skipped>
          <failedSince>0</failedSince>
        </case>
        <case>
          <duration>0.001</duration>
          <className>org.joda.time.TestPeriod_Constructors</className>
          <testName>testConstructor_trickyDifferences_RI_RI_toFeb_standardYear</testName>
          <skipped>false</skipped>
          <failedSince>0</failedSince>
        </case>
        <case>
          <duration>0.0</duration>
          <className>org.joda.time.TestPeriod_Constructors</className>
          <testName>testConstructor_trickyDifferences_RI_RI_toFeb_leapYear</testName>
          <skipped>false</skipped>
          <failedSince>0</failedSince>
        </case>
        <case>
          <duration>0.0</duration>
          <className>org.joda.time.TestPeriod_Constructors</className>
          <testName>testConstructor_trickyDifferences_RI_RI_toFeb_exactMonths</testName>
          <skipped>false</skipped>
          <failedSince>0</failedSince>
        </case>
        <case>
          <duration>0.0</duration>
          <className>org.joda.time.TestPeriod_Constructors</className>
          <testName>testConstructor_trickyDifferences_RI_RI_toFeb_endOfMonth1</testName>
          <skipped>false</skipped>
          <failedSince>0</failedSince>
        </case>
        <case>
          <duration>0.0</duration>
          <className>org.joda.time.TestPeriod_Constructors</className>
          <testName>testConstructor_trickyDifferences_RI_RI_toFeb_endOfMonth2</testName>
          <skipped>false</skipped>
          <failedSince>0</failedSince>
        </case>
        <case>
          <duration>0.0</duration>
          <className>org.joda.time.TestPeriod_Constructors</className>
          <testName>testConstructor_trickyDifferences_RI_RI_toFeb_endOfMonth3</testName>
          <skipped>false</skipped>
          <failedSince>0</failedSince>
        </case>
        <case>
          <duration>0.0</duration>
          <className>org.joda.time.TestPeriod_Constructors</className>
          <testName>testConstructor_trickyDifferences_RI_RI_toMar_endOfMonth1</testName>
          <skipped>false</skipped>
          <failedSince>0</failedSince>
        </case>
        <case>
          <duration>0.0</duration>
          <className>org.joda.time.TestPeriod_Constructors</className>
          <testName>testConstructor_trickyDifferences_RI_RI_toMar_endOfMonth2</testName>
          <skipped>false</skipped>
          <failedSince>0</failedSince>
        </case>
        <case>
          <duration>0.0</duration>
          <className>org.joda.time.TestPeriod_Constructors</className>
          <testName>testConstructor_trickyDifferences_LD_LD_toFeb_standardYear</testName>
          <skipped>false</skipped>
          <failedSince>0</failedSince>
        </case>
        <case>
          <duration>0.0</duration>
          <className>org.joda.time.TestPeriod_Constructors</className>
          <testName>testConstructor_trickyDifferences_LD_LD_toFeb_leapYear</testName>
          <skipped>false</skipped>
          <failedSince>0</failedSince>
        </case>
        <case>
          <duration>0.0</duration>
          <className>org.joda.time.TestPeriod_Constructors</className>
          <testName>testConstructor_trickyDifferences_LD_LD_toFeb_exactMonths</testName>
          <skipped>false</skipped>
          <failedSince>0</failedSince>
        </case>
        <case>
          <duration>0.0</duration>
          <className>org.joda.time.TestPeriod_Constructors</className>
          <testName>testConstructor_trickyDifferences_LD_LD_toFeb_endOfMonth1</testName>
          <skipped>false</skipped>
          <failedSince>0</failedSince>
        </case>
        <case>
          <duration>0.0</duration>
          <className>org.joda.time.TestPeriod_Constructors</className>
          <testName>testConstructor_trickyDifferences_LD_LD_toFeb_endOfMonth2</testName>
          <skipped>false</skipped>
          <failedSince>0</failedSince>
        </case>
        <case>
          <duration>0.0</duration>
          <className>org.joda.time.TestPeriod_Constructors</className>
          <testName>testConstructor_trickyDifferences_LD_LD_toFeb_endOfMonth3</testName>
          <skipped>false</skipped>
          <failedSince>0</failedSince>
        </case>
        <case>
          <duration>0.0</duration>
          <className>org.joda.time.TestPeriod_Constructors</className>
          <testName>testConstructor_trickyDifferences_LD_LD_toMar_endOfMonth1</testName>
          <skipped>false</skipped>
          <failedSince>0</failedSince>
        </case>
        <case>
          <duration>0.0</duration>
          <className>org.joda.time.TestPeriod_Constructors</className>
          <testName>testConstructor_trickyDifferences_LD_LD_toMar_endOfMonth2</testName>
          <skipped>false</skipped>
          <failedSince>0</failedSince>
        </case>
        <case>
          <duration>0.0</duration>
          <className>org.joda.time.TestPeriod_Constructors</className>
          <testName>testFactoryFieldDifference1</testName>
          <skipped>false</skipped>
          <failedSince>0</failedSince>
        </case>
        <case>
          <duration>0.0</duration>
          <className>org.joda.time.TestPeriod_Constructors</className>
          <testName>testFactoryFieldDifference2</testName>
          <skipped>false</skipped>
          <failedSince>0</failedSince>
        </case>
        <case>
          <duration>0.001</duration>
          <className>org.joda.time.TestPeriod_Constructors</className>
          <testName>testFactoryFieldDifference3</testName>
          <skipped>false</skipped>
          <failedSince>0</failedSince>
        </case>
        <case>
          <duration>0.001</duration>
          <className>org.joda.time.TestPeriod_Constructors</className>
          <testName>testFactoryFieldDifference4</testName>
          <skipped>false</skipped>
          <failedSince>0</failedSince>
        </case>
        <case>
          <duration>0.0</duration>
          <className>org.joda.time.TestPeriod_Constructors</className>
          <testName>testFactoryFieldDifference5</testName>
          <skipped>false</skipped>
          <failedSince>0</failedSince>
        </case>
        <case>
          <duration>0.0</duration>
          <className>org.joda.time.TestPeriod_Constructors</className>
          <testName>testConstants</testName>
          <skipped>false</skipped>
          <failedSince>0</failedSince>
        </case>
        <case>
          <duration>0.0</duration>
          <className>org.joda.time.TestPeriod_Constructors</className>
          <testName>testConstructor_long_long_Chronology1</testName>
          <skipped>false</skipped>
          <failedSince>0</failedSince>
        </case>
        <case>
          <duration>0.001</duration>
          <className>org.joda.time.TestPeriod_Constructors</className>
          <testName>testConstructor_long_long_Chronology2</testName>
          <skipped>false</skipped>
          <failedSince>0</failedSince>
        </case>
        <case>
          <duration>0.0</duration>
          <className>org.joda.time.TestPeriod_Constructors</className>
          <testName>testConstructor1</testName>
          <skipped>false</skipped>
          <failedSince>0</failedSince>
        </case>
        <case>
          <duration>0.0</duration>
          <className>org.joda.time.TestPeriod_Constructors</className>
          <testName>testConstructor_long3</testName>
          <skipped>false</skipped>
          <failedSince>0</failedSince>
        </case>
        <case>
          <duration>0.0</duration>
          <className>org.joda.time.TestPeriod_Constructors</className>
          <testName>testConstructor_4int1</testName>
          <skipped>false</skipped>
          <failedSince>0</failedSince>
        </case>
        <case>
          <duration>0.0</duration>
          <className>org.joda.time.TestPeriod_Constructors</className>
          <testName>testConstructor_long_fixedZone</testName>
          <skipped>false</skipped>
          <failedSince>0</failedSince>
        </case>
        <case>
          <duration>0.0</duration>
          <className>org.joda.time.TestPeriod_Constructors</className>
          <testName>testConstructor_long_PeriodType1</testName>
          <skipped>false</skipped>
          <failedSince>0</failedSince>
        </case>
        <case>
          <duration>0.0</duration>
          <className>org.joda.time.TestPeriod_Constructors</className>
          <testName>testConstructor_long_PeriodType2</testName>
          <skipped>false</skipped>
          <failedSince>0</failedSince>
        </case>
        <case>
          <duration>0.0</duration>
          <className>org.joda.time.TestPeriod_Constructors</className>
          <testName>testConstructor_long_PeriodType3</testName>
          <skipped>false</skipped>
          <failedSince>0</failedSince>
        </case>
        <case>
          <duration>0.0</duration>
          <className>org.joda.time.TestPeriod_Constructors</className>
          <testName>testConstructor_long_PeriodType4</testName>
          <skipped>false</skipped>
          <failedSince>0</failedSince>
        </case>
        <case>
          <duration>0.0</duration>
          <className>org.joda.time.TestPeriod_Constructors</className>
          <testName>testConstructor_long_Chronology1</testName>
          <skipped>false</skipped>
          <failedSince>0</failedSince>
        </case>
        <case>
          <duration>0.0</duration>
          <className>org.joda.time.TestPeriod_Constructors</className>
          <testName>testConstructor_long_Chronology2</testName>
          <skipped>false</skipped>
          <failedSince>0</failedSince>
        </case>
        <case>
          <duration>0.0</duration>
          <className>org.joda.time.TestPeriod_Constructors</className>
          <testName>testConstructor_long_Chronology3</testName>
          <skipped>false</skipped>
          <failedSince>0</failedSince>
        </case>
        <case>
          <duration>0.0</duration>
          <className>org.joda.time.TestPeriod_Constructors</className>
          <testName>testConstructor_long_PeriodType_Chronology1</testName>
          <skipped>false</skipped>
          <failedSince>0</failedSince>
        </case>
        <case>
          <duration>0.0</duration>
          <className>org.joda.time.TestPeriod_Constructors</className>
          <testName>testConstructor_long_PeriodType_Chronology2</testName>
          <skipped>false</skipped>
          <failedSince>0</failedSince>
        </case>
        <case>
          <duration>0.0</duration>
          <className>org.joda.time.TestPeriod_Constructors</className>
          <testName>testConstructor_long_PeriodType_Chronology3</testName>
          <skipped>false</skipped>
          <failedSince>0</failedSince>
        </case>
        <case>
          <duration>0.0</duration>
          <className>org.joda.time.TestPeriod_Constructors</className>
          <testName>testConstructor_long_PeriodType_Chronology4</testName>
          <skipped>false</skipped>
          <failedSince>0</failedSince>
        </case>
        <case>
          <duration>0.0</duration>
          <className>org.joda.time.TestPeriod_Constructors</className>
          <testName>testConstructor_8int1</testName>
          <skipped>false</skipped>
          <failedSince>0</failedSince>
        </case>
        <case>
          <duration>0.0</duration>
          <className>org.joda.time.TestPeriod_Constructors</className>
          <testName>testConstructor_8int__PeriodType1</testName>
          <skipped>false</skipped>
          <failedSince>0</failedSince>
        </case>
        <case>
          <duration>0.0</duration>
          <className>org.joda.time.TestPeriod_Constructors</className>
          <testName>testConstructor_8int__PeriodType2</testName>
          <skipped>false</skipped>
          <failedSince>0</failedSince>
        </case>
        <case>
          <duration>0.0</duration>
          <className>org.joda.time.TestPeriod_Constructors</className>
          <testName>testConstructor_8int__PeriodType3</testName>
          <skipped>false</skipped>
          <failedSince>0</failedSince>
        </case>
        <case>
          <duration>0.0</duration>
          <className>org.joda.time.TestPeriod_Constructors</className>
          <testName>testConstructor_long_long_PeriodType1</testName>
          <skipped>false</skipped>
          <failedSince>0</failedSince>
        </case>
        <case>
          <duration>0.0</duration>
          <className>org.joda.time.TestPeriod_Constructors</className>
          <testName>testConstructor_long_long_PeriodType2</testName>
          <skipped>false</skipped>
          <failedSince>0</failedSince>
        </case>
        <case>
          <duration>0.0</duration>
          <className>org.joda.time.TestPeriod_Constructors</className>
          <testName>testConstructor_long_long_PeriodType3</testName>
          <skipped>false</skipped>
          <failedSince>0</failedSince>
        </case>
        <case>
          <duration>0.0</duration>
          <className>org.joda.time.TestPeriod_Constructors</className>
          <testName>testToPeriod_PeriodType3</testName>
          <skipped>false</skipped>
          <failedSince>0</failedSince>
        </case>
        <case>
          <duration>0.002</duration>
          <className>org.joda.time.TestPeriod_Constructors</className>
          <testName>testConstructor_long_long_PeriodType_Chronology1</testName>
          <skipped>false</skipped>
          <failedSince>0</failedSince>
        </case>
        <case>
          <duration>0.0</duration>
          <className>org.joda.time.TestPeriod_Constructors</className>
          <testName>testConstructor_long_long_PeriodType_Chronology2</testName>
          <skipped>false</skipped>
          <failedSince>0</failedSince>
        </case>
        <case>
          <duration>0.0</duration>
          <className>org.joda.time.TestPeriod_Constructors</className>
          <testName>testConstructor_RI_RI_PeriodType1</testName>
          <skipped>false</skipped>
          <failedSince>0</failedSince>
        </case>
        <case>
          <duration>0.0</duration>
          <className>org.joda.time.TestPeriod_Constructors</className>
          <testName>testConstructor_RI_RI_PeriodType2</testName>
          <skipped>false</skipped>
          <failedSince>0</failedSince>
        </case>
        <case>
          <duration>0.0</duration>
          <className>org.joda.time.TestPeriod_Constructors</className>
          <testName>testConstructor_RI_RI_PeriodType3</testName>
          <skipped>false</skipped>
          <failedSince>0</failedSince>
        </case>
        <case>
          <duration>0.0</duration>
          <className>org.joda.time.TestPeriod_Constructors</className>
          <testName>testConstructor_RI_RI_PeriodType4</testName>
          <skipped>false</skipped>
          <failedSince>0</failedSince>
        </case>
        <case>
          <duration>0.0</duration>
          <className>org.joda.time.TestPeriod_Constructors</className>
          <testName>testConstructor_RI_RI_PeriodType5</testName>
          <skipped>false</skipped>
          <failedSince>0</failedSince>
        </case>
        <case>
          <duration>0.0</duration>
          <className>org.joda.time.TestPeriod_Constructors</className>
          <testName>testConstructor_RP_RP1</testName>
          <skipped>false</skipped>
          <failedSince>0</failedSince>
        </case>
        <case>
          <duration>0.0</duration>
          <className>org.joda.time.TestPeriod_Constructors</className>
          <testName>testConstructor_RP_RP2</testName>
          <skipped>false</skipped>
          <failedSince>0</failedSince>
        </case>
        <case>
          <duration>0.0</duration>
          <className>org.joda.time.TestPeriod_Constructors</className>
          <testName>testConstructor_RP_RP2Local</testName>
          <skipped>false</skipped>
          <failedSince>0</failedSince>
        </case>
        <case>
          <duration>0.0</duration>
          <className>org.joda.time.TestPeriod_Constructors</className>
          <testName>testConstructor_RP_RP3</testName>
          <skipped>false</skipped>
          <failedSince>0</failedSince>
        </case>
        <case>
          <duration>0.0</duration>
          <className>org.joda.time.TestPeriod_Constructors</className>
          <testName>testConstructor_RP_RP4</testName>
          <skipped>false</skipped>
          <failedSince>0</failedSince>
        </case>
        <case>
          <duration>0.0</duration>
          <className>org.joda.time.TestPeriod_Constructors</className>
          <testName>testConstructor_RP_RP5</testName>
          <skipped>false</skipped>
          <failedSince>0</failedSince>
        </case>
        <case>
          <duration>0.0</duration>
          <className>org.joda.time.TestPeriod_Constructors</className>
          <testName>testConstructor_RP_RP6</testName>
          <skipped>false</skipped>
          <failedSince>0</failedSince>
        </case>
        <case>
          <duration>0.0</duration>
          <className>org.joda.time.TestPeriod_Constructors</className>
          <testName>testConstructor_RP_RP7</testName>
          <skipped>false</skipped>
          <failedSince>0</failedSince>
        </case>
        <case>
          <duration>0.0</duration>
          <className>org.joda.time.TestPeriod_Constructors</className>
          <testName>testConstructor_RP_RP8</testName>
          <skipped>false</skipped>
          <failedSince>0</failedSince>
        </case>
        <case>
          <duration>0.0</duration>
          <className>org.joda.time.TestPeriod_Constructors</className>
          <testName>testConstructor_RP_RP_PeriodType1</testName>
          <skipped>false</skipped>
          <failedSince>0</failedSince>
        </case>
        <case>
          <duration>0.0</duration>
          <className>org.joda.time.TestPeriod_Constructors</className>
          <testName>testConstructor_RP_RP_PeriodType2</testName>
          <skipped>false</skipped>
          <failedSince>0</failedSince>
        </case>
        <case>
          <duration>0.0</duration>
          <className>org.joda.time.TestPeriod_Constructors</className>
          <testName>testConstructor_RP_RP_PeriodType2Local</testName>
          <skipped>false</skipped>
          <failedSince>0</failedSince>
        </case>
        <case>
          <duration>0.0</duration>
          <className>org.joda.time.TestPeriod_Constructors</className>
          <testName>testConstructor_RP_RP_PeriodType3</testName>
          <skipped>false</skipped>
          <failedSince>0</failedSince>
        </case>
        <case>
          <duration>0.0</duration>
          <className>org.joda.time.TestPeriod_Constructors</className>
          <testName>testFactoryYears</testName>
          <skipped>false</skipped>
          <failedSince>0</failedSince>
        </case>
        <case>
          <duration>0.001</duration>
          <className>org.joda.time.TestPeriod_Basics</className>
          <testName>testTest</testName>
          <skipped>false</skipped>
          <failedSince>0</failedSince>
        </case>
        <case>
          <duration>0.0</duration>
          <className>org.joda.time.TestPeriod_Basics</className>
          <testName>testToString</testName>
          <skipped>false</skipped>
          <failedSince>0</failedSince>
        </case>
        <case>
          <duration>0.0</duration>
          <className>org.joda.time.TestPeriod_Basics</className>
          <testName>testGetMethods</testName>
          <skipped>false</skipped>
          <failedSince>0</failedSince>
        </case>
        <case>
          <duration>0.001</duration>
          <className>org.joda.time.TestPeriod_Basics</className>
          <testName>testEqualsHashCode</testName>
          <skipped>false</skipped>
          <failedSince>0</failedSince>
        </case>
        <case>
          <duration>0.021</duration>
          <className>org.joda.time.TestPeriod_Basics</className>
          <testName>testSerialization</testName>
          <skipped>false</skipped>
          <failedSince>0</failedSince>
        </case>
        <case>
          <duration>0.0</duration>
          <className>org.joda.time.TestPeriod_Basics</className>
          <testName>testWithField1</testName>
          <skipped>false</skipped>
          <failedSince>0</failedSince>
        </case>
        <case>
          <duration>0.0</duration>
          <className>org.joda.time.TestPeriod_Basics</className>
          <testName>testWithField2</testName>
          <skipped>false</skipped>
          <failedSince>0</failedSince>
        </case>
        <case>
          <duration>0.0</duration>
          <className>org.joda.time.TestPeriod_Basics</className>
          <testName>testWithFieldAdded1</testName>
          <skipped>false</skipped>
          <failedSince>0</failedSince>
        </case>
        <case>
          <duration>0.0</duration>
          <className>org.joda.time.TestPeriod_Basics</className>
          <testName>testWithFieldAdded2</testName>
          <skipped>false</skipped>
          <failedSince>0</failedSince>
        </case>
        <case>
          <duration>0.0</duration>
          <className>org.joda.time.TestPeriod_Basics</className>
          <testName>testWithFieldAdded3</testName>
          <skipped>false</skipped>
          <failedSince>0</failedSince>
        </case>
        <case>
          <duration>0.0</duration>
          <className>org.joda.time.TestPeriod_Basics</className>
          <testName>testWithFieldAdded4</testName>
          <skipped>false</skipped>
          <failedSince>0</failedSince>
        </case>
        <case>
          <duration>0.0</duration>
          <className>org.joda.time.TestPeriod_Basics</className>
          <testName>testToStandardDays</testName>
          <skipped>false</skipped>
          <failedSince>0</failedSince>
        </case>
        <case>
          <duration>0.0</duration>
          <className>org.joda.time.TestPeriod_Basics</className>
          <testName>testToStandardHours</testName>
          <skipped>false</skipped>
          <failedSince>0</failedSince>
        </case>
        <case>
          <duration>0.0</duration>
          <className>org.joda.time.TestPeriod_Basics</className>
          <testName>testToStandardMinutes</testName>
          <skipped>false</skipped>
          <failedSince>0</failedSince>
        </case>
        <case>
          <duration>0.0</duration>
          <className>org.joda.time.TestPeriod_Basics</className>
          <testName>testToStandardSeconds</testName>
          <skipped>false</skipped>
          <failedSince>0</failedSince>
        </case>
        <case>
          <duration>0.0</duration>
          <className>org.joda.time.TestPeriod_Basics</className>
          <testName>testToPeriod</testName>
          <skipped>false</skipped>
          <failedSince>0</failedSince>
        </case>
        <case>
          <duration>0.0</duration>
          <className>org.joda.time.TestPeriod_Basics</className>
          <testName>testWith</testName>
          <skipped>false</skipped>
          <failedSince>0</failedSince>
        </case>
        <case>
          <duration>0.002</duration>
          <className>org.joda.time.TestPeriod_Basics</className>
          <testName>testGet</testName>
          <skipped>false</skipped>
          <failedSince>0</failedSince>
        </case>
        <case>
          <duration>0.0</duration>
          <className>org.joda.time.TestPeriod_Basics</className>
          <testName>testGetPeriodType</testName>
          <skipped>false</skipped>
          <failedSince>0</failedSince>
        </case>
        <case>
          <duration>0.0</duration>
          <className>org.joda.time.TestPeriod_Basics</className>
          <testName>testValueIndexMethods</testName>
          <skipped>false</skipped>
          <failedSince>0</failedSince>
        </case>
        <case>
          <duration>0.0</duration>
          <className>org.joda.time.TestPeriod_Basics</className>
          <testName>testTypeIndexMethods</testName>
          <skipped>false</skipped>
          <failedSince>0</failedSince>
        </case>
        <case>
          <duration>0.0</duration>
          <className>org.joda.time.TestPeriod_Basics</className>
          <testName>testIsSupported</testName>
          <skipped>false</skipped>
          <failedSince>0</failedSince>
        </case>
        <case>
          <duration>0.0</duration>
          <className>org.joda.time.TestPeriod_Basics</className>
          <testName>testIndexOf</testName>
          <skipped>false</skipped>
          <failedSince>0</failedSince>
        </case>
        <case>
          <duration>0.015</duration>
          <className>org.joda.time.TestPeriod_Basics</className>
          <testName>testToString_PeriodFormatter</testName>
          <skipped>false</skipped>
          <failedSince>0</failedSince>
        </case>
        <case>
          <duration>0.001</duration>
          <className>org.joda.time.TestPeriod_Basics</className>
          <testName>testToString_nullPeriodFormatter</testName>
          <skipped>false</skipped>
          <failedSince>0</failedSince>
        </case>
        <case>
          <duration>0.0</duration>
          <className>org.joda.time.TestPeriod_Basics</className>
          <testName>testToMutablePeriod</testName>
          <skipped>false</skipped>
          <failedSince>0</failedSince>
        </case>
        <case>
          <duration>0.0</duration>
          <className>org.joda.time.TestPeriod_Basics</className>
          <testName>testToDurationFrom</testName>
          <skipped>false</skipped>
          <failedSince>0</failedSince>
        </case>
        <case>
          <duration>0.0</duration>
          <className>org.joda.time.TestPeriod_Basics</className>
          <testName>testToDurationTo</testName>
          <skipped>false</skipped>
          <failedSince>0</failedSince>
        </case>
        <case>
          <duration>0.0</duration>
          <className>org.joda.time.TestPeriod_Basics</className>
          <testName>testWithPeriodType1</testName>
          <skipped>false</skipped>
          <failedSince>0</failedSince>
        </case>
        <case>
          <duration>0.0</duration>
          <className>org.joda.time.TestPeriod_Basics</className>
          <testName>testWithPeriodType2</testName>
          <skipped>false</skipped>
          <failedSince>0</failedSince>
        </case>
        <case>
          <duration>0.0</duration>
          <className>org.joda.time.TestPeriod_Basics</className>
          <testName>testWithPeriodType3</testName>
          <skipped>false</skipped>
          <failedSince>0</failedSince>
        </case>
        <case>
          <duration>0.0</duration>
          <className>org.joda.time.TestPeriod_Basics</className>
          <testName>testWithPeriodType4</testName>
          <skipped>false</skipped>
          <failedSince>0</failedSince>
        </case>
        <case>
          <duration>0.0</duration>
          <className>org.joda.time.TestPeriod_Basics</className>
          <testName>testWithPeriodType5</testName>
          <skipped>false</skipped>
          <failedSince>0</failedSince>
        </case>
        <case>
          <duration>0.0</duration>
          <className>org.joda.time.TestPeriod_Basics</className>
          <testName>testWithFields1</testName>
          <skipped>false</skipped>
          <failedSince>0</failedSince>
        </case>
        <case>
          <duration>0.0</duration>
          <className>org.joda.time.TestPeriod_Basics</className>
          <testName>testWithFields2</testName>
          <skipped>false</skipped>
          <failedSince>0</failedSince>
        </case>
        <case>
          <duration>0.0</duration>
          <className>org.joda.time.TestPeriod_Basics</className>
          <testName>testWithFields3</testName>
          <skipped>false</skipped>
          <failedSince>0</failedSince>
        </case>
        <case>
          <duration>0.0</duration>
          <className>org.joda.time.TestPeriod_Basics</className>
          <testName>testWithField3</testName>
          <skipped>false</skipped>
          <failedSince>0</failedSince>
        </case>
        <case>
          <duration>0.0</duration>
          <className>org.joda.time.TestPeriod_Basics</className>
          <testName>testWithField4</testName>
          <skipped>false</skipped>
          <failedSince>0</failedSince>
        </case>
        <case>
          <duration>0.0</duration>
          <className>org.joda.time.TestPeriod_Basics</className>
          <testName>testPeriodStatics</testName>
          <skipped>false</skipped>
          <failedSince>0</failedSince>
        </case>
        <case>
          <duration>0.001</duration>
          <className>org.joda.time.TestPeriod_Basics</className>
          <testName>testPlus</testName>
          <skipped>false</skipped>
          <failedSince>0</failedSince>
        </case>
        <case>
          <duration>0.001</duration>
          <className>org.joda.time.TestPeriod_Basics</className>
          <testName>testMinus</testName>
          <skipped>false</skipped>
          <failedSince>0</failedSince>
        </case>
        <case>
          <duration>0.0</duration>
          <className>org.joda.time.TestPeriod_Basics</className>
          <testName>testPlusFields</testName>
          <skipped>false</skipped>
          <failedSince>0</failedSince>
        </case>
        <case>
          <duration>0.0</duration>
          <className>org.joda.time.TestPeriod_Basics</className>
          <testName>testPlusFieldsZero</testName>
          <skipped>false</skipped>
          <failedSince>0</failedSince>
        </case>
        <case>
          <duration>0.0</duration>
          <className>org.joda.time.TestPeriod_Basics</className>
          <testName>testMinusFields</testName>
          <skipped>false</skipped>
          <failedSince>0</failedSince>
        </case>
        <case>
          <duration>0.0</duration>
          <className>org.joda.time.TestPeriod_Basics</className>
          <testName>testMultipliedBy</testName>
          <skipped>false</skipped>
          <failedSince>0</failedSince>
        </case>
        <case>
          <duration>0.0</duration>
          <className>org.joda.time.TestPeriod_Basics</className>
          <testName>testNegated</testName>
          <skipped>false</skipped>
          <failedSince>0</failedSince>
        </case>
        <case>
          <duration>0.001</duration>
          <className>org.joda.time.TestPeriod_Basics</className>
          <testName>testToStandardWeeks</testName>
          <skipped>false</skipped>
          <failedSince>0</failedSince>
        </case>
        <case>
          <duration>0.002</duration>
          <className>org.joda.time.TestPeriod_Basics</className>
          <testName>testToStandardWeeks_years</testName>
          <skipped>false</skipped>
          <failedSince>0</failedSince>
        </case>
        <case>
          <duration>0.0</duration>
          <className>org.joda.time.TestPeriod_Basics</className>
          <testName>testToStandardWeeks_months</testName>
          <skipped>false</skipped>
          <failedSince>0</failedSince>
        </case>
        <case>
          <duration>0.0</duration>
          <className>org.joda.time.TestPeriod_Basics</className>
          <testName>testToStandardDays_years</testName>
          <skipped>false</skipped>
          <failedSince>0</failedSince>
        </case>
        <case>
          <duration>0.0</duration>
          <className>org.joda.time.TestPeriod_Basics</className>
          <testName>testToStandardDays_months</testName>
          <skipped>false</skipped>
          <failedSince>0</failedSince>
        </case>
        <case>
          <duration>0.0</duration>
          <className>org.joda.time.TestPeriod_Basics</className>
          <testName>testToStandardHours_years</testName>
          <skipped>false</skipped>
          <failedSince>0</failedSince>
        </case>
        <case>
          <duration>0.0</duration>
          <className>org.joda.time.TestPeriod_Basics</className>
          <testName>testToStandardHours_months</testName>
          <skipped>false</skipped>
          <failedSince>0</failedSince>
        </case>
        <case>
          <duration>0.0</duration>
          <className>org.joda.time.TestPeriod_Basics</className>
          <testName>testToStandardMinutes_years</testName>
          <skipped>false</skipped>
          <failedSince>0</failedSince>
        </case>
        <case>
          <duration>0.0</duration>
          <className>org.joda.time.TestPeriod_Basics</className>
          <testName>testToStandardMinutes_months</testName>
          <skipped>false</skipped>
          <failedSince>0</failedSince>
        </case>
        <case>
          <duration>0.001</duration>
          <className>org.joda.time.TestPeriod_Basics</className>
          <testName>testToStandardSeconds_years</testName>
          <skipped>false</skipped>
          <failedSince>0</failedSince>
        </case>
        <case>
          <duration>0.0</duration>
          <className>org.joda.time.TestPeriod_Basics</className>
          <testName>testToStandardSeconds_months</testName>
          <skipped>false</skipped>
          <failedSince>0</failedSince>
        </case>
        <case>
          <duration>0.0</duration>
          <className>org.joda.time.TestPeriod_Basics</className>
          <testName>testToStandardDuration</testName>
          <skipped>false</skipped>
          <failedSince>0</failedSince>
        </case>
        <case>
          <duration>0.0</duration>
          <className>org.joda.time.TestPeriod_Basics</className>
          <testName>testToStandardDuration_years</testName>
          <skipped>false</skipped>
          <failedSince>0</failedSince>
        </case>
        <case>
          <duration>0.0</duration>
          <className>org.joda.time.TestPeriod_Basics</className>
          <testName>testToStandardDuration_months</testName>
          <skipped>false</skipped>
          <failedSince>0</failedSince>
        </case>
        <case>
          <duration>0.0</duration>
          <className>org.joda.time.TestPeriod_Basics</className>
          <testName>testNormalizedStandard_yearMonth1</testName>
          <skipped>false</skipped>
          <failedSince>0</failedSince>
        </case>
        <case>
          <duration>0.0</duration>
          <className>org.joda.time.TestPeriod_Basics</className>
          <testName>testNormalizedStandard_yearMonth2</testName>
          <skipped>false</skipped>
          <failedSince>0</failedSince>
        </case>
        <case>
          <duration>0.0</duration>
          <className>org.joda.time.TestPeriod_Basics</className>
          <testName>testNormalizedStandard_weekDay1</testName>
          <skipped>false</skipped>
          <failedSince>0</failedSince>
        </case>
        <case>
          <duration>0.0</duration>
          <className>org.joda.time.TestPeriod_Basics</className>
          <testName>testNormalizedStandard_weekDay2</testName>
          <skipped>false</skipped>
          <failedSince>0</failedSince>
        </case>
        <case>
          <duration>0.0</duration>
          <className>org.joda.time.TestPeriod_Basics</className>
          <testName>testNormalizedStandard_yearMonthWeekDay</testName>
          <skipped>false</skipped>
          <failedSince>0</failedSince>
        </case>
        <case>
          <duration>0.0</duration>
          <className>org.joda.time.TestPeriod_Basics</className>
          <testName>testNormalizedStandard_yearMonthDay</testName>
          <skipped>false</skipped>
          <failedSince>0</failedSince>
        </case>
        <case>
          <duration>0.0</duration>
          <className>org.joda.time.TestPeriod_Basics</className>
          <testName>testNormalizedStandard_negative</testName>
          <skipped>false</skipped>
          <failedSince>0</failedSince>
        </case>
        <case>
          <duration>0.0</duration>
          <className>org.joda.time.TestPeriod_Basics</className>
          <testName>testNormalizedStandard_fullNegative</testName>
          <skipped>false</skipped>
          <failedSince>0</failedSince>
        </case>
        <case>
          <duration>0.0</duration>
          <className>org.joda.time.TestPeriod_Basics</className>
          <testName>testNormalizedStandard_periodType_yearMonth1</testName>
          <skipped>false</skipped>
          <failedSince>0</failedSince>
        </case>
        <case>
          <duration>0.0</duration>
          <className>org.joda.time.TestPeriod_Basics</className>
          <testName>testNormalizedStandard_periodType_yearMonth2</testName>
          <skipped>false</skipped>
          <failedSince>0</failedSince>
        </case>
        <case>
          <duration>0.0</duration>
          <className>org.joda.time.TestPeriod_Basics</className>
          <testName>testNormalizedStandard_periodType_yearMonth3</testName>
          <skipped>false</skipped>
          <failedSince>0</failedSince>
        </case>
        <case>
          <duration>0.001</duration>
          <className>org.joda.time.TestPeriod_Basics</className>
          <testName>testNormalizedStandard_periodType_weekDay1</testName>
          <skipped>false</skipped>
          <failedSince>0</failedSince>
        </case>
        <case>
          <duration>0.0</duration>
          <className>org.joda.time.TestPeriod_Basics</className>
          <testName>testNormalizedStandard_periodType_weekDay2</testName>
          <skipped>false</skipped>
          <failedSince>0</failedSince>
        </case>
        <case>
          <duration>0.0</duration>
          <className>org.joda.time.TestPeriod_Basics</className>
          <testName>testNormalizedStandard_periodType_weekDay3</testName>
          <skipped>false</skipped>
          <failedSince>0</failedSince>
        </case>
        <case>
          <duration>0.0</duration>
          <className>org.joda.time.TestPeriod_Basics</className>
          <testName>testNormalizedStandard_periodType_yearMonthWeekDay</testName>
          <skipped>false</skipped>
          <failedSince>0</failedSince>
        </case>
        <case>
          <duration>0.0</duration>
          <className>org.joda.time.TestPeriod_Basics</className>
          <testName>testNormalizedStandard_periodType_yearMonthDay</testName>
          <skipped>false</skipped>
          <failedSince>0</failedSince>
        </case>
        <case>
          <duration>0.0</duration>
          <className>org.joda.time.TestPeriod_Basics</className>
          <testName>testNormalizedStandard_periodType_months1</testName>
          <skipped>false</skipped>
          <failedSince>0</failedSince>
        </case>
        <case>
          <duration>0.0</duration>
          <className>org.joda.time.TestPeriod_Basics</className>
          <testName>testNormalizedStandard_periodType_months2</testName>
          <skipped>false</skipped>
          <failedSince>0</failedSince>
        </case>
        <case>
          <duration>0.0</duration>
          <className>org.joda.time.TestPeriod_Basics</className>
          <testName>testNormalizedStandard_periodType_months3</testName>
          <skipped>false</skipped>
          <failedSince>0</failedSince>
        </case>
        <case>
          <duration>0.001</duration>
          <className>org.joda.time.TestPeriod_Basics</className>
          <testName>testNormalizedStandard_periodType_years</testName>
          <skipped>false</skipped>
          <failedSince>0</failedSince>
        </case>
        <case>
          <duration>0.001</duration>
          <className>org.joda.time.TestPeriod_Basics</className>
          <testName>testNormalizedStandard_periodType_monthsWeeks</testName>
          <skipped>false</skipped>
          <failedSince>0</failedSince>
        </case>
        <case>
          <duration>0.0</duration>
          <className>org.joda.time.TestMutablePeriod_Constructors</className>
          <testName>testParse_noFormatter</testName>
          <skipped>false</skipped>
          <failedSince>0</failedSince>
        </case>
        <case>
          <duration>0.0</duration>
          <className>org.joda.time.TestMutablePeriod_Constructors</className>
          <testName>testConstructor_long1</testName>
          <skipped>false</skipped>
          <failedSince>0</failedSince>
        </case>
        <case>
          <duration>0.0</duration>
          <className>org.joda.time.TestMutablePeriod_Constructors</className>
          <testName>testConstructor_long2</testName>
          <skipped>false</skipped>
          <failedSince>0</failedSince>
        </case>
        <case>
          <duration>0.0</duration>
          <className>org.joda.time.TestMutablePeriod_Constructors</className>
          <testName>testConstructor_long_long1</testName>
          <skipped>false</skipped>
          <failedSince>0</failedSince>
        </case>
        <case>
          <duration>0.0</duration>
          <className>org.joda.time.TestMutablePeriod_Constructors</className>
          <testName>testConstructor_RI_RI1</testName>
          <skipped>false</skipped>
          <failedSince>0</failedSince>
        </case>
        <case>
          <duration>0.0</duration>
          <className>org.joda.time.TestMutablePeriod_Constructors</className>
          <testName>testConstructor_RI_RI2</testName>
          <skipped>false</skipped>
          <failedSince>0</failedSince>
        </case>
        <case>
          <duration>0.0</duration>
          <className>org.joda.time.TestMutablePeriod_Constructors</className>
          <testName>testConstructor_RI_RI3</testName>
          <skipped>false</skipped>
          <failedSince>0</failedSince>
        </case>
        <case>
          <duration>0.0</duration>
          <className>org.joda.time.TestMutablePeriod_Constructors</className>
          <testName>testConstructor_RI_RI4</testName>
          <skipped>false</skipped>
          <failedSince>0</failedSince>
        </case>
        <case>
          <duration>0.0</duration>
          <className>org.joda.time.TestMutablePeriod_Constructors</className>
          <testName>testConstructor_Object1</testName>
          <skipped>false</skipped>
          <failedSince>0</failedSince>
        </case>
        <case>
          <duration>0.0</duration>
          <className>org.joda.time.TestMutablePeriod_Constructors</className>
          <testName>testConstructor_Object2</testName>
          <skipped>false</skipped>
          <failedSince>0</failedSince>
        </case>
        <case>
          <duration>0.0</duration>
          <className>org.joda.time.TestMutablePeriod_Constructors</className>
          <testName>testConstructor_Object3</testName>
          <skipped>false</skipped>
          <failedSince>0</failedSince>
        </case>
        <case>
          <duration>0.0</duration>
          <className>org.joda.time.TestMutablePeriod_Constructors</className>
          <testName>testConstructor_Object4</testName>
          <skipped>false</skipped>
          <failedSince>0</failedSince>
        </case>
        <case>
          <duration>0.0</duration>
          <className>org.joda.time.TestMutablePeriod_Constructors</className>
          <testName>testConstructor_long_long2</testName>
          <skipped>false</skipped>
          <failedSince>0</failedSince>
        </case>
        <case>
          <duration>0.001</duration>
          <className>org.joda.time.TestMutablePeriod_Constructors</className>
          <testName>testConstructor_RI_RI5</testName>
          <skipped>false</skipped>
          <failedSince>0</failedSince>
        </case>
        <case>
          <duration>0.0</duration>
          <className>org.joda.time.TestMutablePeriod_Constructors</className>
          <testName>testConstructor_RI_RD1</testName>
          <skipped>false</skipped>
          <failedSince>0</failedSince>
        </case>
        <case>
          <duration>0.0</duration>
          <className>org.joda.time.TestMutablePeriod_Constructors</className>
          <testName>testConstructor_RI_RD2</testName>
          <skipped>false</skipped>
          <failedSince>0</failedSince>
        </case>
        <case>
          <duration>0.001</duration>
          <className>org.joda.time.TestMutablePeriod_Constructors</className>
          <testName>testConstructor_Object_Chronology1</testName>
          <skipped>false</skipped>
          <failedSince>0</failedSince>
        </case>
        <case>
          <duration>0.0</duration>
          <className>org.joda.time.TestMutablePeriod_Constructors</className>
          <testName>testConstructor_Object_Chronology2</testName>
          <skipped>false</skipped>
          <failedSince>0</failedSince>
        </case>
        <case>
          <duration>0.0</duration>
          <className>org.joda.time.TestMutablePeriod_Constructors</className>
          <testName>testConstructor_RI_RD_PeriodType1</testName>
          <skipped>false</skipped>
          <failedSince>0</failedSince>
        </case>
        <case>
          <duration>0.0</duration>
          <className>org.joda.time.TestMutablePeriod_Constructors</className>
          <testName>testConstructor_RI_RD_PeriodType2</testName>
          <skipped>false</skipped>
          <failedSince>0</failedSince>
        </case>
        <case>
          <duration>0.0</duration>
          <className>org.joda.time.TestMutablePeriod_Constructors</className>
          <testName>testConstructor_Object_PeriodType1</testName>
          <skipped>false</skipped>
          <failedSince>0</failedSince>
        </case>
        <case>
          <duration>0.0</duration>
          <className>org.joda.time.TestMutablePeriod_Constructors</className>
          <testName>testConstructor_Object_PeriodType2</testName>
          <skipped>false</skipped>
          <failedSince>0</failedSince>
        </case>
        <case>
          <duration>0.001</duration>
          <className>org.joda.time.TestMutablePeriod_Constructors</className>
          <testName>testConstructor_Object_PeriodType3</testName>
          <skipped>false</skipped>
          <failedSince>0</failedSince>
        </case>
        <case>
          <duration>0.0</duration>
          <className>org.joda.time.TestMutablePeriod_Constructors</className>
          <testName>testConstructor_Object_PeriodType4</testName>
          <skipped>false</skipped>
          <failedSince>0</failedSince>
        </case>
        <case>
          <duration>0.0</duration>
          <className>org.joda.time.TestMutablePeriod_Constructors</className>
          <testName>testConstructor_long_long_Chronology1</testName>
          <skipped>false</skipped>
          <failedSince>0</failedSince>
        </case>
        <case>
          <duration>0.0</duration>
          <className>org.joda.time.TestMutablePeriod_Constructors</className>
          <testName>testConstructor_long_long_Chronology2</testName>
          <skipped>false</skipped>
          <failedSince>0</failedSince>
        </case>
        <case>
          <duration>0.0</duration>
          <className>org.joda.time.TestMutablePeriod_Constructors</className>
          <testName>testConstructor1</testName>
          <skipped>false</skipped>
          <failedSince>0</failedSince>
        </case>
        <case>
          <duration>0.001</duration>
          <className>org.joda.time.TestMutablePeriod_Constructors</className>
          <testName>testConstructor_long3</testName>
          <skipped>false</skipped>
          <failedSince>0</failedSince>
        </case>
        <case>
          <duration>0.0</duration>
          <className>org.joda.time.TestMutablePeriod_Constructors</className>
          <testName>testConstructor_4int1</testName>
          <skipped>false</skipped>
          <failedSince>0</failedSince>
        </case>
        <case>
          <duration>0.0</duration>
          <className>org.joda.time.TestMutablePeriod_Constructors</className>
          <testName>testConstructor_PeriodType1</testName>
          <skipped>false</skipped>
          <failedSince>0</failedSince>
        </case>
        <case>
          <duration>0.0</duration>
          <className>org.joda.time.TestMutablePeriod_Constructors</className>
          <testName>testConstructor_long_PeriodType1</testName>
          <skipped>false</skipped>
          <failedSince>0</failedSince>
        </case>
        <case>
          <duration>0.0</duration>
          <className>org.joda.time.TestMutablePeriod_Constructors</className>
          <testName>testConstructor_long_PeriodType2</testName>
          <skipped>false</skipped>
          <failedSince>0</failedSince>
        </case>
        <case>
          <duration>0.0</duration>
          <className>org.joda.time.TestMutablePeriod_Constructors</className>
          <testName>testConstructor_long_PeriodType3</testName>
          <skipped>false</skipped>
          <failedSince>0</failedSince>
        </case>
        <case>
          <duration>0.0</duration>
          <className>org.joda.time.TestMutablePeriod_Constructors</className>
          <testName>testConstructor_long_PeriodType4</testName>
          <skipped>false</skipped>
          <failedSince>0</failedSince>
        </case>
        <case>
          <duration>0.0</duration>
          <className>org.joda.time.TestMutablePeriod_Constructors</className>
          <testName>testConstructor_long_Chronology1</testName>
          <skipped>false</skipped>
          <failedSince>0</failedSince>
        </case>
        <case>
          <duration>0.0</duration>
          <className>org.joda.time.TestMutablePeriod_Constructors</className>
          <testName>testConstructor_long_Chronology2</testName>
          <skipped>false</skipped>
          <failedSince>0</failedSince>
        </case>
        <case>
          <duration>0.0</duration>
          <className>org.joda.time.TestMutablePeriod_Constructors</className>
          <testName>testConstructor_long_Chronology3</testName>
          <skipped>false</skipped>
          <failedSince>0</failedSince>
        </case>
        <case>
          <duration>0.0</duration>
          <className>org.joda.time.TestMutablePeriod_Constructors</className>
          <testName>testConstructor_long_PeriodType_Chronology1</testName>
          <skipped>false</skipped>
          <failedSince>0</failedSince>
        </case>
        <case>
          <duration>0.0</duration>
          <className>org.joda.time.TestMutablePeriod_Constructors</className>
          <testName>testConstructor_long_PeriodType_Chronology2</testName>
          <skipped>false</skipped>
          <failedSince>0</failedSince>
        </case>
        <case>
          <duration>0.0</duration>
          <className>org.joda.time.TestMutablePeriod_Constructors</className>
          <testName>testConstructor_long_PeriodType_Chronology3</testName>
          <skipped>false</skipped>
          <failedSince>0</failedSince>
        </case>
        <case>
          <duration>0.0</duration>
          <className>org.joda.time.TestMutablePeriod_Constructors</className>
          <testName>testConstructor_long_PeriodType_Chronology4</testName>
          <skipped>false</skipped>
          <failedSince>0</failedSince>
        </case>
        <case>
          <duration>0.0</duration>
          <className>org.joda.time.TestMutablePeriod_Constructors</className>
          <testName>testConstructor_8int1</testName>
          <skipped>false</skipped>
          <failedSince>0</failedSince>
        </case>
        <case>
          <duration>0.0</duration>
          <className>org.joda.time.TestMutablePeriod_Constructors</className>
          <testName>testConstructor_8int__PeriodType1</testName>
          <skipped>false</skipped>
          <failedSince>0</failedSince>
        </case>
        <case>
          <duration>0.001</duration>
          <className>org.joda.time.TestMutablePeriod_Constructors</className>
          <testName>testConstructor_8int__PeriodType2</testName>
          <skipped>false</skipped>
          <failedSince>0</failedSince>
        </case>
        <case>
          <duration>0.0</duration>
          <className>org.joda.time.TestMutablePeriod_Constructors</className>
          <testName>testConstructor_8int__PeriodType3</testName>
          <skipped>false</skipped>
          <failedSince>0</failedSince>
        </case>
        <case>
          <duration>0.0</duration>
          <className>org.joda.time.TestMutablePeriod_Constructors</className>
          <testName>testConstructor_long_long_PeriodType1</testName>
          <skipped>false</skipped>
          <failedSince>0</failedSince>
        </case>
        <case>
          <duration>0.0</duration>
          <className>org.joda.time.TestMutablePeriod_Constructors</className>
          <testName>testConstructor_long_long_PeriodType2</testName>
          <skipped>false</skipped>
          <failedSince>0</failedSince>
        </case>
        <case>
          <duration>0.0</duration>
          <className>org.joda.time.TestMutablePeriod_Constructors</className>
          <testName>testConstructor_long_long_PeriodType3</testName>
          <skipped>false</skipped>
          <failedSince>0</failedSince>
        </case>
        <case>
          <duration>0.0</duration>
          <className>org.joda.time.TestMutablePeriod_Constructors</className>
          <testName>testConstructor_long_long_PeriodType_Chronology1</testName>
          <skipped>false</skipped>
          <failedSince>0</failedSince>
        </case>
        <case>
          <duration>0.0</duration>
          <className>org.joda.time.TestMutablePeriod_Constructors</className>
          <testName>testConstructor_long_long_PeriodType_Chronology2</testName>
          <skipped>false</skipped>
          <failedSince>0</failedSince>
        </case>
        <case>
          <duration>0.0</duration>
          <className>org.joda.time.TestMutablePeriod_Constructors</className>
          <testName>testConstructor_RI_RI_PeriodType1</testName>
          <skipped>false</skipped>
          <failedSince>0</failedSince>
        </case>
        <case>
          <duration>0.003</duration>
          <className>org.joda.time.TestMutablePeriod_Constructors</className>
          <testName>testConstructor_RI_RI_PeriodType2</testName>
          <skipped>false</skipped>
          <failedSince>0</failedSince>
        </case>
        <case>
          <duration>0.0</duration>
          <className>org.joda.time.TestMutablePeriod_Constructors</className>
          <testName>testConstructor_RI_RI_PeriodType3</testName>
          <skipped>false</skipped>
          <failedSince>0</failedSince>
        </case>
        <case>
          <duration>0.0</duration>
          <className>org.joda.time.TestMutablePeriod_Constructors</className>
          <testName>testConstructor_RI_RI_PeriodType4</testName>
          <skipped>false</skipped>
          <failedSince>0</failedSince>
        </case>
        <case>
          <duration>0.0</duration>
          <className>org.joda.time.TestMutablePeriod_Constructors</className>
          <testName>testConstructor_RI_RI_PeriodType5</testName>
          <skipped>false</skipped>
          <failedSince>0</failedSince>
        </case>
        <case>
          <duration>0.0</duration>
          <className>org.joda.time.TestMutablePeriod_Constructors</className>
          <testName>testConstructor_PeriodType2</testName>
          <skipped>false</skipped>
          <failedSince>0</failedSince>
        </case>
        <case>
          <duration>0.0</duration>
          <className>org.joda.time.TestMutablePeriod_Basics</className>
          <testName>testTest</testName>
          <skipped>false</skipped>
          <failedSince>0</failedSince>
        </case>
        <case>
          <duration>0.0</duration>
          <className>org.joda.time.TestMutablePeriod_Basics</className>
          <testName>testToString</testName>
          <skipped>false</skipped>
          <failedSince>0</failedSince>
        </case>
        <case>
          <duration>0.0</duration>
          <className>org.joda.time.TestMutablePeriod_Basics</className>
          <testName>testGetMethods</testName>
          <skipped>false</skipped>
          <failedSince>0</failedSince>
        </case>
        <case>
          <duration>0.0</duration>
          <className>org.joda.time.TestMutablePeriod_Basics</className>
          <testName>testEqualsHashCode</testName>
          <skipped>false</skipped>
          <failedSince>0</failedSince>
        </case>
        <case>
          <duration>0.002</duration>
          <className>org.joda.time.TestMutablePeriod_Basics</className>
          <testName>testSerialization</testName>
          <skipped>false</skipped>
          <failedSince>0</failedSince>
        </case>
        <case>
          <duration>0.0</duration>
          <className>org.joda.time.TestMutablePeriod_Basics</className>
          <testName>testCopy</testName>
          <skipped>false</skipped>
          <failedSince>0</failedSince>
        </case>
        <case>
          <duration>0.0</duration>
          <className>org.joda.time.TestMutablePeriod_Basics</className>
          <testName>testClone</testName>
          <skipped>false</skipped>
          <failedSince>0</failedSince>
        </case>
        <case>
          <duration>0.0</duration>
          <className>org.joda.time.TestMutablePeriod_Basics</className>
          <testName>testToPeriod</testName>
          <skipped>false</skipped>
          <failedSince>0</failedSince>
        </case>
        <case>
          <duration>0.0</duration>
          <className>org.joda.time.TestMutablePeriod_Basics</className>
          <testName>testGetPeriodType</testName>
          <skipped>false</skipped>
          <failedSince>0</failedSince>
        </case>
        <case>
          <duration>0.0</duration>
          <className>org.joda.time.TestMutablePeriod_Basics</className>
          <testName>testToMutablePeriod</testName>
          <skipped>false</skipped>
          <failedSince>0</failedSince>
        </case>
        <case>
          <duration>0.0</duration>
          <className>org.joda.time.TestMutablePeriod_Basics</className>
          <testName>testToDurationFrom</testName>
          <skipped>false</skipped>
          <failedSince>0</failedSince>
        </case>
        <case>
          <duration>0.0</duration>
          <className>org.joda.time.TestMutablePeriod_Updates</className>
          <testName>testClear</testName>
          <skipped>false</skipped>
          <failedSince>0</failedSince>
        </case>
        <case>
          <duration>0.0</duration>
          <className>org.joda.time.TestMutablePeriod_Updates</className>
          <testName>testAddYears</testName>
          <skipped>false</skipped>
          <failedSince>0</failedSince>
        </case>
        <case>
          <duration>0.0</duration>
          <className>org.joda.time.TestMutablePeriod_Updates</className>
          <testName>testAddMonths</testName>
          <skipped>false</skipped>
          <failedSince>0</failedSince>
        </case>
        <case>
          <duration>0.0</duration>
          <className>org.joda.time.TestMutablePeriod_Updates</className>
          <testName>testAddWeeks</testName>
          <skipped>false</skipped>
          <failedSince>0</failedSince>
        </case>
        <case>
          <duration>0.0</duration>
          <className>org.joda.time.TestMutablePeriod_Updates</className>
          <testName>testAddDays</testName>
          <skipped>false</skipped>
          <failedSince>0</failedSince>
        </case>
        <case>
          <duration>0.0</duration>
          <className>org.joda.time.TestMutablePeriod_Updates</className>
          <testName>testAddHours</testName>
          <skipped>false</skipped>
          <failedSince>0</failedSince>
        </case>
        <case>
          <duration>0.0</duration>
          <className>org.joda.time.TestMutablePeriod_Updates</className>
          <testName>testAddMinutes</testName>
          <skipped>false</skipped>
          <failedSince>0</failedSince>
        </case>
        <case>
          <duration>0.0</duration>
          <className>org.joda.time.TestMutablePeriod_Updates</className>
          <testName>testAddSeconds</testName>
          <skipped>false</skipped>
          <failedSince>0</failedSince>
        </case>
        <case>
          <duration>0.0</duration>
          <className>org.joda.time.TestMutablePeriod_Updates</className>
          <testName>testAddMillis</testName>
          <skipped>false</skipped>
          <failedSince>0</failedSince>
        </case>
        <case>
          <duration>0.0</duration>
          <className>org.joda.time.TestMutablePeriod_Updates</className>
          <testName>testSetYears</testName>
          <skipped>false</skipped>
          <failedSince>0</failedSince>
        </case>
        <case>
          <duration>0.0</duration>
          <className>org.joda.time.TestMutablePeriod_Updates</className>
          <testName>testSetMonths</testName>
          <skipped>false</skipped>
          <failedSince>0</failedSince>
        </case>
        <case>
          <duration>0.001</duration>
          <className>org.joda.time.TestMutablePeriod_Updates</className>
          <testName>testSetWeeks</testName>
          <skipped>false</skipped>
          <failedSince>0</failedSince>
        </case>
        <case>
          <duration>0.0</duration>
          <className>org.joda.time.TestMutablePeriod_Updates</className>
          <testName>testSetDays</testName>
          <skipped>false</skipped>
          <failedSince>0</failedSince>
        </case>
        <case>
          <duration>0.0</duration>
          <className>org.joda.time.TestMutablePeriod_Updates</className>
          <testName>testSetHours</testName>
          <skipped>false</skipped>
          <failedSince>0</failedSince>
        </case>
        <case>
          <duration>0.0</duration>
          <className>org.joda.time.TestMutablePeriod_Updates</className>
          <testName>testSetMinutes</testName>
          <skipped>false</skipped>
          <failedSince>0</failedSince>
        </case>
        <case>
          <duration>0.0</duration>
          <className>org.joda.time.TestMutablePeriod_Updates</className>
          <testName>testSetSeconds</testName>
          <skipped>false</skipped>
          <failedSince>0</failedSince>
        </case>
        <case>
          <duration>0.0</duration>
          <className>org.joda.time.TestMutablePeriod_Updates</className>
          <testName>testSetMillis</testName>
          <skipped>false</skipped>
          <failedSince>0</failedSince>
        </case>
        <case>
          <duration>0.0</duration>
          <className>org.joda.time.TestMutablePeriod_Updates</className>
          <testName>testSet_Field</testName>
          <skipped>false</skipped>
          <failedSince>0</failedSince>
        </case>
        <case>
          <duration>0.0</duration>
          <className>org.joda.time.TestMutablePeriod_Updates</className>
          <testName>testAdd_Field</testName>
          <skipped>false</skipped>
          <failedSince>0</failedSince>
        </case>
        <case>
          <duration>0.0</duration>
          <className>org.joda.time.TestMutablePeriod_Updates</className>
          <testName>testSetPeriod_8ints1</testName>
          <skipped>false</skipped>
          <failedSince>0</failedSince>
        </case>
        <case>
          <duration>0.0</duration>
          <className>org.joda.time.TestMutablePeriod_Updates</className>
          <testName>testSetPeriod_8ints2</testName>
          <skipped>false</skipped>
          <failedSince>0</failedSince>
        </case>
        <case>
          <duration>0.0</duration>
          <className>org.joda.time.TestMutablePeriod_Updates</className>
          <testName>testSetPeriod_8ints3</testName>
          <skipped>false</skipped>
          <failedSince>0</failedSince>
        </case>
        <case>
          <duration>0.0</duration>
          <className>org.joda.time.TestMutablePeriod_Updates</className>
          <testName>testSetPeriod_8ints4</testName>
          <skipped>false</skipped>
          <failedSince>0</failedSince>
        </case>
        <case>
          <duration>0.0</duration>
          <className>org.joda.time.TestMutablePeriod_Updates</className>
          <testName>testSetPeriod_RP1</testName>
          <skipped>false</skipped>
          <failedSince>0</failedSince>
        </case>
        <case>
          <duration>0.0</duration>
          <className>org.joda.time.TestMutablePeriod_Updates</className>
          <testName>testSetPeriod_RP2</testName>
          <skipped>false</skipped>
          <failedSince>0</failedSince>
        </case>
        <case>
          <duration>0.0</duration>
          <className>org.joda.time.TestMutablePeriod_Updates</className>
          <testName>testSetPeriod_RP3</testName>
          <skipped>false</skipped>
          <failedSince>0</failedSince>
        </case>
        <case>
          <duration>0.0</duration>
          <className>org.joda.time.TestMutablePeriod_Updates</className>
          <testName>testSetPeriod_RP4</testName>
          <skipped>false</skipped>
          <failedSince>0</failedSince>
        </case>
        <case>
          <duration>0.0</duration>
          <className>org.joda.time.TestMutablePeriod_Updates</className>
          <testName>testSetPeriod_RP5</testName>
          <skipped>false</skipped>
          <failedSince>0</failedSince>
        </case>
        <case>
          <duration>0.001</duration>
          <className>org.joda.time.TestMutablePeriod_Updates</className>
          <testName>testSetPeriod_long_long1</testName>
          <skipped>false</skipped>
          <failedSince>0</failedSince>
        </case>
        <case>
          <duration>0.0</duration>
          <className>org.joda.time.TestMutablePeriod_Updates</className>
          <testName>testSetPeriod_long_long2</testName>
          <skipped>false</skipped>
          <failedSince>0</failedSince>
        </case>
        <case>
          <duration>0.0</duration>
          <className>org.joda.time.TestMutablePeriod_Updates</className>
          <testName>testSetPeriod_long_long3</testName>
          <skipped>false</skipped>
          <failedSince>0</failedSince>
        </case>
        <case>
          <duration>0.0</duration>
          <className>org.joda.time.TestMutablePeriod_Updates</className>
          <testName>testSetPeriod_long_long_NoYears</testName>
          <skipped>false</skipped>
          <failedSince>0</failedSince>
        </case>
        <case>
          <duration>0.0</duration>
          <className>org.joda.time.TestMutablePeriod_Updates</className>
          <testName>testSetPeriod_long_long_NoMonths</testName>
          <skipped>false</skipped>
          <failedSince>0</failedSince>
        </case>
        <case>
          <duration>0.0</duration>
          <className>org.joda.time.TestMutablePeriod_Updates</className>
          <testName>testSetPeriod_long_long_NoWeeks</testName>
          <skipped>false</skipped>
          <failedSince>0</failedSince>
        </case>
        <case>
          <duration>0.0</duration>
          <className>org.joda.time.TestMutablePeriod_Updates</className>
          <testName>testSetPeriod_long_long_NoDays</testName>
          <skipped>false</skipped>
          <failedSince>0</failedSince>
        </case>
        <case>
          <duration>0.0</duration>
          <className>org.joda.time.TestMutablePeriod_Updates</className>
          <testName>testSetPeriod_long_long_NoHours</testName>
          <skipped>false</skipped>
          <failedSince>0</failedSince>
        </case>
        <case>
          <duration>0.0</duration>
          <className>org.joda.time.TestMutablePeriod_Updates</className>
          <testName>testSetPeriod_long_long_NoMinutes</testName>
          <skipped>false</skipped>
          <failedSince>0</failedSince>
        </case>
        <case>
          <duration>0.0</duration>
          <className>org.joda.time.TestMutablePeriod_Updates</className>
          <testName>testSetPeriod_long_long_NoSeconds</testName>
          <skipped>false</skipped>
          <failedSince>0</failedSince>
        </case>
        <case>
          <duration>0.0</duration>
          <className>org.joda.time.TestMutablePeriod_Updates</className>
          <testName>testSetPeriod_long_long_NoMillis</testName>
          <skipped>false</skipped>
          <failedSince>0</failedSince>
        </case>
        <case>
          <duration>0.0</duration>
          <className>org.joda.time.TestMutablePeriod_Updates</className>
          <testName>testSetPeriod_RI_RI1</testName>
          <skipped>false</skipped>
          <failedSince>0</failedSince>
        </case>
        <case>
          <duration>0.001</duration>
          <className>org.joda.time.TestMutablePeriod_Updates</className>
          <testName>testSetPeriod_RI_RI2</testName>
          <skipped>false</skipped>
          <failedSince>0</failedSince>
        </case>
        <case>
          <duration>0.0</duration>
          <className>org.joda.time.TestMutablePeriod_Updates</className>
          <testName>testSetPeriod_RI_RI3</testName>
          <skipped>false</skipped>
          <failedSince>0</failedSince>
        </case>
        <case>
          <duration>0.0</duration>
          <className>org.joda.time.TestMutablePeriod_Updates</className>
          <testName>testSetPeriod_RInterval1</testName>
          <skipped>false</skipped>
          <failedSince>0</failedSince>
        </case>
        <case>
          <duration>0.0</duration>
          <className>org.joda.time.TestMutablePeriod_Updates</className>
          <testName>testSetPeriod_RInterval2</testName>
          <skipped>false</skipped>
          <failedSince>0</failedSince>
        </case>
        <case>
          <duration>0.0</duration>
          <className>org.joda.time.TestMutablePeriod_Updates</className>
          <testName>testSetPeriod_long1</testName>
          <skipped>false</skipped>
          <failedSince>0</failedSince>
        </case>
        <case>
          <duration>0.0</duration>
          <className>org.joda.time.TestMutablePeriod_Updates</className>
          <testName>testSetPeriod_long2</testName>
          <skipped>false</skipped>
          <failedSince>0</failedSince>
        </case>
        <case>
          <duration>0.0</duration>
          <className>org.joda.time.TestMutablePeriod_Updates</className>
          <testName>testSetPeriod_RD1</testName>
          <skipped>false</skipped>
          <failedSince>0</failedSince>
        </case>
        <case>
          <duration>0.0</duration>
          <className>org.joda.time.TestMutablePeriod_Updates</className>
          <testName>testSetPeriod_RD2</testName>
          <skipped>false</skipped>
          <failedSince>0</failedSince>
        </case>
        <case>
          <duration>0.0</duration>
          <className>org.joda.time.TestMutablePeriod_Updates</className>
          <testName>testSetPeriod_RD3</testName>
          <skipped>false</skipped>
          <failedSince>0</failedSince>
        </case>
        <case>
          <duration>0.0</duration>
          <className>org.joda.time.TestMutablePeriod_Updates</className>
          <testName>testAdd_8ints1</testName>
          <skipped>false</skipped>
          <failedSince>0</failedSince>
        </case>
        <case>
          <duration>0.0</duration>
          <className>org.joda.time.TestMutablePeriod_Updates</className>
          <testName>testAdd_8ints2</testName>
          <skipped>false</skipped>
          <failedSince>0</failedSince>
        </case>
        <case>
          <duration>0.0</duration>
          <className>org.joda.time.TestMutablePeriod_Updates</className>
          <testName>testAdd_long2</testName>
          <skipped>false</skipped>
          <failedSince>0</failedSince>
        </case>
        <case>
          <duration>0.0</duration>
          <className>org.joda.time.TestMutablePeriod_Updates</className>
          <testName>testAdd_long3</testName>
          <skipped>false</skipped>
          <failedSince>0</failedSince>
        </case>
        <case>
          <duration>0.0</duration>
          <className>org.joda.time.TestMutablePeriod_Updates</className>
          <testName>testAdd_long_Chronology1</testName>
          <skipped>false</skipped>
          <failedSince>0</failedSince>
        </case>
        <case>
          <duration>0.0</duration>
          <className>org.joda.time.TestMutablePeriod_Updates</className>
          <testName>testAdd_long_Chronology2</testName>
          <skipped>false</skipped>
          <failedSince>0</failedSince>
        </case>
        <case>
          <duration>0.001</duration>
          <className>org.joda.time.TestMutablePeriod_Updates</className>
          <testName>testAdd_long_Chronology3</testName>
          <skipped>false</skipped>
          <failedSince>0</failedSince>
        </case>
        <case>
          <duration>0.0</duration>
          <className>org.joda.time.TestMutablePeriod_Updates</className>
          <testName>testAdd_RD3</testName>
          <skipped>false</skipped>
          <failedSince>0</failedSince>
        </case>
        <case>
          <duration>0.004</duration>
          <className>org.joda.time.TestMutablePeriod_Updates</className>
          <testName>testAdd_RP3</testName>
          <skipped>false</skipped>
          <failedSince>0</failedSince>
        </case>
        <case>
          <duration>0.0</duration>
          <className>org.joda.time.TestMutablePeriod_Updates</className>
          <testName>testAdd_RP4</testName>
          <skipped>false</skipped>
          <failedSince>0</failedSince>
        </case>
        <case>
          <duration>0.0</duration>
          <className>org.joda.time.TestMutablePeriod_Updates</className>
          <testName>testAdd_RP5</testName>
          <skipped>false</skipped>
          <failedSince>0</failedSince>
        </case>
        <case>
          <duration>0.0</duration>
          <className>org.joda.time.TestMutablePeriod_Updates</className>
          <testName>testAdd_RP6</testName>
          <skipped>false</skipped>
          <failedSince>0</failedSince>
        </case>
        <case>
          <duration>0.0</duration>
          <className>org.joda.time.TestMutablePeriod_Updates</className>
          <testName>testAdd_RInterval1</testName>
          <skipped>false</skipped>
          <failedSince>0</failedSince>
        </case>
        <case>
          <duration>0.0</duration>
          <className>org.joda.time.TestMutablePeriod_Updates</className>
          <testName>testAdd_RInterval2</testName>
          <skipped>false</skipped>
          <failedSince>0</failedSince>
        </case>
        <case>
          <duration>0.0</duration>
          <className>org.joda.time.TestMutablePeriod_Updates</className>
          <testName>testAdd_RInterval3</testName>
          <skipped>false</skipped>
          <failedSince>0</failedSince>
        </case>
        <case>
          <duration>0.001</duration>
          <className>org.joda.time.TestMutablePeriod_Updates</className>
          <testName>testAdd_RInterval4</testName>
          <skipped>false</skipped>
          <failedSince>0</failedSince>
        </case>
        <case>
          <duration>0.0</duration>
          <className>org.joda.time.TestMutablePeriod_Updates</className>
          <testName>testAdd_RInterval5</testName>
          <skipped>false</skipped>
          <failedSince>0</failedSince>
        </case>
        <case>
          <duration>0.0</duration>
          <className>org.joda.time.TestMutablePeriod_Updates</className>
          <testName>testMergePeriod_RP1</testName>
          <skipped>false</skipped>
          <failedSince>0</failedSince>
        </case>
        <case>
          <duration>0.0</duration>
          <className>org.joda.time.TestMutablePeriod_Updates</className>
          <testName>testMergePeriod_RP2</testName>
          <skipped>false</skipped>
          <failedSince>0</failedSince>
        </case>
        <case>
          <duration>0.0</duration>
          <className>org.joda.time.TestMutablePeriod_Updates</className>
          <testName>testMergePeriod_RP3</testName>
          <skipped>false</skipped>
          <failedSince>0</failedSince>
        </case>
        <case>
          <duration>0.0</duration>
          <className>org.joda.time.TestMutablePeriod_Updates</className>
          <testName>testMergePeriod_RP4</testName>
          <skipped>false</skipped>
          <failedSince>0</failedSince>
        </case>
        <case>
          <duration>0.0</duration>
          <className>org.joda.time.TestMutablePeriod_Updates</className>
          <testName>testMergePeriod_RP5</testName>
          <skipped>false</skipped>
          <failedSince>0</failedSince>
        </case>
        <case>
          <duration>0.0</duration>
          <className>org.joda.time.TestMutablePeriod_Updates</className>
          <testName>testTest</testName>
          <skipped>false</skipped>
          <failedSince>0</failedSince>
        </case>
        <case>
          <duration>0.0</duration>
          <className>org.joda.time.TestMutablePeriod_Updates</className>
          <testName>testAdd_long1</testName>
          <skipped>false</skipped>
          <failedSince>0</failedSince>
        </case>
        <case>
          <duration>0.0</duration>
          <className>org.joda.time.TestMutablePeriod_Updates</className>
          <testName>testAdd_RD1</testName>
          <skipped>false</skipped>
          <failedSince>0</failedSince>
        </case>
        <case>
          <duration>0.0</duration>
          <className>org.joda.time.TestMutablePeriod_Updates</className>
          <testName>testAdd_RD2</testName>
          <skipped>false</skipped>
          <failedSince>0</failedSince>
        </case>
        <case>
          <duration>0.0</duration>
          <className>org.joda.time.TestMutablePeriod_Updates</className>
          <testName>testAdd_RP1</testName>
          <skipped>false</skipped>
          <failedSince>0</failedSince>
        </case>
        <case>
          <duration>0.0</duration>
          <className>org.joda.time.TestMutablePeriod_Updates</className>
          <testName>testAdd_RP2</testName>
          <skipped>false</skipped>
          <failedSince>0</failedSince>
        </case>
        <case>
          <duration>0.001</duration>
          <className>org.joda.time.TestBaseSingleFieldPeriod</className>
          <testName>testEqualsHashCode</testName>
          <skipped>false</skipped>
          <failedSince>0</failedSince>
        </case>
        <case>
          <duration>0.0</duration>
          <className>org.joda.time.TestBaseSingleFieldPeriod</className>
          <testName>testCompareTo</testName>
          <skipped>false</skipped>
          <failedSince>0</failedSince>
        </case>
        <case>
          <duration>0.0</duration>
          <className>org.joda.time.TestBaseSingleFieldPeriod</className>
          <testName>testFactory_between_RInstant</testName>
          <skipped>false</skipped>
          <failedSince>0</failedSince>
        </case>
        <case>
          <duration>0.0</duration>
          <className>org.joda.time.TestBaseSingleFieldPeriod</className>
          <testName>testFactory_between_RPartial</testName>
          <skipped>false</skipped>
          <failedSince>0</failedSince>
        </case>
        <case>
          <duration>0.0</duration>
          <className>org.joda.time.TestBaseSingleFieldPeriod</className>
          <testName>testFactory_standardPeriodIn_RPeriod</testName>
          <skipped>false</skipped>
          <failedSince>0</failedSince>
        </case>
        <case>
          <duration>0.001</duration>
          <className>org.joda.time.TestBaseSingleFieldPeriod</className>
          <testName>testFieldTypeIndexMethods</testName>
          <skipped>false</skipped>
          <failedSince>0</failedSince>
        </case>
        <case>
          <duration>0.0</duration>
          <className>org.joda.time.TestBaseSingleFieldPeriod</className>
          <testName>testGetSetValue</testName>
          <skipped>false</skipped>
          <failedSince>0</failedSince>
        </case>
        <case>
          <duration>0.0</duration>
          <className>org.joda.time.TestBaseSingleFieldPeriod</className>
          <testName>testToPeriod</testName>
          <skipped>false</skipped>
          <failedSince>0</failedSince>
        </case>
        <case>
          <duration>0.0</duration>
          <className>org.joda.time.TestBaseSingleFieldPeriod</className>
          <testName>testGet</testName>
          <skipped>false</skipped>
          <failedSince>0</failedSince>
        </case>
        <case>
          <duration>0.0</duration>
          <className>org.joda.time.TestBaseSingleFieldPeriod</className>
          <testName>testValueIndexMethods</testName>
          <skipped>false</skipped>
          <failedSince>0</failedSince>
        </case>
        <case>
          <duration>0.0</duration>
          <className>org.joda.time.TestBaseSingleFieldPeriod</className>
          <testName>testIsSupported</testName>
          <skipped>false</skipped>
          <failedSince>0</failedSince>
        </case>
        <case>
          <duration>0.0</duration>
          <className>org.joda.time.TestBaseSingleFieldPeriod</className>
          <testName>testToMutablePeriod</testName>
          <skipped>false</skipped>
          <failedSince>0</failedSince>
        </case>
        <case>
          <duration>0.001</duration>
          <className>org.joda.time.TestYears</className>
          <testName>testToString</testName>
          <skipped>false</skipped>
          <failedSince>0</failedSince>
        </case>
        <case>
          <duration>0.0</duration>
          <className>org.joda.time.TestYears</className>
          <testName>testGetMethods</testName>
          <skipped>false</skipped>
          <failedSince>0</failedSince>
        </case>
        <case>
          <duration>0.0</duration>
          <className>org.joda.time.TestYears</className>
          <testName>testSerialization</testName>
          <skipped>false</skipped>
          <failedSince>0</failedSince>
        </case>
        <case>
          <duration>0.001</duration>
          <className>org.joda.time.TestYears</className>
          <testName>testFactory_yearsBetween_RPartial</testName>
          <skipped>false</skipped>
          <failedSince>0</failedSince>
        </case>
        <case>
          <duration>0.0</duration>
          <className>org.joda.time.TestYears</className>
          <testName>testFactory_yearsIn_RInterval</testName>
          <skipped>false</skipped>
          <failedSince>0</failedSince>
        </case>
        <case>
          <duration>0.0</duration>
          <className>org.joda.time.TestYears</className>
          <testName>testFactory_parseYears_String</testName>
          <skipped>false</skipped>
          <failedSince>0</failedSince>
        </case>
        <case>
          <duration>0.0</duration>
          <className>org.joda.time.TestYears</className>
          <testName>testGetFieldType</testName>
          <skipped>false</skipped>
          <failedSince>0</failedSince>
        </case>
        <case>
          <duration>0.0</duration>
          <className>org.joda.time.TestYears</className>
          <testName>testIsGreaterThan</testName>
          <skipped>false</skipped>
          <failedSince>0</failedSince>
        </case>
        <case>
          <duration>0.0</duration>
          <className>org.joda.time.TestYears</className>
          <testName>testIsLessThan</testName>
          <skipped>false</skipped>
          <failedSince>0</failedSince>
        </case>
        <case>
          <duration>0.0</duration>
          <className>org.joda.time.TestYears</className>
          <testName>testPlus_int</testName>
          <skipped>false</skipped>
          <failedSince>0</failedSince>
        </case>
        <case>
          <duration>0.0</duration>
          <className>org.joda.time.TestYears</className>
          <testName>testPlus_Years</testName>
          <skipped>false</skipped>
          <failedSince>0</failedSince>
        </case>
        <case>
          <duration>0.0</duration>
          <className>org.joda.time.TestYears</className>
          <testName>testMinus_int</testName>
          <skipped>false</skipped>
          <failedSince>0</failedSince>
        </case>
        <case>
          <duration>0.0</duration>
          <className>org.joda.time.TestYears</className>
          <testName>testMinus_Years</testName>
          <skipped>false</skipped>
          <failedSince>0</failedSince>
        </case>
        <case>
          <duration>0.0</duration>
          <className>org.joda.time.TestYears</className>
          <testName>testMultipliedBy_int</testName>
          <skipped>false</skipped>
          <failedSince>0</failedSince>
        </case>
        <case>
          <duration>0.001</duration>
          <className>org.joda.time.TestYears</className>
          <testName>testDividedBy_int</testName>
          <skipped>false</skipped>
          <failedSince>0</failedSince>
        </case>
        <case>
          <duration>0.0</duration>
          <className>org.joda.time.TestYears</className>
          <testName>testAddToLocalDate</testName>
          <skipped>false</skipped>
          <failedSince>0</failedSince>
        </case>
        <case>
          <duration>0.0</duration>
          <className>org.joda.time.TestYears</className>
          <testName>testFactory_yearsBetween_RInstant</testName>
          <skipped>false</skipped>
          <failedSince>0</failedSince>
        </case>
        <case>
          <duration>0.0</duration>
          <className>org.joda.time.TestYears</className>
          <testName>testFactory_years_int</testName>
          <skipped>false</skipped>
          <failedSince>0</failedSince>
        </case>
        <case>
          <duration>0.0</duration>
          <className>org.joda.time.TestYears</className>
          <testName>testConstants</testName>
          <skipped>false</skipped>
          <failedSince>0</failedSince>
        </case>
        <case>
          <duration>0.0</duration>
          <className>org.joda.time.TestYears</className>
          <testName>testGetPeriodType</testName>
          <skipped>false</skipped>
          <failedSince>0</failedSince>
        </case>
        <case>
          <duration>0.0</duration>
          <className>org.joda.time.TestYears</className>
          <testName>testNegated</testName>
          <skipped>false</skipped>
          <failedSince>0</failedSince>
        </case>
        <case>
          <duration>0.001</duration>
          <className>org.joda.time.TestMonths</className>
          <testName>testToString</testName>
          <skipped>false</skipped>
          <failedSince>0</failedSince>
        </case>
        <case>
          <duration>0.0</duration>
          <className>org.joda.time.TestMonths</className>
          <testName>testGetMethods</testName>
          <skipped>false</skipped>
          <failedSince>0</failedSince>
        </case>
        <case>
          <duration>0.001</duration>
          <className>org.joda.time.TestMonths</className>
          <testName>testSerialization</testName>
          <skipped>false</skipped>
          <failedSince>0</failedSince>
        </case>
        <case>
          <duration>0.0</duration>
          <className>org.joda.time.TestMonths</className>
          <testName>testGetFieldType</testName>
          <skipped>false</skipped>
          <failedSince>0</failedSince>
        </case>
        <case>
          <duration>0.0</duration>
          <className>org.joda.time.TestMonths</className>
          <testName>testIsGreaterThan</testName>
          <skipped>false</skipped>
          <failedSince>0</failedSince>
        </case>
        <case>
          <duration>0.0</duration>
          <className>org.joda.time.TestMonths</className>
          <testName>testIsLessThan</testName>
          <skipped>false</skipped>
          <failedSince>0</failedSince>
        </case>
        <case>
          <duration>0.0</duration>
          <className>org.joda.time.TestMonths</className>
          <testName>testPlus_int</testName>
          <skipped>false</skipped>
          <failedSince>0</failedSince>
        </case>
        <case>
          <duration>0.0</duration>
          <className>org.joda.time.TestMonths</className>
          <testName>testMinus_int</testName>
          <skipped>false</skipped>
          <failedSince>0</failedSince>
        </case>
        <case>
          <duration>0.0</duration>
          <className>org.joda.time.TestMonths</className>
          <testName>testMultipliedBy_int</testName>
          <skipped>false</skipped>
          <failedSince>0</failedSince>
        </case>
        <case>
          <duration>0.0</duration>
          <className>org.joda.time.TestMonths</className>
          <testName>testDividedBy_int</testName>
          <skipped>false</skipped>
          <failedSince>0</failedSince>
        </case>
        <case>
          <duration>0.0</duration>
          <className>org.joda.time.TestMonths</className>
          <testName>testAddToLocalDate</testName>
          <skipped>false</skipped>
          <failedSince>0</failedSince>
        </case>
        <case>
          <duration>0.0</duration>
          <className>org.joda.time.TestMonths</className>
          <testName>testFactory_parseMonths_String</testName>
          <skipped>false</skipped>
          <failedSince>0</failedSince>
        </case>
        <case>
          <duration>0.0</duration>
          <className>org.joda.time.TestMonths</className>
          <testName>testPlus_Months</testName>
          <skipped>false</skipped>
          <failedSince>0</failedSince>
        </case>
        <case>
          <duration>0.0</duration>
          <className>org.joda.time.TestMonths</className>
          <testName>testMinus_Months</testName>
          <skipped>false</skipped>
          <failedSince>0</failedSince>
        </case>
        <case>
          <duration>0.0</duration>
          <className>org.joda.time.TestMonths</className>
          <testName>testFactory_months_int</testName>
          <skipped>false</skipped>
          <failedSince>0</failedSince>
        </case>
        <case>
          <duration>0.0</duration>
          <className>org.joda.time.TestMonths</className>
          <testName>testFactory_monthsBetween_RInstant</testName>
          <skipped>false</skipped>
          <failedSince>0</failedSince>
        </case>
        <case>
          <duration>0.0</duration>
          <className>org.joda.time.TestMonths</className>
          <testName>testFactory_monthsBetween_RInstant_LocalDate_EndMonth</testName>
          <skipped>false</skipped>
          <failedSince>0</failedSince>
        </case>
        <case>
          <duration>0.001</duration>
          <className>org.joda.time.TestMonths</className>
          <testName>testFactory_monthsBetween_RPartial_LocalDate</testName>
          <skipped>false</skipped>
          <failedSince>0</failedSince>
        </case>
        <case>
          <duration>0.0</duration>
          <className>org.joda.time.TestMonths</className>
          <testName>testFactory_monthsBetween_RPartial_LocalDate_EndMonth</testName>
          <skipped>false</skipped>
          <failedSince>0</failedSince>
        </case>
        <case>
          <duration>0.001</duration>
          <className>org.joda.time.TestMonths</className>
          <testName>testFactory_monthsBetween_RPartial_YearMonth</testName>
          <skipped>false</skipped>
          <failedSince>0</failedSince>
        </case>
        <case>
          <duration>0.001</duration>
          <className>org.joda.time.TestMonths</className>
          <testName>testFactory_monthsBetween_RPartial_MonthDay</testName>
          <skipped>false</skipped>
          <failedSince>0</failedSince>
        </case>
        <case>
          <duration>0.0</duration>
          <className>org.joda.time.TestMonths</className>
          <testName>testFactory_monthsIn_RInterval</testName>
          <skipped>false</skipped>
          <failedSince>0</failedSince>
        </case>
        <case>
          <duration>0.0</duration>
          <className>org.joda.time.TestMonths</className>
          <testName>testConstants</testName>
          <skipped>false</skipped>
          <failedSince>0</failedSince>
        </case>
        <case>
          <duration>0.0</duration>
          <className>org.joda.time.TestMonths</className>
          <testName>testGetPeriodType</testName>
          <skipped>false</skipped>
          <failedSince>0</failedSince>
        </case>
        <case>
          <duration>0.0</duration>
          <className>org.joda.time.TestMonths</className>
          <testName>testNegated</testName>
          <skipped>false</skipped>
          <failedSince>0</failedSince>
        </case>
        <case>
          <duration>0.0</duration>
          <className>org.joda.time.TestWeeks</className>
          <testName>testToString</testName>
          <skipped>false</skipped>
          <failedSince>0</failedSince>
        </case>
        <case>
          <duration>0.0</duration>
          <className>org.joda.time.TestWeeks</className>
          <testName>testGetMethods</testName>
          <skipped>false</skipped>
          <failedSince>0</failedSince>
        </case>
        <case>
          <duration>0.001</duration>
          <className>org.joda.time.TestWeeks</className>
          <testName>testSerialization</testName>
          <skipped>false</skipped>
          <failedSince>0</failedSince>
        </case>
        <case>
          <duration>0.0</duration>
          <className>org.joda.time.TestWeeks</className>
          <testName>testGetFieldType</testName>
          <skipped>false</skipped>
          <failedSince>0</failedSince>
        </case>
        <case>
          <duration>0.0</duration>
          <className>org.joda.time.TestWeeks</className>
          <testName>testIsGreaterThan</testName>
          <skipped>false</skipped>
          <failedSince>0</failedSince>
        </case>
        <case>
          <duration>0.0</duration>
          <className>org.joda.time.TestWeeks</className>
          <testName>testIsLessThan</testName>
          <skipped>false</skipped>
          <failedSince>0</failedSince>
        </case>
        <case>
          <duration>0.0</duration>
          <className>org.joda.time.TestWeeks</className>
          <testName>testPlus_int</testName>
          <skipped>false</skipped>
          <failedSince>0</failedSince>
        </case>
        <case>
          <duration>0.0</duration>
          <className>org.joda.time.TestWeeks</className>
          <testName>testMinus_int</testName>
          <skipped>false</skipped>
          <failedSince>0</failedSince>
        </case>
        <case>
          <duration>0.0</duration>
          <className>org.joda.time.TestWeeks</className>
          <testName>testMultipliedBy_int</testName>
          <skipped>false</skipped>
          <failedSince>0</failedSince>
        </case>
        <case>
          <duration>0.0</duration>
          <className>org.joda.time.TestWeeks</className>
          <testName>testDividedBy_int</testName>
          <skipped>false</skipped>
          <failedSince>0</failedSince>
        </case>
        <case>
          <duration>0.0</duration>
          <className>org.joda.time.TestWeeks</className>
          <testName>testAddToLocalDate</testName>
          <skipped>false</skipped>
          <failedSince>0</failedSince>
        </case>
        <case>
          <duration>0.001</duration>
          <className>org.joda.time.TestWeeks</className>
          <testName>testToStandardDays</testName>
          <skipped>false</skipped>
          <failedSince>0</failedSince>
        </case>
        <case>
          <duration>0.0</duration>
          <className>org.joda.time.TestWeeks</className>
          <testName>testToStandardHours</testName>
          <skipped>false</skipped>
          <failedSince>0</failedSince>
        </case>
        <case>
          <duration>0.0</duration>
          <className>org.joda.time.TestWeeks</className>
          <testName>testToStandardMinutes</testName>
          <skipped>false</skipped>
          <failedSince>0</failedSince>
        </case>
        <case>
          <duration>0.0</duration>
          <className>org.joda.time.TestWeeks</className>
          <testName>testToStandardSeconds</testName>
          <skipped>false</skipped>
          <failedSince>0</failedSince>
        </case>
        <case>
          <duration>0.0</duration>
          <className>org.joda.time.TestWeeks</className>
          <testName>testFactory_weeksBetween_RPartial</testName>
          <skipped>false</skipped>
          <failedSince>0</failedSince>
        </case>
        <case>
          <duration>0.0</duration>
          <className>org.joda.time.TestWeeks</className>
          <testName>testFactory_weeksIn_RInterval</testName>
          <skipped>false</skipped>
          <failedSince>0</failedSince>
        </case>
        <case>
          <duration>0.0</duration>
          <className>org.joda.time.TestWeeks</className>
          <testName>testFactory_standardWeeksIn_RPeriod</testName>
          <skipped>false</skipped>
          <failedSince>0</failedSince>
        </case>
        <case>
          <duration>0.0</duration>
          <className>org.joda.time.TestWeeks</className>
          <testName>testFactory_parseWeeks_String</testName>
          <skipped>false</skipped>
          <failedSince>0</failedSince>
        </case>
        <case>
          <duration>0.0</duration>
          <className>org.joda.time.TestWeeks</className>
          <testName>testPlus_Weeks</testName>
          <skipped>false</skipped>
          <failedSince>0</failedSince>
        </case>
        <case>
          <duration>0.001</duration>
          <className>org.joda.time.TestWeeks</className>
          <testName>testMinus_Weeks</testName>
          <skipped>false</skipped>
          <failedSince>0</failedSince>
        </case>
        <case>
          <duration>0.0</duration>
          <className>org.joda.time.TestWeeks</className>
          <testName>testFactory_weeks_int</testName>
          <skipped>false</skipped>
          <failedSince>0</failedSince>
        </case>
        <case>
          <duration>0.0</duration>
          <className>org.joda.time.TestWeeks</className>
          <testName>testFactory_weeksBetween_RInstant</testName>
          <skipped>false</skipped>
          <failedSince>0</failedSince>
        </case>
        <case>
          <duration>0.0</duration>
          <className>org.joda.time.TestWeeks</className>
          <testName>testConstants</testName>
          <skipped>false</skipped>
          <failedSince>0</failedSince>
        </case>
        <case>
          <duration>0.0</duration>
          <className>org.joda.time.TestWeeks</className>
          <testName>testGetPeriodType</testName>
          <skipped>false</skipped>
          <failedSince>0</failedSince>
        </case>
        <case>
          <duration>0.0</duration>
          <className>org.joda.time.TestWeeks</className>
          <testName>testNegated</testName>
          <skipped>false</skipped>
          <failedSince>0</failedSince>
        </case>
        <case>
          <duration>0.0</duration>
          <className>org.joda.time.TestWeeks</className>
          <testName>testToStandardDuration</testName>
          <skipped>false</skipped>
          <failedSince>0</failedSince>
        </case>
        <case>
          <duration>0.0</duration>
          <className>org.joda.time.TestDays</className>
          <testName>testToString</testName>
          <skipped>false</skipped>
          <failedSince>0</failedSince>
        </case>
        <case>
          <duration>0.0</duration>
          <className>org.joda.time.TestDays</className>
          <testName>testGetMethods</testName>
          <skipped>false</skipped>
          <failedSince>0</failedSince>
        </case>
        <case>
          <duration>0.001</duration>
          <className>org.joda.time.TestDays</className>
          <testName>testSerialization</testName>
          <skipped>false</skipped>
          <failedSince>0</failedSince>
        </case>
        <case>
          <duration>0.0</duration>
          <className>org.joda.time.TestDays</className>
          <testName>testGetFieldType</testName>
          <skipped>false</skipped>
          <failedSince>0</failedSince>
        </case>
        <case>
          <duration>0.0</duration>
          <className>org.joda.time.TestDays</className>
          <testName>testIsGreaterThan</testName>
          <skipped>false</skipped>
          <failedSince>0</failedSince>
        </case>
        <case>
          <duration>0.0</duration>
          <className>org.joda.time.TestDays</className>
          <testName>testIsLessThan</testName>
          <skipped>false</skipped>
          <failedSince>0</failedSince>
        </case>
        <case>
          <duration>0.0</duration>
          <className>org.joda.time.TestDays</className>
          <testName>testPlus_int</testName>
          <skipped>false</skipped>
          <failedSince>0</failedSince>
        </case>
        <case>
          <duration>0.0</duration>
          <className>org.joda.time.TestDays</className>
          <testName>testMinus_int</testName>
          <skipped>false</skipped>
          <failedSince>0</failedSince>
        </case>
        <case>
          <duration>0.0</duration>
          <className>org.joda.time.TestDays</className>
          <testName>testMultipliedBy_int</testName>
          <skipped>false</skipped>
          <failedSince>0</failedSince>
        </case>
        <case>
          <duration>0.001</duration>
          <className>org.joda.time.TestDays</className>
          <testName>testDividedBy_int</testName>
          <skipped>false</skipped>
          <failedSince>0</failedSince>
        </case>
        <case>
          <duration>0.0</duration>
          <className>org.joda.time.TestDays</className>
          <testName>testAddToLocalDate</testName>
          <skipped>false</skipped>
          <failedSince>0</failedSince>
        </case>
        <case>
          <duration>0.0</duration>
          <className>org.joda.time.TestDays</className>
          <testName>testToStandardHours</testName>
          <skipped>false</skipped>
          <failedSince>0</failedSince>
        </case>
        <case>
          <duration>0.0</duration>
          <className>org.joda.time.TestDays</className>
          <testName>testToStandardMinutes</testName>
          <skipped>false</skipped>
          <failedSince>0</failedSince>
        </case>
        <case>
          <duration>0.0</duration>
          <className>org.joda.time.TestDays</className>
          <testName>testToStandardSeconds</testName>
          <skipped>false</skipped>
          <failedSince>0</failedSince>
        </case>
        <case>
          <duration>0.0</duration>
          <className>org.joda.time.TestDays</className>
          <testName>testFactory_daysBetween_RInstant</testName>
          <skipped>false</skipped>
          <failedSince>0</failedSince>
        </case>
        <case>
          <duration>0.0</duration>
          <className>org.joda.time.TestDays</className>
          <testName>testFactory_daysBetween_RPartial_LocalDate</testName>
          <skipped>false</skipped>
          <failedSince>0</failedSince>
        </case>
        <case>
          <duration>0.0</duration>
          <className>org.joda.time.TestDays</className>
          <testName>testFactory_daysBetween_RPartial_YearMonth</testName>
          <skipped>false</skipped>
          <failedSince>0</failedSince>
        </case>
        <case>
          <duration>0.0</duration>
          <className>org.joda.time.TestDays</className>
          <testName>testFactory_days_int</testName>
          <skipped>false</skipped>
          <failedSince>0</failedSince>
        </case>
        <case>
          <duration>0.0</duration>
          <className>org.joda.time.TestDays</className>
          <testName>testFactory_daysBetween_RPartial_MonthDay</testName>
          <skipped>false</skipped>
          <failedSince>0</failedSince>
        </case>
        <case>
          <duration>0.0</duration>
          <className>org.joda.time.TestDays</className>
          <testName>testFactory_daysIn_RInterval</testName>
          <skipped>false</skipped>
          <failedSince>0</failedSince>
        </case>
        <case>
          <duration>0.0</duration>
          <className>org.joda.time.TestDays</className>
          <testName>testFactory_standardDaysIn_RPeriod</testName>
          <skipped>false</skipped>
          <failedSince>0</failedSince>
        </case>
        <case>
          <duration>0.001</duration>
          <className>org.joda.time.TestDays</className>
          <testName>testFactory_parseDays_String</testName>
          <skipped>false</skipped>
          <failedSince>0</failedSince>
        </case>
        <case>
          <duration>0.0</duration>
          <className>org.joda.time.TestDays</className>
          <testName>testPlus_Days</testName>
          <skipped>false</skipped>
          <failedSince>0</failedSince>
        </case>
        <case>
          <duration>0.0</duration>
          <className>org.joda.time.TestDays</className>
          <testName>testMinus_Days</testName>
          <skipped>false</skipped>
          <failedSince>0</failedSince>
        </case>
        <case>
          <duration>0.0</duration>
          <className>org.joda.time.TestDays</className>
          <testName>testConstants</testName>
          <skipped>false</skipped>
          <failedSince>0</failedSince>
        </case>
        <case>
          <duration>0.0</duration>
          <className>org.joda.time.TestDays</className>
          <testName>testGetPeriodType</testName>
          <skipped>false</skipped>
          <failedSince>0</failedSince>
        </case>
        <case>
          <duration>0.0</duration>
          <className>org.joda.time.TestDays</className>
          <testName>testNegated</testName>
          <skipped>false</skipped>
          <failedSince>0</failedSince>
        </case>
        <case>
          <duration>0.0</duration>
          <className>org.joda.time.TestDays</className>
          <testName>testToStandardWeeks</testName>
          <skipped>false</skipped>
          <failedSince>0</failedSince>
        </case>
        <case>
          <duration>0.0</duration>
          <className>org.joda.time.TestDays</className>
          <testName>testToStandardDuration</testName>
          <skipped>false</skipped>
          <failedSince>0</failedSince>
        </case>
        <case>
          <duration>0.0</duration>
          <className>org.joda.time.TestHours</className>
          <testName>testToString</testName>
          <skipped>false</skipped>
          <failedSince>0</failedSince>
        </case>
        <case>
          <duration>0.0</duration>
          <className>org.joda.time.TestHours</className>
          <testName>testGetMethods</testName>
          <skipped>false</skipped>
          <failedSince>0</failedSince>
        </case>
        <case>
          <duration>0.001</duration>
          <className>org.joda.time.TestHours</className>
          <testName>testSerialization</testName>
          <skipped>false</skipped>
          <failedSince>0</failedSince>
        </case>
        <case>
          <duration>0.0</duration>
          <className>org.joda.time.TestHours</className>
          <testName>testGetFieldType</testName>
          <skipped>false</skipped>
          <failedSince>0</failedSince>
        </case>
        <case>
          <duration>0.001</duration>
          <className>org.joda.time.TestHours</className>
          <testName>testIsGreaterThan</testName>
          <skipped>false</skipped>
          <failedSince>0</failedSince>
        </case>
        <case>
          <duration>0.0</duration>
          <className>org.joda.time.TestHours</className>
          <testName>testIsLessThan</testName>
          <skipped>false</skipped>
          <failedSince>0</failedSince>
        </case>
        <case>
          <duration>0.0</duration>
          <className>org.joda.time.TestHours</className>
          <testName>testPlus_int</testName>
          <skipped>false</skipped>
          <failedSince>0</failedSince>
        </case>
        <case>
          <duration>0.0</duration>
          <className>org.joda.time.TestHours</className>
          <testName>testMinus_int</testName>
          <skipped>false</skipped>
          <failedSince>0</failedSince>
        </case>
        <case>
          <duration>0.0</duration>
          <className>org.joda.time.TestHours</className>
          <testName>testMultipliedBy_int</testName>
          <skipped>false</skipped>
          <failedSince>0</failedSince>
        </case>
        <case>
          <duration>0.0</duration>
          <className>org.joda.time.TestHours</className>
          <testName>testDividedBy_int</testName>
          <skipped>false</skipped>
          <failedSince>0</failedSince>
        </case>
        <case>
          <duration>0.0</duration>
          <className>org.joda.time.TestHours</className>
          <testName>testAddToLocalDate</testName>
          <skipped>false</skipped>
          <failedSince>0</failedSince>
        </case>
        <case>
          <duration>0.0</duration>
          <className>org.joda.time.TestHours</className>
          <testName>testToStandardDays</testName>
          <skipped>false</skipped>
          <failedSince>0</failedSince>
        </case>
        <case>
          <duration>0.0</duration>
          <className>org.joda.time.TestHours</className>
          <testName>testToStandardMinutes</testName>
          <skipped>false</skipped>
          <failedSince>0</failedSince>
        </case>
        <case>
          <duration>0.0</duration>
          <className>org.joda.time.TestHours</className>
          <testName>testToStandardSeconds</testName>
          <skipped>false</skipped>
          <failedSince>0</failedSince>
        </case>
        <case>
          <duration>0.0</duration>
          <className>org.joda.time.TestHours</className>
          <testName>testFactory_hours_int</testName>
          <skipped>false</skipped>
          <failedSince>0</failedSince>
        </case>
        <case>
          <duration>0.0</duration>
          <className>org.joda.time.TestHours</className>
          <testName>testFactory_hoursBetween_RInstant</testName>
          <skipped>false</skipped>
          <failedSince>0</failedSince>
        </case>
        <case>
          <duration>0.001</duration>
          <className>org.joda.time.TestHours</className>
          <testName>testFactory_hoursBetween_RPartial</testName>
          <skipped>false</skipped>
          <failedSince>0</failedSince>
        </case>
        <case>
          <duration>0.0</duration>
          <className>org.joda.time.TestHours</className>
          <testName>testFactory_hoursIn_RInterval</testName>
          <skipped>false</skipped>
          <failedSince>0</failedSince>
        </case>
        <case>
          <duration>0.0</duration>
          <className>org.joda.time.TestHours</className>
          <testName>testFactory_standardHoursIn_RPeriod</testName>
          <skipped>false</skipped>
          <failedSince>0</failedSince>
        </case>
        <case>
          <duration>0.0</duration>
          <className>org.joda.time.TestHours</className>
          <testName>testFactory_parseHours_String</testName>
          <skipped>false</skipped>
          <failedSince>0</failedSince>
        </case>
        <case>
          <duration>0.0</duration>
          <className>org.joda.time.TestHours</className>
          <testName>testPlus_Hours</testName>
          <skipped>false</skipped>
          <failedSince>0</failedSince>
        </case>
        <case>
          <duration>0.0</duration>
          <className>org.joda.time.TestHours</className>
          <testName>testMinus_Hours</testName>
          <skipped>false</skipped>
          <failedSince>0</failedSince>
        </case>
        <case>
          <duration>0.0</duration>
          <className>org.joda.time.TestHours</className>
          <testName>testConstants</testName>
          <skipped>false</skipped>
          <failedSince>0</failedSince>
        </case>
        <case>
          <duration>0.0</duration>
          <className>org.joda.time.TestHours</className>
          <testName>testGetPeriodType</testName>
          <skipped>false</skipped>
          <failedSince>0</failedSince>
        </case>
        <case>
          <duration>0.0</duration>
          <className>org.joda.time.TestHours</className>
          <testName>testNegated</testName>
          <skipped>false</skipped>
          <failedSince>0</failedSince>
        </case>
        <case>
          <duration>0.0</duration>
          <className>org.joda.time.TestHours</className>
          <testName>testToStandardWeeks</testName>
          <skipped>false</skipped>
          <failedSince>0</failedSince>
        </case>
        <case>
          <duration>0.001</duration>
          <className>org.joda.time.TestHours</className>
          <testName>testToStandardDuration</testName>
          <skipped>false</skipped>
          <failedSince>0</failedSince>
        </case>
        <case>
          <duration>0.0</duration>
          <className>org.joda.time.TestMinutes</className>
          <testName>testToString</testName>
          <skipped>false</skipped>
          <failedSince>0</failedSince>
        </case>
        <case>
          <duration>0.0</duration>
          <className>org.joda.time.TestMinutes</className>
          <testName>testGetMethods</testName>
          <skipped>false</skipped>
          <failedSince>0</failedSince>
        </case>
        <case>
          <duration>0.001</duration>
          <className>org.joda.time.TestMinutes</className>
          <testName>testSerialization</testName>
          <skipped>false</skipped>
          <failedSince>0</failedSince>
        </case>
        <case>
          <duration>0.0</duration>
          <className>org.joda.time.TestMinutes</className>
          <testName>testGetFieldType</testName>
          <skipped>false</skipped>
          <failedSince>0</failedSince>
        </case>
        <case>
          <duration>0.0</duration>
          <className>org.joda.time.TestMinutes</className>
          <testName>testIsGreaterThan</testName>
          <skipped>false</skipped>
          <failedSince>0</failedSince>
        </case>
        <case>
          <duration>0.0</duration>
          <className>org.joda.time.TestMinutes</className>
          <testName>testIsLessThan</testName>
          <skipped>false</skipped>
          <failedSince>0</failedSince>
        </case>
        <case>
          <duration>0.0</duration>
          <className>org.joda.time.TestMinutes</className>
          <testName>testPlus_int</testName>
          <skipped>false</skipped>
          <failedSince>0</failedSince>
        </case>
        <case>
          <duration>0.0</duration>
          <className>org.joda.time.TestMinutes</className>
          <testName>testMinus_int</testName>
          <skipped>false</skipped>
          <failedSince>0</failedSince>
        </case>
        <case>
          <duration>0.0</duration>
          <className>org.joda.time.TestMinutes</className>
          <testName>testMultipliedBy_int</testName>
          <skipped>false</skipped>
          <failedSince>0</failedSince>
        </case>
        <case>
          <duration>0.0</duration>
          <className>org.joda.time.TestMinutes</className>
          <testName>testDividedBy_int</testName>
          <skipped>false</skipped>
          <failedSince>0</failedSince>
        </case>
        <case>
          <duration>0.0</duration>
          <className>org.joda.time.TestMinutes</className>
          <testName>testAddToLocalDate</testName>
          <skipped>false</skipped>
          <failedSince>0</failedSince>
        </case>
        <case>
          <duration>0.0</duration>
          <className>org.joda.time.TestMinutes</className>
          <testName>testToStandardDays</testName>
          <skipped>false</skipped>
          <failedSince>0</failedSince>
        </case>
        <case>
          <duration>0.0</duration>
          <className>org.joda.time.TestMinutes</className>
          <testName>testToStandardHours</testName>
          <skipped>false</skipped>
          <failedSince>0</failedSince>
        </case>
        <case>
          <duration>0.0</duration>
          <className>org.joda.time.TestMinutes</className>
          <testName>testToStandardSeconds</testName>
          <skipped>false</skipped>
          <failedSince>0</failedSince>
        </case>
        <case>
          <duration>0.0</duration>
          <className>org.joda.time.TestMinutes</className>
          <testName>testFactory_minutes_int</testName>
          <skipped>false</skipped>
          <failedSince>0</failedSince>
        </case>
        <case>
          <duration>0.0</duration>
          <className>org.joda.time.TestMinutes</className>
          <testName>testFactory_minutesBetween_RInstant</testName>
          <skipped>false</skipped>
          <failedSince>0</failedSince>
        </case>
        <case>
          <duration>0.0</duration>
          <className>org.joda.time.TestMinutes</className>
          <testName>testFactory_minutesBetween_RPartial</testName>
          <skipped>false</skipped>
          <failedSince>0</failedSince>
        </case>
        <case>
          <duration>0.0</duration>
          <className>org.joda.time.TestMinutes</className>
          <testName>testFactory_minutesIn_RInterval</testName>
          <skipped>false</skipped>
          <failedSince>0</failedSince>
        </case>
        <case>
          <duration>0.0</duration>
          <className>org.joda.time.TestMinutes</className>
          <testName>testFactory_standardMinutesIn_RPeriod</testName>
          <skipped>false</skipped>
          <failedSince>0</failedSince>
        </case>
        <case>
          <duration>0.001</duration>
          <className>org.joda.time.TestMinutes</className>
          <testName>testFactory_parseMinutes_String</testName>
          <skipped>false</skipped>
          <failedSince>0</failedSince>
        </case>
        <case>
          <duration>0.0</duration>
          <className>org.joda.time.TestMinutes</className>
          <testName>testPlus_Minutes</testName>
          <skipped>false</skipped>
          <failedSince>0</failedSince>
        </case>
        <case>
          <duration>0.0</duration>
          <className>org.joda.time.TestMinutes</className>
          <testName>testMinus_Minutes</testName>
          <skipped>false</skipped>
          <failedSince>0</failedSince>
        </case>
        <case>
          <duration>0.0</duration>
          <className>org.joda.time.TestMinutes</className>
          <testName>testConstants</testName>
          <skipped>false</skipped>
          <failedSince>0</failedSince>
        </case>
        <case>
          <duration>0.0</duration>
          <className>org.joda.time.TestMinutes</className>
          <testName>testGetPeriodType</testName>
          <skipped>false</skipped>
          <failedSince>0</failedSince>
        </case>
        <case>
          <duration>0.0</duration>
          <className>org.joda.time.TestMinutes</className>
          <testName>testNegated</testName>
          <skipped>false</skipped>
          <failedSince>0</failedSince>
        </case>
        <case>
          <duration>0.0</duration>
          <className>org.joda.time.TestMinutes</className>
          <testName>testToStandardWeeks</testName>
          <skipped>false</skipped>
          <failedSince>0</failedSince>
        </case>
        <case>
          <duration>0.0</duration>
          <className>org.joda.time.TestMinutes</className>
          <testName>testToStandardDuration</testName>
          <skipped>false</skipped>
          <failedSince>0</failedSince>
        </case>
        <case>
          <duration>0.0</duration>
          <className>org.joda.time.TestSeconds</className>
          <testName>testToString</testName>
          <skipped>false</skipped>
          <failedSince>0</failedSince>
        </case>
        <case>
          <duration>0.0</duration>
          <className>org.joda.time.TestSeconds</className>
          <testName>testGetMethods</testName>
          <skipped>false</skipped>
          <failedSince>0</failedSince>
        </case>
        <case>
          <duration>0.001</duration>
          <className>org.joda.time.TestSeconds</className>
          <testName>testSerialization</testName>
          <skipped>false</skipped>
          <failedSince>0</failedSince>
        </case>
        <case>
          <duration>0.0</duration>
          <className>org.joda.time.TestSeconds</className>
          <testName>testGetFieldType</testName>
          <skipped>false</skipped>
          <failedSince>0</failedSince>
        </case>
        <case>
          <duration>0.0</duration>
          <className>org.joda.time.TestSeconds</className>
          <testName>testIsGreaterThan</testName>
          <skipped>false</skipped>
          <failedSince>0</failedSince>
        </case>
        <case>
          <duration>0.0</duration>
          <className>org.joda.time.TestSeconds</className>
          <testName>testIsLessThan</testName>
          <skipped>false</skipped>
          <failedSince>0</failedSince>
        </case>
        <case>
          <duration>0.0</duration>
          <className>org.joda.time.TestSeconds</className>
          <testName>testPlus_int</testName>
          <skipped>false</skipped>
          <failedSince>0</failedSince>
        </case>
        <case>
          <duration>0.0</duration>
          <className>org.joda.time.TestSeconds</className>
          <testName>testMinus_int</testName>
          <skipped>false</skipped>
          <failedSince>0</failedSince>
        </case>
        <case>
          <duration>0.0</duration>
          <className>org.joda.time.TestSeconds</className>
          <testName>testMultipliedBy_int</testName>
          <skipped>false</skipped>
          <failedSince>0</failedSince>
        </case>
        <case>
          <duration>0.0</duration>
          <className>org.joda.time.TestSeconds</className>
          <testName>testDividedBy_int</testName>
          <skipped>false</skipped>
          <failedSince>0</failedSince>
        </case>
        <case>
          <duration>0.001</duration>
          <className>org.joda.time.TestSeconds</className>
          <testName>testAddToLocalDate</testName>
          <skipped>false</skipped>
          <failedSince>0</failedSince>
        </case>
        <case>
          <duration>0.0</duration>
          <className>org.joda.time.TestSeconds</className>
          <testName>testToStandardDays</testName>
          <skipped>false</skipped>
          <failedSince>0</failedSince>
        </case>
        <case>
          <duration>0.0</duration>
          <className>org.joda.time.TestSeconds</className>
          <testName>testToStandardHours</testName>
          <skipped>false</skipped>
          <failedSince>0</failedSince>
        </case>
        <case>
          <duration>0.0</duration>
          <className>org.joda.time.TestSeconds</className>
          <testName>testToStandardMinutes</testName>
          <skipped>false</skipped>
          <failedSince>0</failedSince>
        </case>
        <case>
          <duration>0.0</duration>
          <className>org.joda.time.TestSeconds</className>
          <testName>testFactory_seconds_int</testName>
          <skipped>false</skipped>
          <failedSince>0</failedSince>
        </case>
        <case>
          <duration>0.0</duration>
          <className>org.joda.time.TestSeconds</className>
          <testName>testFactory_secondsBetween_RInstant</testName>
          <skipped>false</skipped>
          <failedSince>0</failedSince>
        </case>
        <case>
          <duration>0.0</duration>
          <className>org.joda.time.TestSeconds</className>
          <testName>testFactory_secondsBetween_RPartial</testName>
          <skipped>false</skipped>
          <failedSince>0</failedSince>
        </case>
        <case>
          <duration>0.0</duration>
          <className>org.joda.time.TestSeconds</className>
          <testName>testFactory_secondsIn_RInterval</testName>
          <skipped>false</skipped>
          <failedSince>0</failedSince>
        </case>
        <case>
          <duration>0.0</duration>
          <className>org.joda.time.TestSeconds</className>
          <testName>testFactory_standardSecondsIn_RPeriod</testName>
          <skipped>false</skipped>
          <failedSince>0</failedSince>
        </case>
        <case>
          <duration>0.001</duration>
          <className>org.joda.time.TestSeconds</className>
          <testName>testFactory_parseSeconds_String</testName>
          <skipped>false</skipped>
          <failedSince>0</failedSince>
        </case>
        <case>
          <duration>0.0</duration>
          <className>org.joda.time.TestSeconds</className>
          <testName>testPlus_Seconds</testName>
          <skipped>false</skipped>
          <failedSince>0</failedSince>
        </case>
        <case>
          <duration>0.0</duration>
          <className>org.joda.time.TestSeconds</className>
          <testName>testMinus_Seconds</testName>
          <skipped>false</skipped>
          <failedSince>0</failedSince>
        </case>
        <case>
          <duration>0.0</duration>
          <className>org.joda.time.TestSeconds</className>
          <testName>testConstants</testName>
          <skipped>false</skipped>
          <failedSince>0</failedSince>
        </case>
        <case>
          <duration>0.0</duration>
          <className>org.joda.time.TestSeconds</className>
          <testName>testGetPeriodType</testName>
          <skipped>false</skipped>
          <failedSince>0</failedSince>
        </case>
        <case>
          <duration>0.0</duration>
          <className>org.joda.time.TestSeconds</className>
          <testName>testNegated</testName>
          <skipped>false</skipped>
          <failedSince>0</failedSince>
        </case>
        <case>
          <duration>0.0</duration>
          <className>org.joda.time.TestSeconds</className>
          <testName>testToStandardWeeks</testName>
          <skipped>false</skipped>
          <failedSince>0</failedSince>
        </case>
        <case>
          <duration>0.0</duration>
          <className>org.joda.time.TestSeconds</className>
          <testName>testToStandardDuration</testName>
          <skipped>false</skipped>
          <failedSince>0</failedSince>
        </case>
        <case>
          <duration>0.0</duration>
          <className>org.joda.time.TestTimeOfDay_Basics</className>
          <testName>testToDateTimeToday_Zone</testName>
          <skipped>false</skipped>
          <failedSince>0</failedSince>
        </case>
        <case>
          <duration>0.0</duration>
          <className>org.joda.time.TestTimeOfDay_Basics</className>
          <testName>testToDateTimeToday_nullZone</testName>
          <skipped>false</skipped>
          <failedSince>0</failedSince>
        </case>
        <case>
          <duration>0.0</duration>
          <className>org.joda.time.TestTimeOfDay_Basics</className>
          <testName>testToString</testName>
          <skipped>false</skipped>
          <failedSince>0</failedSince>
        </case>
        <case>
          <duration>0.001</duration>
          <className>org.joda.time.TestTimeOfDay_Basics</className>
          <testName>testEqualsHashCode</testName>
          <skipped>false</skipped>
          <failedSince>0</failedSince>
        </case>
        <case>
          <duration>0.0</duration>
          <className>org.joda.time.TestTimeOfDay_Basics</className>
          <testName>testCompareTo</testName>
          <skipped>false</skipped>
          <failedSince>0</failedSince>
        </case>
        <case>
          <duration>0.004</duration>
          <className>org.joda.time.TestTimeOfDay_Basics</className>
          <testName>testSerialization</testName>
          <skipped>false</skipped>
          <failedSince>0</failedSince>
        </case>
        <case>
          <duration>0.0</duration>
          <className>org.joda.time.TestTimeOfDay_Basics</className>
          <testName>testWithers</testName>
          <skipped>false</skipped>
          <failedSince>0</failedSince>
        </case>
        <case>
          <duration>0.0</duration>
          <className>org.joda.time.TestTimeOfDay_Basics</className>
          <testName>testToString_String</testName>
          <skipped>false</skipped>
          <failedSince>0</failedSince>
        </case>
        <case>
          <duration>0.0</duration>
          <className>org.joda.time.TestTimeOfDay_Basics</className>
          <testName>testToString_String_Locale</testName>
          <skipped>false</skipped>
          <failedSince>0</failedSince>
        </case>
        <case>
          <duration>0.001</duration>
          <className>org.joda.time.TestTimeOfDay_Basics</className>
          <testName>testToString_DTFormatter</testName>
          <skipped>false</skipped>
          <failedSince>0</failedSince>
        </case>
        <case>
          <duration>0.0</duration>
          <className>org.joda.time.TestTimeOfDay_Basics</className>
          <testName>testToLocalTime</testName>
          <skipped>false</skipped>
          <failedSince>0</failedSince>
        </case>
        <case>
          <duration>0.0</duration>
          <className>org.joda.time.TestTimeOfDay_Basics</className>
          <testName>testWithField1</testName>
          <skipped>false</skipped>
          <failedSince>0</failedSince>
        </case>
        <case>
          <duration>0.0</duration>
          <className>org.joda.time.TestTimeOfDay_Basics</className>
          <testName>testWithField2</testName>
          <skipped>false</skipped>
          <failedSince>0</failedSince>
        </case>
        <case>
          <duration>0.0</duration>
          <className>org.joda.time.TestTimeOfDay_Basics</className>
          <testName>testWithFieldAdded1</testName>
          <skipped>false</skipped>
          <failedSince>0</failedSince>
        </case>
        <case>
          <duration>0.001</duration>
          <className>org.joda.time.TestTimeOfDay_Basics</className>
          <testName>testWithFieldAdded2</testName>
          <skipped>false</skipped>
          <failedSince>0</failedSince>
        </case>
        <case>
          <duration>0.0</duration>
          <className>org.joda.time.TestTimeOfDay_Basics</className>
          <testName>testWithFieldAdded3</testName>
          <skipped>false</skipped>
          <failedSince>0</failedSince>
        </case>
        <case>
          <duration>0.0</duration>
          <className>org.joda.time.TestTimeOfDay_Basics</className>
          <testName>testWithFieldAdded4</testName>
          <skipped>false</skipped>
          <failedSince>0</failedSince>
        </case>
        <case>
          <duration>0.001</duration>
          <className>org.joda.time.TestTimeOfDay_Basics</className>
          <testName>testPlus_RP</testName>
          <skipped>false</skipped>
          <failedSince>0</failedSince>
        </case>
        <case>
          <duration>0.0</duration>
          <className>org.joda.time.TestTimeOfDay_Basics</className>
          <testName>testPlusHours_int</testName>
          <skipped>false</skipped>
          <failedSince>0</failedSince>
        </case>
        <case>
          <duration>0.0</duration>
          <className>org.joda.time.TestTimeOfDay_Basics</className>
          <testName>testPlusMinutes_int</testName>
          <skipped>false</skipped>
          <failedSince>0</failedSince>
        </case>
        <case>
          <duration>0.0</duration>
          <className>org.joda.time.TestTimeOfDay_Basics</className>
          <testName>testPlusSeconds_int</testName>
          <skipped>false</skipped>
          <failedSince>0</failedSince>
        </case>
        <case>
          <duration>0.0</duration>
          <className>org.joda.time.TestTimeOfDay_Basics</className>
          <testName>testPlusMillis_int</testName>
          <skipped>false</skipped>
          <failedSince>0</failedSince>
        </case>
        <case>
          <duration>0.0</duration>
          <className>org.joda.time.TestTimeOfDay_Basics</className>
          <testName>testMinus_RP</testName>
          <skipped>false</skipped>
          <failedSince>0</failedSince>
        </case>
        <case>
          <duration>0.0</duration>
          <className>org.joda.time.TestTimeOfDay_Basics</className>
          <testName>testMinusHours_int</testName>
          <skipped>false</skipped>
          <failedSince>0</failedSince>
        </case>
        <case>
          <duration>0.0</duration>
          <className>org.joda.time.TestTimeOfDay_Basics</className>
          <testName>testMinusMinutes_int</testName>
          <skipped>false</skipped>
          <failedSince>0</failedSince>
        </case>
        <case>
          <duration>0.0</duration>
          <className>org.joda.time.TestTimeOfDay_Basics</className>
          <testName>testMinusSeconds_int</testName>
          <skipped>false</skipped>
          <failedSince>0</failedSince>
        </case>
        <case>
          <duration>0.0</duration>
          <className>org.joda.time.TestTimeOfDay_Basics</className>
          <testName>testMinusMillis_int</testName>
          <skipped>false</skipped>
          <failedSince>0</failedSince>
        </case>
        <case>
          <duration>0.001</duration>
          <className>org.joda.time.TestTimeOfDay_Basics</className>
          <testName>testProperty</testName>
          <skipped>false</skipped>
          <failedSince>0</failedSince>
        </case>
        <case>
          <duration>0.0</duration>
          <className>org.joda.time.TestTimeOfDay_Basics</className>
          <testName>testGetFieldType</testName>
          <skipped>false</skipped>
          <failedSince>0</failedSince>
        </case>
        <case>
          <duration>0.0</duration>
          <className>org.joda.time.TestTimeOfDay_Basics</className>
          <testName>testIsBefore_TOD</testName>
          <skipped>false</skipped>
          <failedSince>0</failedSince>
        </case>
        <case>
          <duration>0.0</duration>
          <className>org.joda.time.TestTimeOfDay_Basics</className>
          <testName>testIsAfter_TOD</testName>
          <skipped>false</skipped>
          <failedSince>0</failedSince>
        </case>
        <case>
          <duration>0.0</duration>
          <className>org.joda.time.TestTimeOfDay_Basics</className>
          <testName>testWithChronologyRetainFields_Chrono</testName>
          <skipped>false</skipped>
          <failedSince>0</failedSince>
        </case>
        <case>
          <duration>0.001</duration>
          <className>org.joda.time.TestTimeOfDay_Basics</className>
          <testName>testWithChronologyRetainFields_sameChrono</testName>
          <skipped>false</skipped>
          <failedSince>0</failedSince>
        </case>
        <case>
          <duration>0.0</duration>
          <className>org.joda.time.TestTimeOfDay_Basics</className>
          <testName>testWithChronologyRetainFields_nullChrono</testName>
          <skipped>false</skipped>
          <failedSince>0</failedSince>
        </case>
        <case>
          <duration>0.0</duration>
          <className>org.joda.time.TestTimeOfDay_Basics</className>
          <testName>testWithFieldAdded5</testName>
          <skipped>false</skipped>
          <failedSince>0</failedSince>
        </case>
        <case>
          <duration>0.0</duration>
          <className>org.joda.time.TestTimeOfDay_Basics</className>
          <testName>testWithFieldAdded6</testName>
          <skipped>false</skipped>
          <failedSince>0</failedSince>
        </case>
        <case>
          <duration>0.0</duration>
          <className>org.joda.time.TestTimeOfDay_Basics</className>
          <testName>testWithFieldAdded7</testName>
          <skipped>false</skipped>
          <failedSince>0</failedSince>
        </case>
        <case>
          <duration>0.0</duration>
          <className>org.joda.time.TestTimeOfDay_Basics</className>
          <testName>testWithFieldAdded8</testName>
          <skipped>false</skipped>
          <failedSince>0</failedSince>
        </case>
        <case>
          <duration>0.0</duration>
          <className>org.joda.time.TestTimeOfDay_Basics</className>
          <testName>testToDateTimeToday</testName>
          <skipped>false</skipped>
          <failedSince>0</failedSince>
        </case>
        <case>
          <duration>0.0</duration>
          <className>org.joda.time.TestTimeOfDay_Basics</className>
          <testName>testGetField</testName>
          <skipped>false</skipped>
          <failedSince>0</failedSince>
        </case>
        <case>
          <duration>0.001</duration>
          <className>org.joda.time.TestTimeOfDay_Basics</className>
          <testName>testGetValue</testName>
          <skipped>false</skipped>
          <failedSince>0</failedSince>
        </case>
        <case>
          <duration>0.0</duration>
          <className>org.joda.time.TestTimeOfDay_Basics</className>
          <testName>testIsEqual_TOD</testName>
          <skipped>false</skipped>
          <failedSince>0</failedSince>
        </case>
        <case>
          <duration>0.0</duration>
          <className>org.joda.time.TestTimeOfDay_Basics</className>
          <testName>testGetFieldTypes</testName>
          <skipped>false</skipped>
          <failedSince>0</failedSince>
        </case>
        <case>
          <duration>0.0</duration>
          <className>org.joda.time.TestTimeOfDay_Basics</className>
          <testName>testGetFields</testName>
          <skipped>false</skipped>
          <failedSince>0</failedSince>
        </case>
        <case>
          <duration>0.0</duration>
          <className>org.joda.time.TestTimeOfDay_Basics</className>
          <testName>testGetValues</testName>
          <skipped>false</skipped>
          <failedSince>0</failedSince>
        </case>
        <case>
          <duration>0.0</duration>
          <className>org.joda.time.TestTimeOfDay_Basics</className>
          <testName>testToDateTime_RI</testName>
          <skipped>false</skipped>
          <failedSince>0</failedSince>
        </case>
        <case>
          <duration>0.0</duration>
          <className>org.joda.time.TestTimeOfDay_Basics</className>
          <testName>testToDateTime_nullRI</testName>
          <skipped>false</skipped>
          <failedSince>0</failedSince>
        </case>
        <case>
          <duration>0.0</duration>
          <className>org.joda.time.TestTimeOfDay_Basics</className>
          <testName>testSize</testName>
          <skipped>false</skipped>
          <failedSince>0</failedSince>
        </case>
        <case>
          <duration>0.0</duration>
          <className>org.joda.time.TestTimeOfDay_Basics</className>
          <testName>testGet</testName>
          <skipped>false</skipped>
          <failedSince>0</failedSince>
        </case>
        <case>
          <duration>0.0</duration>
          <className>org.joda.time.TestTimeOfDay_Basics</className>
          <testName>testIsSupported</testName>
          <skipped>false</skipped>
          <failedSince>0</failedSince>
        </case>
        <case>
          <duration>0.0</duration>
          <className>org.joda.time.TestTimeOfDay_Basics</className>
          <testName>testWithField3</testName>
          <skipped>false</skipped>
          <failedSince>0</failedSince>
        </case>
        <case>
          <duration>0.0</duration>
          <className>org.joda.time.TestTimeOfDay_Basics</className>
          <testName>testWithField4</testName>
          <skipped>false</skipped>
          <failedSince>0</failedSince>
        </case>
        <case>
          <duration>0.001</duration>
          <className>org.joda.time.TestTimeOfDay_Constructors</className>
          <testName>testConstructor</testName>
          <skipped>false</skipped>
          <failedSince>0</failedSince>
        </case>
        <case>
          <duration>0.0</duration>
          <className>org.joda.time.TestTimeOfDay_Constructors</className>
          <testName>testConstructor_DateTimeZone</testName>
          <skipped>false</skipped>
          <failedSince>0</failedSince>
        </case>
        <case>
          <duration>0.0</duration>
          <className>org.joda.time.TestTimeOfDay_Constructors</className>
          <testName>testConstructor_nullDateTimeZone</testName>
          <skipped>false</skipped>
          <failedSince>0</failedSince>
        </case>
        <case>
          <duration>0.0</duration>
          <className>org.joda.time.TestTimeOfDay_Constructors</className>
          <testName>testConstructor_Chronology</testName>
          <skipped>false</skipped>
          <failedSince>0</failedSince>
        </case>
        <case>
          <duration>0.0</duration>
          <className>org.joda.time.TestTimeOfDay_Constructors</className>
          <testName>testConstructor_nullChronology</testName>
          <skipped>false</skipped>
          <failedSince>0</failedSince>
        </case>
        <case>
          <duration>0.0</duration>
          <className>org.joda.time.TestTimeOfDay_Constructors</className>
          <testName>testConstructor_long1_Chronology</testName>
          <skipped>false</skipped>
          <failedSince>0</failedSince>
        </case>
        <case>
          <duration>0.0</duration>
          <className>org.joda.time.TestTimeOfDay_Constructors</className>
          <testName>testConstructor_long2_Chronology</testName>
          <skipped>false</skipped>
          <failedSince>0</failedSince>
        </case>
        <case>
          <duration>0.0</duration>
          <className>org.joda.time.TestTimeOfDay_Constructors</className>
          <testName>testConstructor_long_nullChronology</testName>
          <skipped>false</skipped>
          <failedSince>0</failedSince>
        </case>
        <case>
          <duration>0.0</duration>
          <className>org.joda.time.TestTimeOfDay_Constructors</className>
          <testName>testConstructor_ObjectString1</testName>
          <skipped>false</skipped>
          <failedSince>0</failedSince>
        </case>
        <case>
          <duration>0.0</duration>
          <className>org.joda.time.TestTimeOfDay_Constructors</className>
          <testName>testConstructor_ObjectString2</testName>
          <skipped>false</skipped>
          <failedSince>0</failedSince>
        </case>
        <case>
          <duration>0.0</duration>
          <className>org.joda.time.TestTimeOfDay_Constructors</className>
          <testName>testConstructor_ObjectString3</testName>
          <skipped>false</skipped>
          <failedSince>0</failedSince>
        </case>
        <case>
          <duration>0.0</duration>
          <className>org.joda.time.TestTimeOfDay_Constructors</className>
          <testName>testConstructor_ObjectString4</testName>
          <skipped>false</skipped>
          <failedSince>0</failedSince>
        </case>
        <case>
          <duration>0.0</duration>
          <className>org.joda.time.TestTimeOfDay_Constructors</className>
          <testName>testConstructor_ObjectString5</testName>
          <skipped>false</skipped>
          <failedSince>0</failedSince>
        </case>
        <case>
          <duration>0.0</duration>
          <className>org.joda.time.TestTimeOfDay_Constructors</className>
          <testName>testConstructor_ObjectString6</testName>
          <skipped>false</skipped>
          <failedSince>0</failedSince>
        </case>
        <case>
          <duration>0.0</duration>
          <className>org.joda.time.TestTimeOfDay_Constructors</className>
          <testName>testConstructor_ObjectStringEx1</testName>
          <skipped>false</skipped>
          <failedSince>0</failedSince>
        </case>
        <case>
          <duration>0.0</duration>
          <className>org.joda.time.TestTimeOfDay_Constructors</className>
          <testName>testConstructor_ObjectStringEx2</testName>
          <skipped>false</skipped>
          <failedSince>0</failedSince>
        </case>
        <case>
          <duration>0.0</duration>
          <className>org.joda.time.TestTimeOfDay_Constructors</className>
          <testName>testConstructor_Object_Chronology</testName>
          <skipped>false</skipped>
          <failedSince>0</failedSince>
        </case>
        <case>
          <duration>0.0</duration>
          <className>org.joda.time.TestTimeOfDay_Constructors</className>
          <testName>testConstructor_nullObject_Chronology</testName>
          <skipped>false</skipped>
          <failedSince>0</failedSince>
        </case>
        <case>
          <duration>0.0</duration>
          <className>org.joda.time.TestTimeOfDay_Constructors</className>
          <testName>testConstructor_Object_nullChronology</testName>
          <skipped>false</skipped>
          <failedSince>0</failedSince>
        </case>
        <case>
          <duration>0.0</duration>
          <className>org.joda.time.TestTimeOfDay_Constructors</className>
          <testName>testConstructor_nullObject_nullChronology</testName>
          <skipped>false</skipped>
          <failedSince>0</failedSince>
        </case>
        <case>
          <duration>0.0</duration>
          <className>org.joda.time.TestTimeOfDay_Constructors</className>
          <testName>testConstructor_long1</testName>
          <skipped>false</skipped>
          <failedSince>0</failedSince>
        </case>
        <case>
          <duration>0.0</duration>
          <className>org.joda.time.TestTimeOfDay_Constructors</className>
          <testName>testConstructor_long2</testName>
          <skipped>false</skipped>
          <failedSince>0</failedSince>
        </case>
        <case>
          <duration>0.0</duration>
          <className>org.joda.time.TestTimeOfDay_Constructors</className>
          <testName>testConstructor_nullObject</testName>
          <skipped>false</skipped>
          <failedSince>0</failedSince>
        </case>
        <case>
          <duration>0.0</duration>
          <className>org.joda.time.TestTimeOfDay_Constructors</className>
          <testName>testConstructor_Object1</testName>
          <skipped>false</skipped>
          <failedSince>0</failedSince>
        </case>
        <case>
          <duration>0.0</duration>
          <className>org.joda.time.TestTimeOfDay_Constructors</className>
          <testName>testConstructor_Object2</testName>
          <skipped>false</skipped>
          <failedSince>0</failedSince>
        </case>
        <case>
          <duration>0.0</duration>
          <className>org.joda.time.TestTimeOfDay_Constructors</className>
          <testName>testFactory_FromCalendarFields</testName>
          <skipped>false</skipped>
          <failedSince>0</failedSince>
        </case>
        <case>
          <duration>0.0</duration>
          <className>org.joda.time.TestTimeOfDay_Constructors</className>
          <testName>testFactoryMillisOfDay_long1</testName>
          <skipped>false</skipped>
          <failedSince>0</failedSince>
        </case>
        <case>
          <duration>0.0</duration>
          <className>org.joda.time.TestTimeOfDay_Constructors</className>
          <testName>testFactoryMillisOfDay_long1_Chronology</testName>
          <skipped>false</skipped>
          <failedSince>0</failedSince>
        </case>
        <case>
          <duration>0.0</duration>
          <className>org.joda.time.TestTimeOfDay_Constructors</className>
          <testName>testConstructor_todObject</testName>
          <skipped>false</skipped>
          <failedSince>0</failedSince>
        </case>
        <case>
          <duration>0.0</duration>
          <className>org.joda.time.TestTimeOfDay_Constructors</className>
          <testName>testConstructor2_Object_Chronology</testName>
          <skipped>false</skipped>
          <failedSince>0</failedSince>
        </case>
        <case>
          <duration>0.0</duration>
          <className>org.joda.time.TestTimeOfDay_Constructors</className>
          <testName>testConstructor_int_int_Chronology</testName>
          <skipped>false</skipped>
          <failedSince>0</failedSince>
        </case>
        <case>
          <duration>0.0</duration>
          <className>org.joda.time.TestTimeOfDay_Constructors</className>
          <testName>testConstructor_int_int_nullChronology</testName>
          <skipped>false</skipped>
          <failedSince>0</failedSince>
        </case>
        <case>
          <duration>0.0</duration>
          <className>org.joda.time.TestTimeOfDay_Constructors</className>
          <testName>testConstantMidnight</testName>
          <skipped>false</skipped>
          <failedSince>0</failedSince>
        </case>
        <case>
          <duration>0.001</duration>
          <className>org.joda.time.TestTimeOfDay_Constructors</className>
          <testName>testFactory_FromDateFields_after1970</testName>
          <skipped>false</skipped>
          <failedSince>0</failedSince>
        </case>
        <case>
          <duration>0.0</duration>
          <className>org.joda.time.TestTimeOfDay_Constructors</className>
          <testName>testFactory_FromDateFields_before1970</testName>
          <skipped>false</skipped>
          <failedSince>0</failedSince>
        </case>
        <case>
          <duration>0.0</duration>
          <className>org.joda.time.TestTimeOfDay_Constructors</className>
          <testName>testFactory_FromDateFields_null</testName>
          <skipped>false</skipped>
          <failedSince>0</failedSince>
        </case>
        <case>
          <duration>0.0</duration>
          <className>org.joda.time.TestTimeOfDay_Constructors</className>
          <testName>testFactoryMillisOfDay_long_nullChronology</testName>
          <skipped>false</skipped>
          <failedSince>0</failedSince>
        </case>
        <case>
          <duration>0.0</duration>
          <className>org.joda.time.TestTimeOfDay_Constructors</className>
          <testName>testConstructor_int_int</testName>
          <skipped>false</skipped>
          <failedSince>0</failedSince>
        </case>
        <case>
          <duration>0.0</duration>
          <className>org.joda.time.TestTimeOfDay_Constructors</className>
          <testName>testConstructor_int_int_int_int</testName>
          <skipped>false</skipped>
          <failedSince>0</failedSince>
        </case>
        <case>
          <duration>0.0</duration>
          <className>org.joda.time.TestTimeOfDay_Constructors</className>
          <testName>testConstructor_int_int_int_int_Chronology</testName>
          <skipped>false</skipped>
          <failedSince>0</failedSince>
        </case>
        <case>
          <duration>0.0</duration>
          <className>org.joda.time.TestTimeOfDay_Constructors</className>
          <testName>testConstructor_int_int_int_int_nullChronology</testName>
          <skipped>false</skipped>
          <failedSince>0</failedSince>
        </case>
        <case>
          <duration>0.0</duration>
          <className>org.joda.time.TestTimeOfDay_Constructors</className>
          <testName>testConstructor_int_int_int</testName>
          <skipped>false</skipped>
          <failedSince>0</failedSince>
        </case>
        <case>
          <duration>0.001</duration>
          <className>org.joda.time.TestTimeOfDay_Constructors</className>
          <testName>testConstructor_int_int_int_Chronology</testName>
          <skipped>false</skipped>
          <failedSince>0</failedSince>
        </case>
        <case>
          <duration>0.0</duration>
          <className>org.joda.time.TestTimeOfDay_Constructors</className>
          <testName>testConstructor_int_int_int_nullChronology</testName>
          <skipped>false</skipped>
          <failedSince>0</failedSince>
        </case>
        <case>
          <duration>0.0</duration>
          <className>org.joda.time.TestTimeOfDay_Constructors</className>
          <testName>testConstructor_ObjectStringEx3</testName>
          <skipped>false</skipped>
          <failedSince>0</failedSince>
        </case>
        <case>
          <duration>0.0</duration>
          <className>org.joda.time.TestTimeOfDay_Constructors</className>
          <testName>testConstructor_ObjectStringEx4</testName>
          <skipped>false</skipped>
          <failedSince>0</failedSince>
        </case>
        <case>
          <duration>0.001</duration>
          <className>org.joda.time.TestTimeOfDay_Properties</className>
          <testName>testPropertyAddHour</testName>
          <skipped>false</skipped>
          <failedSince>0</failedSince>
        </case>
        <case>
          <duration>0.0</duration>
          <className>org.joda.time.TestTimeOfDay_Properties</className>
          <testName>testPropertyAddNoWrapHour</testName>
          <skipped>false</skipped>
          <failedSince>0</failedSince>
        </case>
        <case>
          <duration>0.0</duration>
          <className>org.joda.time.TestTimeOfDay_Properties</className>
          <testName>testPropertyAddWrapFieldHour</testName>
          <skipped>false</skipped>
          <failedSince>0</failedSince>
        </case>
        <case>
          <duration>0.0</duration>
          <className>org.joda.time.TestTimeOfDay_Properties</className>
          <testName>testPropertyAddMinute</testName>
          <skipped>false</skipped>
          <failedSince>0</failedSince>
        </case>
        <case>
          <duration>0.0</duration>
          <className>org.joda.time.TestTimeOfDay_Properties</className>
          <testName>testPropertyAddNoWrapMinute</testName>
          <skipped>false</skipped>
          <failedSince>0</failedSince>
        </case>
        <case>
          <duration>0.0</duration>
          <className>org.joda.time.TestTimeOfDay_Properties</className>
          <testName>testPropertyAddWrapFieldMinute</testName>
          <skipped>false</skipped>
          <failedSince>0</failedSince>
        </case>
        <case>
          <duration>0.003</duration>
          <className>org.joda.time.TestTimeOfDay_Properties</className>
          <testName>testPropertyAddSecond</testName>
          <skipped>false</skipped>
          <failedSince>0</failedSince>
        </case>
        <case>
          <duration>0.006</duration>
          <className>org.joda.time.TestTimeOfDay_Properties</className>
          <testName>testPropertyAddNoWrapSecond</testName>
          <skipped>false</skipped>
          <failedSince>0</failedSince>
        </case>
        <case>
          <duration>0.0</duration>
          <className>org.joda.time.TestTimeOfDay_Properties</className>
          <testName>testPropertyAddWrapFieldSecond</testName>
          <skipped>false</skipped>
          <failedSince>0</failedSince>
        </case>
        <case>
          <duration>0.029</duration>
          <className>org.joda.time.TestTimeOfDay_Properties</className>
          <testName>testPropertyAddMilli</testName>
          <skipped>false</skipped>
          <failedSince>0</failedSince>
        </case>
        <case>
          <duration>0.018</duration>
          <className>org.joda.time.TestTimeOfDay_Properties</className>
          <testName>testPropertyAddNoWrapMilli</testName>
          <skipped>false</skipped>
          <failedSince>0</failedSince>
        </case>
        <case>
          <duration>0.0</duration>
          <className>org.joda.time.TestTimeOfDay_Properties</className>
          <testName>testPropertyAddWrapFieldMilli</testName>
          <skipped>false</skipped>
          <failedSince>0</failedSince>
        </case>
        <case>
          <duration>0.0</duration>
          <className>org.joda.time.TestTimeOfDay_Properties</className>
          <testName>testPropertyGetHour</testName>
          <skipped>false</skipped>
          <failedSince>0</failedSince>
        </case>
        <case>
          <duration>0.0</duration>
          <className>org.joda.time.TestTimeOfDay_Properties</className>
          <testName>testPropertyGetMaxMinValuesHour</testName>
          <skipped>false</skipped>
          <failedSince>0</failedSince>
        </case>
        <case>
          <duration>0.0</duration>
          <className>org.joda.time.TestTimeOfDay_Properties</className>
          <testName>testPropertySetHour</testName>
          <skipped>false</skipped>
          <failedSince>0</failedSince>
        </case>
        <case>
          <duration>0.0</duration>
          <className>org.joda.time.TestTimeOfDay_Properties</className>
          <testName>testPropertySetTextHour</testName>
          <skipped>false</skipped>
          <failedSince>0</failedSince>
        </case>
        <case>
          <duration>0.0</duration>
          <className>org.joda.time.TestTimeOfDay_Properties</className>
          <testName>testPropertyWithMaximumValueHour</testName>
          <skipped>false</skipped>
          <failedSince>0</failedSince>
        </case>
        <case>
          <duration>0.0</duration>
          <className>org.joda.time.TestTimeOfDay_Properties</className>
          <testName>testPropertyWithMinimumValueHour</testName>
          <skipped>false</skipped>
          <failedSince>0</failedSince>
        </case>
        <case>
          <duration>0.0</duration>
          <className>org.joda.time.TestTimeOfDay_Properties</className>
          <testName>testPropertyCompareToHour</testName>
          <skipped>false</skipped>
          <failedSince>0</failedSince>
        </case>
        <case>
          <duration>0.0</duration>
          <className>org.joda.time.TestTimeOfDay_Properties</className>
          <testName>testPropertyGetMinute</testName>
          <skipped>false</skipped>
          <failedSince>0</failedSince>
        </case>
        <case>
          <duration>0.0</duration>
          <className>org.joda.time.TestTimeOfDay_Properties</className>
          <testName>testPropertyGetMaxMinValuesMinute</testName>
          <skipped>false</skipped>
          <failedSince>0</failedSince>
        </case>
        <case>
          <duration>0.0</duration>
          <className>org.joda.time.TestTimeOfDay_Properties</className>
          <testName>testPropertySetMinute</testName>
          <skipped>false</skipped>
          <failedSince>0</failedSince>
        </case>
        <case>
          <duration>0.0</duration>
          <className>org.joda.time.TestTimeOfDay_Properties</className>
          <testName>testPropertySetTextMinute</testName>
          <skipped>false</skipped>
          <failedSince>0</failedSince>
        </case>
        <case>
          <duration>0.0</duration>
          <className>org.joda.time.TestTimeOfDay_Properties</className>
          <testName>testPropertyCompareToMinute</testName>
          <skipped>false</skipped>
          <failedSince>0</failedSince>
        </case>
        <case>
          <duration>0.0</duration>
          <className>org.joda.time.TestTimeOfDay_Properties</className>
          <testName>testPropertyGetSecond</testName>
          <skipped>false</skipped>
          <failedSince>0</failedSince>
        </case>
        <case>
          <duration>0.0</duration>
          <className>org.joda.time.TestTimeOfDay_Properties</className>
          <testName>testPropertyGetMaxMinValuesSecond</testName>
          <skipped>false</skipped>
          <failedSince>0</failedSince>
        </case>
        <case>
          <duration>0.0</duration>
          <className>org.joda.time.TestTimeOfDay_Properties</className>
          <testName>testPropertySetSecond</testName>
          <skipped>false</skipped>
          <failedSince>0</failedSince>
        </case>
        <case>
          <duration>0.0</duration>
          <className>org.joda.time.TestTimeOfDay_Properties</className>
          <testName>testPropertySetTextSecond</testName>
          <skipped>false</skipped>
          <failedSince>0</failedSince>
        </case>
        <case>
          <duration>0.0</duration>
          <className>org.joda.time.TestTimeOfDay_Properties</className>
          <testName>testPropertyCompareToSecond</testName>
          <skipped>false</skipped>
          <failedSince>0</failedSince>
        </case>
        <case>
          <duration>0.0</duration>
          <className>org.joda.time.TestTimeOfDay_Properties</className>
          <testName>testPropertyGetMilli</testName>
          <skipped>false</skipped>
          <failedSince>0</failedSince>
        </case>
        <case>
          <duration>0.0</duration>
          <className>org.joda.time.TestTimeOfDay_Properties</className>
          <testName>testPropertyGetMaxMinValuesMilli</testName>
          <skipped>false</skipped>
          <failedSince>0</failedSince>
        </case>
        <case>
          <duration>0.0</duration>
          <className>org.joda.time.TestTimeOfDay_Properties</className>
          <testName>testPropertySetMilli</testName>
          <skipped>false</skipped>
          <failedSince>0</failedSince>
        </case>
        <case>
          <duration>0.0</duration>
          <className>org.joda.time.TestTimeOfDay_Properties</className>
          <testName>testPropertySetTextMilli</testName>
          <skipped>false</skipped>
          <failedSince>0</failedSince>
        </case>
        <case>
          <duration>0.0</duration>
          <className>org.joda.time.TestTimeOfDay_Properties</className>
          <testName>testPropertyCompareToMilli</testName>
          <skipped>false</skipped>
          <failedSince>0</failedSince>
        </case>
        <case>
          <duration>0.0</duration>
          <className>org.joda.time.TestYearMonthDay_Basics</className>
          <testName>testToString</testName>
          <skipped>false</skipped>
          <failedSince>0</failedSince>
        </case>
        <case>
          <duration>0.0</duration>
          <className>org.joda.time.TestYearMonthDay_Basics</className>
          <testName>testEqualsHashCode</testName>
          <skipped>false</skipped>
          <failedSince>0</failedSince>
        </case>
        <case>
          <duration>0.006</duration>
          <className>org.joda.time.TestYearMonthDay_Basics</className>
          <testName>testCompareTo</testName>
          <skipped>false</skipped>
          <failedSince>0</failedSince>
        </case>
        <case>
          <duration>0.0</duration>
          <className>org.joda.time.TestYearMonthDay_Basics</className>
          <testName>testSerialization</testName>
          <skipped>false</skipped>
          <failedSince>0</failedSince>
        </case>
        <case>
          <duration>0.0</duration>
          <className>org.joda.time.TestYearMonthDay_Basics</className>
          <testName>testWithers</testName>
          <skipped>false</skipped>
          <failedSince>0</failedSince>
        </case>
        <case>
          <duration>0.0</duration>
          <className>org.joda.time.TestYearMonthDay_Basics</className>
          <testName>testToString_String</testName>
          <skipped>false</skipped>
          <failedSince>0</failedSince>
        </case>
        <case>
          <duration>0.0</duration>
          <className>org.joda.time.TestYearMonthDay_Basics</className>
          <testName>testToString_String_Locale</testName>
          <skipped>false</skipped>
          <failedSince>0</failedSince>
        </case>
        <case>
          <duration>0.0</duration>
          <className>org.joda.time.TestYearMonthDay_Basics</className>
          <testName>testToString_DTFormatter</testName>
          <skipped>false</skipped>
          <failedSince>0</failedSince>
        </case>
        <case>
          <duration>0.0</duration>
          <className>org.joda.time.TestYearMonthDay_Basics</className>
          <testName>testToDateMidnight</testName>
          <skipped>false</skipped>
          <failedSince>0</failedSince>
        </case>
        <case>
          <duration>0.0</duration>
          <className>org.joda.time.TestYearMonthDay_Basics</className>
          <testName>testToLocalDate</testName>
          <skipped>false</skipped>
          <failedSince>0</failedSince>
        </case>
        <case>
          <duration>0.0</duration>
          <className>org.joda.time.TestYearMonthDay_Basics</className>
          <testName>testWithField1</testName>
          <skipped>false</skipped>
          <failedSince>0</failedSince>
        </case>
        <case>
          <duration>0.0</duration>
          <className>org.joda.time.TestYearMonthDay_Basics</className>
          <testName>testWithField2</testName>
          <skipped>false</skipped>
          <failedSince>0</failedSince>
        </case>
        <case>
          <duration>0.0</duration>
          <className>org.joda.time.TestYearMonthDay_Basics</className>
          <testName>testWithFieldAdded1</testName>
          <skipped>false</skipped>
          <failedSince>0</failedSince>
        </case>
        <case>
          <duration>0.0</duration>
          <className>org.joda.time.TestYearMonthDay_Basics</className>
          <testName>testWithFieldAdded2</testName>
          <skipped>false</skipped>
          <failedSince>0</failedSince>
        </case>
        <case>
          <duration>0.0</duration>
          <className>org.joda.time.TestYearMonthDay_Basics</className>
          <testName>testWithFieldAdded3</testName>
          <skipped>false</skipped>
          <failedSince>0</failedSince>
        </case>
        <case>
          <duration>0.0</duration>
          <className>org.joda.time.TestYearMonthDay_Basics</className>
          <testName>testWithFieldAdded4</testName>
          <skipped>false</skipped>
          <failedSince>0</failedSince>
        </case>
        <case>
          <duration>0.006</duration>
          <className>org.joda.time.TestYearMonthDay_Basics</className>
          <testName>testPlus_RP</testName>
          <skipped>false</skipped>
          <failedSince>0</failedSince>
        </case>
        <case>
          <duration>0.0</duration>
          <className>org.joda.time.TestYearMonthDay_Basics</className>
          <testName>testPlusYears_int</testName>
          <skipped>false</skipped>
          <failedSince>0</failedSince>
        </case>
        <case>
          <duration>0.0</duration>
          <className>org.joda.time.TestYearMonthDay_Basics</className>
          <testName>testPlusMonths_int</testName>
          <skipped>false</skipped>
          <failedSince>0</failedSince>
        </case>
        <case>
          <duration>0.0</duration>
          <className>org.joda.time.TestYearMonthDay_Basics</className>
          <testName>testPlusDays_int</testName>
          <skipped>false</skipped>
          <failedSince>0</failedSince>
        </case>
        <case>
          <duration>0.0</duration>
          <className>org.joda.time.TestYearMonthDay_Basics</className>
          <testName>testMinus_RP</testName>
          <skipped>false</skipped>
          <failedSince>0</failedSince>
        </case>
        <case>
          <duration>0.0</duration>
          <className>org.joda.time.TestYearMonthDay_Basics</className>
          <testName>testMinusYears_int</testName>
          <skipped>false</skipped>
          <failedSince>0</failedSince>
        </case>
        <case>
          <duration>0.0</duration>
          <className>org.joda.time.TestYearMonthDay_Basics</className>
          <testName>testMinusMonths_int</testName>
          <skipped>false</skipped>
          <failedSince>0</failedSince>
        </case>
        <case>
          <duration>0.0</duration>
          <className>org.joda.time.TestYearMonthDay_Basics</className>
          <testName>testMinusDays_int</testName>
          <skipped>false</skipped>
          <failedSince>0</failedSince>
        </case>
        <case>
          <duration>0.0</duration>
          <className>org.joda.time.TestYearMonthDay_Basics</className>
          <testName>testProperty</testName>
          <skipped>false</skipped>
          <failedSince>0</failedSince>
        </case>
        <case>
          <duration>0.0</duration>
          <className>org.joda.time.TestYearMonthDay_Basics</className>
          <testName>testGetFieldType</testName>
          <skipped>false</skipped>
          <failedSince>0</failedSince>
        </case>
        <case>
          <duration>0.0</duration>
          <className>org.joda.time.TestYearMonthDay_Basics</className>
          <testName>testWithChronologyRetainFields_Chrono</testName>
          <skipped>false</skipped>
          <failedSince>0</failedSince>
        </case>
        <case>
          <duration>0.0</duration>
          <className>org.joda.time.TestYearMonthDay_Basics</className>
          <testName>testWithChronologyRetainFields_sameChrono</testName>
          <skipped>false</skipped>
          <failedSince>0</failedSince>
        </case>
        <case>
          <duration>0.0</duration>
          <className>org.joda.time.TestYearMonthDay_Basics</className>
          <testName>testWithChronologyRetainFields_nullChrono</testName>
          <skipped>false</skipped>
          <failedSince>0</failedSince>
        </case>
        <case>
          <duration>0.0</duration>
          <className>org.joda.time.TestYearMonthDay_Basics</className>
          <testName>testWithFieldAdded5</testName>
          <skipped>false</skipped>
          <failedSince>0</failedSince>
        </case>
        <case>
          <duration>0.0</duration>
          <className>org.joda.time.TestYearMonthDay_Basics</className>
          <testName>testGetField</testName>
          <skipped>false</skipped>
          <failedSince>0</failedSince>
        </case>
        <case>
          <duration>0.0</duration>
          <className>org.joda.time.TestYearMonthDay_Basics</className>
          <testName>testGetValue</testName>
          <skipped>false</skipped>
          <failedSince>0</failedSince>
        </case>
        <case>
          <duration>0.0</duration>
          <className>org.joda.time.TestYearMonthDay_Basics</className>
          <testName>testGetFieldTypes</testName>
          <skipped>false</skipped>
          <failedSince>0</failedSince>
        </case>
        <case>
          <duration>0.0</duration>
          <className>org.joda.time.TestYearMonthDay_Basics</className>
          <testName>testGetFields</testName>
          <skipped>false</skipped>
          <failedSince>0</failedSince>
        </case>
        <case>
          <duration>0.0</duration>
          <className>org.joda.time.TestYearMonthDay_Basics</className>
          <testName>testGetValues</testName>
          <skipped>false</skipped>
          <failedSince>0</failedSince>
        </case>
        <case>
          <duration>0.0</duration>
          <className>org.joda.time.TestYearMonthDay_Basics</className>
          <testName>testToDateTime_RI</testName>
          <skipped>false</skipped>
          <failedSince>0</failedSince>
        </case>
        <case>
          <duration>0.0</duration>
          <className>org.joda.time.TestYearMonthDay_Basics</className>
          <testName>testToDateTime_nullRI</testName>
          <skipped>false</skipped>
          <failedSince>0</failedSince>
        </case>
        <case>
          <duration>0.0</duration>
          <className>org.joda.time.TestYearMonthDay_Basics</className>
          <testName>testSize</testName>
          <skipped>false</skipped>
          <failedSince>0</failedSince>
        </case>
        <case>
          <duration>0.0</duration>
          <className>org.joda.time.TestYearMonthDay_Basics</className>
          <testName>testToDateTimeAtMidnight</testName>
          <skipped>false</skipped>
          <failedSince>0</failedSince>
        </case>
        <case>
          <duration>0.0</duration>
          <className>org.joda.time.TestYearMonthDay_Basics</className>
          <testName>testToDateTimeAtMidnight_Zone</testName>
          <skipped>false</skipped>
          <failedSince>0</failedSince>
        </case>
        <case>
          <duration>0.0</duration>
          <className>org.joda.time.TestYearMonthDay_Basics</className>
          <testName>testToDateTimeAtMidnight_nullZone</testName>
          <skipped>false</skipped>
          <failedSince>0</failedSince>
        </case>
        <case>
          <duration>0.0</duration>
          <className>org.joda.time.TestYearMonthDay_Basics</className>
          <testName>testToDateTimeAtCurrentTime</testName>
          <skipped>false</skipped>
          <failedSince>0</failedSince>
        </case>
        <case>
          <duration>0.0</duration>
          <className>org.joda.time.TestYearMonthDay_Basics</className>
          <testName>testToDateTimeAtCurrentTime_Zone</testName>
          <skipped>false</skipped>
          <failedSince>0</failedSince>
        </case>
        <case>
          <duration>0.0</duration>
          <className>org.joda.time.TestYearMonthDay_Basics</className>
          <testName>testToDateTimeAtCurrentTime_nullZone</testName>
          <skipped>false</skipped>
          <failedSince>0</failedSince>
        </case>
        <case>
          <duration>0.0</duration>
          <className>org.joda.time.TestYearMonthDay_Basics</className>
          <testName>testToDateMidnight_Zone</testName>
          <skipped>false</skipped>
          <failedSince>0</failedSince>
        </case>
        <case>
          <duration>0.0</duration>
          <className>org.joda.time.TestYearMonthDay_Basics</className>
          <testName>testToDateMidnight_nullZone</testName>
          <skipped>false</skipped>
          <failedSince>0</failedSince>
        </case>
        <case>
          <duration>0.0</duration>
          <className>org.joda.time.TestYearMonthDay_Basics</className>
          <testName>testToInterval_Zone</testName>
          <skipped>false</skipped>
          <failedSince>0</failedSince>
        </case>
        <case>
          <duration>0.0</duration>
          <className>org.joda.time.TestYearMonthDay_Basics</className>
          <testName>testToInterval_nullZone</testName>
          <skipped>false</skipped>
          <failedSince>0</failedSince>
        </case>
        <case>
          <duration>0.0</duration>
          <className>org.joda.time.TestYearMonthDay_Basics</className>
          <testName>testIsEqual_YMD</testName>
          <skipped>false</skipped>
          <failedSince>0</failedSince>
        </case>
        <case>
          <duration>0.0</duration>
          <className>org.joda.time.TestYearMonthDay_Basics</className>
          <testName>testIsBefore_YMD</testName>
          <skipped>false</skipped>
          <failedSince>0</failedSince>
        </case>
        <case>
          <duration>0.0</duration>
          <className>org.joda.time.TestYearMonthDay_Basics</className>
          <testName>testIsAfter_YMD</testName>
          <skipped>false</skipped>
          <failedSince>0</failedSince>
        </case>
        <case>
          <duration>0.0</duration>
          <className>org.joda.time.TestYearMonthDay_Basics</className>
          <testName>testWithChronologyRetainFields_invalidInNewChrono</testName>
          <skipped>false</skipped>
          <failedSince>0</failedSince>
        </case>
        <case>
          <duration>0.0</duration>
          <className>org.joda.time.TestYearMonthDay_Basics</className>
          <testName>testToDateTime_TOD</testName>
          <skipped>false</skipped>
          <failedSince>0</failedSince>
        </case>
        <case>
          <duration>0.0</duration>
          <className>org.joda.time.TestYearMonthDay_Basics</className>
          <testName>testToDateTime_nullTOD</testName>
          <skipped>false</skipped>
          <failedSince>0</failedSince>
        </case>
        <case>
          <duration>0.0</duration>
          <className>org.joda.time.TestYearMonthDay_Basics</className>
          <testName>testToDateTime_TOD_Zone</testName>
          <skipped>false</skipped>
          <failedSince>0</failedSince>
        </case>
        <case>
          <duration>0.0</duration>
          <className>org.joda.time.TestYearMonthDay_Basics</className>
          <testName>testToDateTime_TOD_nullZone</testName>
          <skipped>false</skipped>
          <failedSince>0</failedSince>
        </case>
        <case>
          <duration>0.0</duration>
          <className>org.joda.time.TestYearMonthDay_Basics</className>
          <testName>testToDateTime_nullTOD_Zone</testName>
          <skipped>false</skipped>
          <failedSince>0</failedSince>
        </case>
        <case>
          <duration>0.0</duration>
          <className>org.joda.time.TestYearMonthDay_Basics</className>
          <testName>testToInterval</testName>
          <skipped>false</skipped>
          <failedSince>0</failedSince>
        </case>
        <case>
          <duration>0.0</duration>
          <className>org.joda.time.TestYearMonthDay_Basics</className>
          <testName>testGet</testName>
          <skipped>false</skipped>
          <failedSince>0</failedSince>
        </case>
        <case>
          <duration>0.0</duration>
          <className>org.joda.time.TestYearMonthDay_Basics</className>
          <testName>testIsSupported</testName>
          <skipped>false</skipped>
          <failedSince>0</failedSince>
        </case>
        <case>
          <duration>0.0</duration>
          <className>org.joda.time.TestYearMonthDay_Basics</className>
          <testName>testWithField3</testName>
          <skipped>false</skipped>
          <failedSince>0</failedSince>
        </case>
        <case>
          <duration>0.0</duration>
          <className>org.joda.time.TestYearMonthDay_Basics</className>
          <testName>testWithField4</testName>
          <skipped>false</skipped>
          <failedSince>0</failedSince>
        </case>
        <case>
          <duration>0.0</duration>
          <className>org.joda.time.TestYearMonthDay_Constructors</className>
          <testName>testConstructor</testName>
          <skipped>false</skipped>
          <failedSince>0</failedSince>
        </case>
        <case>
          <duration>0.0</duration>
          <className>org.joda.time.TestYearMonthDay_Constructors</className>
          <testName>testConstructor_DateTimeZone</testName>
          <skipped>false</skipped>
          <failedSince>0</failedSince>
        </case>
        <case>
          <duration>0.0</duration>
          <className>org.joda.time.TestYearMonthDay_Constructors</className>
          <testName>testConstructor_nullDateTimeZone</testName>
          <skipped>false</skipped>
          <failedSince>0</failedSince>
        </case>
        <case>
          <duration>0.0</duration>
          <className>org.joda.time.TestYearMonthDay_Constructors</className>
          <testName>testConstructor_Chronology</testName>
          <skipped>false</skipped>
          <failedSince>0</failedSince>
        </case>
        <case>
          <duration>0.0</duration>
          <className>org.joda.time.TestYearMonthDay_Constructors</className>
          <testName>testConstructor_nullChronology</testName>
          <skipped>false</skipped>
          <failedSince>0</failedSince>
        </case>
        <case>
          <duration>0.0</duration>
          <className>org.joda.time.TestYearMonthDay_Constructors</className>
          <testName>testConstructor_long1_Chronology</testName>
          <skipped>false</skipped>
          <failedSince>0</failedSince>
        </case>
        <case>
          <duration>0.0</duration>
          <className>org.joda.time.TestYearMonthDay_Constructors</className>
          <testName>testConstructor_long2_Chronology</testName>
          <skipped>false</skipped>
          <failedSince>0</failedSince>
        </case>
        <case>
          <duration>0.0</duration>
          <className>org.joda.time.TestYearMonthDay_Constructors</className>
          <testName>testConstructor_long_nullChronology</testName>
          <skipped>false</skipped>
          <failedSince>0</failedSince>
        </case>
        <case>
          <duration>0.0</duration>
          <className>org.joda.time.TestYearMonthDay_Constructors</className>
          <testName>testConstructor_ObjectString1</testName>
          <skipped>false</skipped>
          <failedSince>0</failedSince>
        </case>
        <case>
          <duration>0.0</duration>
          <className>org.joda.time.TestYearMonthDay_Constructors</className>
          <testName>testConstructor_ObjectString2</testName>
          <skipped>false</skipped>
          <failedSince>0</failedSince>
        </case>
        <case>
          <duration>0.0</duration>
          <className>org.joda.time.TestYearMonthDay_Constructors</className>
          <testName>testConstructor_ObjectString3</testName>
          <skipped>false</skipped>
          <failedSince>0</failedSince>
        </case>
        <case>
          <duration>0.0</duration>
          <className>org.joda.time.TestYearMonthDay_Constructors</className>
          <testName>testConstructor_ObjectString4</testName>
          <skipped>false</skipped>
          <failedSince>0</failedSince>
        </case>
        <case>
          <duration>0.0</duration>
          <className>org.joda.time.TestYearMonthDay_Constructors</className>
          <testName>testConstructor_ObjectString5</testName>
          <skipped>false</skipped>
          <failedSince>0</failedSince>
        </case>
        <case>
          <duration>0.0</duration>
          <className>org.joda.time.TestYearMonthDay_Constructors</className>
          <testName>testConstructor_ObjectStringEx1</testName>
          <skipped>false</skipped>
          <failedSince>0</failedSince>
        </case>
        <case>
          <duration>0.0</duration>
          <className>org.joda.time.TestYearMonthDay_Constructors</className>
          <testName>testConstructor_ObjectStringEx2</testName>
          <skipped>false</skipped>
          <failedSince>0</failedSince>
        </case>
        <case>
          <duration>0.0</duration>
          <className>org.joda.time.TestYearMonthDay_Constructors</className>
          <testName>testConstructor_Object_Chronology</testName>
          <skipped>false</skipped>
          <failedSince>0</failedSince>
        </case>
        <case>
          <duration>0.0</duration>
          <className>org.joda.time.TestYearMonthDay_Constructors</className>
          <testName>testConstructor_nullObject_Chronology</testName>
          <skipped>false</skipped>
          <failedSince>0</failedSince>
        </case>
        <case>
          <duration>0.0</duration>
          <className>org.joda.time.TestYearMonthDay_Constructors</className>
          <testName>testConstructor_Object_nullChronology</testName>
          <skipped>false</skipped>
          <failedSince>0</failedSince>
        </case>
        <case>
          <duration>0.0</duration>
          <className>org.joda.time.TestYearMonthDay_Constructors</className>
          <testName>testConstructor_nullObject_nullChronology</testName>
          <skipped>false</skipped>
          <failedSince>0</failedSince>
        </case>
        <case>
          <duration>0.0</duration>
          <className>org.joda.time.TestYearMonthDay_Constructors</className>
          <testName>testConstructor_long1</testName>
          <skipped>false</skipped>
          <failedSince>0</failedSince>
        </case>
        <case>
          <duration>0.0</duration>
          <className>org.joda.time.TestYearMonthDay_Constructors</className>
          <testName>testConstructor_long2</testName>
          <skipped>false</skipped>
          <failedSince>0</failedSince>
        </case>
        <case>
          <duration>0.0</duration>
          <className>org.joda.time.TestYearMonthDay_Constructors</className>
          <testName>testConstructor_Object</testName>
          <skipped>false</skipped>
          <failedSince>0</failedSince>
        </case>
        <case>
          <duration>0.0</duration>
          <className>org.joda.time.TestYearMonthDay_Constructors</className>
          <testName>testConstructor_nullObject</testName>
          <skipped>false</skipped>
          <failedSince>0</failedSince>
        </case>
        <case>
          <duration>0.0</duration>
          <className>org.joda.time.TestYearMonthDay_Constructors</className>
          <testName>testFactory_FromCalendarFields</testName>
          <skipped>false</skipped>
          <failedSince>0</failedSince>
        </case>
        <case>
          <duration>0.0</duration>
          <className>org.joda.time.TestYearMonthDay_Constructors</className>
          <testName>testFactory_FromDateFields</testName>
          <skipped>false</skipped>
          <failedSince>0</failedSince>
        </case>
        <case>
          <duration>0.0</duration>
          <className>org.joda.time.TestYearMonthDay_Constructors</className>
          <testName>testConstructor_int_int_int</testName>
          <skipped>false</skipped>
          <failedSince>0</failedSince>
        </case>
        <case>
          <duration>0.0</duration>
          <className>org.joda.time.TestYearMonthDay_Constructors</className>
          <testName>testConstructor_int_int_int_Chronology</testName>
          <skipped>false</skipped>
          <failedSince>0</failedSince>
        </case>
        <case>
          <duration>0.001</duration>
          <className>org.joda.time.TestYearMonthDay_Constructors</className>
          <testName>testConstructor_int_int_int_nullChronology</testName>
          <skipped>false</skipped>
          <failedSince>0</failedSince>
        </case>
        <case>
          <duration>0.0</duration>
          <className>org.joda.time.TestYearMonthDay_Constructors</className>
          <testName>testConstructor_ObjectStringEx3</testName>
          <skipped>false</skipped>
          <failedSince>0</failedSince>
        </case>
        <case>
          <duration>0.0</duration>
          <className>org.joda.time.TestYearMonthDay_Constructors</className>
          <testName>testConstructor_ObjectStringEx4</testName>
          <skipped>false</skipped>
          <failedSince>0</failedSince>
        </case>
        <case>
          <duration>0.003</duration>
          <className>org.joda.time.TestYearMonthDay_Properties</className>
          <testName>testPropertyGetMaxMinValuesMonth</testName>
          <skipped>false</skipped>
          <failedSince>0</failedSince>
        </case>
        <case>
          <duration>0.0</duration>
          <className>org.joda.time.TestYearMonthDay_Properties</className>
          <testName>testPropertyCompareToMonth</testName>
          <skipped>false</skipped>
          <failedSince>0</failedSince>
        </case>
        <case>
          <duration>0.0</duration>
          <className>org.joda.time.TestYearMonthDay_Properties</className>
          <testName>testPropertyGetDay</testName>
          <skipped>false</skipped>
          <failedSince>0</failedSince>
        </case>
        <case>
          <duration>0.0</duration>
          <className>org.joda.time.TestYearMonthDay_Properties</className>
          <testName>testPropertyGetMaxMinValuesDay</testName>
          <skipped>false</skipped>
          <failedSince>0</failedSince>
        </case>
        <case>
          <duration>0.0</duration>
          <className>org.joda.time.TestYearMonthDay_Properties</className>
          <testName>testPropertyCompareToDay</testName>
          <skipped>false</skipped>
          <failedSince>0</failedSince>
        </case>
        <case>
          <duration>0.0</duration>
          <className>org.joda.time.TestYearMonthDay_Properties</className>
          <testName>testPropertyEquals</testName>
          <skipped>false</skipped>
          <failedSince>0</failedSince>
        </case>
        <case>
          <duration>0.0</duration>
          <className>org.joda.time.TestYearMonthDay_Properties</className>
          <testName>testPropertyHashCode</testName>
          <skipped>false</skipped>
          <failedSince>0</failedSince>
        </case>
        <case>
          <duration>0.001</duration>
          <className>org.joda.time.TestYearMonthDay_Properties</className>
          <testName>testPropertyGetMaxMinValuesYear</testName>
          <skipped>false</skipped>
          <failedSince>0</failedSince>
        </case>
        <case>
          <duration>0.0</duration>
          <className>org.joda.time.TestYearMonthDay_Properties</className>
          <testName>testPropertyGetMonth</testName>
          <skipped>false</skipped>
          <failedSince>0</failedSince>
        </case>
        <case>
          <duration>0.0</duration>
          <className>org.joda.time.TestYearMonthDay_Properties</className>
          <testName>testPropertyAddMonth</testName>
          <skipped>false</skipped>
          <failedSince>0</failedSince>
        </case>
        <case>
          <duration>0.0</duration>
          <className>org.joda.time.TestYearMonthDay_Properties</className>
          <testName>testPropertyAddWrapFieldMonth</testName>
          <skipped>false</skipped>
          <failedSince>0</failedSince>
        </case>
        <case>
          <duration>0.0</duration>
          <className>org.joda.time.TestYearMonthDay_Properties</className>
          <testName>testPropertySetMonth</testName>
          <skipped>false</skipped>
          <failedSince>0</failedSince>
        </case>
        <case>
          <duration>0.0</duration>
          <className>org.joda.time.TestYearMonthDay_Properties</className>
          <testName>testPropertySetTextMonth</testName>
          <skipped>false</skipped>
          <failedSince>0</failedSince>
        </case>
        <case>
          <duration>0.0</duration>
          <className>org.joda.time.TestYearMonthDay_Properties</className>
          <testName>testPropertyAddDay</testName>
          <skipped>false</skipped>
          <failedSince>0</failedSince>
        </case>
        <case>
          <duration>0.0</duration>
          <className>org.joda.time.TestYearMonthDay_Properties</className>
          <testName>testPropertyAddWrapFieldDay</testName>
          <skipped>false</skipped>
          <failedSince>0</failedSince>
        </case>
        <case>
          <duration>0.0</duration>
          <className>org.joda.time.TestYearMonthDay_Properties</className>
          <testName>testPropertySetDay</testName>
          <skipped>false</skipped>
          <failedSince>0</failedSince>
        </case>
        <case>
          <duration>0.0</duration>
          <className>org.joda.time.TestYearMonthDay_Properties</className>
          <testName>testPropertySetTextDay</testName>
          <skipped>false</skipped>
          <failedSince>0</failedSince>
        </case>
        <case>
          <duration>0.0</duration>
          <className>org.joda.time.TestYearMonthDay_Properties</className>
          <testName>testPropertyGetYear</testName>
          <skipped>false</skipped>
          <failedSince>0</failedSince>
        </case>
        <case>
          <duration>0.0</duration>
          <className>org.joda.time.TestYearMonthDay_Properties</className>
          <testName>testPropertyAddYear</testName>
          <skipped>false</skipped>
          <failedSince>0</failedSince>
        </case>
        <case>
          <duration>0.0</duration>
          <className>org.joda.time.TestYearMonthDay_Properties</className>
          <testName>testPropertyAddWrapFieldYear</testName>
          <skipped>false</skipped>
          <failedSince>0</failedSince>
        </case>
        <case>
          <duration>0.0</duration>
          <className>org.joda.time.TestYearMonthDay_Properties</className>
          <testName>testPropertySetYear</testName>
          <skipped>false</skipped>
          <failedSince>0</failedSince>
        </case>
        <case>
          <duration>0.0</duration>
          <className>org.joda.time.TestYearMonthDay_Properties</className>
          <testName>testPropertySetTextYear</testName>
          <skipped>false</skipped>
          <failedSince>0</failedSince>
        </case>
        <case>
          <duration>0.0</duration>
          <className>org.joda.time.TestYearMonthDay_Properties</className>
          <testName>testPropertyCompareToYear</testName>
          <skipped>false</skipped>
          <failedSince>0</failedSince>
        </case>
        <case>
          <duration>0.0</duration>
          <className>org.joda.time.TestYearMonthDay_Properties</className>
          <testName>testPropertyWithMaximumValueDayOfMonth</testName>
          <skipped>false</skipped>
          <failedSince>0</failedSince>
        </case>
        <case>
          <duration>0.0</duration>
          <className>org.joda.time.TestYearMonthDay_Properties</className>
          <testName>testPropertyWithMinimumValueDayOfMonth</testName>
          <skipped>false</skipped>
          <failedSince>0</failedSince>
        </case>
        <case>
          <duration>0.001</duration>
          <className>org.joda.time.TestYearMonthDay_Properties</className>
          <testName>testPropertyEqualsHashCodeLenient</testName>
          <skipped>false</skipped>
          <failedSince>0</failedSince>
        </case>
        <case>
          <duration>0.0</duration>
          <className>org.joda.time.TestYearMonthDay_Properties</className>
          <testName>testPropertyEqualsHashCodeStrict</testName>
          <skipped>false</skipped>
          <failedSince>0</failedSince>
        </case>
        <case>
          <duration>0.0</duration>
          <className>org.joda.time.TestYearMonth_Basics</className>
          <testName>testToString</testName>
          <skipped>false</skipped>
          <failedSince>0</failedSince>
        </case>
        <case>
          <duration>0.0</duration>
          <className>org.joda.time.TestYearMonth_Basics</className>
          <testName>testEqualsHashCode</testName>
          <skipped>false</skipped>
          <failedSince>0</failedSince>
        </case>
        <case>
          <duration>0.003</duration>
          <className>org.joda.time.TestYearMonth_Basics</className>
          <testName>testCompareTo</testName>
          <skipped>false</skipped>
          <failedSince>0</failedSince>
        </case>
        <case>
          <duration>0.007</duration>
          <className>org.joda.time.TestYearMonth_Basics</className>
          <testName>testSerialization</testName>
          <skipped>false</skipped>
          <failedSince>0</failedSince>
        </case>
        <case>
          <duration>0.0</duration>
          <className>org.joda.time.TestYearMonth_Basics</className>
          <testName>testWithers</testName>
          <skipped>false</skipped>
          <failedSince>0</failedSince>
        </case>
        <case>
          <duration>0.0</duration>
          <className>org.joda.time.TestYearMonth_Basics</className>
          <testName>testToString_String</testName>
          <skipped>false</skipped>
          <failedSince>0</failedSince>
        </case>
        <case>
          <duration>0.0</duration>
          <className>org.joda.time.TestYearMonth_Basics</className>
          <testName>testToString_String_Locale</testName>
          <skipped>false</skipped>
          <failedSince>0</failedSince>
        </case>
        <case>
          <duration>0.0</duration>
          <className>org.joda.time.TestYearMonth_Basics</className>
          <testName>testToString_DTFormatter</testName>
          <skipped>false</skipped>
          <failedSince>0</failedSince>
        </case>
        <case>
          <duration>0.0</duration>
          <className>org.joda.time.TestYearMonth_Basics</className>
          <testName>testToLocalDate</testName>
          <skipped>false</skipped>
          <failedSince>0</failedSince>
        </case>
        <case>
          <duration>0.0</duration>
          <className>org.joda.time.TestYearMonth_Basics</className>
          <testName>testPlus_RP</testName>
          <skipped>false</skipped>
          <failedSince>0</failedSince>
        </case>
        <case>
          <duration>0.0</duration>
          <className>org.joda.time.TestYearMonth_Basics</className>
          <testName>testPlusYears_int</testName>
          <skipped>false</skipped>
          <failedSince>0</failedSince>
        </case>
        <case>
          <duration>0.0</duration>
          <className>org.joda.time.TestYearMonth_Basics</className>
          <testName>testPlusMonths_int</testName>
          <skipped>false</skipped>
          <failedSince>0</failedSince>
        </case>
        <case>
          <duration>0.0</duration>
          <className>org.joda.time.TestYearMonth_Basics</className>
          <testName>testMinus_RP</testName>
          <skipped>false</skipped>
          <failedSince>0</failedSince>
        </case>
        <case>
          <duration>0.0</duration>
          <className>org.joda.time.TestYearMonth_Basics</className>
          <testName>testMinusYears_int</testName>
          <skipped>false</skipped>
          <failedSince>0</failedSince>
        </case>
        <case>
          <duration>0.0</duration>
          <className>org.joda.time.TestYearMonth_Basics</className>
          <testName>testMinusMonths_int</testName>
          <skipped>false</skipped>
          <failedSince>0</failedSince>
        </case>
        <case>
          <duration>0.0</duration>
          <className>org.joda.time.TestYearMonth_Basics</className>
          <testName>testProperty</testName>
          <skipped>false</skipped>
          <failedSince>0</failedSince>
        </case>
        <case>
          <duration>0.0</duration>
          <className>org.joda.time.TestYearMonth_Basics</className>
          <testName>testGetFieldType</testName>
          <skipped>false</skipped>
          <failedSince>0</failedSince>
        </case>
        <case>
          <duration>0.0</duration>
          <className>org.joda.time.TestYearMonth_Basics</className>
          <testName>testWithChronologyRetainFields_Chrono</testName>
          <skipped>false</skipped>
          <failedSince>0</failedSince>
        </case>
        <case>
          <duration>0.0</duration>
          <className>org.joda.time.TestYearMonth_Basics</className>
          <testName>testWithChronologyRetainFields_sameChrono</testName>
          <skipped>false</skipped>
          <failedSince>0</failedSince>
        </case>
        <case>
          <duration>0.0</duration>
          <className>org.joda.time.TestYearMonth_Basics</className>
          <testName>testWithChronologyRetainFields_nullChrono</testName>
          <skipped>false</skipped>
          <failedSince>0</failedSince>
        </case>
        <case>
          <duration>0.0</duration>
          <className>org.joda.time.TestYearMonth_Basics</className>
          <testName>testGetField</testName>
          <skipped>false</skipped>
          <failedSince>0</failedSince>
        </case>
        <case>
          <duration>0.0</duration>
          <className>org.joda.time.TestYearMonth_Basics</className>
          <testName>testGetValue</testName>
          <skipped>false</skipped>
          <failedSince>0</failedSince>
        </case>
        <case>
          <duration>0.001</duration>
          <className>org.joda.time.TestYearMonth_Basics</className>
          <testName>testGetFieldTypes</testName>
          <skipped>false</skipped>
          <failedSince>0</failedSince>
        </case>
        <case>
          <duration>0.0</duration>
          <className>org.joda.time.TestYearMonth_Basics</className>
          <testName>testGetFields</testName>
          <skipped>false</skipped>
          <failedSince>0</failedSince>
        </case>
        <case>
          <duration>0.0</duration>
          <className>org.joda.time.TestYearMonth_Basics</className>
          <testName>testGetValues</testName>
          <skipped>false</skipped>
          <failedSince>0</failedSince>
        </case>
        <case>
          <duration>0.0</duration>
          <className>org.joda.time.TestYearMonth_Basics</className>
          <testName>testToDateTime_RI</testName>
          <skipped>false</skipped>
          <failedSince>0</failedSince>
        </case>
        <case>
          <duration>0.0</duration>
          <className>org.joda.time.TestYearMonth_Basics</className>
          <testName>testToDateTime_nullRI</testName>
          <skipped>false</skipped>
          <failedSince>0</failedSince>
        </case>
        <case>
          <duration>0.0</duration>
          <className>org.joda.time.TestYearMonth_Basics</className>
          <testName>testSize</testName>
          <skipped>false</skipped>
          <failedSince>0</failedSince>
        </case>
        <case>
          <duration>0.0</duration>
          <className>org.joda.time.TestYearMonth_Basics</className>
          <testName>testWithField</testName>
          <skipped>false</skipped>
          <failedSince>0</failedSince>
        </case>
        <case>
          <duration>0.0</duration>
          <className>org.joda.time.TestYearMonth_Basics</className>
          <testName>testWithField_nullField</testName>
          <skipped>false</skipped>
          <failedSince>0</failedSince>
        </case>
        <case>
          <duration>0.0</duration>
          <className>org.joda.time.TestYearMonth_Basics</className>
          <testName>testWithField_unknownField</testName>
          <skipped>false</skipped>
          <failedSince>0</failedSince>
        </case>
        <case>
          <duration>0.0</duration>
          <className>org.joda.time.TestYearMonth_Basics</className>
          <testName>testWithField_same</testName>
          <skipped>false</skipped>
          <failedSince>0</failedSince>
        </case>
        <case>
          <duration>0.0</duration>
          <className>org.joda.time.TestYearMonth_Basics</className>
          <testName>testWithFieldAdded</testName>
          <skipped>false</skipped>
          <failedSince>0</failedSince>
        </case>
        <case>
          <duration>0.0</duration>
          <className>org.joda.time.TestYearMonth_Basics</className>
          <testName>testWithFieldAdded_nullField_zero</testName>
          <skipped>false</skipped>
          <failedSince>0</failedSince>
        </case>
        <case>
          <duration>0.0</duration>
          <className>org.joda.time.TestYearMonth_Basics</className>
          <testName>testWithFieldAdded_nullField_nonZero</testName>
          <skipped>false</skipped>
          <failedSince>0</failedSince>
        </case>
        <case>
          <duration>0.0</duration>
          <className>org.joda.time.TestYearMonth_Basics</className>
          <testName>testWithFieldAdded_zero</testName>
          <skipped>false</skipped>
          <failedSince>0</failedSince>
        </case>
        <case>
          <duration>0.0</duration>
          <className>org.joda.time.TestYearMonth_Basics</className>
          <testName>testWithFieldAdded_unknownField</testName>
          <skipped>false</skipped>
          <failedSince>0</failedSince>
        </case>
        <case>
          <duration>0.0</duration>
          <className>org.joda.time.TestYearMonth_Basics</className>
          <testName>testToInterval_Zone</testName>
          <skipped>false</skipped>
          <failedSince>0</failedSince>
        </case>
        <case>
          <duration>0.0</duration>
          <className>org.joda.time.TestYearMonth_Basics</className>
          <testName>testToInterval_nullZone</testName>
          <skipped>false</skipped>
          <failedSince>0</failedSince>
        </case>
        <case>
          <duration>0.0</duration>
          <className>org.joda.time.TestYearMonth_Basics</className>
          <testName>testWithChronologyRetainFields_invalidInNewChrono</testName>
          <skipped>false</skipped>
          <failedSince>0</failedSince>
        </case>
        <case>
          <duration>0.0</duration>
          <className>org.joda.time.TestYearMonth_Basics</className>
          <testName>testIsEqual_YM</testName>
          <skipped>false</skipped>
          <failedSince>0</failedSince>
        </case>
        <case>
          <duration>0.0</duration>
          <className>org.joda.time.TestYearMonth_Basics</className>
          <testName>testIsBefore_YM</testName>
          <skipped>false</skipped>
          <failedSince>0</failedSince>
        </case>
        <case>
          <duration>0.0</duration>
          <className>org.joda.time.TestYearMonth_Basics</className>
          <testName>testIsAfter_YM</testName>
          <skipped>false</skipped>
          <failedSince>0</failedSince>
        </case>
        <case>
          <duration>0.0</duration>
          <className>org.joda.time.TestYearMonth_Basics</className>
          <testName>testToInterval</testName>
          <skipped>false</skipped>
          <failedSince>0</failedSince>
        </case>
        <case>
          <duration>0.0</duration>
          <className>org.joda.time.TestYearMonth_Basics</className>
          <testName>testGet</testName>
          <skipped>false</skipped>
          <failedSince>0</failedSince>
        </case>
        <case>
          <duration>0.0</duration>
          <className>org.joda.time.TestYearMonth_Basics</className>
          <testName>testIsSupported</testName>
          <skipped>false</skipped>
          <failedSince>0</failedSince>
        </case>
        <case>
          <duration>0.0</duration>
          <className>org.joda.time.TestYearMonth_Constructors</className>
          <testName>testConstructor</testName>
          <skipped>false</skipped>
          <failedSince>0</failedSince>
        </case>
        <case>
          <duration>0.0</duration>
          <className>org.joda.time.TestYearMonth_Constructors</className>
          <testName>testConstructor_DateTimeZone</testName>
          <skipped>false</skipped>
          <failedSince>0</failedSince>
        </case>
        <case>
          <duration>0.0</duration>
          <className>org.joda.time.TestYearMonth_Constructors</className>
          <testName>testConstructor_nullDateTimeZone</testName>
          <skipped>false</skipped>
          <failedSince>0</failedSince>
        </case>
        <case>
          <duration>0.0</duration>
          <className>org.joda.time.TestYearMonth_Constructors</className>
          <testName>testConstructor_Chronology</testName>
          <skipped>false</skipped>
          <failedSince>0</failedSince>
        </case>
        <case>
          <duration>0.0</duration>
          <className>org.joda.time.TestYearMonth_Constructors</className>
          <testName>testConstructor_nullChronology</testName>
          <skipped>false</skipped>
          <failedSince>0</failedSince>
        </case>
        <case>
          <duration>0.0</duration>
          <className>org.joda.time.TestYearMonth_Constructors</className>
          <testName>testConstructor_long1_Chronology</testName>
          <skipped>false</skipped>
          <failedSince>0</failedSince>
        </case>
        <case>
          <duration>0.0</duration>
          <className>org.joda.time.TestYearMonth_Constructors</className>
          <testName>testConstructor_long2_Chronology</testName>
          <skipped>false</skipped>
          <failedSince>0</failedSince>
        </case>
        <case>
          <duration>0.0</duration>
          <className>org.joda.time.TestYearMonth_Constructors</className>
          <testName>testConstructor_long_nullChronology</testName>
          <skipped>false</skipped>
          <failedSince>0</failedSince>
        </case>
        <case>
          <duration>0.0</duration>
          <className>org.joda.time.TestYearMonth_Constructors</className>
          <testName>testConstructor_ObjectString1</testName>
          <skipped>false</skipped>
          <failedSince>0</failedSince>
        </case>
        <case>
          <duration>0.0</duration>
          <className>org.joda.time.TestYearMonth_Constructors</className>
          <testName>testConstructor_ObjectString5</testName>
          <skipped>false</skipped>
          <failedSince>0</failedSince>
        </case>
        <case>
          <duration>0.0</duration>
          <className>org.joda.time.TestYearMonth_Constructors</className>
          <testName>testConstructor_ObjectStringEx1</testName>
          <skipped>false</skipped>
          <failedSince>0</failedSince>
        </case>
        <case>
          <duration>0.0</duration>
          <className>org.joda.time.TestYearMonth_Constructors</className>
          <testName>testConstructor_ObjectStringEx2</testName>
          <skipped>false</skipped>
          <failedSince>0</failedSince>
        </case>
        <case>
          <duration>0.0</duration>
          <className>org.joda.time.TestYearMonth_Constructors</className>
          <testName>testConstructor_Object_Chronology</testName>
          <skipped>false</skipped>
          <failedSince>0</failedSince>
        </case>
        <case>
          <duration>0.0</duration>
          <className>org.joda.time.TestYearMonth_Constructors</className>
          <testName>testConstructor_nullObject_Chronology</testName>
          <skipped>false</skipped>
          <failedSince>0</failedSince>
        </case>
        <case>
          <duration>0.0</duration>
          <className>org.joda.time.TestYearMonth_Constructors</className>
          <testName>testConstructor_Object_nullChronology</testName>
          <skipped>false</skipped>
          <failedSince>0</failedSince>
        </case>
        <case>
          <duration>0.0</duration>
          <className>org.joda.time.TestYearMonth_Constructors</className>
          <testName>testConstructor_nullObject_nullChronology</testName>
          <skipped>false</skipped>
          <failedSince>0</failedSince>
        </case>
        <case>
          <duration>0.0</duration>
          <className>org.joda.time.TestYearMonth_Constructors</className>
          <testName>testParse_noFormatter</testName>
          <skipped>false</skipped>
          <failedSince>0</failedSince>
        </case>
        <case>
          <duration>0.0</duration>
          <className>org.joda.time.TestYearMonth_Constructors</className>
          <testName>testParse_formatter</testName>
          <skipped>false</skipped>
          <failedSince>0</failedSince>
        </case>
        <case>
          <duration>0.0</duration>
          <className>org.joda.time.TestYearMonth_Constructors</className>
          <testName>testConstructor_long1</testName>
          <skipped>false</skipped>
          <failedSince>0</failedSince>
        </case>
        <case>
          <duration>0.0</duration>
          <className>org.joda.time.TestYearMonth_Constructors</className>
          <testName>testConstructor_long2</testName>
          <skipped>false</skipped>
          <failedSince>0</failedSince>
        </case>
        <case>
          <duration>0.0</duration>
          <className>org.joda.time.TestYearMonth_Constructors</className>
          <testName>testConstructor_Object</testName>
          <skipped>false</skipped>
          <failedSince>0</failedSince>
        </case>
        <case>
          <duration>0.0</duration>
          <className>org.joda.time.TestYearMonth_Constructors</className>
          <testName>testConstructor_nullObject</testName>
          <skipped>false</skipped>
          <failedSince>0</failedSince>
        </case>
        <case>
          <duration>0.0</duration>
          <className>org.joda.time.TestYearMonth_Constructors</className>
          <testName>testFactory_FromCalendarFields</testName>
          <skipped>false</skipped>
          <failedSince>0</failedSince>
        </case>
        <case>
          <duration>0.0</duration>
          <className>org.joda.time.TestYearMonth_Constructors</className>
          <testName>testConstructor_int_int_Chronology</testName>
          <skipped>false</skipped>
          <failedSince>0</failedSince>
        </case>
        <case>
          <duration>0.0</duration>
          <className>org.joda.time.TestYearMonth_Constructors</className>
          <testName>testConstructor_int_int_nullChronology</testName>
          <skipped>false</skipped>
          <failedSince>0</failedSince>
        </case>
        <case>
          <duration>0.0</duration>
          <className>org.joda.time.TestYearMonth_Constructors</className>
          <testName>testConstructor_int_int</testName>
          <skipped>false</skipped>
          <failedSince>0</failedSince>
        </case>
        <case>
          <duration>0.0</duration>
          <className>org.joda.time.TestYearMonth_Constructors</className>
          <testName>testFactory_FromDateFields</testName>
          <skipped>false</skipped>
          <failedSince>0</failedSince>
        </case>
        <case>
          <duration>0.0</duration>
          <className>org.joda.time.TestYearMonth_Constructors</className>
          <testName>testConstructor_ObjectStringEx3</testName>
          <skipped>false</skipped>
          <failedSince>0</failedSince>
        </case>
        <case>
          <duration>0.0</duration>
          <className>org.joda.time.TestYearMonth_Constructors</className>
          <testName>testConstructor_ObjectStringEx4</testName>
          <skipped>false</skipped>
          <failedSince>0</failedSince>
        </case>
        <case>
          <duration>0.0</duration>
          <className>org.joda.time.TestYearMonth_Properties</className>
          <testName>testPropertyGetMaxMinValuesMonth</testName>
          <skipped>false</skipped>
          <failedSince>0</failedSince>
        </case>
        <case>
          <duration>0.0</duration>
          <className>org.joda.time.TestYearMonth_Properties</className>
          <testName>testPropertyCompareToMonth</testName>
          <skipped>false</skipped>
          <failedSince>0</failedSince>
        </case>
        <case>
          <duration>0.0</duration>
          <className>org.joda.time.TestYearMonth_Properties</className>
          <testName>testPropertyEquals</testName>
          <skipped>false</skipped>
          <failedSince>0</failedSince>
        </case>
        <case>
          <duration>0.0</duration>
          <className>org.joda.time.TestYearMonth_Properties</className>
          <testName>testPropertyHashCode</testName>
          <skipped>false</skipped>
          <failedSince>0</failedSince>
        </case>
        <case>
          <duration>0.0</duration>
          <className>org.joda.time.TestYearMonth_Properties</className>
          <testName>testPropertyGetMaxMinValuesYear</testName>
          <skipped>false</skipped>
          <failedSince>0</failedSince>
        </case>
        <case>
          <duration>0.0</duration>
          <className>org.joda.time.TestYearMonth_Properties</className>
          <testName>testPropertyGetMonth</testName>
          <skipped>false</skipped>
          <failedSince>0</failedSince>
        </case>
        <case>
          <duration>0.0</duration>
          <className>org.joda.time.TestYearMonth_Properties</className>
          <testName>testPropertyAddMonth</testName>
          <skipped>false</skipped>
          <failedSince>0</failedSince>
        </case>
        <case>
          <duration>0.0</duration>
          <className>org.joda.time.TestYearMonth_Properties</className>
          <testName>testPropertyAddWrapFieldMonth</testName>
          <skipped>false</skipped>
          <failedSince>0</failedSince>
        </case>
        <case>
          <duration>0.0</duration>
          <className>org.joda.time.TestYearMonth_Properties</className>
          <testName>testPropertySetMonth</testName>
          <skipped>false</skipped>
          <failedSince>0</failedSince>
        </case>
        <case>
          <duration>0.0</duration>
          <className>org.joda.time.TestYearMonth_Properties</className>
          <testName>testPropertySetTextMonth</testName>
          <skipped>false</skipped>
          <failedSince>0</failedSince>
        </case>
        <case>
          <duration>0.0</duration>
          <className>org.joda.time.TestYearMonth_Properties</className>
          <testName>testPropertyGetYear</testName>
          <skipped>false</skipped>
          <failedSince>0</failedSince>
        </case>
        <case>
          <duration>0.0</duration>
          <className>org.joda.time.TestYearMonth_Properties</className>
          <testName>testPropertyAddYear</testName>
          <skipped>false</skipped>
          <failedSince>0</failedSince>
        </case>
        <case>
          <duration>0.0</duration>
          <className>org.joda.time.TestYearMonth_Properties</className>
          <testName>testPropertyAddWrapFieldYear</testName>
          <skipped>false</skipped>
          <failedSince>0</failedSince>
        </case>
        <case>
          <duration>0.0</duration>
          <className>org.joda.time.TestYearMonth_Properties</className>
          <testName>testPropertySetYear</testName>
          <skipped>false</skipped>
          <failedSince>0</failedSince>
        </case>
        <case>
          <duration>0.0</duration>
          <className>org.joda.time.TestYearMonth_Properties</className>
          <testName>testPropertySetTextYear</testName>
          <skipped>false</skipped>
          <failedSince>0</failedSince>
        </case>
        <case>
          <duration>0.0</duration>
          <className>org.joda.time.TestYearMonth_Properties</className>
          <testName>testPropertyCompareToYear</testName>
          <skipped>false</skipped>
          <failedSince>0</failedSince>
        </case>
        <case>
          <duration>0.0</duration>
          <className>org.joda.time.TestYearMonth_Properties</className>
          <testName>testPropertyEqualsHashCodeLenient</testName>
          <skipped>false</skipped>
          <failedSince>0</failedSince>
        </case>
        <case>
          <duration>0.0</duration>
          <className>org.joda.time.TestYearMonth_Properties</className>
          <testName>testPropertyEqualsHashCodeStrict</testName>
          <skipped>false</skipped>
          <failedSince>0</failedSince>
        </case>
        <case>
          <duration>0.002</duration>
          <className>org.joda.time.TestMonthDay_Basics</className>
          <testName>testPlusDays_int_wrapMonthIntoNextYear</testName>
          <skipped>false</skipped>
          <failedSince>0</failedSince>
        </case>
        <case>
          <duration>0.0</duration>
          <className>org.joda.time.TestMonthDay_Basics</className>
          <testName>testPlusDays_int_wrapMonthTwiceIntoNextYear</testName>
          <skipped>false</skipped>
          <failedSince>0</failedSince>
        </case>
        <case>
          <duration>0.0</duration>
          <className>org.joda.time.TestMonthDay_Basics</className>
          <testName>testPlusDays_int_toLeap</testName>
          <skipped>false</skipped>
          <failedSince>0</failedSince>
        </case>
        <case>
          <duration>0.0</duration>
          <className>org.joda.time.TestMonthDay_Basics</className>
          <testName>testPlusDays_int_fromLeap</testName>
          <skipped>false</skipped>
          <failedSince>0</failedSince>
        </case>
        <case>
          <duration>0.0</duration>
          <className>org.joda.time.TestMonthDay_Basics</className>
          <testName>testPlusDays_int_negativeFromLeap</testName>
          <skipped>false</skipped>
          <failedSince>0</failedSince>
        </case>
        <case>
          <duration>0.0</duration>
          <className>org.joda.time.TestMonthDay_Basics</className>
          <testName>testPlusDays_same</testName>
          <skipped>false</skipped>
          <failedSince>0</failedSince>
        </case>
        <case>
          <duration>0.0</duration>
          <className>org.joda.time.TestMonthDay_Basics</className>
          <testName>testMinusMonths_int_fromLeap</testName>
          <skipped>false</skipped>
          <failedSince>0</failedSince>
        </case>
        <case>
          <duration>0.0</duration>
          <className>org.joda.time.TestMonthDay_Basics</className>
          <testName>testMinusMonths_int_negativeFromLeap</testName>
          <skipped>false</skipped>
          <failedSince>0</failedSince>
        </case>
        <case>
          <duration>0.0</duration>
          <className>org.joda.time.TestMonthDay_Basics</className>
          <testName>testMinusMonths_int_endOfMonthAdjust</testName>
          <skipped>false</skipped>
          <failedSince>0</failedSince>
        </case>
        <case>
          <duration>0.0</duration>
          <className>org.joda.time.TestMonthDay_Basics</className>
          <testName>testMinusMonths_int_negativeEndOfMonthAdjust</testName>
          <skipped>false</skipped>
          <failedSince>0</failedSince>
        </case>
        <case>
          <duration>0.0</duration>
          <className>org.joda.time.TestMonthDay_Basics</className>
          <testName>testMinusMonths_int_same</testName>
          <skipped>false</skipped>
          <failedSince>0</failedSince>
        </case>
        <case>
          <duration>0.0</duration>
          <className>org.joda.time.TestMonthDay_Basics</className>
          <testName>testMinusMonths_int_wrap</testName>
          <skipped>false</skipped>
          <failedSince>0</failedSince>
        </case>
        <case>
          <duration>0.0</duration>
          <className>org.joda.time.TestMonthDay_Basics</className>
          <testName>testMinusMonths_int_adjust</testName>
          <skipped>false</skipped>
          <failedSince>0</failedSince>
        </case>
        <case>
          <duration>0.0</duration>
          <className>org.joda.time.TestMonthDay_Basics</className>
          <testName>testMinusDays_int_wrapMonth</testName>
          <skipped>false</skipped>
          <failedSince>0</failedSince>
        </case>
        <case>
          <duration>0.0</duration>
          <className>org.joda.time.TestMonthDay_Basics</className>
          <testName>testMinusDays_int_wrapMonthTwice</testName>
          <skipped>false</skipped>
          <failedSince>0</failedSince>
        </case>
        <case>
          <duration>0.0</duration>
          <className>org.joda.time.TestMonthDay_Basics</className>
          <testName>testMinusDays_int_wrapMonthIntoLastYear</testName>
          <skipped>false</skipped>
          <failedSince>0</failedSince>
        </case>
        <case>
          <duration>0.0</duration>
          <className>org.joda.time.TestMonthDay_Basics</className>
          <testName>testMinusDays_int_wrapMonthTwiceIntoLastYear</testName>
          <skipped>false</skipped>
          <failedSince>0</failedSince>
        </case>
        <case>
          <duration>0.0</duration>
          <className>org.joda.time.TestMonthDay_Basics</className>
          <testName>testMinusDays_int_toLeap</testName>
          <skipped>false</skipped>
          <failedSince>0</failedSince>
        </case>
        <case>
          <duration>0.0</duration>
          <className>org.joda.time.TestMonthDay_Basics</className>
          <testName>testMinusDays_int_fromLeap</testName>
          <skipped>false</skipped>
          <failedSince>0</failedSince>
        </case>
        <case>
          <duration>0.0</duration>
          <className>org.joda.time.TestMonthDay_Basics</className>
          <testName>testMinusDays_int_negativeFromLeap</testName>
          <skipped>false</skipped>
          <failedSince>0</failedSince>
        </case>
        <case>
          <duration>0.0</duration>
          <className>org.joda.time.TestMonthDay_Basics</className>
          <testName>testMinusDays_same</testName>
          <skipped>false</skipped>
          <failedSince>0</failedSince>
        </case>
        <case>
          <duration>0.0</duration>
          <className>org.joda.time.TestMonthDay_Basics</className>
          <testName>testIsEqual_MD</testName>
          <skipped>false</skipped>
          <failedSince>0</failedSince>
        </case>
        <case>
          <duration>0.0</duration>
          <className>org.joda.time.TestMonthDay_Basics</className>
          <testName>testIsBefore_MD</testName>
          <skipped>false</skipped>
          <failedSince>0</failedSince>
        </case>
        <case>
          <duration>0.0</duration>
          <className>org.joda.time.TestMonthDay_Basics</className>
          <testName>testIsAfter_MD</testName>
          <skipped>false</skipped>
          <failedSince>0</failedSince>
        </case>
        <case>
          <duration>0.0</duration>
          <className>org.joda.time.TestMonthDay_Basics</className>
          <testName>testPlusMonths_int_fromLeap</testName>
          <skipped>false</skipped>
          <failedSince>0</failedSince>
        </case>
        <case>
          <duration>0.0</duration>
          <className>org.joda.time.TestMonthDay_Basics</className>
          <testName>testPlusMonths_int_negativeFromLeap</testName>
          <skipped>false</skipped>
          <failedSince>0</failedSince>
        </case>
        <case>
          <duration>0.0</duration>
          <className>org.joda.time.TestMonthDay_Basics</className>
          <testName>testPlusMonths_int_endOfMonthAdjust</testName>
          <skipped>false</skipped>
          <failedSince>0</failedSince>
        </case>
        <case>
          <duration>0.0</duration>
          <className>org.joda.time.TestMonthDay_Basics</className>
          <testName>testPlusMonths_int_negativeEndOfMonthAdjust</testName>
          <skipped>false</skipped>
          <failedSince>0</failedSince>
        </case>
        <case>
          <duration>0.0</duration>
          <className>org.joda.time.TestMonthDay_Basics</className>
          <testName>testPlusMonths_int_same</testName>
          <skipped>false</skipped>
          <failedSince>0</failedSince>
        </case>
        <case>
          <duration>0.0</duration>
          <className>org.joda.time.TestMonthDay_Basics</className>
          <testName>testPlusMonths_int_wrap</testName>
          <skipped>false</skipped>
          <failedSince>0</failedSince>
        </case>
        <case>
          <duration>0.0</duration>
          <className>org.joda.time.TestMonthDay_Basics</className>
          <testName>testPlusMonths_int_adjust</testName>
          <skipped>false</skipped>
          <failedSince>0</failedSince>
        </case>
        <case>
          <duration>0.0</duration>
          <className>org.joda.time.TestMonthDay_Basics</className>
          <testName>testPlusDays_int_wrapMonth</testName>
          <skipped>false</skipped>
          <failedSince>0</failedSince>
        </case>
        <case>
          <duration>0.0</duration>
          <className>org.joda.time.TestMonthDay_Basics</className>
          <testName>testPlusDays_int_wrapMonthTwice</testName>
          <skipped>false</skipped>
          <failedSince>0</failedSince>
        </case>
        <case>
          <duration>0.0</duration>
          <className>org.joda.time.TestMonthDay_Basics</className>
          <testName>testPlusDays_int_wrap50</testName>
          <skipped>false</skipped>
          <failedSince>0</failedSince>
        </case>
        <case>
          <duration>0.001</duration>
          <className>org.joda.time.TestMonthDay_Basics</className>
          <testName>testToString</testName>
          <skipped>false</skipped>
          <failedSince>0</failedSince>
        </case>
        <case>
          <duration>0.0</duration>
          <className>org.joda.time.TestMonthDay_Basics</className>
          <testName>testEqualsHashCode</testName>
          <skipped>false</skipped>
          <failedSince>0</failedSince>
        </case>
        <case>
          <duration>0.003</duration>
          <className>org.joda.time.TestMonthDay_Basics</className>
          <testName>testCompareTo</testName>
          <skipped>false</skipped>
          <failedSince>0</failedSince>
        </case>
        <case>
          <duration>0.007</duration>
          <className>org.joda.time.TestMonthDay_Basics</className>
          <testName>testSerialization</testName>
          <skipped>false</skipped>
          <failedSince>0</failedSince>
        </case>
        <case>
          <duration>0.0</duration>
          <className>org.joda.time.TestMonthDay_Basics</className>
          <testName>testWithers</testName>
          <skipped>false</skipped>
          <failedSince>0</failedSince>
        </case>
        <case>
          <duration>0.0</duration>
          <className>org.joda.time.TestMonthDay_Basics</className>
          <testName>testToString_String</testName>
          <skipped>false</skipped>
          <failedSince>0</failedSince>
        </case>
        <case>
          <duration>0.0</duration>
          <className>org.joda.time.TestMonthDay_Basics</className>
          <testName>testToString_String_Locale</testName>
          <skipped>false</skipped>
          <failedSince>0</failedSince>
        </case>
        <case>
          <duration>0.0</duration>
          <className>org.joda.time.TestMonthDay_Basics</className>
          <testName>testToString_DTFormatter</testName>
          <skipped>false</skipped>
          <failedSince>0</failedSince>
        </case>
        <case>
          <duration>0.0</duration>
          <className>org.joda.time.TestMonthDay_Basics</className>
          <testName>testToLocalDate</testName>
          <skipped>false</skipped>
          <failedSince>0</failedSince>
        </case>
        <case>
          <duration>0.0</duration>
          <className>org.joda.time.TestMonthDay_Basics</className>
          <testName>testPlus_RP</testName>
          <skipped>false</skipped>
          <failedSince>0</failedSince>
        </case>
        <case>
          <duration>0.0</duration>
          <className>org.joda.time.TestMonthDay_Basics</className>
          <testName>testPlusMonths_int</testName>
          <skipped>false</skipped>
          <failedSince>0</failedSince>
        </case>
        <case>
          <duration>0.0</duration>
          <className>org.joda.time.TestMonthDay_Basics</className>
          <testName>testPlusDays_int</testName>
          <skipped>false</skipped>
          <failedSince>0</failedSince>
        </case>
        <case>
          <duration>0.0</duration>
          <className>org.joda.time.TestMonthDay_Basics</className>
          <testName>testMinus_RP</testName>
          <skipped>false</skipped>
          <failedSince>0</failedSince>
        </case>
        <case>
          <duration>0.0</duration>
          <className>org.joda.time.TestMonthDay_Basics</className>
          <testName>testMinusMonths_int</testName>
          <skipped>false</skipped>
          <failedSince>0</failedSince>
        </case>
        <case>
          <duration>0.007</duration>
          <className>org.joda.time.TestMonthDay_Basics</className>
          <testName>testMinusDays_int</testName>
          <skipped>false</skipped>
          <failedSince>0</failedSince>
        </case>
        <case>
          <duration>0.0</duration>
          <className>org.joda.time.TestMonthDay_Basics</className>
          <testName>testProperty</testName>
          <skipped>false</skipped>
          <failedSince>0</failedSince>
        </case>
        <case>
          <duration>0.0</duration>
          <className>org.joda.time.TestMonthDay_Basics</className>
          <testName>testGetFieldType</testName>
          <skipped>false</skipped>
          <failedSince>0</failedSince>
        </case>
        <case>
          <duration>0.0</duration>
          <className>org.joda.time.TestMonthDay_Basics</className>
          <testName>testWithChronologyRetainFields_Chrono</testName>
          <skipped>false</skipped>
          <failedSince>0</failedSince>
        </case>
        <case>
          <duration>0.0</duration>
          <className>org.joda.time.TestMonthDay_Basics</className>
          <testName>testWithChronologyRetainFields_sameChrono</testName>
          <skipped>false</skipped>
          <failedSince>0</failedSince>
        </case>
        <case>
          <duration>0.0</duration>
          <className>org.joda.time.TestMonthDay_Basics</className>
          <testName>testWithChronologyRetainFields_nullChrono</testName>
          <skipped>false</skipped>
          <failedSince>0</failedSince>
        </case>
        <case>
          <duration>0.0</duration>
          <className>org.joda.time.TestMonthDay_Basics</className>
          <testName>testGetField</testName>
          <skipped>false</skipped>
          <failedSince>0</failedSince>
        </case>
        <case>
          <duration>0.0</duration>
          <className>org.joda.time.TestMonthDay_Basics</className>
          <testName>testGetValue</testName>
          <skipped>false</skipped>
          <failedSince>0</failedSince>
        </case>
        <case>
          <duration>0.0</duration>
          <className>org.joda.time.TestMonthDay_Basics</className>
          <testName>testGetFieldTypes</testName>
          <skipped>false</skipped>
          <failedSince>0</failedSince>
        </case>
        <case>
          <duration>0.0</duration>
          <className>org.joda.time.TestMonthDay_Basics</className>
          <testName>testGetFields</testName>
          <skipped>false</skipped>
          <failedSince>0</failedSince>
        </case>
        <case>
          <duration>0.0</duration>
          <className>org.joda.time.TestMonthDay_Basics</className>
          <testName>testGetValues</testName>
          <skipped>false</skipped>
          <failedSince>0</failedSince>
        </case>
        <case>
          <duration>0.0</duration>
          <className>org.joda.time.TestMonthDay_Basics</className>
          <testName>testToDateTime_RI</testName>
          <skipped>false</skipped>
          <failedSince>0</failedSince>
        </case>
        <case>
          <duration>0.0</duration>
          <className>org.joda.time.TestMonthDay_Basics</className>
          <testName>testToDateTime_nullRI</testName>
          <skipped>false</skipped>
          <failedSince>0</failedSince>
        </case>
        <case>
          <duration>0.0</duration>
          <className>org.joda.time.TestMonthDay_Basics</className>
          <testName>testSize</testName>
          <skipped>false</skipped>
          <failedSince>0</failedSince>
        </case>
        <case>
          <duration>0.0</duration>
          <className>org.joda.time.TestMonthDay_Basics</className>
          <testName>testWithField</testName>
          <skipped>false</skipped>
          <failedSince>0</failedSince>
        </case>
        <case>
          <duration>0.0</duration>
          <className>org.joda.time.TestMonthDay_Basics</className>
          <testName>testWithField_nullField</testName>
          <skipped>false</skipped>
          <failedSince>0</failedSince>
        </case>
        <case>
          <duration>0.0</duration>
          <className>org.joda.time.TestMonthDay_Basics</className>
          <testName>testWithField_unknownField</testName>
          <skipped>false</skipped>
          <failedSince>0</failedSince>
        </case>
        <case>
          <duration>0.0</duration>
          <className>org.joda.time.TestMonthDay_Basics</className>
          <testName>testWithField_same</testName>
          <skipped>false</skipped>
          <failedSince>0</failedSince>
        </case>
        <case>
          <duration>0.0</duration>
          <className>org.joda.time.TestMonthDay_Basics</className>
          <testName>testWithFieldAdded</testName>
          <skipped>false</skipped>
          <failedSince>0</failedSince>
        </case>
        <case>
          <duration>0.0</duration>
          <className>org.joda.time.TestMonthDay_Basics</className>
          <testName>testWithFieldAdded_nullField_zero</testName>
          <skipped>false</skipped>
          <failedSince>0</failedSince>
        </case>
        <case>
          <duration>0.0</duration>
          <className>org.joda.time.TestMonthDay_Basics</className>
          <testName>testWithFieldAdded_nullField_nonZero</testName>
          <skipped>false</skipped>
          <failedSince>0</failedSince>
        </case>
        <case>
          <duration>0.0</duration>
          <className>org.joda.time.TestMonthDay_Basics</className>
          <testName>testWithFieldAdded_zero</testName>
          <skipped>false</skipped>
          <failedSince>0</failedSince>
        </case>
        <case>
          <duration>0.0</duration>
          <className>org.joda.time.TestMonthDay_Basics</className>
          <testName>testWithFieldAdded_unknownField</testName>
          <skipped>false</skipped>
          <failedSince>0</failedSince>
        </case>
        <case>
          <duration>0.0</duration>
          <className>org.joda.time.TestMonthDay_Basics</className>
          <testName>testGet</testName>
          <skipped>false</skipped>
          <failedSince>0</failedSince>
        </case>
        <case>
          <duration>0.0</duration>
          <className>org.joda.time.TestMonthDay_Basics</className>
          <testName>testIsSupported</testName>
          <skipped>false</skipped>
          <failedSince>0</failedSince>
        </case>
        <case>
          <duration>0.0</duration>
          <className>org.joda.time.TestMonthDay_Constructors</className>
          <testName>testConstructor</testName>
          <skipped>false</skipped>
          <failedSince>0</failedSince>
        </case>
        <case>
          <duration>0.0</duration>
          <className>org.joda.time.TestMonthDay_Constructors</className>
          <testName>testConstructor_DateTimeZone</testName>
          <skipped>false</skipped>
          <failedSince>0</failedSince>
        </case>
        <case>
          <duration>0.0</duration>
          <className>org.joda.time.TestMonthDay_Constructors</className>
          <testName>testConstructor_nullDateTimeZone</testName>
          <skipped>false</skipped>
          <failedSince>0</failedSince>
        </case>
        <case>
          <duration>0.0</duration>
          <className>org.joda.time.TestMonthDay_Constructors</className>
          <testName>testConstructor_Chronology</testName>
          <skipped>false</skipped>
          <failedSince>0</failedSince>
        </case>
        <case>
          <duration>0.0</duration>
          <className>org.joda.time.TestMonthDay_Constructors</className>
          <testName>testConstructor_nullChronology</testName>
          <skipped>false</skipped>
          <failedSince>0</failedSince>
        </case>
        <case>
          <duration>0.0</duration>
          <className>org.joda.time.TestMonthDay_Constructors</className>
          <testName>testConstructor_long1_Chronology</testName>
          <skipped>false</skipped>
          <failedSince>0</failedSince>
        </case>
        <case>
          <duration>0.0</duration>
          <className>org.joda.time.TestMonthDay_Constructors</className>
          <testName>testConstructor_long2_Chronology</testName>
          <skipped>false</skipped>
          <failedSince>0</failedSince>
        </case>
        <case>
          <duration>0.0</duration>
          <className>org.joda.time.TestMonthDay_Constructors</className>
          <testName>testConstructor_long_nullChronology</testName>
          <skipped>false</skipped>
          <failedSince>0</failedSince>
        </case>
        <case>
          <duration>0.0</duration>
          <className>org.joda.time.TestMonthDay_Constructors</className>
          <testName>testConstructor_ObjectString1</testName>
          <skipped>false</skipped>
          <failedSince>0</failedSince>
        </case>
        <case>
          <duration>0.0</duration>
          <className>org.joda.time.TestMonthDay_Constructors</className>
          <testName>testConstructor_ObjectString5</testName>
          <skipped>false</skipped>
          <failedSince>0</failedSince>
        </case>
        <case>
          <duration>0.0</duration>
          <className>org.joda.time.TestMonthDay_Constructors</className>
          <testName>testConstructor_ObjectStringEx1</testName>
          <skipped>false</skipped>
          <failedSince>0</failedSince>
        </case>
        <case>
          <duration>0.0</duration>
          <className>org.joda.time.TestMonthDay_Constructors</className>
          <testName>testConstructor_ObjectStringEx2</testName>
          <skipped>false</skipped>
          <failedSince>0</failedSince>
        </case>
        <case>
          <duration>0.0</duration>
          <className>org.joda.time.TestMonthDay_Constructors</className>
          <testName>testConstructor_Object_Chronology</testName>
          <skipped>false</skipped>
          <failedSince>0</failedSince>
        </case>
        <case>
          <duration>0.0</duration>
          <className>org.joda.time.TestMonthDay_Constructors</className>
          <testName>testConstructor_nullObject_Chronology</testName>
          <skipped>false</skipped>
          <failedSince>0</failedSince>
        </case>
        <case>
          <duration>0.0</duration>
          <className>org.joda.time.TestMonthDay_Constructors</className>
          <testName>testConstructor_Object_nullChronology</testName>
          <skipped>false</skipped>
          <failedSince>0</failedSince>
        </case>
        <case>
          <duration>0.0</duration>
          <className>org.joda.time.TestMonthDay_Constructors</className>
          <testName>testConstructor_nullObject_nullChronology</testName>
          <skipped>false</skipped>
          <failedSince>0</failedSince>
        </case>
        <case>
          <duration>0.0</duration>
          <className>org.joda.time.TestMonthDay_Constructors</className>
          <testName>testParse_noFormatter</testName>
          <skipped>false</skipped>
          <failedSince>0</failedSince>
        </case>
        <case>
          <duration>0.0</duration>
          <className>org.joda.time.TestMonthDay_Constructors</className>
          <testName>testParse_formatter</testName>
          <skipped>false</skipped>
          <failedSince>0</failedSince>
        </case>
        <case>
          <duration>0.0</duration>
          <className>org.joda.time.TestMonthDay_Constructors</className>
          <testName>testConstructor_long1</testName>
          <skipped>false</skipped>
          <failedSince>0</failedSince>
        </case>
        <case>
          <duration>0.0</duration>
          <className>org.joda.time.TestMonthDay_Constructors</className>
          <testName>testConstructor_long2</testName>
          <skipped>false</skipped>
          <failedSince>0</failedSince>
        </case>
        <case>
          <duration>0.0</duration>
          <className>org.joda.time.TestMonthDay_Constructors</className>
          <testName>testConstructor_Object</testName>
          <skipped>false</skipped>
          <failedSince>0</failedSince>
        </case>
        <case>
          <duration>0.0</duration>
          <className>org.joda.time.TestMonthDay_Constructors</className>
          <testName>testConstructor_nullObject</testName>
          <skipped>false</skipped>
          <failedSince>0</failedSince>
        </case>
        <case>
          <duration>0.0</duration>
          <className>org.joda.time.TestMonthDay_Constructors</className>
          <testName>testFactory_FromCalendarFields</testName>
          <skipped>false</skipped>
          <failedSince>0</failedSince>
        </case>
        <case>
          <duration>0.0</duration>
          <className>org.joda.time.TestMonthDay_Constructors</className>
          <testName>testConstructor_int_int_Chronology</testName>
          <skipped>false</skipped>
          <failedSince>0</failedSince>
        </case>
        <case>
          <duration>0.0</duration>
          <className>org.joda.time.TestMonthDay_Constructors</className>
          <testName>testConstructor_int_int_nullChronology</testName>
          <skipped>false</skipped>
          <failedSince>0</failedSince>
        </case>
        <case>
          <duration>0.0</duration>
          <className>org.joda.time.TestMonthDay_Constructors</className>
          <testName>testConstructor_int_int</testName>
          <skipped>false</skipped>
          <failedSince>0</failedSince>
        </case>
        <case>
          <duration>0.0</duration>
          <className>org.joda.time.TestMonthDay_Constructors</className>
          <testName>testFactory_FromDateFields</testName>
          <skipped>false</skipped>
          <failedSince>0</failedSince>
        </case>
        <case>
          <duration>0.0</duration>
          <className>org.joda.time.TestMonthDay_Constructors</className>
          <testName>testConstructor_ObjectStringEx3</testName>
          <skipped>false</skipped>
          <failedSince>0</failedSince>
        </case>
        <case>
          <duration>0.0</duration>
          <className>org.joda.time.TestMonthDay_Constructors</className>
          <testName>testConstructor_ObjectStringEx4</testName>
          <skipped>false</skipped>
          <failedSince>0</failedSince>
        </case>
        <case>
          <duration>0.0</duration>
          <className>org.joda.time.TestMonthDay_Properties</className>
          <testName>testPropertyEquals</testName>
          <skipped>false</skipped>
          <failedSince>0</failedSince>
        </case>
        <case>
          <duration>0.0</duration>
          <className>org.joda.time.TestMonthDay_Properties</className>
          <testName>testPropertyHashCode</testName>
          <skipped>false</skipped>
          <failedSince>0</failedSince>
        </case>
        <case>
          <duration>0.0</duration>
          <className>org.joda.time.TestMonthDay_Properties</className>
          <testName>testPropertyGetMaxMinValuesMonthOfYear</testName>
          <skipped>false</skipped>
          <failedSince>0</failedSince>
        </case>
        <case>
          <duration>0.0</duration>
          <className>org.joda.time.TestMonthDay_Properties</className>
          <testName>testPropertyGetMonthOfYear</testName>
          <skipped>false</skipped>
          <failedSince>0</failedSince>
        </case>
        <case>
          <duration>0.0</duration>
          <className>org.joda.time.TestMonthDay_Properties</className>
          <testName>testPropertyAddMonthOfYear</testName>
          <skipped>false</skipped>
          <failedSince>0</failedSince>
        </case>
        <case>
          <duration>0.003</duration>
          <className>org.joda.time.TestMonthDay_Properties</className>
          <testName>testPropertyAddWrapFieldMonthOfYear</testName>
          <skipped>false</skipped>
          <failedSince>0</failedSince>
        </case>
        <case>
          <duration>0.0</duration>
          <className>org.joda.time.TestMonthDay_Properties</className>
          <testName>testPropertySetMonthOfYear</testName>
          <skipped>false</skipped>
          <failedSince>0</failedSince>
        </case>
        <case>
          <duration>0.0</duration>
          <className>org.joda.time.TestMonthDay_Properties</className>
          <testName>testPropertySetTextMonthOfYear</testName>
          <skipped>false</skipped>
          <failedSince>0</failedSince>
        </case>
        <case>
          <duration>0.0</duration>
          <className>org.joda.time.TestMonthDay_Properties</className>
          <testName>testPropertyCompareToMonthOfYear</testName>
          <skipped>false</skipped>
          <failedSince>0</failedSince>
        </case>
        <case>
          <duration>0.0</duration>
          <className>org.joda.time.TestMonthDay_Properties</className>
          <testName>testPropertyGetDayOfMonth</testName>
          <skipped>false</skipped>
          <failedSince>0</failedSince>
        </case>
        <case>
          <duration>0.0</duration>
          <className>org.joda.time.TestMonthDay_Properties</className>
          <testName>testPropertyGetMaxMinValuesDayOfMonth</testName>
          <skipped>false</skipped>
          <failedSince>0</failedSince>
        </case>
        <case>
          <duration>0.0</duration>
          <className>org.joda.time.TestMonthDay_Properties</className>
          <testName>testPropertyAddDayOfMonth</testName>
          <skipped>false</skipped>
          <failedSince>0</failedSince>
        </case>
        <case>
          <duration>0.0</duration>
          <className>org.joda.time.TestMonthDay_Properties</className>
          <testName>testPropertyAddWrapFieldDayOfMonth</testName>
          <skipped>false</skipped>
          <failedSince>0</failedSince>
        </case>
        <case>
          <duration>0.0</duration>
          <className>org.joda.time.TestMonthDay_Properties</className>
          <testName>testPropertySetDayOfMonth</testName>
          <skipped>false</skipped>
          <failedSince>0</failedSince>
        </case>
        <case>
          <duration>0.0</duration>
          <className>org.joda.time.TestMonthDay_Properties</className>
          <testName>testPropertySetTextDayOfMonth</testName>
          <skipped>false</skipped>
          <failedSince>0</failedSince>
        </case>
        <case>
          <duration>0.0</duration>
          <className>org.joda.time.TestMonthDay_Properties</className>
          <testName>testPropertyCompareToDayOfMonth</testName>
          <skipped>false</skipped>
          <failedSince>0</failedSince>
        </case>
        <case>
          <duration>0.0</duration>
          <className>org.joda.time.TestMonthDay_Properties</className>
          <testName>testPropertyEqualsHashCodeLenient</testName>
          <skipped>false</skipped>
          <failedSince>0</failedSince>
        </case>
        <case>
          <duration>0.0</duration>
          <className>org.joda.time.TestMonthDay_Properties</className>
          <testName>testPropertyEqualsHashCodeStrict</testName>
          <skipped>false</skipped>
          <failedSince>0</failedSince>
        </case>
        <case>
          <duration>0.0</duration>
          <className>org.joda.time.TestPartial_Basics</className>
          <testName>testEqualsHashCode</testName>
          <skipped>false</skipped>
          <failedSince>0</failedSince>
        </case>
        <case>
          <duration>0.006</duration>
          <className>org.joda.time.TestPartial_Basics</className>
          <testName>testCompareTo</testName>
          <skipped>false</skipped>
          <failedSince>0</failedSince>
        </case>
        <case>
          <duration>0.002</duration>
          <className>org.joda.time.TestPartial_Basics</className>
          <testName>testSerialization</testName>
          <skipped>false</skipped>
          <failedSince>0</failedSince>
        </case>
        <case>
          <duration>0.001</duration>
          <className>org.joda.time.TestPartial_Basics</className>
          <testName>testToString_String</testName>
          <skipped>false</skipped>
          <failedSince>0</failedSince>
        </case>
        <case>
          <duration>0.0</duration>
          <className>org.joda.time.TestPartial_Basics</className>
          <testName>testToString_String_Locale</testName>
          <skipped>false</skipped>
          <failedSince>0</failedSince>
        </case>
        <case>
          <duration>0.003</duration>
          <className>org.joda.time.TestPartial_Basics</className>
          <testName>testToString_DTFormatter</testName>
          <skipped>false</skipped>
          <failedSince>0</failedSince>
        </case>
        <case>
          <duration>0.0</duration>
          <className>org.joda.time.TestPartial_Basics</className>
          <testName>testWithField1</testName>
          <skipped>false</skipped>
          <failedSince>0</failedSince>
        </case>
        <case>
          <duration>0.0</duration>
          <className>org.joda.time.TestPartial_Basics</className>
          <testName>testWithField2</testName>
          <skipped>false</skipped>
          <failedSince>0</failedSince>
        </case>
        <case>
          <duration>0.0</duration>
          <className>org.joda.time.TestPartial_Basics</className>
          <testName>testWithFieldAdded1</testName>
          <skipped>false</skipped>
          <failedSince>0</failedSince>
        </case>
        <case>
          <duration>0.0</duration>
          <className>org.joda.time.TestPartial_Basics</className>
          <testName>testWithFieldAdded2</testName>
          <skipped>false</skipped>
          <failedSince>0</failedSince>
        </case>
        <case>
          <duration>0.0</duration>
          <className>org.joda.time.TestPartial_Basics</className>
          <testName>testWithFieldAdded3</testName>
          <skipped>false</skipped>
          <failedSince>0</failedSince>
        </case>
        <case>
          <duration>0.0</duration>
          <className>org.joda.time.TestPartial_Basics</className>
          <testName>testWithFieldAdded4</testName>
          <skipped>false</skipped>
          <failedSince>0</failedSince>
        </case>
        <case>
          <duration>0.0</duration>
          <className>org.joda.time.TestPartial_Basics</className>
          <testName>testPlus_RP</testName>
          <skipped>false</skipped>
          <failedSince>0</failedSince>
        </case>
        <case>
          <duration>0.0</duration>
          <className>org.joda.time.TestPartial_Basics</className>
          <testName>testMinus_RP</testName>
          <skipped>false</skipped>
          <failedSince>0</failedSince>
        </case>
        <case>
          <duration>0.0</duration>
          <className>org.joda.time.TestPartial_Basics</className>
          <testName>testProperty</testName>
          <skipped>false</skipped>
          <failedSince>0</failedSince>
        </case>
        <case>
          <duration>0.0</duration>
          <className>org.joda.time.TestPartial_Basics</className>
          <testName>testGetFieldType</testName>
          <skipped>false</skipped>
          <failedSince>0</failedSince>
        </case>
        <case>
          <duration>0.0</duration>
          <className>org.joda.time.TestPartial_Basics</className>
          <testName>testIsBefore_TOD</testName>
          <skipped>false</skipped>
          <failedSince>0</failedSince>
        </case>
        <case>
          <duration>0.0</duration>
          <className>org.joda.time.TestPartial_Basics</className>
          <testName>testIsAfter_TOD</testName>
          <skipped>false</skipped>
          <failedSince>0</failedSince>
        </case>
        <case>
          <duration>0.0</duration>
          <className>org.joda.time.TestPartial_Basics</className>
          <testName>testWithChronologyRetainFields_Chrono</testName>
          <skipped>false</skipped>
          <failedSince>0</failedSince>
        </case>
        <case>
          <duration>0.0</duration>
          <className>org.joda.time.TestPartial_Basics</className>
          <testName>testWithChronologyRetainFields_sameChrono</testName>
          <skipped>false</skipped>
          <failedSince>0</failedSince>
        </case>
        <case>
          <duration>0.0</duration>
          <className>org.joda.time.TestPartial_Basics</className>
          <testName>testWithChronologyRetainFields_nullChrono</testName>
          <skipped>false</skipped>
          <failedSince>0</failedSince>
        </case>
        <case>
          <duration>0.0</duration>
          <className>org.joda.time.TestPartial_Basics</className>
          <testName>testWithFieldAdded5</testName>
          <skipped>false</skipped>
          <failedSince>0</failedSince>
        </case>
        <case>
          <duration>0.0</duration>
          <className>org.joda.time.TestPartial_Basics</className>
          <testName>testWithFieldAdded6</testName>
          <skipped>false</skipped>
          <failedSince>0</failedSince>
        </case>
        <case>
          <duration>0.0</duration>
          <className>org.joda.time.TestPartial_Basics</className>
          <testName>testWithFieldAdded7</testName>
          <skipped>false</skipped>
          <failedSince>0</failedSince>
        </case>
        <case>
          <duration>0.0</duration>
          <className>org.joda.time.TestPartial_Basics</className>
          <testName>testWithFieldAdded8</testName>
          <skipped>false</skipped>
          <failedSince>0</failedSince>
        </case>
        <case>
          <duration>0.006</duration>
          <className>org.joda.time.TestPartial_Basics</className>
          <testName>testGetField</testName>
          <skipped>false</skipped>
          <failedSince>0</failedSince>
        </case>
        <case>
          <duration>0.0</duration>
          <className>org.joda.time.TestPartial_Basics</className>
          <testName>testGetValue</testName>
          <skipped>false</skipped>
          <failedSince>0</failedSince>
        </case>
        <case>
          <duration>0.0</duration>
          <className>org.joda.time.TestPartial_Basics</className>
          <testName>testIsEqual_TOD</testName>
          <skipped>false</skipped>
          <failedSince>0</failedSince>
        </case>
        <case>
          <duration>0.0</duration>
          <className>org.joda.time.TestPartial_Basics</className>
          <testName>testGetFieldTypes</testName>
          <skipped>false</skipped>
          <failedSince>0</failedSince>
        </case>
        <case>
          <duration>0.0</duration>
          <className>org.joda.time.TestPartial_Basics</className>
          <testName>testGetFields</testName>
          <skipped>false</skipped>
          <failedSince>0</failedSince>
        </case>
        <case>
          <duration>0.0</duration>
          <className>org.joda.time.TestPartial_Basics</className>
          <testName>testGetValues</testName>
          <skipped>false</skipped>
          <failedSince>0</failedSince>
        </case>
        <case>
          <duration>0.0</duration>
          <className>org.joda.time.TestPartial_Basics</className>
          <testName>testToDateTime_RI</testName>
          <skipped>false</skipped>
          <failedSince>0</failedSince>
        </case>
        <case>
          <duration>0.0</duration>
          <className>org.joda.time.TestPartial_Basics</className>
          <testName>testToDateTime_nullRI</testName>
          <skipped>false</skipped>
          <failedSince>0</failedSince>
        </case>
        <case>
          <duration>0.0</duration>
          <className>org.joda.time.TestPartial_Basics</className>
          <testName>testSize</testName>
          <skipped>false</skipped>
          <failedSince>0</failedSince>
        </case>
        <case>
          <duration>0.0</duration>
          <className>org.joda.time.TestPartial_Basics</className>
          <testName>testWith1</testName>
          <skipped>false</skipped>
          <failedSince>0</failedSince>
        </case>
        <case>
          <duration>0.0</duration>
          <className>org.joda.time.TestPartial_Basics</className>
          <testName>testWith2</testName>
          <skipped>false</skipped>
          <failedSince>0</failedSince>
        </case>
        <case>
          <duration>0.0</duration>
          <className>org.joda.time.TestPartial_Basics</className>
          <testName>testWith3</testName>
          <skipped>false</skipped>
          <failedSince>0</failedSince>
        </case>
        <case>
          <duration>0.0</duration>
          <className>org.joda.time.TestPartial_Basics</className>
          <testName>testWith3a</testName>
          <skipped>false</skipped>
          <failedSince>0</failedSince>
        </case>
        <case>
          <duration>0.0</duration>
          <className>org.joda.time.TestPartial_Basics</className>
          <testName>testWith3b</testName>
          <skipped>false</skipped>
          <failedSince>0</failedSince>
        </case>
        <case>
          <duration>0.0</duration>
          <className>org.joda.time.TestPartial_Basics</className>
          <testName>testWith3c</testName>
          <skipped>false</skipped>
          <failedSince>0</failedSince>
        </case>
        <case>
          <duration>0.0</duration>
          <className>org.joda.time.TestPartial_Basics</className>
          <testName>testWith3d</testName>
          <skipped>false</skipped>
          <failedSince>0</failedSince>
        </case>
        <case>
          <duration>0.0</duration>
          <className>org.joda.time.TestPartial_Basics</className>
          <testName>testWith3e</testName>
          <skipped>false</skipped>
          <failedSince>0</failedSince>
        </case>
        <case>
          <duration>0.001</duration>
          <className>org.joda.time.TestPartial_Basics</className>
          <testName>testWith3f</testName>
          <skipped>false</skipped>
          <failedSince>0</failedSince>
        </case>
        <case>
          <duration>0.0</duration>
          <className>org.joda.time.TestPartial_Basics</className>
          <testName>testWith4</testName>
          <skipped>false</skipped>
          <failedSince>0</failedSince>
        </case>
        <case>
          <duration>0.0</duration>
          <className>org.joda.time.TestPartial_Basics</className>
          <testName>testWith_baseHasNoRange</testName>
          <skipped>false</skipped>
          <failedSince>0</failedSince>
        </case>
        <case>
          <duration>0.0</duration>
          <className>org.joda.time.TestPartial_Basics</className>
          <testName>testWith_argHasNoRange</testName>
          <skipped>false</skipped>
          <failedSince>0</failedSince>
        </case>
        <case>
          <duration>0.0</duration>
          <className>org.joda.time.TestPartial_Basics</className>
          <testName>testWith_baseAndArgHaveNoRange</testName>
          <skipped>false</skipped>
          <failedSince>0</failedSince>
        </case>
        <case>
          <duration>0.0</duration>
          <className>org.joda.time.TestPartial_Basics</className>
          <testName>testWithout1</testName>
          <skipped>false</skipped>
          <failedSince>0</failedSince>
        </case>
        <case>
          <duration>0.0</duration>
          <className>org.joda.time.TestPartial_Basics</className>
          <testName>testWithout2</testName>
          <skipped>false</skipped>
          <failedSince>0</failedSince>
        </case>
        <case>
          <duration>0.0</duration>
          <className>org.joda.time.TestPartial_Basics</className>
          <testName>testWithout3</testName>
          <skipped>false</skipped>
          <failedSince>0</failedSince>
        </case>
        <case>
          <duration>0.0</duration>
          <className>org.joda.time.TestPartial_Basics</className>
          <testName>testWithout4</testName>
          <skipped>false</skipped>
          <failedSince>0</failedSince>
        </case>
        <case>
          <duration>0.0</duration>
          <className>org.joda.time.TestPartial_Basics</className>
          <testName>testWithout5</testName>
          <skipped>false</skipped>
          <failedSince>0</failedSince>
        </case>
        <case>
          <duration>0.0</duration>
          <className>org.joda.time.TestPartial_Basics</className>
          <testName>testWithFieldAddWrapped1</testName>
          <skipped>false</skipped>
          <failedSince>0</failedSince>
        </case>
        <case>
          <duration>0.0</duration>
          <className>org.joda.time.TestPartial_Basics</className>
          <testName>testWithFieldAddWrapped2</testName>
          <skipped>false</skipped>
          <failedSince>0</failedSince>
        </case>
        <case>
          <duration>0.0</duration>
          <className>org.joda.time.TestPartial_Basics</className>
          <testName>testWithFieldAddWrapped3</testName>
          <skipped>false</skipped>
          <failedSince>0</failedSince>
        </case>
        <case>
          <duration>0.0</duration>
          <className>org.joda.time.TestPartial_Basics</className>
          <testName>testWithFieldAddWrapped4</testName>
          <skipped>false</skipped>
          <failedSince>0</failedSince>
        </case>
        <case>
          <duration>0.0</duration>
          <className>org.joda.time.TestPartial_Basics</className>
          <testName>testWithFieldAddWrapped5</testName>
          <skipped>false</skipped>
          <failedSince>0</failedSince>
        </case>
        <case>
          <duration>0.0</duration>
          <className>org.joda.time.TestPartial_Basics</className>
          <testName>testWithFieldAddWrapped6</testName>
          <skipped>false</skipped>
          <failedSince>0</failedSince>
        </case>
        <case>
          <duration>0.0</duration>
          <className>org.joda.time.TestPartial_Basics</className>
          <testName>testWithFieldAddWrapped7</testName>
          <skipped>false</skipped>
          <failedSince>0</failedSince>
        </case>
        <case>
          <duration>0.0</duration>
          <className>org.joda.time.TestPartial_Basics</className>
          <testName>testWithFieldAddWrapped8</testName>
          <skipped>false</skipped>
          <failedSince>0</failedSince>
        </case>
        <case>
          <duration>0.0</duration>
          <className>org.joda.time.TestPartial_Basics</className>
          <testName>testGetFormatter1</testName>
          <skipped>false</skipped>
          <failedSince>0</failedSince>
        </case>
        <case>
          <duration>0.0</duration>
          <className>org.joda.time.TestPartial_Basics</className>
          <testName>testGetFormatter2</testName>
          <skipped>false</skipped>
          <failedSince>0</failedSince>
        </case>
        <case>
          <duration>0.0</duration>
          <className>org.joda.time.TestPartial_Basics</className>
          <testName>testGetFormatter3</testName>
          <skipped>false</skipped>
          <failedSince>0</failedSince>
        </case>
        <case>
          <duration>0.0</duration>
          <className>org.joda.time.TestPartial_Basics</className>
          <testName>testToString1</testName>
          <skipped>false</skipped>
          <failedSince>0</failedSince>
        </case>
        <case>
          <duration>0.0</duration>
          <className>org.joda.time.TestPartial_Basics</className>
          <testName>testToString2</testName>
          <skipped>false</skipped>
          <failedSince>0</failedSince>
        </case>
        <case>
          <duration>0.0</duration>
          <className>org.joda.time.TestPartial_Basics</className>
          <testName>testToString3</testName>
          <skipped>false</skipped>
          <failedSince>0</failedSince>
        </case>
        <case>
          <duration>0.0</duration>
          <className>org.joda.time.TestPartial_Basics</className>
          <testName>testToString4</testName>
          <skipped>false</skipped>
          <failedSince>0</failedSince>
        </case>
        <case>
          <duration>0.0</duration>
          <className>org.joda.time.TestPartial_Basics</className>
          <testName>testToString5</testName>
          <skipped>false</skipped>
          <failedSince>0</failedSince>
        </case>
        <case>
          <duration>0.0</duration>
          <className>org.joda.time.TestPartial_Basics</className>
          <testName>testGet</testName>
          <skipped>false</skipped>
          <failedSince>0</failedSince>
        </case>
        <case>
          <duration>0.0</duration>
          <className>org.joda.time.TestPartial_Basics</className>
          <testName>testIsSupported</testName>
          <skipped>false</skipped>
          <failedSince>0</failedSince>
        </case>
        <case>
          <duration>0.0</duration>
          <className>org.joda.time.TestPartial_Basics</className>
          <testName>testWithField3</testName>
          <skipped>false</skipped>
          <failedSince>0</failedSince>
        </case>
        <case>
          <duration>0.0</duration>
          <className>org.joda.time.TestPartial_Basics</className>
          <testName>testWithField4</testName>
          <skipped>false</skipped>
          <failedSince>0</failedSince>
        </case>
        <case>
          <duration>0.0</duration>
          <className>org.joda.time.TestPartial_Constructors</className>
          <testName>testConstructor</testName>
          <skipped>false</skipped>
          <failedSince>0</failedSince>
        </case>
        <case>
          <duration>0.0</duration>
          <className>org.joda.time.TestPartial_Constructors</className>
          <testName>testConstructor_Chrono</testName>
          <skipped>false</skipped>
          <failedSince>0</failedSince>
        </case>
        <case>
          <duration>0.005</duration>
          <className>org.joda.time.TestPartial_Constructors</className>
          <testName>testConstructor_Type_int</testName>
          <skipped>false</skipped>
          <failedSince>0</failedSince>
        </case>
        <case>
          <duration>0.0</duration>
          <className>org.joda.time.TestPartial_Constructors</className>
          <testName>testConstructorEx1_Type_int</testName>
          <skipped>false</skipped>
          <failedSince>0</failedSince>
        </case>
        <case>
          <duration>0.0</duration>
          <className>org.joda.time.TestPartial_Constructors</className>
          <testName>testConstructorEx2_Type_int</testName>
          <skipped>false</skipped>
          <failedSince>0</failedSince>
        </case>
        <case>
          <duration>0.0</duration>
          <className>org.joda.time.TestPartial_Constructors</className>
          <testName>testConstructor_Type_int_Chrono</testName>
          <skipped>false</skipped>
          <failedSince>0</failedSince>
        </case>
        <case>
          <duration>0.0</duration>
          <className>org.joda.time.TestPartial_Constructors</className>
          <testName>testConstructorEx_Type_int_Chrono</testName>
          <skipped>false</skipped>
          <failedSince>0</failedSince>
        </case>
        <case>
          <duration>0.0</duration>
          <className>org.joda.time.TestPartial_Constructors</className>
          <testName>testConstructorEx2_Type_int_Chrono</testName>
          <skipped>false</skipped>
          <failedSince>0</failedSince>
        </case>
        <case>
          <duration>0.0</duration>
          <className>org.joda.time.TestPartial_Constructors</className>
          <testName>testConstructor_TypeArray_intArray</testName>
          <skipped>false</skipped>
          <failedSince>0</failedSince>
        </case>
        <case>
          <duration>0.0</duration>
          <className>org.joda.time.TestPartial_Constructors</className>
          <testName>testConstructor_TypeArray_intArray_year_weekyear</testName>
          <skipped>false</skipped>
          <failedSince>0</failedSince>
        </case>
        <case>
          <duration>0.0</duration>
          <className>org.joda.time.TestPartial_Constructors</className>
          <testName>testConstructor2_TypeArray_intArray</testName>
          <skipped>false</skipped>
          <failedSince>0</failedSince>
        </case>
        <case>
          <duration>0.0</duration>
          <className>org.joda.time.TestPartial_Constructors</className>
          <testName>testConstructorEx1_TypeArray_intArray</testName>
          <skipped>false</skipped>
          <failedSince>0</failedSince>
        </case>
        <case>
          <duration>0.0</duration>
          <className>org.joda.time.TestPartial_Constructors</className>
          <testName>testConstructorEx3_TypeArray_intArray</testName>
          <skipped>false</skipped>
          <failedSince>0</failedSince>
        </case>
        <case>
          <duration>0.0</duration>
          <className>org.joda.time.TestPartial_Constructors</className>
          <testName>testConstructorEx5_TypeArray_intArray</testName>
          <skipped>false</skipped>
          <failedSince>0</failedSince>
        </case>
        <case>
          <duration>0.0</duration>
          <className>org.joda.time.TestPartial_Constructors</className>
          <testName>testConstructorEx6_TypeArray_intArray</testName>
          <skipped>false</skipped>
          <failedSince>0</failedSince>
        </case>
        <case>
          <duration>0.0</duration>
          <className>org.joda.time.TestPartial_Constructors</className>
          <testName>testConstructorEx7_TypeArray_intArray_inOrder</testName>
          <skipped>false</skipped>
          <failedSince>0</failedSince>
        </case>
        <case>
          <duration>0.0</duration>
          <className>org.joda.time.TestPartial_Constructors</className>
          <testName>testConstructorEx8_TypeArray_intArray_duplicate</testName>
          <skipped>false</skipped>
          <failedSince>0</failedSince>
        </case>
        <case>
          <duration>0.0</duration>
          <className>org.joda.time.TestPartial_Constructors</className>
          <testName>testConstructorEx9_TypeArray_intArray</testName>
          <skipped>false</skipped>
          <failedSince>0</failedSince>
        </case>
        <case>
          <duration>0.0</duration>
          <className>org.joda.time.TestPartial_Constructors</className>
          <testName>testConstructor_Partial</testName>
          <skipped>false</skipped>
          <failedSince>0</failedSince>
        </case>
        <case>
          <duration>0.0</duration>
          <className>org.joda.time.TestPartial_Constructors</className>
          <testName>testConstructor_TypeArray_intArray_Chrono</testName>
          <skipped>false</skipped>
          <failedSince>0</failedSince>
        </case>
        <case>
          <duration>0.0</duration>
          <className>org.joda.time.TestPartial_Constructors</className>
          <testName>testConstructorEx_Partial</testName>
          <skipped>false</skipped>
          <failedSince>0</failedSince>
        </case>
        <case>
          <duration>0.003</duration>
          <className>org.joda.time.TestPartial_Properties</className>
          <testName>testPropertyAddHour</testName>
          <skipped>false</skipped>
          <failedSince>0</failedSince>
        </case>
        <case>
          <duration>0.0</duration>
          <className>org.joda.time.TestPartial_Properties</className>
          <testName>testPropertyAddWrapFieldHour</testName>
          <skipped>false</skipped>
          <failedSince>0</failedSince>
        </case>
        <case>
          <duration>0.0</duration>
          <className>org.joda.time.TestPartial_Properties</className>
          <testName>testPropertyAddMinute</testName>
          <skipped>false</skipped>
          <failedSince>0</failedSince>
        </case>
        <case>
          <duration>0.0</duration>
          <className>org.joda.time.TestPartial_Properties</className>
          <testName>testPropertyAddWrapFieldMinute</testName>
          <skipped>false</skipped>
          <failedSince>0</failedSince>
        </case>
        <case>
          <duration>0.0</duration>
          <className>org.joda.time.TestPartial_Properties</className>
          <testName>testPropertyGetHour</testName>
          <skipped>false</skipped>
          <failedSince>0</failedSince>
        </case>
        <case>
          <duration>0.0</duration>
          <className>org.joda.time.TestPartial_Properties</className>
          <testName>testPropertyGetMaxMinValuesHour</testName>
          <skipped>false</skipped>
          <failedSince>0</failedSince>
        </case>
        <case>
          <duration>0.0</duration>
          <className>org.joda.time.TestPartial_Properties</className>
          <testName>testPropertySetHour</testName>
          <skipped>false</skipped>
          <failedSince>0</failedSince>
        </case>
        <case>
          <duration>0.0</duration>
          <className>org.joda.time.TestPartial_Properties</className>
          <testName>testPropertySetTextHour</testName>
          <skipped>false</skipped>
          <failedSince>0</failedSince>
        </case>
        <case>
          <duration>0.0</duration>
          <className>org.joda.time.TestPartial_Properties</className>
          <testName>testPropertyWithMaximumValueHour</testName>
          <skipped>false</skipped>
          <failedSince>0</failedSince>
        </case>
        <case>
          <duration>0.0</duration>
          <className>org.joda.time.TestPartial_Properties</className>
          <testName>testPropertyWithMinimumValueHour</testName>
          <skipped>false</skipped>
          <failedSince>0</failedSince>
        </case>
        <case>
          <duration>0.0</duration>
          <className>org.joda.time.TestPartial_Properties</className>
          <testName>testPropertyCompareToHour</testName>
          <skipped>false</skipped>
          <failedSince>0</failedSince>
        </case>
        <case>
          <duration>0.0</duration>
          <className>org.joda.time.TestPartial_Properties</className>
          <testName>testPropertyGetMinute</testName>
          <skipped>false</skipped>
          <failedSince>0</failedSince>
        </case>
        <case>
          <duration>0.0</duration>
          <className>org.joda.time.TestPartial_Properties</className>
          <testName>testPropertyGetMaxMinValuesMinute</testName>
          <skipped>false</skipped>
          <failedSince>0</failedSince>
        </case>
        <case>
          <duration>0.0</duration>
          <className>org.joda.time.TestPartial_Properties</className>
          <testName>testPropertySetMinute</testName>
          <skipped>false</skipped>
          <failedSince>0</failedSince>
        </case>
        <case>
          <duration>0.0</duration>
          <className>org.joda.time.TestPartial_Properties</className>
          <testName>testPropertySetTextMinute</testName>
          <skipped>false</skipped>
          <failedSince>0</failedSince>
        </case>
        <case>
          <duration>0.0</duration>
          <className>org.joda.time.TestPartial_Properties</className>
          <testName>testPropertyCompareToMinute</testName>
          <skipped>false</skipped>
          <failedSince>0</failedSince>
        </case>
        <case>
          <duration>0.0</duration>
          <className>org.joda.time.TestPartial_Match</className>
          <testName>testIsMatch_Instant</testName>
          <skipped>false</skipped>
          <failedSince>0</failedSince>
        </case>
        <case>
          <duration>0.0</duration>
          <className>org.joda.time.TestPartial_Match</className>
          <testName>testIsMatch_Partial</testName>
          <skipped>false</skipped>
          <failedSince>0</failedSince>
        </case>
        <case>
          <duration>0.0</duration>
          <className>org.joda.time.TestAbstractPartial</className>
          <testName>testGetFieldType</testName>
          <skipped>false</skipped>
          <failedSince>0</failedSince>
        </case>
        <case>
          <duration>0.0</duration>
          <className>org.joda.time.TestAbstractPartial</className>
          <testName>testGetField</testName>
          <skipped>false</skipped>
          <failedSince>0</failedSince>
        </case>
        <case>
          <duration>0.0</duration>
          <className>org.joda.time.TestAbstractPartial</className>
          <testName>testGetValue</testName>
          <skipped>false</skipped>
          <failedSince>0</failedSince>
        </case>
        <case>
          <duration>0.004</duration>
          <className>org.joda.time.TestAbstractPartial</className>
          <testName>testGetPropertyEquals</testName>
          <skipped>false</skipped>
          <failedSince>0</failedSince>
        </case>
        <case>
          <duration>0.0</duration>
          <className>org.joda.time.TestAbstractPartial</className>
          <testName>testGetFieldTypes</testName>
          <skipped>false</skipped>
          <failedSince>0</failedSince>
        </case>
        <case>
          <duration>0.0</duration>
          <className>org.joda.time.TestAbstractPartial</className>
          <testName>testGetValues</testName>
          <skipped>false</skipped>
          <failedSince>0</failedSince>
        </case>
        <case>
          <duration>0.0</duration>
          <className>org.joda.time.TestBasePartial</className>
          <testName>testSetMethods</testName>
          <skipped>false</skipped>
          <failedSince>0</failedSince>
        </case>
        <case>
          <duration>0.0</duration>
          <className>org.joda.time.TestDateTimeComparator</className>
          <testName>testEqualsHashCode</testName>
          <skipped>false</skipped>
          <failedSince>0</failedSince>
        </case>
        <case>
          <duration>0.0</duration>
          <className>org.joda.time.TestDateTimeComparator</className>
          <testName>testStaticGetInstance</testName>
          <skipped>false</skipped>
          <failedSince>0</failedSince>
        </case>
        <case>
          <duration>0.0</duration>
          <className>org.joda.time.TestDateTimeComparator</className>
          <testName>testStaticGetDateOnlyInstance</testName>
          <skipped>false</skipped>
          <failedSince>0</failedSince>
        </case>
        <case>
          <duration>0.0</duration>
          <className>org.joda.time.TestDateTimeComparator</className>
          <testName>testStaticGetTimeOnlyInstance</testName>
          <skipped>false</skipped>
          <failedSince>0</failedSince>
        </case>
        <case>
          <duration>0.0</duration>
          <className>org.joda.time.TestDateTimeComparator</className>
          <testName>testStaticGetInstanceLower</testName>
          <skipped>false</skipped>
          <failedSince>0</failedSince>
        </case>
        <case>
          <duration>0.0</duration>
          <className>org.joda.time.TestDateTimeComparator</className>
          <testName>testStaticGetInstanceLowerUpper</testName>
          <skipped>false</skipped>
          <failedSince>0</failedSince>
        </case>
        <case>
          <duration>0.009</duration>
          <className>org.joda.time.TestDateTimeComparator</className>
          <testName>testNullNowCheckedOnce</testName>
          <skipped>false</skipped>
          <failedSince>0</failedSince>
        </case>
        <case>
          <duration>0.001</duration>
          <className>org.joda.time.TestDateTimeComparator</className>
          <testName>testSerialization1</testName>
          <skipped>false</skipped>
          <failedSince>0</failedSince>
        </case>
        <case>
          <duration>0.0</duration>
          <className>org.joda.time.TestDateTimeComparator</className>
          <testName>testSerialization2</testName>
          <skipped>false</skipped>
          <failedSince>0</failedSince>
        </case>
        <case>
          <duration>0.003</duration>
          <className>org.joda.time.TestDateTimeComparator</className>
          <testName>testBasicComps1</testName>
          <skipped>false</skipped>
          <failedSince>0</failedSince>
        </case>
        <case>
          <duration>0.0</duration>
          <className>org.joda.time.TestDateTimeComparator</className>
          <testName>testBasicComps2</testName>
          <skipped>false</skipped>
          <failedSince>0</failedSince>
        </case>
        <case>
          <duration>0.0</duration>
          <className>org.joda.time.TestDateTimeComparator</className>
          <testName>testBasicComps3</testName>
          <skipped>false</skipped>
          <failedSince>0</failedSince>
        </case>
        <case>
          <duration>0.0</duration>
          <className>org.joda.time.TestDateTimeComparator</className>
          <testName>testBasicComps4</testName>
          <skipped>false</skipped>
          <failedSince>0</failedSince>
        </case>
        <case>
          <duration>0.0</duration>
          <className>org.joda.time.TestDateTimeComparator</className>
          <testName>testBasicComps5</testName>
          <skipped>false</skipped>
          <failedSince>0</failedSince>
        </case>
        <case>
          <duration>0.0</duration>
          <className>org.joda.time.TestDateTimeComparator</className>
          <testName>testMillis</testName>
          <skipped>false</skipped>
          <failedSince>0</failedSince>
        </case>
        <case>
          <duration>0.0</duration>
          <className>org.joda.time.TestDateTimeComparator</className>
          <testName>testSecond</testName>
          <skipped>false</skipped>
          <failedSince>0</failedSince>
        </case>
        <case>
          <duration>0.0</duration>
          <className>org.joda.time.TestDateTimeComparator</className>
          <testName>testMinute</testName>
          <skipped>false</skipped>
          <failedSince>0</failedSince>
        </case>
        <case>
          <duration>0.001</duration>
          <className>org.joda.time.TestDateTimeComparator</className>
          <testName>testHour</testName>
          <skipped>false</skipped>
          <failedSince>0</failedSince>
        </case>
        <case>
          <duration>0.0</duration>
          <className>org.joda.time.TestDateTimeComparator</className>
          <testName>testDOW</testName>
          <skipped>false</skipped>
          <failedSince>0</failedSince>
        </case>
        <case>
          <duration>0.0</duration>
          <className>org.joda.time.TestDateTimeComparator</className>
          <testName>testDOM</testName>
          <skipped>false</skipped>
          <failedSince>0</failedSince>
        </case>
        <case>
          <duration>0.0</duration>
          <className>org.joda.time.TestDateTimeComparator</className>
          <testName>testDOY</testName>
          <skipped>false</skipped>
          <failedSince>0</failedSince>
        </case>
        <case>
          <duration>0.002</duration>
          <className>org.joda.time.TestDateTimeComparator</className>
          <testName>testWOW</testName>
          <skipped>false</skipped>
          <failedSince>0</failedSince>
        </case>
        <case>
          <duration>0.0</duration>
          <className>org.joda.time.TestDateTimeComparator</className>
          <testName>testWOYY</testName>
          <skipped>false</skipped>
          <failedSince>0</failedSince>
        </case>
        <case>
          <duration>0.0</duration>
          <className>org.joda.time.TestDateTimeComparator</className>
          <testName>testMonth</testName>
          <skipped>false</skipped>
          <failedSince>0</failedSince>
        </case>
        <case>
          <duration>0.0</duration>
          <className>org.joda.time.TestDateTimeComparator</className>
          <testName>testYear</testName>
          <skipped>false</skipped>
          <failedSince>0</failedSince>
        </case>
        <case>
          <duration>0.0</duration>
          <className>org.joda.time.TestDateTimeComparator</className>
          <testName>testListBasic</testName>
          <skipped>false</skipped>
          <failedSince>0</failedSince>
        </case>
        <case>
          <duration>0.0</duration>
          <className>org.joda.time.TestDateTimeComparator</className>
          <testName>testListMillis</testName>
          <skipped>false</skipped>
          <failedSince>0</failedSince>
        </case>
        <case>
          <duration>0.0</duration>
          <className>org.joda.time.TestDateTimeComparator</className>
          <testName>testListSecond</testName>
          <skipped>false</skipped>
          <failedSince>0</failedSince>
        </case>
        <case>
          <duration>0.0</duration>
          <className>org.joda.time.TestDateTimeComparator</className>
          <testName>testListMinute</testName>
          <skipped>false</skipped>
          <failedSince>0</failedSince>
        </case>
        <case>
          <duration>0.0</duration>
          <className>org.joda.time.TestDateTimeComparator</className>
          <testName>testListHour</testName>
          <skipped>false</skipped>
          <failedSince>0</failedSince>
        </case>
        <case>
          <duration>0.0</duration>
          <className>org.joda.time.TestDateTimeComparator</className>
          <testName>testListDOW</testName>
          <skipped>false</skipped>
          <failedSince>0</failedSince>
        </case>
        <case>
          <duration>0.0</duration>
          <className>org.joda.time.TestDateTimeComparator</className>
          <testName>testListDOM</testName>
          <skipped>false</skipped>
          <failedSince>0</failedSince>
        </case>
        <case>
          <duration>0.0</duration>
          <className>org.joda.time.TestDateTimeComparator</className>
          <testName>testListDOY</testName>
          <skipped>false</skipped>
          <failedSince>0</failedSince>
        </case>
        <case>
          <duration>0.0</duration>
          <className>org.joda.time.TestDateTimeComparator</className>
          <testName>testListWOW</testName>
          <skipped>false</skipped>
          <failedSince>0</failedSince>
        </case>
        <case>
          <duration>0.001</duration>
          <className>org.joda.time.TestDateTimeComparator</className>
          <testName>testListYOYY</testName>
          <skipped>false</skipped>
          <failedSince>0</failedSince>
        </case>
        <case>
          <duration>0.0</duration>
          <className>org.joda.time.TestDateTimeComparator</className>
          <testName>testListMonth</testName>
          <skipped>false</skipped>
          <failedSince>0</failedSince>
        </case>
        <case>
          <duration>0.001</duration>
          <className>org.joda.time.TestDateTimeComparator</className>
          <testName>testListYear</testName>
          <skipped>false</skipped>
          <failedSince>0</failedSince>
        </case>
        <case>
          <duration>0.0</duration>
          <className>org.joda.time.TestDateTimeComparator</className>
          <testName>testListDate</testName>
          <skipped>false</skipped>
          <failedSince>0</failedSince>
        </case>
        <case>
          <duration>0.0</duration>
          <className>org.joda.time.TestDateTimeComparator</className>
          <testName>testListTime</testName>
          <skipped>false</skipped>
          <failedSince>0</failedSince>
        </case>
        <case>
          <duration>0.0</duration>
          <className>org.joda.time.TestDateTimeComparator</className>
          <testName>testNullDT</testName>
          <skipped>false</skipped>
          <failedSince>0</failedSince>
        </case>
        <case>
          <duration>0.0</duration>
          <className>org.joda.time.TestDateTimeComparator</className>
          <testName>testInvalidObj</testName>
          <skipped>false</skipped>
          <failedSince>0</failedSince>
        </case>
        <case>
          <duration>0.0</duration>
          <className>org.joda.time.TestDateTimeComparator</className>
          <testName>testClass</testName>
          <skipped>false</skipped>
          <failedSince>0</failedSince>
        </case>
        <case>
          <duration>0.001</duration>
          <className>org.joda.time.TestDateTimeConstants</className>
          <testName>testConstructor</testName>
          <skipped>false</skipped>
          <failedSince>0</failedSince>
        </case>
        <case>
          <duration>0.001</duration>
          <className>org.joda.time.TestDateTimeConstants</className>
          <testName>testDaysOfWeek</testName>
          <skipped>false</skipped>
          <failedSince>0</failedSince>
        </case>
        <case>
          <duration>0.0</duration>
          <className>org.joda.time.TestDateTimeConstants</className>
          <testName>testMonthsOfYear</testName>
          <skipped>false</skipped>
          <failedSince>0</failedSince>
        </case>
        <case>
          <duration>0.0</duration>
          <className>org.joda.time.TestDateTimeConstants</className>
          <testName>testEras</testName>
          <skipped>false</skipped>
          <failedSince>0</failedSince>
        </case>
        <case>
          <duration>0.0</duration>
          <className>org.joda.time.TestDateTimeConstants</className>
          <testName>testMaths</testName>
          <skipped>false</skipped>
          <failedSince>0</failedSince>
        </case>
        <case>
          <duration>0.0</duration>
          <className>org.joda.time.TestDateTimeConstants</className>
          <testName>testHalfdaysOfDay</testName>
          <skipped>false</skipped>
          <failedSince>0</failedSince>
        </case>
        <case>
          <duration>0.0</duration>
          <className>org.joda.time.TestDateTimeUtils</className>
          <testName>testTest</testName>
          <skipped>false</skipped>
          <failedSince>0</failedSince>
        </case>
        <case>
          <duration>0.0</duration>
          <className>org.joda.time.TestDateTimeUtils</className>
          <testName>testFixedMillis</testName>
          <skipped>false</skipped>
          <failedSince>0</failedSince>
        </case>
        <case>
          <duration>0.0</duration>
          <className>org.joda.time.TestDateTimeUtils</className>
          <testName>testFixedMillisSecurity</testName>
          <skipped>false</skipped>
          <failedSince>0</failedSince>
        </case>
        <case>
          <duration>0.0</duration>
          <className>org.joda.time.TestDateTimeUtils</className>
          <testName>testOffsetMillis</testName>
          <skipped>false</skipped>
          <failedSince>0</failedSince>
        </case>
        <case>
          <duration>0.0</duration>
          <className>org.joda.time.TestDateTimeUtils</className>
          <testName>testOffsetMillisToZero</testName>
          <skipped>false</skipped>
          <failedSince>0</failedSince>
        </case>
        <case>
          <duration>0.0</duration>
          <className>org.joda.time.TestDateTimeUtils</className>
          <testName>testOffsetMillisSecurity</testName>
          <skipped>false</skipped>
          <failedSince>0</failedSince>
        </case>
        <case>
          <duration>0.0</duration>
          <className>org.joda.time.TestDateTimeUtils</className>
          <testName>testMillisProvider</testName>
          <skipped>false</skipped>
          <failedSince>0</failedSince>
        </case>
        <case>
          <duration>0.0</duration>
          <className>org.joda.time.TestDateTimeUtils</className>
          <testName>testMillisProvider_null</testName>
          <skipped>false</skipped>
          <failedSince>0</failedSince>
        </case>
        <case>
          <duration>0.0</duration>
          <className>org.joda.time.TestDateTimeUtils</className>
          <testName>testMillisProviderSecurity</testName>
          <skipped>false</skipped>
          <failedSince>0</failedSince>
        </case>
        <case>
          <duration>0.0</duration>
          <className>org.joda.time.TestDateTimeUtils</className>
          <testName>testGetInstantMillis_RI</testName>
          <skipped>false</skipped>
          <failedSince>0</failedSince>
        </case>
        <case>
          <duration>0.002</duration>
          <className>org.joda.time.TestDateTimeUtils</className>
          <testName>testGetInstantChronology_RI</testName>
          <skipped>false</skipped>
          <failedSince>0</failedSince>
        </case>
        <case>
          <duration>0.0</duration>
          <className>org.joda.time.TestDateTimeUtils</className>
          <testName>testGetIntervalChronology_RInterval</testName>
          <skipped>false</skipped>
          <failedSince>0</failedSince>
        </case>
        <case>
          <duration>0.0</duration>
          <className>org.joda.time.TestDateTimeUtils</className>
          <testName>testGetIntervalChronology_RI_RI</testName>
          <skipped>false</skipped>
          <failedSince>0</failedSince>
        </case>
        <case>
          <duration>0.0</duration>
          <className>org.joda.time.TestDateTimeUtils</className>
          <testName>testGetReadableInterval_ReadableInterval</testName>
          <skipped>false</skipped>
          <failedSince>0</failedSince>
        </case>
        <case>
          <duration>0.0</duration>
          <className>org.joda.time.TestDateTimeUtils</className>
          <testName>testGetChronology_Chronology</testName>
          <skipped>false</skipped>
          <failedSince>0</failedSince>
        </case>
        <case>
          <duration>0.0</duration>
          <className>org.joda.time.TestDateTimeUtils</className>
          <testName>testGetZone_Zone</testName>
          <skipped>false</skipped>
          <failedSince>0</failedSince>
        </case>
        <case>
          <duration>0.0</duration>
          <className>org.joda.time.TestDateTimeUtils</className>
          <testName>testGetPeriodType_PeriodType</testName>
          <skipped>false</skipped>
          <failedSince>0</failedSince>
        </case>
        <case>
          <duration>0.0</duration>
          <className>org.joda.time.TestDateTimeUtils</className>
          <testName>testGetDurationMillis_RI</testName>
          <skipped>false</skipped>
          <failedSince>0</failedSince>
        </case>
        <case>
          <duration>0.0</duration>
          <className>org.joda.time.TestDateTimeUtils</className>
          <testName>testIsContiguous_RP</testName>
          <skipped>false</skipped>
          <failedSince>0</failedSince>
        </case>
        <case>
          <duration>0.0</duration>
          <className>org.joda.time.TestDateTimeUtils</className>
          <testName>testIsContiguous_RP_GJChronology</testName>
          <skipped>false</skipped>
          <failedSince>0</failedSince>
        </case>
        <case>
          <duration>0.0</duration>
          <className>org.joda.time.TestDateTimeUtils</className>
          <testName>test_julianDay</testName>
          <skipped>false</skipped>
          <failedSince>0</failedSince>
        </case>
        <case>
          <duration>0.0</duration>
          <className>org.joda.time.TestDateTimeUtils</className>
          <testName>testSystemMillis</testName>
          <skipped>false</skipped>
          <failedSince>0</failedSince>
        </case>
        <case>
          <duration>0.0</duration>
          <className>org.joda.time.TestDateTimeUtils</className>
          <testName>testSystemMillisSecurity</testName>
          <skipped>false</skipped>
          <failedSince>0</failedSince>
        </case>
        <case>
          <duration>0.002</duration>
          <className>org.joda.time.TestDateTimeUtils</className>
          <testName>testClass</testName>
          <skipped>false</skipped>
          <failedSince>0</failedSince>
        </case>
        <case>
          <duration>0.0</duration>
          <className>org.joda.time.TestDateTimeZone</className>
          <testName>testConstructor</testName>
          <skipped>false</skipped>
          <failedSince>0</failedSince>
        </case>
        <case>
          <duration>0.0</duration>
          <className>org.joda.time.TestDateTimeZone</className>
          <testName>testToString</testName>
          <skipped>false</skipped>
          <failedSince>0</failedSince>
        </case>
        <case>
          <duration>0.0</duration>
          <className>org.joda.time.TestDateTimeZone</className>
          <testName>testEqualsHashCode</testName>
          <skipped>false</skipped>
          <failedSince>0</failedSince>
        </case>
        <case>
          <duration>0.0</duration>
          <className>org.joda.time.TestDateTimeZone</className>
          <testName>testDefault</testName>
          <skipped>false</skipped>
          <failedSince>0</failedSince>
        </case>
        <case>
          <duration>0.0</duration>
          <className>org.joda.time.TestDateTimeZone</className>
          <testName>testDefaultSecurity</testName>
          <skipped>false</skipped>
          <failedSince>0</failedSince>
        </case>
        <case>
          <duration>0.0</duration>
          <className>org.joda.time.TestDateTimeZone</className>
          <testName>testForID_String</testName>
          <skipped>false</skipped>
          <failedSince>0</failedSince>
        </case>
        <case>
          <duration>0.014</duration>
          <className>org.joda.time.TestDateTimeZone</className>
          <testName>testForID_String_old</testName>
          <skipped>false</skipped>
          <failedSince>0</failedSince>
        </case>
        <case>
          <duration>0.0</duration>
          <className>org.joda.time.TestDateTimeZone</className>
          <testName>testForOffsetHours_int</testName>
          <skipped>false</skipped>
          <failedSince>0</failedSince>
        </case>
        <case>
          <duration>0.0</duration>
          <className>org.joda.time.TestDateTimeZone</className>
          <testName>testForOffsetHoursMinutes_int_int</testName>
          <skipped>false</skipped>
          <failedSince>0</failedSince>
        </case>
        <case>
          <duration>0.001</duration>
          <className>org.joda.time.TestDateTimeZone</className>
          <testName>testForOffsetMillis_int</testName>
          <skipped>false</skipped>
          <failedSince>0</failedSince>
        </case>
        <case>
          <duration>0.009</duration>
          <className>org.joda.time.TestDateTimeZone</className>
          <testName>testForTimeZone_TimeZone</testName>
          <skipped>false</skipped>
          <failedSince>0</failedSince>
        </case>
        <case>
          <duration>0.0</duration>
          <className>org.joda.time.TestDateTimeZone</className>
          <testName>testFromTimeZoneInvalid</testName>
          <skipped>false</skipped>
          <failedSince>0</failedSince>
        </case>
        <case>
          <duration>0.0</duration>
          <className>org.joda.time.TestDateTimeZone</className>
          <testName>testTimeZoneConversion</testName>
          <skipped>false</skipped>
          <failedSince>0</failedSince>
        </case>
        <case>
          <duration>0.0</duration>
          <className>org.joda.time.TestDateTimeZone</className>
          <testName>testSerialization1</testName>
          <skipped>false</skipped>
          <failedSince>0</failedSince>
        </case>
        <case>
          <duration>0.0</duration>
          <className>org.joda.time.TestDateTimeZone</className>
          <testName>testSerialization2</testName>
          <skipped>false</skipped>
          <failedSince>0</failedSince>
        </case>
        <case>
          <duration>0.0</duration>
          <className>org.joda.time.TestDateTimeZone</className>
          <testName>testGetAvailableIDs</testName>
          <skipped>false</skipped>
          <failedSince>0</failedSince>
        </case>
        <case>
          <duration>0.015</duration>
          <className>org.joda.time.TestDateTimeZone</className>
          <testName>testProvider</testName>
          <skipped>false</skipped>
          <failedSince>0</failedSince>
        </case>
        <case>
          <duration>0.003</duration>
          <className>org.joda.time.TestDateTimeZone</className>
          <testName>testProvider_badClassName</testName>
          <skipped>false</skipped>
          <failedSince>0</failedSince>
        </case>
        <case>
          <duration>0.0</duration>
          <className>org.joda.time.TestDateTimeZone</className>
          <testName>testProviderSecurity</testName>
          <skipped>false</skipped>
          <failedSince>0</failedSince>
        </case>
        <case>
          <duration>0.013</duration>
          <className>org.joda.time.TestDateTimeZone</className>
          <testName>testZoneInfoProviderResourceLoading</testName>
          <skipped>false</skipped>
          <failedSince>0</failedSince>
        </case>
        <case>
          <duration>0.0</duration>
          <className>org.joda.time.TestDateTimeZone</className>
          <testName>testNameProvider</testName>
          <skipped>false</skipped>
          <failedSince>0</failedSince>
        </case>
        <case>
          <duration>0.0</duration>
          <className>org.joda.time.TestDateTimeZone</className>
          <testName>testNameProvider_badClassName</testName>
          <skipped>false</skipped>
          <failedSince>0</failedSince>
        </case>
        <case>
          <duration>0.0</duration>
          <className>org.joda.time.TestDateTimeZone</className>
          <testName>testNameProviderSecurity</testName>
          <skipped>false</skipped>
          <failedSince>0</failedSince>
        </case>
        <case>
          <duration>0.0</duration>
          <className>org.joda.time.TestDateTimeZone</className>
          <testName>testGetID</testName>
          <skipped>false</skipped>
          <failedSince>0</failedSince>
        </case>
        <case>
          <duration>0.004</duration>
          <className>org.joda.time.TestDateTimeZone</className>
          <testName>testGetNameKey</testName>
          <skipped>false</skipped>
          <failedSince>0</failedSince>
        </case>
        <case>
          <duration>0.01</duration>
          <className>org.joda.time.TestDateTimeZone</className>
          <testName>testGetShortName</testName>
          <skipped>false</skipped>
          <failedSince>0</failedSince>
        </case>
        <case>
          <duration>0.01</duration>
          <className>org.joda.time.TestDateTimeZone</className>
          <testName>testGetShortName_berlin</testName>
          <skipped>false</skipped>
          <failedSince>0</failedSince>
        </case>
        <case>
          <duration>0.0</duration>
          <className>org.joda.time.TestDateTimeZone</className>
          <testName>testGetShortNameProviderName</testName>
          <skipped>false</skipped>
          <failedSince>0</failedSince>
        </case>
        <case>
          <duration>0.0</duration>
          <className>org.joda.time.TestDateTimeZone</className>
          <testName>testGetShortNameNullKey</testName>
          <skipped>false</skipped>
          <failedSince>0</failedSince>
        </case>
        <case>
          <duration>0.0</duration>
          <className>org.joda.time.TestDateTimeZone</className>
          <testName>testGetName</testName>
          <skipped>false</skipped>
          <failedSince>0</failedSince>
        </case>
        <case>
          <duration>0.0</duration>
          <className>org.joda.time.TestDateTimeZone</className>
          <testName>testGetName_berlin_english</testName>
          <skipped>false</skipped>
          <failedSince>0</failedSince>
        </case>
        <case>
          <duration>0.0</duration>
          <className>org.joda.time.TestDateTimeZone</className>
          <testName>testGetName_berlin_german</testName>
          <skipped>false</skipped>
          <failedSince>0</failedSince>
        </case>
        <case>
          <duration>0.0</duration>
          <className>org.joda.time.TestDateTimeZone</className>
          <testName>testGetNameProviderName</testName>
          <skipped>false</skipped>
          <failedSince>0</failedSince>
        </case>
        <case>
          <duration>0.0</duration>
          <className>org.joda.time.TestDateTimeZone</className>
          <testName>testGetNameNullKey</testName>
          <skipped>false</skipped>
          <failedSince>0</failedSince>
        </case>
        <case>
          <duration>0.0</duration>
          <className>org.joda.time.TestDateTimeZone</className>
          <testName>testGetOffset_long</testName>
          <skipped>false</skipped>
          <failedSince>0</failedSince>
        </case>
        <case>
          <duration>0.0</duration>
          <className>org.joda.time.TestDateTimeZone</className>
          <testName>testGetOffset_RI</testName>
          <skipped>false</skipped>
          <failedSince>0</failedSince>
        </case>
        <case>
          <duration>0.0</duration>
          <className>org.joda.time.TestDateTimeZone</className>
          <testName>testGetOffsetFixed</testName>
          <skipped>false</skipped>
          <failedSince>0</failedSince>
        </case>
        <case>
          <duration>0.0</duration>
          <className>org.joda.time.TestDateTimeZone</className>
          <testName>testGetOffsetFixed_RI</testName>
          <skipped>false</skipped>
          <failedSince>0</failedSince>
        </case>
        <case>
          <duration>0.0</duration>
          <className>org.joda.time.TestDateTimeZone</className>
          <testName>testGetMillisKeepLocal</testName>
          <skipped>false</skipped>
          <failedSince>0</failedSince>
        </case>
        <case>
          <duration>0.0</duration>
          <className>org.joda.time.TestDateTimeZone</className>
          <testName>testIsFixed</testName>
          <skipped>false</skipped>
          <failedSince>0</failedSince>
        </case>
        <case>
          <duration>0.0</duration>
          <className>org.joda.time.TestDateTimeZone</className>
          <testName>testTransitionFixed</testName>
          <skipped>false</skipped>
          <failedSince>0</failedSince>
        </case>
        <case>
          <duration>0.0</duration>
          <className>org.joda.time.TestDateTimeZone</className>
          <testName>testIsLocalDateTimeGap_Berlin</testName>
          <skipped>false</skipped>
          <failedSince>0</failedSince>
        </case>
        <case>
          <duration>0.0</duration>
          <className>org.joda.time.TestDateTimeZone</className>
          <testName>testIsLocalDateTimeGap_NewYork</testName>
          <skipped>false</skipped>
          <failedSince>0</failedSince>
        </case>
        <case>
          <duration>0.0</duration>
          <className>org.joda.time.TestDateTimeZone</className>
          <testName>testToTimeZone</testName>
          <skipped>false</skipped>
          <failedSince>0</failedSince>
        </case>
        <case>
          <duration>0.002</duration>
          <className>org.joda.time.TestDateTimeZone</className>
          <testName>testDublin</testName>
          <skipped>false</skipped>
          <failedSince>0</failedSince>
        </case>
        <case>
          <duration>0.0</duration>
          <className>org.joda.time.TestDateTimeZone</className>
          <testName>testCommentParse</testName>
          <skipped>false</skipped>
          <failedSince>0</failedSince>
        </case>
        <case>
          <duration>0.0</duration>
          <className>org.joda.time.TestDateTimeZone</className>
          <testName>testPatchedNameKeysLondon</testName>
          <skipped>false</skipped>
          <failedSince>0</failedSince>
        </case>
        <case>
          <duration>0.001</duration>
          <className>org.joda.time.TestDateTimeZone</className>
          <testName>testPatchedNameKeysSydney</testName>
          <skipped>false</skipped>
          <failedSince>0</failedSince>
        </case>
        <case>
          <duration>0.0</duration>
          <className>org.joda.time.TestDateTimeZone</className>
          <testName>testPatchedNameKeysSydneyHistoric</testName>
          <skipped>false</skipped>
          <failedSince>0</failedSince>
        </case>
        <case>
          <duration>0.001</duration>
          <className>org.joda.time.TestDateTimeZone</className>
          <testName>testPatchedNameKeysGazaHistoric</testName>
          <skipped>false</skipped>
          <failedSince>0</failedSince>
        </case>
        <case>
          <duration>0.001</duration>
          <className>org.joda.time.TestDateTimeZoneCutover</className>
          <testName>test_DateTime_withHourZero_Turk</testName>
          <skipped>false</skipped>
          <failedSince>0</failedSince>
        </case>
        <case>
          <duration>0.0</duration>
          <className>org.joda.time.TestDateTimeZoneCutover</className>
          <testName>test_DateTime_withDay_Turk</testName>
          <skipped>false</skipped>
          <failedSince>0</failedSince>
        </case>
        <case>
          <duration>0.0</duration>
          <className>org.joda.time.TestDateTimeZoneCutover</className>
          <testName>test_DateTime_minusHour_Turk</testName>
          <skipped>false</skipped>
          <failedSince>0</failedSince>
        </case>
        <case>
          <duration>0.0</duration>
          <className>org.joda.time.TestDateTimeZoneCutover</className>
          <testName>test_DateTime_plusHour_Turk</testName>
          <skipped>false</skipped>
          <failedSince>0</failedSince>
        </case>
        <case>
          <duration>0.0</duration>
          <className>org.joda.time.TestDateTimeZoneCutover</className>
          <testName>test_DateTime_minusDay_Turk</testName>
          <skipped>false</skipped>
          <failedSince>0</failedSince>
        </case>
        <case>
          <duration>0.0</duration>
          <className>org.joda.time.TestDateTimeZoneCutover</className>
          <testName>test_DateTime_plusDay_Turk</testName>
          <skipped>false</skipped>
          <failedSince>0</failedSince>
        </case>
        <case>
          <duration>0.0</duration>
          <className>org.joda.time.TestDateTimeZoneCutover</className>
          <testName>test_DateTime_plusDayMidGap_Turk</testName>
          <skipped>false</skipped>
          <failedSince>0</failedSince>
        </case>
        <case>
          <duration>0.0</duration>
          <className>org.joda.time.TestDateTimeZoneCutover</className>
          <testName>test_DateTime_addWrapFieldDay_Turk</testName>
          <skipped>false</skipped>
          <failedSince>0</failedSince>
        </case>
        <case>
          <duration>0.0</duration>
          <className>org.joda.time.TestDateTimeZoneCutover</className>
          <testName>test_DateTime_withZoneRetainFields_Turk</testName>
          <skipped>false</skipped>
          <failedSince>0</failedSince>
        </case>
        <case>
          <duration>0.0</duration>
          <className>org.joda.time.TestDateTimeZoneCutover</className>
          <testName>test_MutableDateTime_setZoneRetainFields_Turk</testName>
          <skipped>false</skipped>
          <failedSince>0</failedSince>
        </case>
        <case>
          <duration>0.0</duration>
          <className>org.joda.time.TestDateTimeZoneCutover</className>
          <testName>test_LocalDate_new_Turk</testName>
          <skipped>false</skipped>
          <failedSince>0</failedSince>
        </case>
        <case>
          <duration>0.0</duration>
          <className>org.joda.time.TestDateTimeZoneCutover</className>
          <testName>test_LocalDate_toDateMidnight_Turk</testName>
          <skipped>false</skipped>
          <failedSince>0</failedSince>
        </case>
        <case>
          <duration>0.0</duration>
          <className>org.joda.time.TestDateTimeZoneCutover</className>
          <testName>test_DateTime_new_Turk</testName>
          <skipped>false</skipped>
          <failedSince>0</failedSince>
        </case>
        <case>
          <duration>0.0</duration>
          <className>org.joda.time.TestDateTimeZoneCutover</className>
          <testName>test_DateTime_newValid_Turk</testName>
          <skipped>false</skipped>
          <failedSince>0</failedSince>
        </case>
        <case>
          <duration>0.0</duration>
          <className>org.joda.time.TestDateTimeZoneCutover</className>
          <testName>test_DateTime_parse_Turk</testName>
          <skipped>false</skipped>
          <failedSince>0</failedSince>
        </case>
        <case>
          <duration>0.0</duration>
          <className>org.joda.time.TestDateTimeZoneCutover</className>
          <testName>test_NewYorkIsCorrect_Spring</testName>
          <skipped>false</skipped>
          <failedSince>0</failedSince>
        </case>
        <case>
          <duration>0.0</duration>
          <className>org.joda.time.TestDateTimeZoneCutover</className>
          <testName>test_getOffsetFromLocal_NewYork_Spring</testName>
          <skipped>false</skipped>
          <failedSince>0</failedSince>
        </case>
        <case>
          <duration>0.0</duration>
          <className>org.joda.time.TestDateTimeZoneCutover</className>
          <testName>test_DateTime_setHourAcross_NewYork_Spring</testName>
          <skipped>false</skipped>
          <failedSince>0</failedSince>
        </case>
        <case>
          <duration>0.001</duration>
          <className>org.joda.time.TestDateTimeZoneCutover</className>
          <testName>test_DateTime_setHourForward_NewYork_Spring</testName>
          <skipped>false</skipped>
          <failedSince>0</failedSince>
        </case>
        <case>
          <duration>0.0</duration>
          <className>org.joda.time.TestDateTimeZoneCutover</className>
          <testName>test_DateTime_setHourBack_NewYork_Spring</testName>
          <skipped>false</skipped>
          <failedSince>0</failedSince>
        </case>
        <case>
          <duration>0.0</duration>
          <className>org.joda.time.TestDateTimeZoneCutover</className>
          <testName>test_DateTime_roundFloor_day_NewYork_Spring_preCutover</testName>
          <skipped>false</skipped>
          <failedSince>0</failedSince>
        </case>
        <case>
          <duration>0.0</duration>
          <className>org.joda.time.TestDateTimeZoneCutover</className>
          <testName>test_DateTime_roundFloor_day_NewYork_Spring_postCutover</testName>
          <skipped>false</skipped>
          <failedSince>0</failedSince>
        </case>
        <case>
          <duration>0.0</duration>
          <className>org.joda.time.TestDateTimeZoneCutover</className>
          <testName>test_DateTime_roundFloor_hour_NewYork_Spring_preCutover</testName>
          <skipped>false</skipped>
          <failedSince>0</failedSince>
        </case>
        <case>
          <duration>0.0</duration>
          <className>org.joda.time.TestDateTimeZoneCutover</className>
          <testName>test_DateTime_roundFloor_hour_NewYork_Spring_postCutover</testName>
          <skipped>false</skipped>
          <failedSince>0</failedSince>
        </case>
        <case>
          <duration>0.0</duration>
          <className>org.joda.time.TestDateTimeZoneCutover</className>
          <testName>test_DateTime_roundFloor_minute_NewYork_Spring_preCutover</testName>
          <skipped>false</skipped>
          <failedSince>0</failedSince>
        </case>
        <case>
          <duration>0.0</duration>
          <className>org.joda.time.TestDateTimeZoneCutover</className>
          <testName>test_DateTime_roundFloor_minute_NewYork_Spring_postCutover</testName>
          <skipped>false</skipped>
          <failedSince>0</failedSince>
        </case>
        <case>
          <duration>0.0</duration>
          <className>org.joda.time.TestDateTimeZoneCutover</className>
          <testName>test_DateTime_roundCeiling_day_NewYork_Spring_preCutover</testName>
          <skipped>false</skipped>
          <failedSince>0</failedSince>
        </case>
        <case>
          <duration>0.0</duration>
          <className>org.joda.time.TestDateTimeZoneCutover</className>
          <testName>test_DateTime_roundCeiling_day_NewYork_Spring_postCutover</testName>
          <skipped>false</skipped>
          <failedSince>0</failedSince>
        </case>
        <case>
          <duration>0.0</duration>
          <className>org.joda.time.TestDateTimeZoneCutover</className>
          <testName>test_DateTime_roundCeiling_hour_NewYork_Spring_preCutover</testName>
          <skipped>false</skipped>
          <failedSince>0</failedSince>
        </case>
        <case>
          <duration>0.0</duration>
          <className>org.joda.time.TestDateTimeZoneCutover</className>
          <testName>test_DateTime_roundCeiling_hour_NewYork_Spring_postCutover</testName>
          <skipped>false</skipped>
          <failedSince>0</failedSince>
        </case>
        <case>
          <duration>0.0</duration>
          <className>org.joda.time.TestDateTimeZoneCutover</className>
          <testName>test_DateTime_roundCeiling_minute_NewYork_Spring_preCutover</testName>
          <skipped>false</skipped>
          <failedSince>0</failedSince>
        </case>
        <case>
          <duration>0.0</duration>
          <className>org.joda.time.TestDateTimeZoneCutover</className>
          <testName>test_DateTime_roundCeiling_minute_NewYork_Spring_postCutover</testName>
          <skipped>false</skipped>
          <failedSince>0</failedSince>
        </case>
        <case>
          <duration>0.0</duration>
          <className>org.joda.time.TestDateTimeZoneCutover</className>
          <testName>test_NewYorkIsCorrect_Autumn</testName>
          <skipped>false</skipped>
          <failedSince>0</failedSince>
        </case>
        <case>
          <duration>0.001</duration>
          <className>org.joda.time.TestDateTimeZoneCutover</className>
          <testName>test_getOffsetFromLocal_NewYork_Autumn</testName>
          <skipped>false</skipped>
          <failedSince>0</failedSince>
        </case>
        <case>
          <duration>0.0</duration>
          <className>org.joda.time.TestDateTimeZoneCutover</className>
          <testName>test_DateTime_constructor_NewYork_Autumn</testName>
          <skipped>false</skipped>
          <failedSince>0</failedSince>
        </case>
        <case>
          <duration>0.0</duration>
          <className>org.joda.time.TestDateTimeZoneCutover</className>
          <testName>test_DateTime_plusHour_NewYork_Autumn</testName>
          <skipped>false</skipped>
          <failedSince>0</failedSince>
        </case>
        <case>
          <duration>0.0</duration>
          <className>org.joda.time.TestDateTimeZoneCutover</className>
          <testName>test_DateTime_minusHour_NewYork_Autumn</testName>
          <skipped>false</skipped>
          <failedSince>0</failedSince>
        </case>
        <case>
          <duration>0.0</duration>
          <className>org.joda.time.TestDateTimeZoneCutover</className>
          <testName>test_DateTime_roundFloor_day_NewYork_Autumn_preCutover</testName>
          <skipped>false</skipped>
          <failedSince>0</failedSince>
        </case>
        <case>
          <duration>0.0</duration>
          <className>org.joda.time.TestDateTimeZoneCutover</className>
          <testName>test_DateTime_roundFloor_day_NewYork_Autumn_postCutover</testName>
          <skipped>false</skipped>
          <failedSince>0</failedSince>
        </case>
        <case>
          <duration>0.0</duration>
          <className>org.joda.time.TestDateTimeZoneCutover</className>
          <testName>test_DateTime_roundFloor_hourOfDay_NewYork_Autumn_preCutover</testName>
          <skipped>false</skipped>
          <failedSince>0</failedSince>
        </case>
        <case>
          <duration>0.0</duration>
          <className>org.joda.time.TestDateTimeZoneCutover</className>
          <testName>test_DateTime_roundFloor_hourOfDay_NewYork_Autumn_postCutover</testName>
          <skipped>false</skipped>
          <failedSince>0</failedSince>
        </case>
        <case>
          <duration>0.0</duration>
          <className>org.joda.time.TestDateTimeZoneCutover</className>
          <testName>testBug2182444_usCentral</testName>
          <skipped>false</skipped>
          <failedSince>0</failedSince>
        </case>
        <case>
          <duration>0.0</duration>
          <className>org.joda.time.TestDateTimeZoneCutover</className>
          <testName>test_DateTime_roundFloor_minuteOfHour_NewYork_Autumn_preCutover</testName>
          <skipped>false</skipped>
          <failedSince>0</failedSince>
        </case>
        <case>
          <duration>0.0</duration>
          <className>org.joda.time.TestDateTimeZoneCutover</className>
          <testName>test_DateTime_roundFloor_minuteOfHour_NewYork_Autumn_postCutover</testName>
          <skipped>false</skipped>
          <failedSince>0</failedSince>
        </case>
        <case>
          <duration>0.0</duration>
          <className>org.joda.time.TestDateTimeZoneCutover</className>
          <testName>test_DateTime_roundFloor_secondOfMinute_NewYork_Autumn_preCutover</testName>
          <skipped>false</skipped>
          <failedSince>0</failedSince>
        </case>
        <case>
          <duration>0.0</duration>
          <className>org.joda.time.TestDateTimeZoneCutover</className>
          <testName>test_DateTime_roundFloor_secondOfMinute_NewYork_Autumn_postCutover</testName>
          <skipped>false</skipped>
          <failedSince>0</failedSince>
        </case>
        <case>
          <duration>0.0</duration>
          <className>org.joda.time.TestDateTimeZoneCutover</className>
          <testName>test_DateTime_roundCeiling_day_NewYork_Autumn_preCutover</testName>
          <skipped>false</skipped>
          <failedSince>0</failedSince>
        </case>
        <case>
          <duration>0.0</duration>
          <className>org.joda.time.TestDateTimeZoneCutover</className>
          <testName>test_DateTime_roundCeiling_day_NewYork_Autumn_postCutover</testName>
          <skipped>false</skipped>
          <failedSince>0</failedSince>
        </case>
        <case>
          <duration>0.0</duration>
          <className>org.joda.time.TestDateTimeZoneCutover</className>
          <testName>test_DateTime_roundCeiling_hourOfDay_NewYork_Autumn_preCutover</testName>
          <skipped>false</skipped>
          <failedSince>0</failedSince>
        </case>
        <case>
          <duration>0.0</duration>
          <className>org.joda.time.TestDateTimeZoneCutover</className>
          <testName>test_DateTime_roundCeiling_hourOfDay_NewYork_Autumn_postCutover</testName>
          <skipped>false</skipped>
          <failedSince>0</failedSince>
        </case>
        <case>
          <duration>0.0</duration>
          <className>org.joda.time.TestDateTimeZoneCutover</className>
          <testName>test_DateTime_roundCeiling_minuteOfHour_NewYork_Autumn_preCutover</testName>
          <skipped>false</skipped>
          <failedSince>0</failedSince>
        </case>
        <case>
          <duration>0.0</duration>
          <className>org.joda.time.TestDateTimeZoneCutover</className>
          <testName>test_DateTime_roundCeiling_minuteOfHour_NewYork_Autumn_postCutover</testName>
          <skipped>false</skipped>
          <failedSince>0</failedSince>
        </case>
        <case>
          <duration>0.0</duration>
          <className>org.joda.time.TestDateTimeZoneCutover</className>
          <testName>test_DateTime_roundCeiling_secondOfMinute_NewYork_Autumn_preCutover</testName>
          <skipped>false</skipped>
          <failedSince>0</failedSince>
        </case>
        <case>
          <duration>0.0</duration>
          <className>org.joda.time.TestDateTimeZoneCutover</className>
          <testName>test_DateTime_roundCeiling_secondOfMinute_NewYork_Autumn_postCutover</testName>
          <skipped>false</skipped>
          <failedSince>0</failedSince>
        </case>
        <case>
          <duration>0.0</duration>
          <className>org.joda.time.TestDateTimeZoneCutover</className>
          <testName>test_MoscowIsCorrect_Spring</testName>
          <skipped>false</skipped>
          <failedSince>0</failedSince>
        </case>
        <case>
          <duration>0.0</duration>
          <className>org.joda.time.TestDateTimeZoneCutover</className>
          <testName>test_getOffsetFromLocal_Moscow_Spring</testName>
          <skipped>false</skipped>
          <failedSince>0</failedSince>
        </case>
        <case>
          <duration>0.0</duration>
          <className>org.joda.time.TestDateTimeZoneCutover</className>
          <testName>test_DateTime_setHourAcross_Moscow_Spring</testName>
          <skipped>false</skipped>
          <failedSince>0</failedSince>
        </case>
        <case>
          <duration>0.0</duration>
          <className>org.joda.time.TestDateTimeZoneCutover</className>
          <testName>test_DateTime_setHourForward_Moscow_Spring</testName>
          <skipped>false</skipped>
          <failedSince>0</failedSince>
        </case>
        <case>
          <duration>0.0</duration>
          <className>org.joda.time.TestDateTimeZoneCutover</className>
          <testName>test_DateTime_setHourBack_Moscow_Spring</testName>
          <skipped>false</skipped>
          <failedSince>0</failedSince>
        </case>
        <case>
          <duration>0.0</duration>
          <className>org.joda.time.TestDateTimeZoneCutover</className>
          <testName>test_MoscowIsCorrect_Autumn</testName>
          <skipped>false</skipped>
          <failedSince>0</failedSince>
        </case>
        <case>
          <duration>0.0</duration>
          <className>org.joda.time.TestDateTimeZoneCutover</className>
          <testName>test_getOffsetFromLocal_Moscow_Autumn</testName>
          <skipped>false</skipped>
          <failedSince>0</failedSince>
        </case>
        <case>
          <duration>0.001</duration>
          <className>org.joda.time.TestDateTimeZoneCutover</className>
          <testName>test_getOffsetFromLocal_Moscow_Autumn_overlap_mins</testName>
          <skipped>false</skipped>
          <failedSince>0</failedSince>
        </case>
        <case>
          <duration>0.0</duration>
          <className>org.joda.time.TestDateTimeZoneCutover</className>
          <testName>test_DateTime_constructor_Moscow_Autumn</testName>
          <skipped>false</skipped>
          <failedSince>0</failedSince>
        </case>
        <case>
          <duration>0.0</duration>
          <className>org.joda.time.TestDateTimeZoneCutover</className>
          <testName>test_DateTime_plusHour_Moscow_Autumn</testName>
          <skipped>false</skipped>
          <failedSince>0</failedSince>
        </case>
        <case>
          <duration>0.0</duration>
          <className>org.joda.time.TestDateTimeZoneCutover</className>
          <testName>test_DateTime_minusHour_Moscow_Autumn</testName>
          <skipped>false</skipped>
          <failedSince>0</failedSince>
        </case>
        <case>
          <duration>0.001</duration>
          <className>org.joda.time.TestDateTimeZoneCutover</className>
          <testName>test_GuatemataIsCorrect_Autumn</testName>
          <skipped>false</skipped>
          <failedSince>0</failedSince>
        </case>
        <case>
          <duration>0.0</duration>
          <className>org.joda.time.TestDateTimeZoneCutover</className>
          <testName>test_getOffsetFromLocal_Guatemata_Autumn</testName>
          <skipped>false</skipped>
          <failedSince>0</failedSince>
        </case>
        <case>
          <duration>0.0</duration>
          <className>org.joda.time.TestDateTimeZoneCutover</className>
          <testName>test_DateTime_plusHour_Guatemata_Autumn</testName>
          <skipped>false</skipped>
          <failedSince>0</failedSince>
        </case>
        <case>
          <duration>0.0</duration>
          <className>org.joda.time.TestDateTimeZoneCutover</className>
          <testName>test_DateTime_minusHour_Guatemata_Autumn</testName>
          <skipped>false</skipped>
          <failedSince>0</failedSince>
        </case>
        <case>
          <duration>0.0</duration>
          <className>org.joda.time.TestDateTimeZoneCutover</className>
          <testName>test_RioBrancoIsCorrect_Spring</testName>
          <skipped>false</skipped>
          <failedSince>0</failedSince>
        </case>
        <case>
          <duration>0.0</duration>
          <className>org.joda.time.TestDateTimeZoneCutover</className>
          <testName>test_getOffsetFromLocal_RioBranco_Spring</testName>
          <skipped>false</skipped>
          <failedSince>0</failedSince>
        </case>
        <case>
          <duration>0.008</duration>
          <className>org.joda.time.TestDateTimeZoneCutover</className>
          <testName>test_DateTime_JustAfterLastEverOverlap</testName>
          <skipped>false</skipped>
          <failedSince>0</failedSince>
        </case>
        <case>
          <duration>0.0</duration>
          <className>org.joda.time.TestDateTimeZoneCutover</className>
          <testName>testWithMinuteOfHourInDstChange_mockZone</testName>
          <skipped>false</skipped>
          <failedSince>0</failedSince>
        </case>
        <case>
          <duration>0.0</duration>
          <className>org.joda.time.TestDateTimeZoneCutover</className>
          <testName>testWithHourOfDayInDstChange</testName>
          <skipped>false</skipped>
          <failedSince>0</failedSince>
        </case>
        <case>
          <duration>0.0</duration>
          <className>org.joda.time.TestDateTimeZoneCutover</className>
          <testName>testWithMinuteOfHourInDstChange</testName>
          <skipped>false</skipped>
          <failedSince>0</failedSince>
        </case>
        <case>
          <duration>0.0</duration>
          <className>org.joda.time.TestDateTimeZoneCutover</className>
          <testName>testWithSecondOfMinuteInDstChange</testName>
          <skipped>false</skipped>
          <failedSince>0</failedSince>
        </case>
        <case>
          <duration>0.0</duration>
          <className>org.joda.time.TestDateTimeZoneCutover</className>
          <testName>testWithMillisOfSecondInDstChange_Paris_summer</testName>
          <skipped>false</skipped>
          <failedSince>0</failedSince>
        </case>
        <case>
          <duration>0.0</duration>
          <className>org.joda.time.TestDateTimeZoneCutover</className>
          <testName>testWithMillisOfSecondInDstChange_Paris_winter</testName>
          <skipped>false</skipped>
          <failedSince>0</failedSince>
        </case>
        <case>
          <duration>0.0</duration>
          <className>org.joda.time.TestDateTimeZoneCutover</className>
          <testName>testWithMillisOfSecondInDstChange_NewYork_summer</testName>
          <skipped>false</skipped>
          <failedSince>0</failedSince>
        </case>
        <case>
          <duration>0.0</duration>
          <className>org.joda.time.TestDateTimeZoneCutover</className>
          <testName>testWithMillisOfSecondInDstChange_NewYork_winter</testName>
          <skipped>false</skipped>
          <failedSince>0</failedSince>
        </case>
        <case>
          <duration>0.0</duration>
          <className>org.joda.time.TestDateTimeZoneCutover</className>
          <testName>testPlusMinutesInDstChange</testName>
          <skipped>false</skipped>
          <failedSince>0</failedSince>
        </case>
        <case>
          <duration>0.0</duration>
          <className>org.joda.time.TestDateTimeZoneCutover</className>
          <testName>testPlusSecondsInDstChange</testName>
          <skipped>false</skipped>
          <failedSince>0</failedSince>
        </case>
        <case>
          <duration>0.0</duration>
          <className>org.joda.time.TestDateTimeZoneCutover</className>
          <testName>testPlusMillisInDstChange</testName>
          <skipped>false</skipped>
          <failedSince>0</failedSince>
        </case>
        <case>
          <duration>0.0</duration>
          <className>org.joda.time.TestDateTimeZoneCutover</className>
          <testName>testBug2182444_ausNSW</testName>
          <skipped>false</skipped>
          <failedSince>0</failedSince>
        </case>
        <case>
          <duration>0.0</duration>
          <className>org.joda.time.TestDateTimeZoneCutover</className>
          <testName>testPeriod</testName>
          <skipped>false</skipped>
          <failedSince>0</failedSince>
        </case>
        <case>
          <duration>0.0</duration>
          <className>org.joda.time.TestDateTimeZoneCutover</className>
          <testName>testForum4013394_retainOffsetWhenRetainFields_sameOffsetsDifferentZones</testName>
          <skipped>false</skipped>
          <failedSince>0</failedSince>
        </case>
        <case>
          <duration>0.0</duration>
          <className>org.joda.time.TestDateTimeZoneCutover</className>
          <testName>testBug3192457_adjustOffset</testName>
          <skipped>false</skipped>
          <failedSince>0</failedSince>
        </case>
        <case>
          <duration>0.004</duration>
          <className>org.joda.time.TestDateTimeZoneCutover</className>
          <testName>testBug3476684_adjustOffset</testName>
          <skipped>false</skipped>
          <failedSince>0</failedSince>
        </case>
        <case>
          <duration>0.0</duration>
          <className>org.joda.time.TestDateTimeZoneCutover</className>
          <testName>testBug3476684_adjustOffset_springGap</testName>
          <skipped>false</skipped>
          <failedSince>0</failedSince>
        </case>
        <case>
          <duration>0.0</duration>
          <className>org.joda.time.TestDateTimeZoneCutover</className>
          <testName>testDateTimeCreation_athens</testName>
          <skipped>false</skipped>
          <failedSince>0</failedSince>
        </case>
        <case>
          <duration>0.0</duration>
          <className>org.joda.time.TestDateTimeZoneCutover</className>
          <testName>testDateTimeCreation_paris</testName>
          <skipped>false</skipped>
          <failedSince>0</failedSince>
        </case>
        <case>
          <duration>0.0</duration>
          <className>org.joda.time.TestDateTimeZoneCutover</className>
          <testName>testDateTimeCreation_london</testName>
          <skipped>false</skipped>
          <failedSince>0</failedSince>
        </case>
        <case>
          <duration>0.0</duration>
          <className>org.joda.time.TestDateTimeZoneCutover</className>
          <testName>testDateTimeCreation_newYork</testName>
          <skipped>false</skipped>
          <failedSince>0</failedSince>
        </case>
        <case>
          <duration>0.0</duration>
          <className>org.joda.time.TestDateTimeZoneCutover</className>
          <testName>testDateTimeCreation_losAngeles</testName>
          <skipped>false</skipped>
          <failedSince>0</failedSince>
        </case>
        <case>
          <duration>0.0</duration>
          <className>org.joda.time.TestDateTimeZoneCutover</className>
          <testName>test_DateTime_addWrapFieldDay_Gaza</testName>
          <skipped>false</skipped>
          <failedSince>0</failedSince>
        </case>
        <case>
          <duration>0.0</duration>
          <className>org.joda.time.TestDateTimeZoneCutover</className>
          <testName>test_DateTime_withZoneRetainFields_Gaza</testName>
          <skipped>false</skipped>
          <failedSince>0</failedSince>
        </case>
        <case>
          <duration>0.0</duration>
          <className>org.joda.time.TestDateTimeZoneCutover</className>
          <testName>test_MutableDateTime_withZoneRetainFields_Gaza</testName>
          <skipped>false</skipped>
          <failedSince>0</failedSince>
        </case>
        <case>
          <duration>0.0</duration>
          <className>org.joda.time.TestDateTimeZoneCutover</className>
          <testName>test_LocalDate_new_Gaza</testName>
          <skipped>false</skipped>
          <failedSince>0</failedSince>
        </case>
        <case>
          <duration>0.001</duration>
          <className>org.joda.time.TestDateTimeZoneCutover</className>
          <testName>test_LocalDate_toDateMidnight_Gaza</testName>
          <skipped>false</skipped>
          <failedSince>0</failedSince>
        </case>
        <case>
          <duration>0.0</duration>
          <className>org.joda.time.TestDateTimeZoneCutover</className>
          <testName>test_DateTime_new_Gaza</testName>
          <skipped>false</skipped>
          <failedSince>0</failedSince>
        </case>
        <case>
          <duration>0.0</duration>
          <className>org.joda.time.TestDateTimeZoneCutover</className>
          <testName>test_DateTime_newValid_Gaza</testName>
          <skipped>false</skipped>
          <failedSince>0</failedSince>
        </case>
        <case>
          <duration>0.0</duration>
          <className>org.joda.time.TestDateTimeZoneCutover</className>
          <testName>test_DateTime_parse_Gaza</testName>
          <skipped>false</skipped>
          <failedSince>0</failedSince>
        </case>
        <case>
          <duration>0.0</duration>
          <className>org.joda.time.TestDateTimeZoneCutover</className>
          <testName>test_MockTurkIsCorrect</testName>
          <skipped>false</skipped>
          <failedSince>0</failedSince>
        </case>
        <case>
          <duration>0.0</duration>
          <className>org.joda.time.TestDateTimeZoneCutover</className>
          <testName>test_getOffsetFromLocal_Turk</testName>
          <skipped>false</skipped>
          <failedSince>0</failedSince>
        </case>
        <case>
          <duration>0.0</duration>
          <className>org.joda.time.TestDateTimeZoneCutover</className>
          <testName>test_DateTime_roundFloor_Turk</testName>
          <skipped>false</skipped>
          <failedSince>0</failedSince>
        </case>
        <case>
          <duration>0.0</duration>
          <className>org.joda.time.TestDateTimeZoneCutover</className>
          <testName>test_DateTime_roundFloorNotDST_Turk</testName>
          <skipped>false</skipped>
          <failedSince>0</failedSince>
        </case>
        <case>
          <duration>0.0</duration>
          <className>org.joda.time.TestDateTimeZoneCutover</className>
          <testName>test_DateTime_roundCeiling_Turk</testName>
          <skipped>false</skipped>
          <failedSince>0</failedSince>
        </case>
        <case>
          <duration>0.0</duration>
          <className>org.joda.time.TestDateTimeZoneCutover</className>
          <testName>test_DateTime_setHourZero_Turk</testName>
          <skipped>false</skipped>
          <failedSince>0</failedSince>
        </case>
        <case>
          <duration>0.0</duration>
          <className>org.joda.time.TestDateTimeZoneCutover</className>
          <testName>test_MockGazaIsCorrect</testName>
          <skipped>false</skipped>
          <failedSince>0</failedSince>
        </case>
        <case>
          <duration>0.0</duration>
          <className>org.joda.time.TestDateTimeZoneCutover</className>
          <testName>test_getOffsetFromLocal_Gaza</testName>
          <skipped>false</skipped>
          <failedSince>0</failedSince>
        </case>
        <case>
          <duration>0.0</duration>
          <className>org.joda.time.TestDateTimeZoneCutover</className>
          <testName>test_DateTime_roundFloor_Gaza</testName>
          <skipped>false</skipped>
          <failedSince>0</failedSince>
        </case>
        <case>
          <duration>0.0</duration>
          <className>org.joda.time.TestDateTimeZoneCutover</className>
          <testName>test_DateTime_roundCeiling_Gaza</testName>
          <skipped>false</skipped>
          <failedSince>0</failedSince>
        </case>
        <case>
          <duration>0.0</duration>
          <className>org.joda.time.TestDateTimeZoneCutover</className>
          <testName>test_DateTime_setHourZero_Gaza</testName>
          <skipped>false</skipped>
          <failedSince>0</failedSince>
        </case>
        <case>
          <duration>0.0</duration>
          <className>org.joda.time.TestDateTimeZoneCutover</className>
          <testName>test_DateTime_withHourZero_Gaza</testName>
          <skipped>false</skipped>
          <failedSince>0</failedSince>
        </case>
        <case>
          <duration>0.0</duration>
          <className>org.joda.time.TestDateTimeZoneCutover</className>
          <testName>test_DateTime_withDay_Gaza</testName>
          <skipped>false</skipped>
          <failedSince>0</failedSince>
        </case>
        <case>
          <duration>0.0</duration>
          <className>org.joda.time.TestDateTimeZoneCutover</className>
          <testName>test_DateTime_minusHour_Gaza</testName>
          <skipped>false</skipped>
          <failedSince>0</failedSince>
        </case>
        <case>
          <duration>0.0</duration>
          <className>org.joda.time.TestDateTimeZoneCutover</className>
          <testName>test_DateTime_plusHour_Gaza</testName>
          <skipped>false</skipped>
          <failedSince>0</failedSince>
        </case>
        <case>
          <duration>0.0</duration>
          <className>org.joda.time.TestDateTimeZoneCutover</className>
          <testName>test_DateTime_minusDay_Gaza</testName>
          <skipped>false</skipped>
          <failedSince>0</failedSince>
        </case>
        <case>
          <duration>0.0</duration>
          <className>org.joda.time.TestDateTimeZoneCutover</className>
          <testName>test_DateTime_plusDay_Gaza</testName>
          <skipped>false</skipped>
          <failedSince>0</failedSince>
        </case>
        <case>
          <duration>0.0</duration>
          <className>org.joda.time.TestDateTimeZoneCutover</className>
          <testName>test_DateTime_plusDayMidGap_Gaza</testName>
          <skipped>false</skipped>
          <failedSince>0</failedSince>
        </case>
        <case>
          <duration>0.0</duration>
          <className>org.joda.time.TestPeriodType</className>
          <testName>testMaskSeconds</testName>
          <skipped>false</skipped>
          <failedSince>0</failedSince>
        </case>
        <case>
          <duration>0.003</duration>
          <className>org.joda.time.TestPeriodType</className>
          <testName>testMaskMillis</testName>
          <skipped>false</skipped>
          <failedSince>0</failedSince>
        </case>
        <case>
          <duration>0.0</duration>
          <className>org.joda.time.TestPeriodType</className>
          <testName>testMaskHoursMinutesSeconds</testName>
          <skipped>false</skipped>
          <failedSince>0</failedSince>
        </case>
        <case>
          <duration>0.0</duration>
          <className>org.joda.time.TestPeriodType</className>
          <testName>testMaskTwice1</testName>
          <skipped>false</skipped>
          <failedSince>0</failedSince>
        </case>
        <case>
          <duration>0.0</duration>
          <className>org.joda.time.TestPeriodType</className>
          <testName>testMaskTwice2</testName>
          <skipped>false</skipped>
          <failedSince>0</failedSince>
        </case>
        <case>
          <duration>0.0</duration>
          <className>org.joda.time.TestPeriodType</className>
          <testName>testEquals</testName>
          <skipped>false</skipped>
          <failedSince>0</failedSince>
        </case>
        <case>
          <duration>0.001</duration>
          <className>org.joda.time.TestPeriodType</className>
          <testName>testHashCode</testName>
          <skipped>false</skipped>
          <failedSince>0</failedSince>
        </case>
        <case>
          <duration>0.0</duration>
          <className>org.joda.time.TestPeriodType</className>
          <testName>testStandard</testName>
          <skipped>false</skipped>
          <failedSince>0</failedSince>
        </case>
        <case>
          <duration>0.0</duration>
          <className>org.joda.time.TestPeriodType</className>
          <testName>testYearMonthDayTime</testName>
          <skipped>false</skipped>
          <failedSince>0</failedSince>
        </case>
        <case>
          <duration>0.0</duration>
          <className>org.joda.time.TestPeriodType</className>
          <testName>testYearMonthDay</testName>
          <skipped>false</skipped>
          <failedSince>0</failedSince>
        </case>
        <case>
          <duration>0.0</duration>
          <className>org.joda.time.TestPeriodType</className>
          <testName>testYearWeekDayTime</testName>
          <skipped>false</skipped>
          <failedSince>0</failedSince>
        </case>
        <case>
          <duration>0.001</duration>
          <className>org.joda.time.TestPeriodType</className>
          <testName>testYearWeekDay</testName>
          <skipped>false</skipped>
          <failedSince>0</failedSince>
        </case>
        <case>
          <duration>0.005</duration>
          <className>org.joda.time.TestPeriodType</className>
          <testName>testYearDayTime</testName>
          <skipped>false</skipped>
          <failedSince>0</failedSince>
        </case>
        <case>
          <duration>0.0</duration>
          <className>org.joda.time.TestPeriodType</className>
          <testName>testYearDay</testName>
          <skipped>false</skipped>
          <failedSince>0</failedSince>
        </case>
        <case>
          <duration>0.0</duration>
          <className>org.joda.time.TestPeriodType</className>
          <testName>testDayTime</testName>
          <skipped>false</skipped>
          <failedSince>0</failedSince>
        </case>
        <case>
          <duration>0.0</duration>
          <className>org.joda.time.TestPeriodType</className>
          <testName>testTime</testName>
          <skipped>false</skipped>
          <failedSince>0</failedSince>
        </case>
        <case>
          <duration>0.0</duration>
          <className>org.joda.time.TestPeriodType</className>
          <testName>testYears</testName>
          <skipped>false</skipped>
          <failedSince>0</failedSince>
        </case>
        <case>
          <duration>0.0</duration>
          <className>org.joda.time.TestPeriodType</className>
          <testName>testMonths</testName>
          <skipped>false</skipped>
          <failedSince>0</failedSince>
        </case>
        <case>
          <duration>0.0</duration>
          <className>org.joda.time.TestPeriodType</className>
          <testName>testWeeks</testName>
          <skipped>false</skipped>
          <failedSince>0</failedSince>
        </case>
        <case>
          <duration>0.001</duration>
          <className>org.joda.time.TestPeriodType</className>
          <testName>testDays</testName>
          <skipped>false</skipped>
          <failedSince>0</failedSince>
        </case>
        <case>
          <duration>0.007</duration>
          <className>org.joda.time.TestPeriodType</className>
          <testName>testHours</testName>
          <skipped>false</skipped>
          <failedSince>0</failedSince>
        </case>
        <case>
          <duration>0.005</duration>
          <className>org.joda.time.TestPeriodType</className>
          <testName>testMinutes</testName>
          <skipped>false</skipped>
          <failedSince>0</failedSince>
        </case>
        <case>
          <duration>0.0</duration>
          <className>org.joda.time.TestPeriodType</className>
          <testName>testSeconds</testName>
          <skipped>false</skipped>
          <failedSince>0</failedSince>
        </case>
        <case>
          <duration>0.0</duration>
          <className>org.joda.time.TestPeriodType</className>
          <testName>testForFields1</testName>
          <skipped>false</skipped>
          <failedSince>0</failedSince>
        </case>
        <case>
          <duration>0.0</duration>
          <className>org.joda.time.TestPeriodType</className>
          <testName>testForFields2</testName>
          <skipped>false</skipped>
          <failedSince>0</failedSince>
        </case>
        <case>
          <duration>0.0</duration>
          <className>org.joda.time.TestPeriodType</className>
          <testName>testForFields3</testName>
          <skipped>false</skipped>
          <failedSince>0</failedSince>
        </case>
        <case>
          <duration>0.0</duration>
          <className>org.joda.time.TestPeriodType</className>
          <testName>testForFields4</testName>
          <skipped>false</skipped>
          <failedSince>0</failedSince>
        </case>
        <case>
          <duration>0.0</duration>
          <className>org.joda.time.TestPeriodType</className>
          <testName>testForFields5</testName>
          <skipped>false</skipped>
          <failedSince>0</failedSince>
        </case>
        <case>
          <duration>0.0</duration>
          <className>org.joda.time.TestPeriodType</className>
          <testName>testForFields6</testName>
          <skipped>false</skipped>
          <failedSince>0</failedSince>
        </case>
        <case>
          <duration>0.0</duration>
          <className>org.joda.time.TestPeriodType</className>
          <testName>testForFields7</testName>
          <skipped>false</skipped>
          <failedSince>0</failedSince>
        </case>
        <case>
          <duration>0.0</duration>
          <className>org.joda.time.TestPeriodType</className>
          <testName>testMaskYears</testName>
          <skipped>false</skipped>
          <failedSince>0</failedSince>
        </case>
        <case>
          <duration>0.0</duration>
          <className>org.joda.time.TestPeriodType</className>
          <testName>testMaskMonths</testName>
          <skipped>false</skipped>
          <failedSince>0</failedSince>
        </case>
        <case>
          <duration>0.0</duration>
          <className>org.joda.time.TestPeriodType</className>
          <testName>testMaskWeeks</testName>
          <skipped>false</skipped>
          <failedSince>0</failedSince>
        </case>
        <case>
          <duration>0.0</duration>
          <className>org.joda.time.TestPeriodType</className>
          <testName>testMaskDays</testName>
          <skipped>false</skipped>
          <failedSince>0</failedSince>
        </case>
        <case>
          <duration>0.0</duration>
          <className>org.joda.time.TestPeriodType</className>
          <testName>testMaskHours</testName>
          <skipped>false</skipped>
          <failedSince>0</failedSince>
        </case>
        <case>
          <duration>0.0</duration>
          <className>org.joda.time.TestPeriodType</className>
          <testName>testMaskMinutes</testName>
          <skipped>false</skipped>
          <failedSince>0</failedSince>
        </case>
        <case>
          <duration>0.0</duration>
          <className>org.joda.time.TestPeriodType</className>
          <testName>testTest</testName>
          <skipped>false</skipped>
          <failedSince>0</failedSince>
        </case>
        <case>
          <duration>0.001</duration>
          <className>org.joda.time.TestPeriodType</className>
          <testName>testMillis</testName>
          <skipped>false</skipped>
          <failedSince>0</failedSince>
        </case>
        <case>
          <duration>0.0</duration>
          <className>org.joda.time.TestPeriodType</className>
          <testName>testIsSupported</testName>
          <skipped>false</skipped>
          <failedSince>0</failedSince>
        </case>
        <case>
          <duration>0.0</duration>
          <className>org.joda.time.TestPeriodType</className>
          <testName>testIndexOf</testName>
          <skipped>false</skipped>
          <failedSince>0</failedSince>
        </case>
        <case>
          <duration>0.002</duration>
          <className>org.joda.time.TestDurationField</className>
          <testName>test_subtract</testName>
          <skipped>false</skipped>
          <failedSince>0</failedSince>
        </case>
        <case>
          <duration>0.033</duration>
          <className>org.joda.time.TestStringConvert</className>
          <testName>testYears</testName>
          <skipped>false</skipped>
          <failedSince>0</failedSince>
        </case>
        <case>
          <duration>0.0</duration>
          <className>org.joda.time.TestStringConvert</className>
          <testName>testMonths</testName>
          <skipped>false</skipped>
          <failedSince>0</failedSince>
        </case>
        <case>
          <duration>0.001</duration>
          <className>org.joda.time.TestStringConvert</className>
          <testName>testWeeks</testName>
          <skipped>false</skipped>
          <failedSince>0</failedSince>
        </case>
        <case>
          <duration>0.001</duration>
          <className>org.joda.time.TestStringConvert</className>
          <testName>testDays</testName>
          <skipped>false</skipped>
          <failedSince>0</failedSince>
        </case>
        <case>
          <duration>0.003</duration>
          <className>org.joda.time.TestStringConvert</className>
          <testName>testHours</testName>
          <skipped>false</skipped>
          <failedSince>0</failedSince>
        </case>
        <case>
          <duration>0.001</duration>
          <className>org.joda.time.TestStringConvert</className>
          <testName>testMinutes</testName>
          <skipped>false</skipped>
          <failedSince>0</failedSince>
        </case>
        <case>
          <duration>0.001</duration>
          <className>org.joda.time.TestStringConvert</className>
          <testName>testSeconds</testName>
          <skipped>false</skipped>
          <failedSince>0</failedSince>
        </case>
        <case>
          <duration>0.007</duration>
          <className>org.joda.time.TestStringConvert</className>
          <testName>testDateMidnight</testName>
          <skipped>false</skipped>
          <failedSince>0</failedSince>
        </case>
        <case>
          <duration>0.0</duration>
          <className>org.joda.time.TestStringConvert</className>
          <testName>testDateTime</testName>
          <skipped>false</skipped>
          <failedSince>0</failedSince>
        </case>
        <case>
          <duration>0.0</duration>
          <className>org.joda.time.TestStringConvert</className>
          <testName>testMutableDateTime</testName>
          <skipped>false</skipped>
          <failedSince>0</failedSince>
        </case>
        <case>
          <duration>0.0</duration>
          <className>org.joda.time.TestStringConvert</className>
          <testName>testLocalDateTime</testName>
          <skipped>false</skipped>
          <failedSince>0</failedSince>
        </case>
        <case>
          <duration>0.001</duration>
          <className>org.joda.time.TestStringConvert</className>
          <testName>testLocalDate</testName>
          <skipped>false</skipped>
          <failedSince>0</failedSince>
        </case>
        <case>
          <duration>0.002</duration>
          <className>org.joda.time.TestStringConvert</className>
          <testName>testLocalTime</testName>
          <skipped>false</skipped>
          <failedSince>0</failedSince>
        </case>
        <case>
          <duration>0.0</duration>
          <className>org.joda.time.TestStringConvert</className>
          <testName>testYearMonth</testName>
          <skipped>false</skipped>
          <failedSince>0</failedSince>
        </case>
        <case>
          <duration>0.0</duration>
          <className>org.joda.time.TestStringConvert</className>
          <testName>testMonthDay</testName>
          <skipped>false</skipped>
          <failedSince>0</failedSince>
        </case>
        <case>
          <duration>0.0</duration>
          <className>org.joda.time.TestStringConvert</className>
          <testName>testMonthDay_leapDay</testName>
          <skipped>false</skipped>
          <failedSince>0</failedSince>
        </case>
        <case>
          <duration>0.002</duration>
          <className>org.joda.time.TestStringConvert</className>
          <testName>testTimeZone</testName>
          <skipped>false</skipped>
          <failedSince>0</failedSince>
        </case>
        <case>
          <duration>0.001</duration>
          <className>org.joda.time.TestStringConvert</className>
          <testName>testDuration</testName>
          <skipped>false</skipped>
          <failedSince>0</failedSince>
        </case>
        <case>
          <duration>0.0</duration>
          <className>org.joda.time.TestStringConvert</className>
          <testName>testMutablePeriod</testName>
          <skipped>false</skipped>
          <failedSince>0</failedSince>
        </case>
        <case>
          <duration>0.004</duration>
          <className>org.joda.time.TestStringConvert</className>
          <testName>testPeriod</testName>
          <skipped>false</skipped>
          <failedSince>0</failedSince>
        </case>
        <case>
          <duration>0.0</duration>
          <className>org.joda.time.TestSerialization</className>
          <testName>testSerializedInstant</testName>
          <skipped>false</skipped>
          <failedSince>0</failedSince>
        </case>
        <case>
          <duration>0.0</duration>
          <className>org.joda.time.TestSerialization</className>
          <testName>testSerializedDateTime</testName>
          <skipped>false</skipped>
          <failedSince>0</failedSince>
        </case>
        <case>
          <duration>0.0</duration>
          <className>org.joda.time.TestSerialization</className>
          <testName>testSerializedDateTimeProperty</testName>
          <skipped>false</skipped>
          <failedSince>0</failedSince>
        </case>
        <case>
          <duration>0.001</duration>
          <className>org.joda.time.TestSerialization</className>
          <testName>testSerializedMutableDateTime</testName>
          <skipped>false</skipped>
          <failedSince>0</failedSince>
        </case>
        <case>
          <duration>0.003</duration>
          <className>org.joda.time.TestSerialization</className>
          <testName>testSerializedMutableDateTimeProperty</testName>
          <skipped>false</skipped>
          <failedSince>0</failedSince>
        </case>
        <case>
          <duration>0.0</duration>
          <className>org.joda.time.TestSerialization</className>
          <testName>testSerializedDateMidnight</testName>
          <skipped>false</skipped>
          <failedSince>0</failedSince>
        </case>
        <case>
          <duration>0.004</duration>
          <className>org.joda.time.TestSerialization</className>
          <testName>testSerializedDateMidnightProperty</testName>
          <skipped>false</skipped>
          <failedSince>0</failedSince>
        </case>
        <case>
          <duration>0.004</duration>
          <className>org.joda.time.TestSerialization</className>
          <testName>testSerializedLocalDate</testName>
          <skipped>false</skipped>
          <failedSince>0</failedSince>
        </case>
        <case>
          <duration>0.0</duration>
          <className>org.joda.time.TestSerialization</className>
          <testName>testSerializedLocalTime</testName>
          <skipped>false</skipped>
          <failedSince>0</failedSince>
        </case>
        <case>
          <duration>0.007</duration>
          <className>org.joda.time.TestSerialization</className>
          <testName>testSerializedLocalDateBuddhist</testName>
          <skipped>false</skipped>
          <failedSince>0</failedSince>
        </case>
        <case>
          <duration>0.0</duration>
          <className>org.joda.time.TestSerialization</className>
          <testName>testSerializedLocalDateTime</testName>
          <skipped>false</skipped>
          <failedSince>0</failedSince>
        </case>
        <case>
          <duration>0.0</duration>
          <className>org.joda.time.TestSerialization</className>
          <testName>testSerializedYearMonthDay</testName>
          <skipped>false</skipped>
          <failedSince>0</failedSince>
        </case>
        <case>
          <duration>0.005</duration>
          <className>org.joda.time.TestSerialization</className>
          <testName>testSerializedTimeOfDay</testName>
          <skipped>false</skipped>
          <failedSince>0</failedSince>
        </case>
        <case>
          <duration>0.0</duration>
          <className>org.joda.time.TestSerialization</className>
          <testName>testSerializedDateTimeZoneUTC</testName>
          <skipped>false</skipped>
          <failedSince>0</failedSince>
        </case>
        <case>
          <duration>0.0</duration>
          <className>org.joda.time.TestSerialization</className>
          <testName>testSerializedDateTimeZone</testName>
          <skipped>false</skipped>
          <failedSince>0</failedSince>
        </case>
        <case>
          <duration>0.002</duration>
          <className>org.joda.time.TestSerialization</className>
          <testName>testSerializedCopticChronology</testName>
          <skipped>false</skipped>
          <failedSince>0</failedSince>
        </case>
        <case>
          <duration>0.002</duration>
          <className>org.joda.time.TestSerialization</className>
          <testName>testSerializedISOChronology</testName>
          <skipped>false</skipped>
          <failedSince>0</failedSince>
        </case>
        <case>
          <duration>0.003</duration>
          <className>org.joda.time.TestSerialization</className>
          <testName>testSerializedGJChronology</testName>
          <skipped>false</skipped>
          <failedSince>0</failedSince>
        </case>
        <case>
          <duration>0.003</duration>
          <className>org.joda.time.TestSerialization</className>
          <testName>testSerializedGJChronologyChangedInternals</testName>
          <skipped>false</skipped>
          <failedSince>0</failedSince>
        </case>
        <case>
          <duration>0.001</duration>
          <className>org.joda.time.TestSerialization</className>
          <testName>testSerializedGregorianChronology</testName>
          <skipped>false</skipped>
          <failedSince>0</failedSince>
        </case>
        <case>
          <duration>0.002</duration>
          <className>org.joda.time.TestSerialization</className>
          <testName>testSerializedJulianChronology</testName>
          <skipped>false</skipped>
          <failedSince>0</failedSince>
        </case>
        <case>
          <duration>0.006</duration>
          <className>org.joda.time.TestSerialization</className>
          <testName>testSerializedBuddhistChronology</testName>
          <skipped>false</skipped>
          <failedSince>0</failedSince>
        </case>
        <case>
          <duration>0.0</duration>
          <className>org.joda.time.TestSerialization</className>
          <testName>testSerializedPeriodType</testName>
          <skipped>false</skipped>
          <failedSince>0</failedSince>
        </case>
        <case>
          <duration>0.0</duration>
          <className>org.joda.time.TestSerialization</className>
          <testName>testSerializedDateTimeFieldType</testName>
          <skipped>false</skipped>
          <failedSince>0</failedSince>
        </case>
        <case>
          <duration>0.002</duration>
          <className>org.joda.time.TestSerialization</className>
          <testName>testSerializedUnsupportedDateTimeField</testName>
          <skipped>false</skipped>
          <failedSince>0</failedSince>
        </case>
        <case>
          <duration>0.0</duration>
          <className>org.joda.time.TestSerialization</className>
          <testName>testTest</testName>
          <skipped>false</skipped>
          <failedSince>0</failedSince>
        </case>
        <case>
          <duration>0.0</duration>
          <className>org.joda.time.TestSerialization</className>
          <testName>testDuration</testName>
          <skipped>false</skipped>
          <failedSince>0</failedSince>
        </case>
        <case>
          <duration>0.002</duration>
          <className>org.joda.time.TestIllegalFieldValueException</className>
          <testName>testVerifyValueBounds</testName>
          <skipped>false</skipped>
          <failedSince>0</failedSince>
        </case>
        <case>
          <duration>0.0</duration>
          <className>org.joda.time.TestIllegalFieldValueException</className>
          <testName>testSkipDateTimeField</testName>
          <skipped>false</skipped>
          <failedSince>0</failedSince>
        </case>
        <case>
          <duration>0.0</duration>
          <className>org.joda.time.TestIllegalFieldValueException</className>
          <testName>testSetText</testName>
          <skipped>false</skipped>
          <failedSince>0</failedSince>
        </case>
        <case>
          <duration>0.0</duration>
          <className>org.joda.time.TestIllegalFieldValueException</className>
          <testName>testZoneTransition</testName>
          <skipped>false</skipped>
          <failedSince>0</failedSince>
        </case>
        <case>
          <duration>0.0</duration>
          <className>org.joda.time.TestIllegalFieldValueException</className>
          <testName>testJulianYearZero</testName>
          <skipped>false</skipped>
          <failedSince>0</failedSince>
        </case>
        <case>
          <duration>0.0</duration>
          <className>org.joda.time.TestIllegalFieldValueException</className>
          <testName>testGJCutover</testName>
          <skipped>false</skipped>
          <failedSince>0</failedSince>
        </case>
        <case>
          <duration>0.0</duration>
          <className>org.joda.time.TestIllegalFieldValueException</className>
          <testName>testOtherConstructors</testName>
          <skipped>false</skipped>
          <failedSince>0</failedSince>
        </case>
        <case>
          <duration>0.0</duration>
          <className>org.joda.time.TestIllegalFieldValueException</className>
          <testName>testReadablePartialValidate</testName>
          <skipped>false</skipped>
          <failedSince>0</failedSince>
        </case>
        <case>
          <duration>0.0</duration>
          <className>org.joda.time.TestMinMaxLong</className>
          <testName>testDateTime_max_fieldsNewYork</testName>
          <skipped>false</skipped>
          <failedSince>0</failedSince>
        </case>
        <case>
          <duration>0.0</duration>
          <className>org.joda.time.TestMinMaxLong</className>
          <testName>testDateTime_max_long</testName>
          <skipped>false</skipped>
          <failedSince>0</failedSince>
        </case>
        <case>
          <duration>0.0</duration>
          <className>org.joda.time.TestMinMaxLong</className>
          <testName>testPrintParseMax</testName>
          <skipped>false</skipped>
          <failedSince>0</failedSince>
        </case>
        <case>
          <duration>0.0</duration>
          <className>org.joda.time.TestMinMaxLong</className>
          <testName>testDateTime_min</testName>
          <skipped>false</skipped>
          <failedSince>0</failedSince>
        </case>
        <case>
          <duration>0.0</duration>
          <className>org.joda.time.TestMinMaxLong</className>
          <testName>testDateTime_min_math</testName>
          <skipped>false</skipped>
          <failedSince>0</failedSince>
        </case>
        <case>
          <duration>0.0</duration>
          <className>org.joda.time.TestMinMaxLong</className>
          <testName>testDateTime_min_fields</testName>
          <skipped>false</skipped>
          <failedSince>0</failedSince>
        </case>
        <case>
          <duration>0.0</duration>
          <className>org.joda.time.TestMinMaxLong</className>
          <testName>testDateTime_min_long</testName>
          <skipped>false</skipped>
          <failedSince>0</failedSince>
        </case>
        <case>
          <duration>0.0</duration>
          <className>org.joda.time.TestMinMaxLong</className>
          <testName>testPrintParseMin</testName>
          <skipped>false</skipped>
          <failedSince>0</failedSince>
        </case>
        <case>
          <duration>0.008</duration>
          <className>org.joda.time.TestMinMaxLong</className>
          <testName>testDateTime_aroundZero</testName>
          <skipped>false</skipped>
          <failedSince>0</failedSince>
        </case>
        <case>
          <duration>0.0</duration>
          <className>org.joda.time.TestMinMaxLong</className>
          <testName>testDateTime_max</testName>
          <skipped>false</skipped>
          <failedSince>0</failedSince>
        </case>
        <case>
          <duration>0.0</duration>
          <className>org.joda.time.TestMinMaxLong</className>
          <testName>testDateTime_max_math</testName>
          <skipped>false</skipped>
          <failedSince>0</failedSince>
        </case>
        <case>
          <duration>0.0</duration>
          <className>org.joda.time.TestMinMaxLong</className>
          <testName>testDateTime_max_fields</testName>
          <skipped>false</skipped>
          <failedSince>0</failedSince>
        </case>
        <case>
          <duration>0.0</duration>
          <className>org.joda.time.TestMinMaxLong</className>
          <testName>testDateTime_max_fieldsUTC</testName>
          <skipped>false</skipped>
          <failedSince>0</failedSince>
        </case>
        <case>
          <duration>0.0</duration>
          <className>org.joda.time.chrono.TestBuddhistChronology</className>
          <testName>testToString</testName>
          <skipped>false</skipped>
          <failedSince>0</failedSince>
        </case>
        <case>
          <duration>0.0</duration>
          <className>org.joda.time.chrono.TestBuddhistChronology</className>
          <testName>testEra</testName>
          <skipped>false</skipped>
          <failedSince>0</failedSince>
        </case>
        <case>
          <duration>0.0</duration>
          <className>org.joda.time.chrono.TestBuddhistChronology</className>
          <testName>testFactoryUTC</testName>
          <skipped>false</skipped>
          <failedSince>0</failedSince>
        </case>
        <case>
          <duration>0.0</duration>
          <className>org.joda.time.chrono.TestBuddhistChronology</className>
          <testName>testFactory</testName>
          <skipped>false</skipped>
          <failedSince>0</failedSince>
        </case>
        <case>
          <duration>0.0</duration>
          <className>org.joda.time.chrono.TestBuddhistChronology</className>
          <testName>testFactory_Zone</testName>
          <skipped>false</skipped>
          <failedSince>0</failedSince>
        </case>
        <case>
          <duration>0.0</duration>
          <className>org.joda.time.chrono.TestBuddhistChronology</className>
          <testName>testEquality</testName>
          <skipped>false</skipped>
          <failedSince>0</failedSince>
        </case>
        <case>
          <duration>0.0</duration>
          <className>org.joda.time.chrono.TestBuddhistChronology</className>
          <testName>testWithUTC</testName>
          <skipped>false</skipped>
          <failedSince>0</failedSince>
        </case>
        <case>
          <duration>0.0</duration>
          <className>org.joda.time.chrono.TestBuddhistChronology</className>
          <testName>testWithZone</testName>
          <skipped>false</skipped>
          <failedSince>0</failedSince>
        </case>
        <case>
          <duration>0.0</duration>
          <className>org.joda.time.chrono.TestBuddhistChronology</className>
          <testName>testDurationFields</testName>
          <skipped>false</skipped>
          <failedSince>0</failedSince>
        </case>
        <case>
          <duration>0.0</duration>
          <className>org.joda.time.chrono.TestBuddhistChronology</className>
          <testName>testDateFields</testName>
          <skipped>false</skipped>
          <failedSince>0</failedSince>
        </case>
        <case>
          <duration>0.0</duration>
          <className>org.joda.time.chrono.TestBuddhistChronology</className>
          <testName>testTimeFields</testName>
          <skipped>false</skipped>
          <failedSince>0</failedSince>
        </case>
        <case>
          <duration>0.0</duration>
          <className>org.joda.time.chrono.TestBuddhistChronology</className>
          <testName>testEpoch</testName>
          <skipped>false</skipped>
          <failedSince>0</failedSince>
        </case>
        <case>
          <duration>0.0</duration>
          <className>org.joda.time.chrono.TestBuddhistChronology</className>
          <testName>testKeyYears</testName>
          <skipped>false</skipped>
          <failedSince>0</failedSince>
        </case>
        <case>
          <duration>0.639</duration>
          <className>org.joda.time.chrono.TestBuddhistChronology</className>
          <testName>testCalendar</testName>
          <skipped>false</skipped>
          <failedSince>0</failedSince>
        </case>
        <case>
          <duration>0.0</duration>
          <className>org.joda.time.chrono.TestCopticChronology</className>
          <testName>testToString</testName>
          <skipped>false</skipped>
          <failedSince>0</failedSince>
        </case>
        <case>
          <duration>0.0</duration>
          <className>org.joda.time.chrono.TestCopticChronology</className>
          <testName>testSampleDate</testName>
          <skipped>false</skipped>
          <failedSince>0</failedSince>
        </case>
        <case>
          <duration>0.001</duration>
          <className>org.joda.time.chrono.TestCopticChronology</className>
          <testName>testSampleDateWithZone</testName>
          <skipped>false</skipped>
          <failedSince>0</failedSince>
        </case>
        <case>
          <duration>0.0</duration>
          <className>org.joda.time.chrono.TestCopticChronology</className>
          <testName>testDurationYear</testName>
          <skipped>false</skipped>
          <failedSince>0</failedSince>
        </case>
        <case>
          <duration>0.0</duration>
          <className>org.joda.time.chrono.TestCopticChronology</className>
          <testName>testDurationMonth</testName>
          <skipped>false</skipped>
          <failedSince>0</failedSince>
        </case>
        <case>
          <duration>0.0</duration>
          <className>org.joda.time.chrono.TestCopticChronology</className>
          <testName>testLeap_5_13</testName>
          <skipped>false</skipped>
          <failedSince>0</failedSince>
        </case>
        <case>
          <duration>0.0</duration>
          <className>org.joda.time.chrono.TestCopticChronology</className>
          <testName>testLeap_6_13</testName>
          <skipped>false</skipped>
          <failedSince>0</failedSince>
        </case>
        <case>
          <duration>0.001</duration>
          <className>org.joda.time.chrono.TestCopticChronology</className>
          <testName>testEra</testName>
          <skipped>false</skipped>
          <failedSince>0</failedSince>
        </case>
        <case>
          <duration>0.0</duration>
          <className>org.joda.time.chrono.TestCopticChronology</className>
          <testName>testFactoryUTC</testName>
          <skipped>false</skipped>
          <failedSince>0</failedSince>
        </case>
        <case>
          <duration>0.0</duration>
          <className>org.joda.time.chrono.TestCopticChronology</className>
          <testName>testFactory</testName>
          <skipped>false</skipped>
          <failedSince>0</failedSince>
        </case>
        <case>
          <duration>0.0</duration>
          <className>org.joda.time.chrono.TestCopticChronology</className>
          <testName>testFactory_Zone</testName>
          <skipped>false</skipped>
          <failedSince>0</failedSince>
        </case>
        <case>
          <duration>0.0</duration>
          <className>org.joda.time.chrono.TestCopticChronology</className>
          <testName>testEquality</testName>
          <skipped>false</skipped>
          <failedSince>0</failedSince>
        </case>
        <case>
          <duration>0.0</duration>
          <className>org.joda.time.chrono.TestCopticChronology</className>
          <testName>testWithUTC</testName>
          <skipped>false</skipped>
          <failedSince>0</failedSince>
        </case>
        <case>
          <duration>0.0</duration>
          <className>org.joda.time.chrono.TestCopticChronology</className>
          <testName>testWithZone</testName>
          <skipped>false</skipped>
          <failedSince>0</failedSince>
        </case>
        <case>
          <duration>0.0</duration>
          <className>org.joda.time.chrono.TestCopticChronology</className>
          <testName>testDurationFields</testName>
          <skipped>false</skipped>
          <failedSince>0</failedSince>
        </case>
        <case>
          <duration>0.0</duration>
          <className>org.joda.time.chrono.TestCopticChronology</className>
          <testName>testDateFields</testName>
          <skipped>false</skipped>
          <failedSince>0</failedSince>
        </case>
        <case>
          <duration>0.001</duration>
          <className>org.joda.time.chrono.TestCopticChronology</className>
          <testName>testTimeFields</testName>
          <skipped>false</skipped>
          <failedSince>0</failedSince>
        </case>
        <case>
          <duration>0.0</duration>
          <className>org.joda.time.chrono.TestCopticChronology</className>
          <testName>testEpoch</testName>
          <skipped>false</skipped>
          <failedSince>0</failedSince>
        </case>
        <case>
          <duration>0.442</duration>
          <className>org.joda.time.chrono.TestCopticChronology</className>
          <testName>testCalendar</testName>
          <skipped>false</skipped>
          <failedSince>0</failedSince>
        </case>
        <case>
          <duration>0.0</duration>
          <className>org.joda.time.chrono.TestEthiopicChronology</className>
          <testName>testToString</testName>
          <skipped>false</skipped>
          <failedSince>0</failedSince>
        </case>
        <case>
          <duration>0.001</duration>
          <className>org.joda.time.chrono.TestEthiopicChronology</className>
          <testName>testSampleDate</testName>
          <skipped>false</skipped>
          <failedSince>0</failedSince>
        </case>
        <case>
          <duration>0.0</duration>
          <className>org.joda.time.chrono.TestEthiopicChronology</className>
          <testName>testSampleDateWithZone</testName>
          <skipped>false</skipped>
          <failedSince>0</failedSince>
        </case>
        <case>
          <duration>0.0</duration>
          <className>org.joda.time.chrono.TestEthiopicChronology</className>
          <testName>testDurationYear</testName>
          <skipped>false</skipped>
          <failedSince>0</failedSince>
        </case>
        <case>
          <duration>0.0</duration>
          <className>org.joda.time.chrono.TestEthiopicChronology</className>
          <testName>testDurationMonth</testName>
          <skipped>false</skipped>
          <failedSince>0</failedSince>
        </case>
        <case>
          <duration>0.001</duration>
          <className>org.joda.time.chrono.TestEthiopicChronology</className>
          <testName>testLeap_5_13</testName>
          <skipped>false</skipped>
          <failedSince>0</failedSince>
        </case>
        <case>
          <duration>0.0</duration>
          <className>org.joda.time.chrono.TestEthiopicChronology</className>
          <testName>testLeap_6_13</testName>
          <skipped>false</skipped>
          <failedSince>0</failedSince>
        </case>
        <case>
          <duration>0.0</duration>
          <className>org.joda.time.chrono.TestEthiopicChronology</className>
          <testName>testEra</testName>
          <skipped>false</skipped>
          <failedSince>0</failedSince>
        </case>
        <case>
          <duration>0.0</duration>
          <className>org.joda.time.chrono.TestEthiopicChronology</className>
          <testName>testFactoryUTC</testName>
          <skipped>false</skipped>
          <failedSince>0</failedSince>
        </case>
        <case>
          <duration>0.0</duration>
          <className>org.joda.time.chrono.TestEthiopicChronology</className>
          <testName>testFactory</testName>
          <skipped>false</skipped>
          <failedSince>0</failedSince>
        </case>
        <case>
          <duration>0.0</duration>
          <className>org.joda.time.chrono.TestEthiopicChronology</className>
          <testName>testFactory_Zone</testName>
          <skipped>false</skipped>
          <failedSince>0</failedSince>
        </case>
        <case>
          <duration>0.0</duration>
          <className>org.joda.time.chrono.TestEthiopicChronology</className>
          <testName>testEquality</testName>
          <skipped>false</skipped>
          <failedSince>0</failedSince>
        </case>
        <case>
          <duration>0.0</duration>
          <className>org.joda.time.chrono.TestEthiopicChronology</className>
          <testName>testWithUTC</testName>
          <skipped>false</skipped>
          <failedSince>0</failedSince>
        </case>
        <case>
          <duration>0.0</duration>
          <className>org.joda.time.chrono.TestEthiopicChronology</className>
          <testName>testWithZone</testName>
          <skipped>false</skipped>
          <failedSince>0</failedSince>
        </case>
        <case>
          <duration>0.0</duration>
          <className>org.joda.time.chrono.TestEthiopicChronology</className>
          <testName>testDurationFields</testName>
          <skipped>false</skipped>
          <failedSince>0</failedSince>
        </case>
        <case>
          <duration>0.0</duration>
          <className>org.joda.time.chrono.TestEthiopicChronology</className>
          <testName>testDateFields</testName>
          <skipped>false</skipped>
          <failedSince>0</failedSince>
        </case>
        <case>
          <duration>0.0</duration>
          <className>org.joda.time.chrono.TestEthiopicChronology</className>
          <testName>testTimeFields</testName>
          <skipped>false</skipped>
          <failedSince>0</failedSince>
        </case>
        <case>
          <duration>0.0</duration>
          <className>org.joda.time.chrono.TestEthiopicChronology</className>
          <testName>testEpoch</testName>
          <skipped>false</skipped>
          <failedSince>0</failedSince>
        </case>
        <case>
          <duration>0.484</duration>
          <className>org.joda.time.chrono.TestEthiopicChronology</className>
          <testName>testCalendar</testName>
          <skipped>false</skipped>
          <failedSince>0</failedSince>
        </case>
        <case>
          <duration>0.0</duration>
          <className>org.joda.time.chrono.TestGJChronology</className>
          <testName>testToString</testName>
          <skipped>false</skipped>
          <failedSince>0</failedSince>
        </case>
        <case>
          <duration>0.001</duration>
          <className>org.joda.time.chrono.TestGJChronology</className>
          <testName>testFactory_Zone_RI</testName>
          <skipped>false</skipped>
          <failedSince>0</failedSince>
        </case>
        <case>
          <duration>0.0</duration>
          <className>org.joda.time.chrono.TestGJChronology</className>
          <testName>testFactory_Zone_RI_int</testName>
          <skipped>false</skipped>
          <failedSince>0</failedSince>
        </case>
        <case>
          <duration>0.0</duration>
          <className>org.joda.time.chrono.TestGJChronology</className>
          <testName>testIllegalDates</testName>
          <skipped>false</skipped>
          <failedSince>0</failedSince>
        </case>
        <case>
          <duration>0.001</duration>
          <className>org.joda.time.chrono.TestGJChronology</className>
          <testName>testParseEquivalence</testName>
          <skipped>false</skipped>
          <failedSince>0</failedSince>
        </case>
        <case>
          <duration>0.003</duration>
          <className>org.joda.time.chrono.TestGJChronology</className>
          <testName>testCutoverAddYears</testName>
          <skipped>false</skipped>
          <failedSince>0</failedSince>
        </case>
        <case>
          <duration>0.001</duration>
          <className>org.joda.time.chrono.TestGJChronology</className>
          <testName>testCutoverAddWeekyears</testName>
          <skipped>false</skipped>
          <failedSince>0</failedSince>
        </case>
        <case>
          <duration>0.003</duration>
          <className>org.joda.time.chrono.TestGJChronology</className>
          <testName>testCutoverAddMonths</testName>
          <skipped>false</skipped>
          <failedSince>0</failedSince>
        </case>
        <case>
          <duration>0.002</duration>
          <className>org.joda.time.chrono.TestGJChronology</className>
          <testName>testCutoverAddWeeks</testName>
          <skipped>false</skipped>
          <failedSince>0</failedSince>
        </case>
        <case>
          <duration>0.001</duration>
          <className>org.joda.time.chrono.TestGJChronology</className>
          <testName>testCutoverAddDays</testName>
          <skipped>false</skipped>
          <failedSince>0</failedSince>
        </case>
        <case>
          <duration>0.001</duration>
          <className>org.joda.time.chrono.TestGJChronology</className>
          <testName>testYearEndAddDays</testName>
          <skipped>false</skipped>
          <failedSince>0</failedSince>
        </case>
        <case>
          <duration>0.002</duration>
          <className>org.joda.time.chrono.TestGJChronology</className>
          <testName>testSubtractDays</testName>
          <skipped>false</skipped>
          <failedSince>0</failedSince>
        </case>
        <case>
          <duration>0.007</duration>
          <className>org.joda.time.chrono.TestGJChronology</className>
          <testName>testTimeOfDayAdd</testName>
          <skipped>false</skipped>
          <failedSince>0</failedSince>
        </case>
        <case>
          <duration>0.076</duration>
          <className>org.joda.time.chrono.TestGJChronology</className>
          <testName>testMaximumValue</testName>
          <skipped>false</skipped>
          <failedSince>0</failedSince>
        </case>
        <case>
          <duration>0.0</duration>
          <className>org.joda.time.chrono.TestGJChronology</className>
          <testName>testPartialGetAsText</testName>
          <skipped>false</skipped>
          <failedSince>0</failedSince>
        </case>
        <case>
          <duration>0.002</duration>
          <className>org.joda.time.chrono.TestGJChronology</className>
          <testName>testLeapYearRulesConstruction</testName>
          <skipped>false</skipped>
          <failedSince>0</failedSince>
        </case>
        <case>
          <duration>0.0</duration>
          <className>org.joda.time.chrono.TestGJChronology</className>
          <testName>testLeapYearRulesConstructionInvalid</testName>
          <skipped>false</skipped>
          <failedSince>0</failedSince>
        </case>
        <case>
          <duration>0.0</duration>
          <className>org.joda.time.chrono.TestGJChronology</className>
          <testName>testLeap_28feb</testName>
          <skipped>false</skipped>
          <failedSince>0</failedSince>
        </case>
        <case>
          <duration>0.001</duration>
          <className>org.joda.time.chrono.TestGJChronology</className>
          <testName>testLeap_29feb</testName>
          <skipped>false</skipped>
          <failedSince>0</failedSince>
        </case>
        <case>
          <duration>0.0</duration>
          <className>org.joda.time.chrono.TestGJChronology</className>
          <testName>testFactory_Zone_long_int</testName>
          <skipped>false</skipped>
          <failedSince>0</failedSince>
        </case>
        <case>
          <duration>0.0</duration>
          <className>org.joda.time.chrono.TestGJChronology</className>
          <testName>testFactoryUTC</testName>
          <skipped>false</skipped>
          <failedSince>0</failedSince>
        </case>
        <case>
          <duration>0.0</duration>
          <className>org.joda.time.chrono.TestGJChronology</className>
          <testName>testFactory</testName>
          <skipped>false</skipped>
          <failedSince>0</failedSince>
        </case>
        <case>
          <duration>0.0</duration>
          <className>org.joda.time.chrono.TestGJChronology</className>
          <testName>testFactory_Zone</testName>
          <skipped>false</skipped>
          <failedSince>0</failedSince>
        </case>
        <case>
          <duration>0.0</duration>
          <className>org.joda.time.chrono.TestGJChronology</className>
          <testName>testEquality</testName>
          <skipped>false</skipped>
          <failedSince>0</failedSince>
        </case>
        <case>
          <duration>0.0</duration>
          <className>org.joda.time.chrono.TestGJChronology</className>
          <testName>testWithUTC</testName>
          <skipped>false</skipped>
          <failedSince>0</failedSince>
        </case>
        <case>
          <duration>0.0</duration>
          <className>org.joda.time.chrono.TestGJChronology</className>
          <testName>testWithZone</testName>
          <skipped>false</skipped>
          <failedSince>0</failedSince>
        </case>
        <case>
          <duration>0.001</duration>
          <className>org.joda.time.chrono.TestGJChronology</className>
          <testName>testDurationFields</testName>
          <skipped>false</skipped>
          <failedSince>0</failedSince>
        </case>
        <case>
          <duration>0.0</duration>
          <className>org.joda.time.chrono.TestGJChronology</className>
          <testName>testDateFields</testName>
          <skipped>false</skipped>
          <failedSince>0</failedSince>
        </case>
        <case>
          <duration>0.0</duration>
          <className>org.joda.time.chrono.TestGJChronology</className>
          <testName>testTimeFields</testName>
          <skipped>false</skipped>
          <failedSince>0</failedSince>
        </case>
        <case>
          <duration>0.0</duration>
          <className>org.joda.time.chrono.TestGregorianChronology</className>
          <testName>testToString</testName>
          <skipped>false</skipped>
          <failedSince>0</failedSince>
        </case>
        <case>
          <duration>0.0</duration>
          <className>org.joda.time.chrono.TestGregorianChronology</className>
          <testName>testFactory_Zone_int</testName>
          <skipped>false</skipped>
          <failedSince>0</failedSince>
        </case>
        <case>
          <duration>0.001</duration>
          <className>org.joda.time.chrono.TestGregorianChronology</className>
          <testName>testMaximumValue</testName>
          <skipped>false</skipped>
          <failedSince>0</failedSince>
        </case>
        <case>
          <duration>0.0</duration>
          <className>org.joda.time.chrono.TestGregorianChronology</className>
          <testName>testLeap_28feb</testName>
          <skipped>false</skipped>
          <failedSince>0</failedSince>
        </case>
        <case>
          <duration>0.0</duration>
          <className>org.joda.time.chrono.TestGregorianChronology</className>
          <testName>testLeap_29feb</testName>
          <skipped>false</skipped>
          <failedSince>0</failedSince>
        </case>
        <case>
          <duration>0.0</duration>
          <className>org.joda.time.chrono.TestGregorianChronology</className>
          <testName>testFactoryUTC</testName>
          <skipped>false</skipped>
          <failedSince>0</failedSince>
        </case>
        <case>
          <duration>0.0</duration>
          <className>org.joda.time.chrono.TestGregorianChronology</className>
          <testName>testFactory</testName>
          <skipped>false</skipped>
          <failedSince>0</failedSince>
        </case>
        <case>
          <duration>0.0</duration>
          <className>org.joda.time.chrono.TestGregorianChronology</className>
          <testName>testFactory_Zone</testName>
          <skipped>false</skipped>
          <failedSince>0</failedSince>
        </case>
        <case>
          <duration>0.0</duration>
          <className>org.joda.time.chrono.TestGregorianChronology</className>
          <testName>testEquality</testName>
          <skipped>false</skipped>
          <failedSince>0</failedSince>
        </case>
        <case>
          <duration>0.0</duration>
          <className>org.joda.time.chrono.TestGregorianChronology</className>
          <testName>testWithUTC</testName>
          <skipped>false</skipped>
          <failedSince>0</failedSince>
        </case>
        <case>
          <duration>0.0</duration>
          <className>org.joda.time.chrono.TestGregorianChronology</className>
          <testName>testWithZone</testName>
          <skipped>false</skipped>
          <failedSince>0</failedSince>
        </case>
        <case>
          <duration>0.001</duration>
          <className>org.joda.time.chrono.TestGregorianChronology</className>
          <testName>testDurationFields</testName>
          <skipped>false</skipped>
          <failedSince>0</failedSince>
        </case>
        <case>
          <duration>0.0</duration>
          <className>org.joda.time.chrono.TestGregorianChronology</className>
          <testName>testDateFields</testName>
          <skipped>false</skipped>
          <failedSince>0</failedSince>
        </case>
        <case>
          <duration>0.0</duration>
          <className>org.joda.time.chrono.TestGregorianChronology</className>
          <testName>testTimeFields</testName>
          <skipped>false</skipped>
          <failedSince>0</failedSince>
        </case>
        <case>
          <duration>0.0</duration>
          <className>org.joda.time.chrono.TestIslamicChronology</className>
          <testName>test16BasedLeapYear</testName>
          <skipped>false</skipped>
          <failedSince>0</failedSince>
        </case>
        <case>
          <duration>0.0</duration>
          <className>org.joda.time.chrono.TestIslamicChronology</className>
          <testName>testIndianBasedLeapYear</testName>
          <skipped>false</skipped>
          <failedSince>0</failedSince>
        </case>
        <case>
          <duration>0.0</duration>
          <className>org.joda.time.chrono.TestIslamicChronology</className>
          <testName>testHabashAlHasibBasedLeapYear</testName>
          <skipped>false</skipped>
          <failedSince>0</failedSince>
        </case>
        <case>
          <duration>0.001</duration>
          <className>org.joda.time.chrono.TestIslamicChronology</className>
          <testName>testSampleDate1</testName>
          <skipped>false</skipped>
          <failedSince>0</failedSince>
        </case>
        <case>
          <duration>0.0</duration>
          <className>org.joda.time.chrono.TestIslamicChronology</className>
          <testName>testSampleDate2</testName>
          <skipped>false</skipped>
          <failedSince>0</failedSince>
        </case>
        <case>
          <duration>0.007</duration>
          <className>org.joda.time.chrono.TestIslamicChronology</className>
          <testName>testSampleDate3</testName>
          <skipped>false</skipped>
          <failedSince>0</failedSince>
        </case>
        <case>
          <duration>0.0</duration>
          <className>org.joda.time.chrono.TestIslamicChronology</className>
          <testName>test15BasedLeapYear</testName>
          <skipped>false</skipped>
          <failedSince>0</failedSince>
        </case>
        <case>
          <duration>0.0</duration>
          <className>org.joda.time.chrono.TestIslamicChronology</className>
          <testName>testFieldConstructor</testName>
          <skipped>false</skipped>
          <failedSince>0</failedSince>
        </case>
        <case>
          <duration>0.0</duration>
          <className>org.joda.time.chrono.TestIslamicChronology</className>
          <testName>testToString</testName>
          <skipped>false</skipped>
          <failedSince>0</failedSince>
        </case>
        <case>
          <duration>0.0</duration>
          <className>org.joda.time.chrono.TestIslamicChronology</className>
          <testName>testSampleDateWithZone</testName>
          <skipped>false</skipped>
          <failedSince>0</failedSince>
        </case>
        <case>
          <duration>0.0</duration>
          <className>org.joda.time.chrono.TestIslamicChronology</className>
          <testName>testEra</testName>
          <skipped>false</skipped>
          <failedSince>0</failedSince>
        </case>
        <case>
          <duration>0.0</duration>
          <className>org.joda.time.chrono.TestIslamicChronology</className>
          <testName>testFactoryUTC</testName>
          <skipped>false</skipped>
          <failedSince>0</failedSince>
        </case>
        <case>
          <duration>0.0</duration>
          <className>org.joda.time.chrono.TestIslamicChronology</className>
          <testName>testFactory</testName>
          <skipped>false</skipped>
          <failedSince>0</failedSince>
        </case>
        <case>
          <duration>0.0</duration>
          <className>org.joda.time.chrono.TestIslamicChronology</className>
          <testName>testFactory_Zone</testName>
          <skipped>false</skipped>
          <failedSince>0</failedSince>
        </case>
        <case>
          <duration>0.0</duration>
          <className>org.joda.time.chrono.TestIslamicChronology</className>
          <testName>testEquality</testName>
          <skipped>false</skipped>
          <failedSince>0</failedSince>
        </case>
        <case>
          <duration>0.0</duration>
          <className>org.joda.time.chrono.TestIslamicChronology</className>
          <testName>testWithUTC</testName>
          <skipped>false</skipped>
          <failedSince>0</failedSince>
        </case>
        <case>
          <duration>0.0</duration>
          <className>org.joda.time.chrono.TestIslamicChronology</className>
          <testName>testWithZone</testName>
          <skipped>false</skipped>
          <failedSince>0</failedSince>
        </case>
        <case>
          <duration>0.0</duration>
          <className>org.joda.time.chrono.TestIslamicChronology</className>
          <testName>testDurationFields</testName>
          <skipped>false</skipped>
          <failedSince>0</failedSince>
        </case>
        <case>
          <duration>0.0</duration>
          <className>org.joda.time.chrono.TestIslamicChronology</className>
          <testName>testDateFields</testName>
          <skipped>false</skipped>
          <failedSince>0</failedSince>
        </case>
        <case>
          <duration>0.0</duration>
          <className>org.joda.time.chrono.TestIslamicChronology</className>
          <testName>testTimeFields</testName>
          <skipped>false</skipped>
          <failedSince>0</failedSince>
        </case>
        <case>
          <duration>0.001</duration>
          <className>org.joda.time.chrono.TestIslamicChronology</className>
          <testName>testEpoch</testName>
          <skipped>false</skipped>
          <failedSince>0</failedSince>
        </case>
        <case>
          <duration>0.656</duration>
          <className>org.joda.time.chrono.TestIslamicChronology</className>
          <testName>testCalendar</testName>
          <skipped>false</skipped>
          <failedSince>0</failedSince>
        </case>
        <case>
          <duration>0.0</duration>
          <className>org.joda.time.chrono.TestJulianChronology</className>
          <testName>testToString</testName>
          <skipped>false</skipped>
          <failedSince>0</failedSince>
        </case>
        <case>
          <duration>0.0</duration>
          <className>org.joda.time.chrono.TestJulianChronology</className>
          <testName>testFactory_Zone_int</testName>
          <skipped>false</skipped>
          <failedSince>0</failedSince>
        </case>
        <case>
          <duration>0.0</duration>
          <className>org.joda.time.chrono.TestJulianChronology</className>
          <testName>testLeap_28feb</testName>
          <skipped>false</skipped>
          <failedSince>0</failedSince>
        </case>
        <case>
          <duration>0.0</duration>
          <className>org.joda.time.chrono.TestJulianChronology</className>
          <testName>testLeap_29feb</testName>
          <skipped>false</skipped>
          <failedSince>0</failedSince>
        </case>
        <case>
          <duration>0.0</duration>
          <className>org.joda.time.chrono.TestJulianChronology</className>
          <testName>testFactoryUTC</testName>
          <skipped>false</skipped>
          <failedSince>0</failedSince>
        </case>
        <case>
          <duration>0.0</duration>
          <className>org.joda.time.chrono.TestJulianChronology</className>
          <testName>testFactory</testName>
          <skipped>false</skipped>
          <failedSince>0</failedSince>
        </case>
        <case>
          <duration>0.0</duration>
          <className>org.joda.time.chrono.TestJulianChronology</className>
          <testName>testFactory_Zone</testName>
          <skipped>false</skipped>
          <failedSince>0</failedSince>
        </case>
        <case>
          <duration>0.0</duration>
          <className>org.joda.time.chrono.TestJulianChronology</className>
          <testName>testEquality</testName>
          <skipped>false</skipped>
          <failedSince>0</failedSince>
        </case>
        <case>
          <duration>0.0</duration>
          <className>org.joda.time.chrono.TestJulianChronology</className>
          <testName>testWithUTC</testName>
          <skipped>false</skipped>
          <failedSince>0</failedSince>
        </case>
        <case>
          <duration>0.0</duration>
          <className>org.joda.time.chrono.TestJulianChronology</className>
          <testName>testWithZone</testName>
          <skipped>false</skipped>
          <failedSince>0</failedSince>
        </case>
        <case>
          <duration>0.001</duration>
          <className>org.joda.time.chrono.TestJulianChronology</className>
          <testName>testDurationFields</testName>
          <skipped>false</skipped>
          <failedSince>0</failedSince>
        </case>
        <case>
          <duration>0.0</duration>
          <className>org.joda.time.chrono.TestJulianChronology</className>
          <testName>testDateFields</testName>
          <skipped>false</skipped>
          <failedSince>0</failedSince>
        </case>
        <case>
          <duration>0.0</duration>
          <className>org.joda.time.chrono.TestJulianChronology</className>
          <testName>testTimeFields</testName>
          <skipped>false</skipped>
          <failedSince>0</failedSince>
        </case>
        <case>
          <duration>0.001</duration>
          <className>org.joda.time.chrono.TestISOChronology</className>
          <testName>testAddMonths</testName>
          <skipped>false</skipped>
          <failedSince>0</failedSince>
        </case>
        <case>
          <duration>0.0</duration>
          <className>org.joda.time.chrono.TestISOChronology</className>
          <testName>testMaxYear</testName>
          <skipped>false</skipped>
          <failedSince>0</failedSince>
        </case>
        <case>
          <duration>0.0</duration>
          <className>org.joda.time.chrono.TestISOChronology</className>
          <testName>testMinYear</testName>
          <skipped>false</skipped>
          <failedSince>0</failedSince>
        </case>
        <case>
          <duration>0.0</duration>
          <className>org.joda.time.chrono.TestISOChronology</className>
          <testName>testPartialDayOfYearAdd</testName>
          <skipped>false</skipped>
          <failedSince>0</failedSince>
        </case>
        <case>
          <duration>0.001</duration>
          <className>org.joda.time.chrono.TestISOChronology</className>
          <testName>testToString</testName>
          <skipped>false</skipped>
          <failedSince>0</failedSince>
        </case>
        <case>
          <duration>0.0</duration>
          <className>org.joda.time.chrono.TestISOChronology</className>
          <testName>testCutoverAddYears</testName>
          <skipped>false</skipped>
          <failedSince>0</failedSince>
        </case>
        <case>
          <duration>0.0</duration>
          <className>org.joda.time.chrono.TestISOChronology</className>
          <testName>testTimeOfDayAdd</testName>
          <skipped>false</skipped>
          <failedSince>0</failedSince>
        </case>
        <case>
          <duration>0.019</duration>
          <className>org.joda.time.chrono.TestISOChronology</className>
          <testName>testMaximumValue</testName>
          <skipped>false</skipped>
          <failedSince>0</failedSince>
        </case>
        <case>
          <duration>0.0</duration>
          <className>org.joda.time.chrono.TestISOChronology</className>
          <testName>testLeap_28feb</testName>
          <skipped>false</skipped>
          <failedSince>0</failedSince>
        </case>
        <case>
          <duration>0.0</duration>
          <className>org.joda.time.chrono.TestISOChronology</className>
          <testName>testLeap_29feb</testName>
          <skipped>false</skipped>
          <failedSince>0</failedSince>
        </case>
        <case>
          <duration>0.0</duration>
          <className>org.joda.time.chrono.TestISOChronology</className>
          <testName>testFactoryUTC</testName>
          <skipped>false</skipped>
          <failedSince>0</failedSince>
        </case>
        <case>
          <duration>0.0</duration>
          <className>org.joda.time.chrono.TestISOChronology</className>
          <testName>testFactory</testName>
          <skipped>false</skipped>
          <failedSince>0</failedSince>
        </case>
        <case>
          <duration>0.0</duration>
          <className>org.joda.time.chrono.TestISOChronology</className>
          <testName>testFactory_Zone</testName>
          <skipped>false</skipped>
          <failedSince>0</failedSince>
        </case>
        <case>
          <duration>0.0</duration>
          <className>org.joda.time.chrono.TestISOChronology</className>
          <testName>testEquality</testName>
          <skipped>false</skipped>
          <failedSince>0</failedSince>
        </case>
        <case>
          <duration>0.0</duration>
          <className>org.joda.time.chrono.TestISOChronology</className>
          <testName>testWithUTC</testName>
          <skipped>false</skipped>
          <failedSince>0</failedSince>
        </case>
        <case>
          <duration>0.0</duration>
          <className>org.joda.time.chrono.TestISOChronology</className>
          <testName>testWithZone</testName>
          <skipped>false</skipped>
          <failedSince>0</failedSince>
        </case>
        <case>
          <duration>0.001</duration>
          <className>org.joda.time.chrono.TestISOChronology</className>
          <testName>testDurationFields</testName>
          <skipped>false</skipped>
          <failedSince>0</failedSince>
        </case>
        <case>
          <duration>0.0</duration>
          <className>org.joda.time.chrono.TestISOChronology</className>
          <testName>testDateFields</testName>
          <skipped>false</skipped>
          <failedSince>0</failedSince>
        </case>
        <case>
          <duration>0.0</duration>
          <className>org.joda.time.chrono.TestISOChronology</className>
          <testName>testTimeFields</testName>
          <skipped>false</skipped>
          <failedSince>0</failedSince>
        </case>
        <case>
          <duration>0.0</duration>
          <className>org.joda.time.chrono.TestLenientChronology</className>
          <testName>test_MockTurkIsCorrect</testName>
          <skipped>false</skipped>
          <failedSince>0</failedSince>
        </case>
        <case>
          <duration>0.004</duration>
          <className>org.joda.time.chrono.TestLenientChronology</className>
          <testName>test_lenientChrononolgy_Chicago</testName>
          <skipped>false</skipped>
          <failedSince>0</failedSince>
        </case>
        <case>
          <duration>0.001</duration>
          <className>org.joda.time.chrono.TestLenientChronology</className>
          <testName>test_setYear</testName>
          <skipped>false</skipped>
          <failedSince>0</failedSince>
        </case>
        <case>
          <duration>0.0</duration>
          <className>org.joda.time.chrono.TestLenientChronology</className>
          <testName>test_setMonthOfYear</testName>
          <skipped>false</skipped>
          <failedSince>0</failedSince>
        </case>
        <case>
          <duration>0.0</duration>
          <className>org.joda.time.chrono.TestLenientChronology</className>
          <testName>test_setDayOfMonth</testName>
          <skipped>false</skipped>
          <failedSince>0</failedSince>
        </case>
        <case>
          <duration>0.0</duration>
          <className>org.joda.time.chrono.TestLenientChronology</className>
          <testName>test_setHourOfDay</testName>
          <skipped>false</skipped>
          <failedSince>0</failedSince>
        </case>
        <case>
          <duration>0.001</duration>
          <className>org.joda.time.chrono.TestLenientChronology</className>
          <testName>testNearDstTransition</testName>
          <skipped>false</skipped>
          <failedSince>0</failedSince>
        </case>
        <case>
          <duration>0.0</duration>
          <className>org.joda.time.chrono.TestLenientChronology</className>
          <testName>test_lenientChrononolgy_Turk</testName>
          <skipped>false</skipped>
          <failedSince>0</failedSince>
        </case>
        <case>
          <duration>0.001</duration>
          <className>org.joda.time.chrono.TestLenientChronology</className>
          <testName>test_strictChrononolgy_Chicago</testName>
          <skipped>false</skipped>
          <failedSince>0</failedSince>
        </case>
        <case>
          <duration>0.0</duration>
          <className>org.joda.time.chrono.TestLenientChronology</className>
          <testName>test_isoChrononolgy_Chicago</testName>
          <skipped>false</skipped>
          <failedSince>0</failedSince>
        </case>
        <case>
          <duration>0.0</duration>
          <className>org.joda.time.chrono.TestGJDate</className>
          <testName>test_plusYears_positiveToPositive</testName>
          <skipped>false</skipped>
          <failedSince>0</failedSince>
        </case>
        <case>
          <duration>0.001</duration>
          <className>org.joda.time.chrono.TestGJDate</className>
          <testName>test_plusYears_positiveToNegative</testName>
          <skipped>false</skipped>
          <failedSince>0</failedSince>
        </case>
        <case>
          <duration>0.0</duration>
          <className>org.joda.time.chrono.TestGJDate</className>
          <testName>test_plusYears_negativeToNegative</testName>
          <skipped>false</skipped>
          <failedSince>0</failedSince>
        </case>
        <case>
          <duration>0.0</duration>
          <className>org.joda.time.chrono.TestGJDate</className>
          <testName>test_plusYears_negativeToZero</testName>
          <skipped>false</skipped>
          <failedSince>0</failedSince>
        </case>
        <case>
          <duration>0.0</duration>
          <className>org.joda.time.chrono.TestGJDate</className>
          <testName>test_plusYears_positiveToZero</testName>
          <skipped>false</skipped>
          <failedSince>0</failedSince>
        </case>
        <case>
          <duration>0.0</duration>
          <className>org.joda.time.chrono.TestGJDate</className>
          <testName>test_plusYears_negativeToPositive</testName>
          <skipped>false</skipped>
          <failedSince>0</failedSince>
        </case>
        <case>
          <duration>0.0</duration>
          <className>org.joda.time.chrono.TestGJDate</className>
          <testName>test_plusYears_positiveToPositive_crossCutover</testName>
          <skipped>false</skipped>
          <failedSince>0</failedSince>
        </case>
        <case>
          <duration>0.001</duration>
          <className>org.joda.time.chrono.TestGJDate</className>
          <testName>test_plusYears_positiveToZero_crossCutover</testName>
          <skipped>false</skipped>
          <failedSince>0</failedSince>
        </case>
        <case>
          <duration>0.0</duration>
          <className>org.joda.time.chrono.TestGJDate</className>
          <testName>test_plusYears_positiveToNegative_crossCutover</testName>
          <skipped>false</skipped>
          <failedSince>0</failedSince>
        </case>
        <case>
          <duration>0.0</duration>
          <className>org.joda.time.chrono.TestGJDate</className>
          <testName>test_plusYears_negativeToPositive_crossCutover</testName>
          <skipped>false</skipped>
          <failedSince>0</failedSince>
        </case>
        <case>
          <duration>0.0</duration>
          <className>org.joda.time.chrono.TestGJDate</className>
          <testName>test_plusWeekyears_positiveToZero_crossCutover</testName>
          <skipped>false</skipped>
          <failedSince>0</failedSince>
        </case>
        <case>
          <duration>0.0</duration>
          <className>org.joda.time.chrono.TestGJDate</className>
          <testName>test_plusWeekyears_positiveToNegative_crossCutover</testName>
          <skipped>false</skipped>
          <failedSince>0</failedSince>
        </case>
        <case>
          <duration>0.0</duration>
          <className>org.joda.time.chrono.TestGJDate</className>
          <testName>test_cutoverPreZero</testName>
          <skipped>false</skipped>
          <failedSince>0</failedSince>
        </case>
        <case>
          <duration>0.165</duration>
          <className>org.joda.time.chrono.gj.MainTest</className>
          <testName>testChronology</testName>
          <skipped>false</skipped>
          <failedSince>0</failedSince>
        </case>
        <case>
          <duration>0.085</duration>
          <className>org.joda.time.chrono.gj.MainTest</className>
          <testName>testChronology</testName>
          <skipped>false</skipped>
          <failedSince>0</failedSince>
        </case>
        <case>
          <duration>0.0</duration>
          <className>org.joda.time.convert.TestConverterManager</className>
          <testName>testToString</testName>
          <skipped>false</skipped>
          <failedSince>0</failedSince>
        </case>
        <case>
          <duration>0.0</duration>
          <className>org.joda.time.convert.TestConverterManager</className>
          <testName>testSingleton</testName>
          <skipped>false</skipped>
          <failedSince>0</failedSince>
        </case>
        <case>
          <duration>0.001</duration>
          <className>org.joda.time.convert.TestConverterManager</className>
          <testName>testGetInstantConverter</testName>
          <skipped>false</skipped>
          <failedSince>0</failedSince>
        </case>
        <case>
          <duration>0.0</duration>
          <className>org.joda.time.convert.TestConverterManager</className>
          <testName>testGetInstantConverterRemovedNull</testName>
          <skipped>false</skipped>
          <failedSince>0</failedSince>
        </case>
        <case>
          <duration>0.001</duration>
          <className>org.joda.time.convert.TestConverterManager</className>
          <testName>testGetInstantConverterOKMultipleMatches</testName>
          <skipped>false</skipped>
          <failedSince>0</failedSince>
        </case>
        <case>
          <duration>0.0</duration>
          <className>org.joda.time.convert.TestConverterManager</className>
          <testName>testGetInstantConverterBadMultipleMatches</testName>
          <skipped>false</skipped>
          <failedSince>0</failedSince>
        </case>
        <case>
          <duration>0.0</duration>
          <className>org.joda.time.convert.TestConverterManager</className>
          <testName>testGetInstantConverters</testName>
          <skipped>false</skipped>
          <failedSince>0</failedSince>
        </case>
        <case>
          <duration>0.001</duration>
          <className>org.joda.time.convert.TestConverterManager</className>
          <testName>testAddInstantConverter1</testName>
          <skipped>false</skipped>
          <failedSince>0</failedSince>
        </case>
        <case>
          <duration>0.001</duration>
          <className>org.joda.time.convert.TestConverterManager</className>
          <testName>testAddInstantConverter2</testName>
          <skipped>false</skipped>
          <failedSince>0</failedSince>
        </case>
        <case>
          <duration>0.0</duration>
          <className>org.joda.time.convert.TestConverterManager</className>
          <testName>testAddInstantConverter3</testName>
          <skipped>false</skipped>
          <failedSince>0</failedSince>
        </case>
        <case>
          <duration>0.0</duration>
          <className>org.joda.time.convert.TestConverterManager</className>
          <testName>testAddInstantConverter4</testName>
          <skipped>false</skipped>
          <failedSince>0</failedSince>
        </case>
        <case>
          <duration>0.0</duration>
          <className>org.joda.time.convert.TestConverterManager</className>
          <testName>testAddInstantConverterSecurity</testName>
          <skipped>false</skipped>
          <failedSince>0</failedSince>
        </case>
        <case>
          <duration>0.0</duration>
          <className>org.joda.time.convert.TestConverterManager</className>
          <testName>testRemoveInstantConverter1</testName>
          <skipped>false</skipped>
          <failedSince>0</failedSince>
        </case>
        <case>
          <duration>0.001</duration>
          <className>org.joda.time.convert.TestConverterManager</className>
          <testName>testRemoveInstantConverter2</testName>
          <skipped>false</skipped>
          <failedSince>0</failedSince>
        </case>
        <case>
          <duration>0.0</duration>
          <className>org.joda.time.convert.TestConverterManager</className>
          <testName>testRemoveInstantConverter3</testName>
          <skipped>false</skipped>
          <failedSince>0</failedSince>
        </case>
        <case>
          <duration>0.0</duration>
          <className>org.joda.time.convert.TestConverterManager</className>
          <testName>testRemoveInstantConverterSecurity</testName>
          <skipped>false</skipped>
          <failedSince>0</failedSince>
        </case>
        <case>
          <duration>0.0</duration>
          <className>org.joda.time.convert.TestConverterManager</className>
          <testName>testGetPartialConverter</testName>
          <skipped>false</skipped>
          <failedSince>0</failedSince>
        </case>
        <case>
          <duration>0.0</duration>
          <className>org.joda.time.convert.TestConverterManager</className>
          <testName>testGetPartialConverterRemovedNull</testName>
          <skipped>false</skipped>
          <failedSince>0</failedSince>
        </case>
        <case>
          <duration>0.001</duration>
          <className>org.joda.time.convert.TestConverterManager</className>
          <testName>testGetPartialConverterOKMultipleMatches</testName>
          <skipped>false</skipped>
          <failedSince>0</failedSince>
        </case>
        <case>
          <duration>0.0</duration>
          <className>org.joda.time.convert.TestConverterManager</className>
          <testName>testGetPartialConverterBadMultipleMatches</testName>
          <skipped>false</skipped>
          <failedSince>0</failedSince>
        </case>
        <case>
          <duration>0.0</duration>
          <className>org.joda.time.convert.TestConverterManager</className>
          <testName>testGetPartialConverters</testName>
          <skipped>false</skipped>
          <failedSince>0</failedSince>
        </case>
        <case>
          <duration>0.001</duration>
          <className>org.joda.time.convert.TestConverterManager</className>
          <testName>testAddPartialConverter1</testName>
          <skipped>false</skipped>
          <failedSince>0</failedSince>
        </case>
        <case>
          <duration>0.0</duration>
          <className>org.joda.time.convert.TestConverterManager</className>
          <testName>testAddPartialConverter2</testName>
          <skipped>false</skipped>
          <failedSince>0</failedSince>
        </case>
        <case>
          <duration>0.0</duration>
          <className>org.joda.time.convert.TestConverterManager</className>
          <testName>testAddPartialConverter3</testName>
          <skipped>false</skipped>
          <failedSince>0</failedSince>
        </case>
        <case>
          <duration>0.0</duration>
          <className>org.joda.time.convert.TestConverterManager</className>
          <testName>testAddPartialConverter4</testName>
          <skipped>false</skipped>
          <failedSince>0</failedSince>
        </case>
        <case>
          <duration>0.0</duration>
          <className>org.joda.time.convert.TestConverterManager</className>
          <testName>testAddPartialConverterSecurity</testName>
          <skipped>false</skipped>
          <failedSince>0</failedSince>
        </case>
        <case>
          <duration>0.0</duration>
          <className>org.joda.time.convert.TestConverterManager</className>
          <testName>testRemovePartialConverter1</testName>
          <skipped>false</skipped>
          <failedSince>0</failedSince>
        </case>
        <case>
          <duration>0.0</duration>
          <className>org.joda.time.convert.TestConverterManager</className>
          <testName>testRemovePartialConverter2</testName>
          <skipped>false</skipped>
          <failedSince>0</failedSince>
        </case>
        <case>
          <duration>0.0</duration>
          <className>org.joda.time.convert.TestConverterManager</className>
          <testName>testRemovePartialConverter3</testName>
          <skipped>false</skipped>
          <failedSince>0</failedSince>
        </case>
        <case>
          <duration>0.001</duration>
          <className>org.joda.time.convert.TestConverterManager</className>
          <testName>testRemovePartialConverterSecurity</testName>
          <skipped>false</skipped>
          <failedSince>0</failedSince>
        </case>
        <case>
          <duration>0.0</duration>
          <className>org.joda.time.convert.TestConverterManager</className>
          <testName>testGetDurationConverter</testName>
          <skipped>false</skipped>
          <failedSince>0</failedSince>
        </case>
        <case>
          <duration>0.0</duration>
          <className>org.joda.time.convert.TestConverterManager</className>
          <testName>testGetDurationConverterRemovedNull</testName>
          <skipped>false</skipped>
          <failedSince>0</failedSince>
        </case>
        <case>
          <duration>0.0</duration>
          <className>org.joda.time.convert.TestConverterManager</className>
          <testName>testGetDurationConverters</testName>
          <skipped>false</skipped>
          <failedSince>0</failedSince>
        </case>
        <case>
          <duration>0.001</duration>
          <className>org.joda.time.convert.TestConverterManager</className>
          <testName>testAddDurationConverter1</testName>
          <skipped>false</skipped>
          <failedSince>0</failedSince>
        </case>
        <case>
          <duration>0.0</duration>
          <className>org.joda.time.convert.TestConverterManager</className>
          <testName>testAddDurationConverter2</testName>
          <skipped>false</skipped>
          <failedSince>0</failedSince>
        </case>
        <case>
          <duration>0.0</duration>
          <className>org.joda.time.convert.TestConverterManager</className>
          <testName>testAddDurationConverter3</testName>
          <skipped>false</skipped>
          <failedSince>0</failedSince>
        </case>
        <case>
          <duration>0.0</duration>
          <className>org.joda.time.convert.TestConverterManager</className>
          <testName>testAddDurationConverterSecurity</testName>
          <skipped>false</skipped>
          <failedSince>0</failedSince>
        </case>
        <case>
          <duration>0.0</duration>
          <className>org.joda.time.convert.TestConverterManager</className>
          <testName>testRemoveDurationConverter1</testName>
          <skipped>false</skipped>
          <failedSince>0</failedSince>
        </case>
        <case>
          <duration>0.001</duration>
          <className>org.joda.time.convert.TestConverterManager</className>
          <testName>testRemoveDurationConverter2</testName>
          <skipped>false</skipped>
          <failedSince>0</failedSince>
        </case>
        <case>
          <duration>0.0</duration>
          <className>org.joda.time.convert.TestConverterManager</className>
          <testName>testRemoveDurationConverter3</testName>
          <skipped>false</skipped>
          <failedSince>0</failedSince>
        </case>
        <case>
          <duration>0.0</duration>
          <className>org.joda.time.convert.TestConverterManager</className>
          <testName>testRemoveDurationConverterSecurity</testName>
          <skipped>false</skipped>
          <failedSince>0</failedSince>
        </case>
        <case>
          <duration>0.0</duration>
          <className>org.joda.time.convert.TestConverterManager</className>
          <testName>testGetPeriodConverter</testName>
          <skipped>false</skipped>
          <failedSince>0</failedSince>
        </case>
        <case>
          <duration>0.0</duration>
          <className>org.joda.time.convert.TestConverterManager</className>
          <testName>testGetPeriodConverterRemovedNull</testName>
          <skipped>false</skipped>
          <failedSince>0</failedSince>
        </case>
        <case>
          <duration>0.001</duration>
          <className>org.joda.time.convert.TestConverterManager</className>
          <testName>testGetPeriodConverters</testName>
          <skipped>false</skipped>
          <failedSince>0</failedSince>
        </case>
        <case>
          <duration>0.0</duration>
          <className>org.joda.time.convert.TestConverterManager</className>
          <testName>testAddPeriodConverter1</testName>
          <skipped>false</skipped>
          <failedSince>0</failedSince>
        </case>
        <case>
          <duration>0.001</duration>
          <className>org.joda.time.convert.TestConverterManager</className>
          <testName>testAddPeriodConverter2</testName>
          <skipped>false</skipped>
          <failedSince>0</failedSince>
        </case>
        <case>
          <duration>0.0</duration>
          <className>org.joda.time.convert.TestConverterManager</className>
          <testName>testAddPeriodConverter3</testName>
          <skipped>false</skipped>
          <failedSince>0</failedSince>
        </case>
        <case>
          <duration>0.0</duration>
          <className>org.joda.time.convert.TestConverterManager</className>
          <testName>testAddPeriodConverterSecurity</testName>
          <skipped>false</skipped>
          <failedSince>0</failedSince>
        </case>
        <case>
          <duration>0.0</duration>
          <className>org.joda.time.convert.TestConverterManager</className>
          <testName>testRemovePeriodConverter1</testName>
          <skipped>false</skipped>
          <failedSince>0</failedSince>
        </case>
        <case>
          <duration>0.005</duration>
          <className>org.joda.time.convert.TestConverterManager</className>
          <testName>testRemovePeriodConverter2</testName>
          <skipped>false</skipped>
          <failedSince>0</failedSince>
        </case>
        <case>
          <duration>0.0</duration>
          <className>org.joda.time.convert.TestConverterManager</className>
          <testName>testRemovePeriodConverter3</testName>
          <skipped>false</skipped>
          <failedSince>0</failedSince>
        </case>
        <case>
          <duration>0.0</duration>
          <className>org.joda.time.convert.TestConverterManager</className>
          <testName>testRemovePeriodConverterSecurity</testName>
          <skipped>false</skipped>
          <failedSince>0</failedSince>
        </case>
        <case>
          <duration>0.001</duration>
          <className>org.joda.time.convert.TestConverterManager</className>
          <testName>testGetIntervalConverter</testName>
          <skipped>false</skipped>
          <failedSince>0</failedSince>
        </case>
        <case>
          <duration>0.0</duration>
          <className>org.joda.time.convert.TestConverterManager</className>
          <testName>testGetIntervalConverterRemovedNull</testName>
          <skipped>false</skipped>
          <failedSince>0</failedSince>
        </case>
        <case>
          <duration>0.0</duration>
          <className>org.joda.time.convert.TestConverterManager</className>
          <testName>testGetIntervalConverters</testName>
          <skipped>false</skipped>
          <failedSince>0</failedSince>
        </case>
        <case>
          <duration>0.0</duration>
          <className>org.joda.time.convert.TestConverterManager</className>
          <testName>testAddIntervalConverter1</testName>
          <skipped>false</skipped>
          <failedSince>0</failedSince>
        </case>
        <case>
          <duration>0.0</duration>
          <className>org.joda.time.convert.TestConverterManager</className>
          <testName>testAddIntervalConverter2</testName>
          <skipped>false</skipped>
          <failedSince>0</failedSince>
        </case>
        <case>
          <duration>0.0</duration>
          <className>org.joda.time.convert.TestConverterManager</className>
          <testName>testAddIntervalConverter3</testName>
          <skipped>false</skipped>
          <failedSince>0</failedSince>
        </case>
        <case>
          <duration>0.0</duration>
          <className>org.joda.time.convert.TestConverterManager</className>
          <testName>testAddIntervalConverterSecurity</testName>
          <skipped>false</skipped>
          <failedSince>0</failedSince>
        </case>
        <case>
          <duration>0.0</duration>
          <className>org.joda.time.convert.TestConverterManager</className>
          <testName>testRemoveIntervalConverter1</testName>
          <skipped>false</skipped>
          <failedSince>0</failedSince>
        </case>
        <case>
          <duration>0.001</duration>
          <className>org.joda.time.convert.TestConverterManager</className>
          <testName>testRemoveIntervalConverter2</testName>
          <skipped>false</skipped>
          <failedSince>0</failedSince>
        </case>
        <case>
          <duration>0.0</duration>
          <className>org.joda.time.convert.TestConverterManager</className>
          <testName>testRemoveIntervalConverter3</testName>
          <skipped>false</skipped>
          <failedSince>0</failedSince>
        </case>
        <case>
          <duration>0.0</duration>
          <className>org.joda.time.convert.TestConverterManager</className>
          <testName>testRemoveIntervalConverterSecurity</testName>
          <skipped>false</skipped>
          <failedSince>0</failedSince>
        </case>
        <case>
          <duration>0.0</duration>
          <className>org.joda.time.convert.TestConverterSet</className>
          <testName>testAddNullRemoved2</testName>
          <skipped>false</skipped>
          <failedSince>0</failedSince>
        </case>
        <case>
          <duration>0.001</duration>
          <className>org.joda.time.convert.TestConverterSet</className>
          <testName>testAddNullRemoved3</testName>
          <skipped>false</skipped>
          <failedSince>0</failedSince>
        </case>
        <case>
          <duration>0.0</duration>
          <className>org.joda.time.convert.TestConverterSet</className>
          <testName>testRemoveNullRemoved1</testName>
          <skipped>false</skipped>
          <failedSince>0</failedSince>
        </case>
        <case>
          <duration>0.0</duration>
          <className>org.joda.time.convert.TestConverterSet</className>
          <testName>testBigHashtable</testName>
          <skipped>false</skipped>
          <failedSince>0</failedSince>
        </case>
        <case>
          <duration>0.0</duration>
          <className>org.joda.time.convert.TestConverterSet</className>
          <testName>testAddNullRemoved1</testName>
          <skipped>false</skipped>
          <failedSince>0</failedSince>
        </case>
        <case>
          <duration>0.0</duration>
          <className>org.joda.time.convert.TestConverterSet</className>
          <testName>testRemoveNullRemoved2</testName>
          <skipped>false</skipped>
          <failedSince>0</failedSince>
        </case>
        <case>
          <duration>0.0</duration>
          <className>org.joda.time.convert.TestConverterSet</className>
          <testName>testRemoveBadIndex1</testName>
          <skipped>false</skipped>
          <failedSince>0</failedSince>
        </case>
        <case>
          <duration>0.001</duration>
          <className>org.joda.time.convert.TestConverterSet</className>
          <testName>testRemoveBadIndex2</testName>
          <skipped>false</skipped>
          <failedSince>0</failedSince>
        </case>
        <case>
          <duration>0.0</duration>
          <className>org.joda.time.convert.TestConverterSet</className>
          <testName>testClass</testName>
          <skipped>false</skipped>
          <failedSince>0</failedSince>
        </case>
        <case>
          <duration>0.0</duration>
          <className>org.joda.time.convert.TestCalendarConverter</className>
          <testName>testToString</testName>
          <skipped>false</skipped>
          <failedSince>0</failedSince>
        </case>
        <case>
          <duration>0.0</duration>
          <className>org.joda.time.convert.TestCalendarConverter</className>
          <testName>testSingleton</testName>
          <skipped>false</skipped>
          <failedSince>0</failedSince>
        </case>
        <case>
          <duration>0.0</duration>
          <className>org.joda.time.convert.TestCalendarConverter</className>
          <testName>testGetInstantMillis_Object_Chronology</testName>
          <skipped>false</skipped>
          <failedSince>0</failedSince>
        </case>
        <case>
          <duration>0.002</duration>
          <className>org.joda.time.convert.TestCalendarConverter</className>
          <testName>testGetChronology_Object_Zone</testName>
          <skipped>false</skipped>
          <failedSince>0</failedSince>
        </case>
        <case>
          <duration>0.004</duration>
          <className>org.joda.time.convert.TestCalendarConverter</className>
          <testName>testGetChronology_Object_nullChronology</testName>
          <skipped>false</skipped>
          <failedSince>0</failedSince>
        </case>
        <case>
          <duration>0.0</duration>
          <className>org.joda.time.convert.TestCalendarConverter</className>
          <testName>testGetChronology_Object_Chronology</testName>
          <skipped>false</skipped>
          <failedSince>0</failedSince>
        </case>
        <case>
          <duration>0.0</duration>
          <className>org.joda.time.convert.TestCalendarConverter</className>
          <testName>testSupportedType</testName>
          <skipped>false</skipped>
          <failedSince>0</failedSince>
        </case>
        <case>
          <duration>0.0</duration>
          <className>org.joda.time.convert.TestCalendarConverter</className>
          <testName>testGetPartialValues</testName>
          <skipped>false</skipped>
          <failedSince>0</failedSince>
        </case>
        <case>
          <duration>0.0</duration>
          <className>org.joda.time.convert.TestDateConverter</className>
          <testName>testToString</testName>
          <skipped>false</skipped>
          <failedSince>0</failedSince>
        </case>
        <case>
          <duration>0.0</duration>
          <className>org.joda.time.convert.TestDateConverter</className>
          <testName>testSingleton</testName>
          <skipped>false</skipped>
          <failedSince>0</failedSince>
        </case>
        <case>
          <duration>0.0</duration>
          <className>org.joda.time.convert.TestDateConverter</className>
          <testName>testGetInstantMillis_Object_Chronology</testName>
          <skipped>false</skipped>
          <failedSince>0</failedSince>
        </case>
        <case>
          <duration>0.0</duration>
          <className>org.joda.time.convert.TestDateConverter</className>
          <testName>testGetChronology_Object_Zone</testName>
          <skipped>false</skipped>
          <failedSince>0</failedSince>
        </case>
        <case>
          <duration>0.0</duration>
          <className>org.joda.time.convert.TestDateConverter</className>
          <testName>testGetChronology_Object_Chronology</testName>
          <skipped>false</skipped>
          <failedSince>0</failedSince>
        </case>
        <case>
          <duration>0.0</duration>
          <className>org.joda.time.convert.TestDateConverter</className>
          <testName>testSupportedType</testName>
          <skipped>false</skipped>
          <failedSince>0</failedSince>
        </case>
        <case>
          <duration>0.0</duration>
          <className>org.joda.time.convert.TestDateConverter</className>
          <testName>testGetPartialValues</testName>
          <skipped>false</skipped>
          <failedSince>0</failedSince>
        </case>
        <case>
          <duration>0.001</duration>
          <className>org.joda.time.convert.TestLongConverter</className>
          <testName>testToString</testName>
          <skipped>false</skipped>
          <failedSince>0</failedSince>
        </case>
        <case>
          <duration>0.0</duration>
          <className>org.joda.time.convert.TestLongConverter</className>
          <testName>testSingleton</testName>
          <skipped>false</skipped>
          <failedSince>0</failedSince>
        </case>
        <case>
          <duration>0.0</duration>
          <className>org.joda.time.convert.TestLongConverter</className>
          <testName>testGetDurationMillis_Object</testName>
          <skipped>false</skipped>
          <failedSince>0</failedSince>
        </case>
        <case>
          <duration>0.0</duration>
          <className>org.joda.time.convert.TestLongConverter</className>
          <testName>testGetInstantMillis_Object_Chronology</testName>
          <skipped>false</skipped>
          <failedSince>0</failedSince>
        </case>
        <case>
          <duration>0.0</duration>
          <className>org.joda.time.convert.TestLongConverter</className>
          <testName>testGetChronology_Object_Zone</testName>
          <skipped>false</skipped>
          <failedSince>0</failedSince>
        </case>
        <case>
          <duration>0.0</duration>
          <className>org.joda.time.convert.TestLongConverter</className>
          <testName>testGetChronology_Object_Chronology</testName>
          <skipped>false</skipped>
          <failedSince>0</failedSince>
        </case>
        <case>
          <duration>0.0</duration>
          <className>org.joda.time.convert.TestLongConverter</className>
          <testName>testSupportedType</testName>
          <skipped>false</skipped>
          <failedSince>0</failedSince>
        </case>
        <case>
          <duration>0.0</duration>
          <className>org.joda.time.convert.TestLongConverter</className>
          <testName>testGetPartialValues</testName>
          <skipped>false</skipped>
          <failedSince>0</failedSince>
        </case>
        <case>
          <duration>0.0</duration>
          <className>org.joda.time.convert.TestNullConverter</className>
          <testName>testToString</testName>
          <skipped>false</skipped>
          <failedSince>0</failedSince>
        </case>
        <case>
          <duration>0.001</duration>
          <className>org.joda.time.convert.TestNullConverter</className>
          <testName>testSingleton</testName>
          <skipped>false</skipped>
          <failedSince>0</failedSince>
        </case>
        <case>
          <duration>0.0</duration>
          <className>org.joda.time.convert.TestNullConverter</className>
          <testName>testSetInto_Object</testName>
          <skipped>false</skipped>
          <failedSince>0</failedSince>
        </case>
        <case>
          <duration>0.0</duration>
          <className>org.joda.time.convert.TestNullConverter</className>
          <testName>testIsReadableInterval_Object_Chronology</testName>
          <skipped>false</skipped>
          <failedSince>0</failedSince>
        </case>
        <case>
          <duration>0.0</duration>
          <className>org.joda.time.convert.TestNullConverter</className>
          <testName>testSetInto_Object_Chronology1</testName>
          <skipped>false</skipped>
          <failedSince>0</failedSince>
        </case>
        <case>
          <duration>0.0</duration>
          <className>org.joda.time.convert.TestNullConverter</className>
          <testName>testSetInto_Object_Chronology2</testName>
          <skipped>false</skipped>
          <failedSince>0</failedSince>
        </case>
        <case>
          <duration>0.0</duration>
          <className>org.joda.time.convert.TestNullConverter</className>
          <testName>testGetPeriodType_Object</testName>
          <skipped>false</skipped>
          <failedSince>0</failedSince>
        </case>
        <case>
          <duration>0.0</duration>
          <className>org.joda.time.convert.TestNullConverter</className>
          <testName>testGetDurationMillis_Object</testName>
          <skipped>false</skipped>
          <failedSince>0</failedSince>
        </case>
        <case>
          <duration>0.001</duration>
          <className>org.joda.time.convert.TestNullConverter</className>
          <testName>testGetInstantMillis_Object_Chronology</testName>
          <skipped>false</skipped>
          <failedSince>0</failedSince>
        </case>
        <case>
          <duration>0.0</duration>
          <className>org.joda.time.convert.TestNullConverter</className>
          <testName>testGetChronology_Object_Zone</testName>
          <skipped>false</skipped>
          <failedSince>0</failedSince>
        </case>
        <case>
          <duration>0.0</duration>
          <className>org.joda.time.convert.TestNullConverter</className>
          <testName>testGetChronology_Object_Chronology</testName>
          <skipped>false</skipped>
          <failedSince>0</failedSince>
        </case>
        <case>
          <duration>0.0</duration>
          <className>org.joda.time.convert.TestNullConverter</className>
          <testName>testSupportedType</testName>
          <skipped>false</skipped>
          <failedSince>0</failedSince>
        </case>
        <case>
          <duration>0.0</duration>
          <className>org.joda.time.convert.TestNullConverter</className>
          <testName>testGetPartialValues</testName>
          <skipped>false</skipped>
          <failedSince>0</failedSince>
        </case>
        <case>
          <duration>0.0</duration>
          <className>org.joda.time.convert.TestReadableDurationConverter</className>
          <testName>testToString</testName>
          <skipped>false</skipped>
          <failedSince>0</failedSince>
        </case>
        <case>
          <duration>0.0</duration>
          <className>org.joda.time.convert.TestReadableDurationConverter</className>
          <testName>testSingleton</testName>
          <skipped>false</skipped>
          <failedSince>0</failedSince>
        </case>
        <case>
          <duration>0.001</duration>
          <className>org.joda.time.convert.TestReadableDurationConverter</className>
          <testName>testSetInto_Object</testName>
          <skipped>false</skipped>
          <failedSince>0</failedSince>
        </case>
        <case>
          <duration>0.001</duration>
          <className>org.joda.time.convert.TestReadableDurationConverter</className>
          <testName>testGetPeriodType_Object</testName>
          <skipped>false</skipped>
          <failedSince>0</failedSince>
        </case>
        <case>
          <duration>0.0</duration>
          <className>org.joda.time.convert.TestReadableDurationConverter</className>
          <testName>testGetDurationMillis_Object</testName>
          <skipped>false</skipped>
          <failedSince>0</failedSince>
        </case>
        <case>
          <duration>0.0</duration>
          <className>org.joda.time.convert.TestReadableDurationConverter</className>
          <testName>testSupportedType</testName>
          <skipped>false</skipped>
          <failedSince>0</failedSince>
        </case>
        <case>
          <duration>0.0</duration>
          <className>org.joda.time.convert.TestReadableIntervalConverter</className>
          <testName>testSetIntoPeriod_Object2</testName>
          <skipped>false</skipped>
          <failedSince>0</failedSince>
        </case>
        <case>
          <duration>0.0</duration>
          <className>org.joda.time.convert.TestReadableIntervalConverter</className>
          <testName>testSetIntoInterval_Object1</testName>
          <skipped>false</skipped>
          <failedSince>0</failedSince>
        </case>
        <case>
          <duration>0.0</duration>
          <className>org.joda.time.convert.TestReadableIntervalConverter</className>
          <testName>testSetIntoInterval_Object2</testName>
          <skipped>false</skipped>
          <failedSince>0</failedSince>
        </case>
        <case>
          <duration>0.0</duration>
          <className>org.joda.time.convert.TestReadableIntervalConverter</className>
          <testName>testSetIntoInterval_Object3</testName>
          <skipped>false</skipped>
          <failedSince>0</failedSince>
        </case>
        <case>
          <duration>0.001</duration>
          <className>org.joda.time.convert.TestReadableIntervalConverter</className>
          <testName>testSetIntoInterval_Object4</testName>
          <skipped>false</skipped>
          <failedSince>0</failedSince>
        </case>
        <case>
          <duration>0.001</duration>
          <className>org.joda.time.convert.TestReadableIntervalConverter</className>
          <testName>testSetIntoPeriod_Object1</testName>
          <skipped>false</skipped>
          <failedSince>0</failedSince>
        </case>
        <case>
          <duration>0.0</duration>
          <className>org.joda.time.convert.TestReadableIntervalConverter</className>
          <testName>testToString</testName>
          <skipped>false</skipped>
          <failedSince>0</failedSince>
        </case>
        <case>
          <duration>0.0</duration>
          <className>org.joda.time.convert.TestReadableIntervalConverter</className>
          <testName>testSingleton</testName>
          <skipped>false</skipped>
          <failedSince>0</failedSince>
        </case>
        <case>
          <duration>0.0</duration>
          <className>org.joda.time.convert.TestReadableIntervalConverter</className>
          <testName>testIsReadableInterval_Object_Chronology</testName>
          <skipped>false</skipped>
          <failedSince>0</failedSince>
        </case>
        <case>
          <duration>0.0</duration>
          <className>org.joda.time.convert.TestReadableIntervalConverter</className>
          <testName>testGetPeriodType_Object</testName>
          <skipped>false</skipped>
          <failedSince>0</failedSince>
        </case>
        <case>
          <duration>0.0</duration>
          <className>org.joda.time.convert.TestReadableIntervalConverter</className>
          <testName>testGetDurationMillis_Object</testName>
          <skipped>false</skipped>
          <failedSince>0</failedSince>
        </case>
        <case>
          <duration>0.0</duration>
          <className>org.joda.time.convert.TestReadableIntervalConverter</className>
          <testName>testSupportedType</testName>
          <skipped>false</skipped>
          <failedSince>0</failedSince>
        </case>
        <case>
          <duration>0.0</duration>
          <className>org.joda.time.convert.TestReadableInstantConverter</className>
          <testName>testToString</testName>
          <skipped>false</skipped>
          <failedSince>0</failedSince>
        </case>
        <case>
          <duration>0.001</duration>
          <className>org.joda.time.convert.TestReadableInstantConverter</className>
          <testName>testSingleton</testName>
          <skipped>false</skipped>
          <failedSince>0</failedSince>
        </case>
        <case>
          <duration>0.0</duration>
          <className>org.joda.time.convert.TestReadableInstantConverter</className>
          <testName>testGetInstantMillis_Object_Chronology</testName>
          <skipped>false</skipped>
          <failedSince>0</failedSince>
        </case>
        <case>
          <duration>0.0</duration>
          <className>org.joda.time.convert.TestReadableInstantConverter</className>
          <testName>testGetChronology_Object_Zone</testName>
          <skipped>false</skipped>
          <failedSince>0</failedSince>
        </case>
        <case>
          <duration>0.001</duration>
          <className>org.joda.time.convert.TestReadableInstantConverter</className>
          <testName>testGetChronology_Object_nullChronology</testName>
          <skipped>false</skipped>
          <failedSince>0</failedSince>
        </case>
        <case>
          <duration>0.0</duration>
          <className>org.joda.time.convert.TestReadableInstantConverter</className>
          <testName>testGetChronology_Object_Chronology</testName>
          <skipped>false</skipped>
          <failedSince>0</failedSince>
        </case>
        <case>
          <duration>0.0</duration>
          <className>org.joda.time.convert.TestReadableInstantConverter</className>
          <testName>testSupportedType</testName>
          <skipped>false</skipped>
          <failedSince>0</failedSince>
        </case>
        <case>
          <duration>0.0</duration>
          <className>org.joda.time.convert.TestReadableInstantConverter</className>
          <testName>testGetPartialValues</testName>
          <skipped>false</skipped>
          <failedSince>0</failedSince>
        </case>
        <case>
          <duration>0.0</duration>
          <className>org.joda.time.convert.TestReadablePartialConverter</className>
          <testName>testToString</testName>
          <skipped>false</skipped>
          <failedSince>0</failedSince>
        </case>
        <case>
          <duration>0.0</duration>
          <className>org.joda.time.convert.TestReadablePartialConverter</className>
          <testName>testSingleton</testName>
          <skipped>false</skipped>
          <failedSince>0</failedSince>
        </case>
        <case>
          <duration>0.001</duration>
          <className>org.joda.time.convert.TestReadablePartialConverter</className>
          <testName>testGetChronology_Object_Zone</testName>
          <skipped>false</skipped>
          <failedSince>0</failedSince>
        </case>
        <case>
          <duration>0.0</duration>
          <className>org.joda.time.convert.TestReadablePartialConverter</className>
          <testName>testGetChronology_Object_Chronology</testName>
          <skipped>false</skipped>
          <failedSince>0</failedSince>
        </case>
        <case>
          <duration>0.0</duration>
          <className>org.joda.time.convert.TestReadablePartialConverter</className>
          <testName>testSupportedType</testName>
          <skipped>false</skipped>
          <failedSince>0</failedSince>
        </case>
        <case>
          <duration>0.0</duration>
          <className>org.joda.time.convert.TestReadablePartialConverter</className>
          <testName>testGetPartialValues</testName>
          <skipped>false</skipped>
          <failedSince>0</failedSince>
        </case>
        <case>
          <duration>0.001</duration>
          <className>org.joda.time.convert.TestReadablePeriodConverter</className>
          <testName>testToString</testName>
          <skipped>false</skipped>
          <failedSince>0</failedSince>
        </case>
        <case>
          <duration>0.0</duration>
          <className>org.joda.time.convert.TestReadablePeriodConverter</className>
          <testName>testSingleton</testName>
          <skipped>false</skipped>
          <failedSince>0</failedSince>
        </case>
        <case>
          <duration>0.0</duration>
          <className>org.joda.time.convert.TestReadablePeriodConverter</className>
          <testName>testSetInto_Object</testName>
          <skipped>false</skipped>
          <failedSince>0</failedSince>
        </case>
        <case>
          <duration>0.0</duration>
          <className>org.joda.time.convert.TestReadablePeriodConverter</className>
          <testName>testGetPeriodType_Object</testName>
          <skipped>false</skipped>
          <failedSince>0</failedSince>
        </case>
        <case>
          <duration>0.0</duration>
          <className>org.joda.time.convert.TestReadablePeriodConverter</className>
          <testName>testSupportedType</testName>
          <skipped>false</skipped>
          <failedSince>0</failedSince>
        </case>
        <case>
          <duration>0.001</duration>
          <className>org.joda.time.convert.TestStringConverter</className>
          <testName>testSetIntoInterval_Object_Chronology4</testName>
          <skipped>false</skipped>
          <failedSince>0</failedSince>
        </case>
        <case>
          <duration>0.0</duration>
          <className>org.joda.time.convert.TestStringConverter</className>
          <testName>testSetIntoInterval_Object_Chronology5</testName>
          <skipped>false</skipped>
          <failedSince>0</failedSince>
        </case>
        <case>
          <duration>0.0</duration>
          <className>org.joda.time.convert.TestStringConverter</className>
          <testName>testSetIntoInterval_Object_Chronology6</testName>
          <skipped>false</skipped>
          <failedSince>0</failedSince>
        </case>
        <case>
          <duration>0.001</duration>
          <className>org.joda.time.convert.TestStringConverter</className>
          <testName>testSetIntoInterval_Object_Chronology7</testName>
          <skipped>false</skipped>
          <failedSince>0</failedSince>
        </case>
        <case>
          <duration>0.0</duration>
          <className>org.joda.time.convert.TestStringConverter</className>
          <testName>testSetIntoInterval_Object_Chronology8</testName>
          <skipped>false</skipped>
          <failedSince>0</failedSince>
        </case>
        <case>
          <duration>0.0</duration>
          <className>org.joda.time.convert.TestStringConverter</className>
          <testName>testSetIntoIntervalEx_Object_Chronology1</testName>
          <skipped>false</skipped>
          <failedSince>0</failedSince>
        </case>
        <case>
          <duration>0.0</duration>
          <className>org.joda.time.convert.TestStringConverter</className>
          <testName>testSetIntoIntervalEx_Object_Chronology2</testName>
          <skipped>false</skipped>
          <failedSince>0</failedSince>
        </case>
        <case>
          <duration>0.0</duration>
          <className>org.joda.time.convert.TestStringConverter</className>
          <testName>testSetIntoIntervalEx_Object_Chronology3</testName>
          <skipped>false</skipped>
          <failedSince>0</failedSince>
        </case>
        <case>
          <duration>0.0</duration>
          <className>org.joda.time.convert.TestStringConverter</className>
          <testName>testSetIntoIntervalEx_Object_Chronology4</testName>
          <skipped>false</skipped>
          <failedSince>0</failedSince>
        </case>
        <case>
          <duration>0.0</duration>
          <className>org.joda.time.convert.TestStringConverter</className>
          <testName>testSetIntoIntervalEx_Object_Chronology5</testName>
          <skipped>false</skipped>
          <failedSince>0</failedSince>
        </case>
        <case>
          <duration>0.003</duration>
          <className>org.joda.time.convert.TestStringConverter</className>
          <testName>testSetIntoPeriod_Object2</testName>
          <skipped>false</skipped>
          <failedSince>0</failedSince>
        </case>
        <case>
          <duration>0.0</duration>
          <className>org.joda.time.convert.TestStringConverter</className>
          <testName>testSetIntoPeriod_Object1</testName>
          <skipped>false</skipped>
          <failedSince>0</failedSince>
        </case>
        <case>
          <duration>0.0</duration>
          <className>org.joda.time.convert.TestStringConverter</className>
          <testName>testGetInstantMillis_Object</testName>
          <skipped>false</skipped>
          <failedSince>0</failedSince>
        </case>
        <case>
          <duration>0.0</duration>
          <className>org.joda.time.convert.TestStringConverter</className>
          <testName>testGetInstantMillis_Object_Zone</testName>
          <skipped>false</skipped>
          <failedSince>0</failedSince>
        </case>
        <case>
          <duration>0.0</duration>
          <className>org.joda.time.convert.TestStringConverter</className>
          <testName>testGetInstantMillisInvalid</testName>
          <skipped>false</skipped>
          <failedSince>0</failedSince>
        </case>
        <case>
          <duration>0.0</duration>
          <className>org.joda.time.convert.TestStringConverter</className>
          <testName>testGetDateTime</testName>
          <skipped>false</skipped>
          <failedSince>0</failedSince>
        </case>
        <case>
          <duration>0.0</duration>
          <className>org.joda.time.convert.TestStringConverter</className>
          <testName>testGetDateTime1</testName>
          <skipped>false</skipped>
          <failedSince>0</failedSince>
        </case>
        <case>
          <duration>0.0</duration>
          <className>org.joda.time.convert.TestStringConverter</className>
          <testName>testGetDateTime2</testName>
          <skipped>false</skipped>
          <failedSince>0</failedSince>
        </case>
        <case>
          <duration>0.0</duration>
          <className>org.joda.time.convert.TestStringConverter</className>
          <testName>testGetDateTime3</testName>
          <skipped>false</skipped>
          <failedSince>0</failedSince>
        </case>
        <case>
          <duration>0.0</duration>
          <className>org.joda.time.convert.TestStringConverter</className>
          <testName>testGetDateTime4</testName>
          <skipped>false</skipped>
          <failedSince>0</failedSince>
        </case>
        <case>
          <duration>0.0</duration>
          <className>org.joda.time.convert.TestStringConverter</className>
          <testName>testGetDateTime5</testName>
          <skipped>false</skipped>
          <failedSince>0</failedSince>
        </case>
        <case>
          <duration>0.0</duration>
          <className>org.joda.time.convert.TestStringConverter</className>
          <testName>testGetDateTime6</testName>
          <skipped>false</skipped>
          <failedSince>0</failedSince>
        </case>
        <case>
          <duration>0.0</duration>
          <className>org.joda.time.convert.TestStringConverter</className>
          <testName>testGetDurationMillis_Object1</testName>
          <skipped>false</skipped>
          <failedSince>0</failedSince>
        </case>
        <case>
          <duration>0.0</duration>
          <className>org.joda.time.convert.TestStringConverter</className>
          <testName>testGetDurationMillis_Object2</testName>
          <skipped>false</skipped>
          <failedSince>0</failedSince>
        </case>
        <case>
          <duration>0.0</duration>
          <className>org.joda.time.convert.TestStringConverter</className>
          <testName>testSetIntoPeriod_Object3</testName>
          <skipped>false</skipped>
          <failedSince>0</failedSince>
        </case>
        <case>
          <duration>0.0</duration>
          <className>org.joda.time.convert.TestStringConverter</className>
          <testName>testSetIntoPeriod_Object4</testName>
          <skipped>false</skipped>
          <failedSince>0</failedSince>
        </case>
        <case>
          <duration>0.0</duration>
          <className>org.joda.time.convert.TestStringConverter</className>
          <testName>testSetIntoPeriod_Object5</testName>
          <skipped>false</skipped>
          <failedSince>0</failedSince>
        </case>
        <case>
          <duration>0.001</duration>
          <className>org.joda.time.convert.TestStringConverter</className>
          <testName>testSetIntoPeriod_Object6</testName>
          <skipped>false</skipped>
          <failedSince>0</failedSince>
        </case>
        <case>
          <duration>0.0</duration>
          <className>org.joda.time.convert.TestStringConverter</className>
          <testName>testSetIntoPeriod_Object7</testName>
          <skipped>false</skipped>
          <failedSince>0</failedSince>
        </case>
        <case>
          <duration>0.0</duration>
          <className>org.joda.time.convert.TestStringConverter</className>
          <testName>testSetIntoPeriod_Object8</testName>
          <skipped>false</skipped>
          <failedSince>0</failedSince>
        </case>
        <case>
          <duration>0.0</duration>
          <className>org.joda.time.convert.TestStringConverter</className>
          <testName>testSetIntoInterval_Object_Chronology1</testName>
          <skipped>false</skipped>
          <failedSince>0</failedSince>
        </case>
        <case>
          <duration>0.0</duration>
          <className>org.joda.time.convert.TestStringConverter</className>
          <testName>testSetIntoInterval_Object_Chronology2</testName>
          <skipped>false</skipped>
          <failedSince>0</failedSince>
        </case>
        <case>
          <duration>0.0</duration>
          <className>org.joda.time.convert.TestStringConverter</className>
          <testName>testSetIntoInterval_Object_Chronology3</testName>
          <skipped>false</skipped>
          <failedSince>0</failedSince>
        </case>
        <case>
          <duration>0.0</duration>
          <className>org.joda.time.convert.TestStringConverter</className>
          <testName>testToString</testName>
          <skipped>false</skipped>
          <failedSince>0</failedSince>
        </case>
        <case>
          <duration>0.0</duration>
          <className>org.joda.time.convert.TestStringConverter</className>
          <testName>testSingleton</testName>
          <skipped>false</skipped>
          <failedSince>0</failedSince>
        </case>
        <case>
          <duration>0.0</duration>
          <className>org.joda.time.convert.TestStringConverter</className>
          <testName>testIsReadableInterval_Object_Chronology</testName>
          <skipped>false</skipped>
          <failedSince>0</failedSince>
        </case>
        <case>
          <duration>0.0</duration>
          <className>org.joda.time.convert.TestStringConverter</className>
          <testName>testGetPeriodType_Object</testName>
          <skipped>false</skipped>
          <failedSince>0</failedSince>
        </case>
        <case>
          <duration>0.0</duration>
          <className>org.joda.time.convert.TestStringConverter</className>
          <testName>testGetInstantMillis_Object_Chronology</testName>
          <skipped>false</skipped>
          <failedSince>0</failedSince>
        </case>
        <case>
          <duration>0.0</duration>
          <className>org.joda.time.convert.TestStringConverter</className>
          <testName>testGetChronology_Object_Zone</testName>
          <skipped>false</skipped>
          <failedSince>0</failedSince>
        </case>
        <case>
          <duration>0.0</duration>
          <className>org.joda.time.convert.TestStringConverter</className>
          <testName>testGetChronology_Object_Chronology</testName>
          <skipped>false</skipped>
          <failedSince>0</failedSince>
        </case>
        <case>
          <duration>0.0</duration>
          <className>org.joda.time.convert.TestStringConverter</className>
          <testName>testSupportedType</testName>
          <skipped>false</skipped>
          <failedSince>0</failedSince>
        </case>
        <case>
          <duration>0.0</duration>
          <className>org.joda.time.convert.TestStringConverter</className>
          <testName>testGetPartialValues</testName>
          <skipped>false</skipped>
          <failedSince>0</failedSince>
        </case>
        <case>
          <duration>0.0</duration>
          <className>org.joda.time.field.TestFieldUtils</className>
          <testName>testSafeAddInt</testName>
          <skipped>false</skipped>
          <failedSince>0</failedSince>
        </case>
        <case>
          <duration>0.0</duration>
          <className>org.joda.time.field.TestFieldUtils</className>
          <testName>testSafeAddLong</testName>
          <skipped>false</skipped>
          <failedSince>0</failedSince>
        </case>
        <case>
          <duration>0.0</duration>
          <className>org.joda.time.field.TestFieldUtils</className>
          <testName>testSafeSubtractLong</testName>
          <skipped>false</skipped>
          <failedSince>0</failedSince>
        </case>
        <case>
          <duration>0.0</duration>
          <className>org.joda.time.field.TestFieldUtils</className>
          <testName>testSafeMultiplyLongLong</testName>
          <skipped>false</skipped>
          <failedSince>0</failedSince>
        </case>
        <case>
          <duration>0.0</duration>
          <className>org.joda.time.field.TestFieldUtils</className>
          <testName>testSafeMultiplyLongInt</testName>
          <skipped>false</skipped>
          <failedSince>0</failedSince>
        </case>
        <case>
          <duration>0.0</duration>
          <className>org.joda.time.field.TestFieldUtils</className>
          <testName>testSafeDivideLongLong</testName>
          <skipped>false</skipped>
          <failedSince>0</failedSince>
        </case>
        <case>
          <duration>0.001</duration>
          <className>org.joda.time.field.TestFieldUtils</className>
          <testName>testSafeDivideRoundingModeLong</testName>
          <skipped>false</skipped>
          <failedSince>0</failedSince>
        </case>
        <case>
          <duration>0.001</duration>
          <className>org.joda.time.field.TestBaseDateTimeField</className>
          <testName>test_get</testName>
          <skipped>false</skipped>
          <failedSince>0</failedSince>
        </case>
        <case>
          <duration>0.0</duration>
          <className>org.joda.time.field.TestBaseDateTimeField</className>
          <testName>test_constructor</testName>
          <skipped>false</skipped>
          <failedSince>0</failedSince>
        </case>
        <case>
          <duration>0.0</duration>
          <className>org.joda.time.field.TestBaseDateTimeField</className>
          <testName>test_getType</testName>
          <skipped>false</skipped>
          <failedSince>0</failedSince>
        </case>
        <case>
          <duration>0.0</duration>
          <className>org.joda.time.field.TestBaseDateTimeField</className>
          <testName>test_getName</testName>
          <skipped>false</skipped>
          <failedSince>0</failedSince>
        </case>
        <case>
          <duration>0.0</duration>
          <className>org.joda.time.field.TestBaseDateTimeField</className>
          <testName>test_toString</testName>
          <skipped>false</skipped>
          <failedSince>0</failedSince>
        </case>
        <case>
          <duration>0.001</duration>
          <className>org.joda.time.field.TestBaseDateTimeField</className>
          <testName>test_isSupported</testName>
          <skipped>false</skipped>
          <failedSince>0</failedSince>
        </case>
        <case>
          <duration>0.0</duration>
          <className>org.joda.time.field.TestBaseDateTimeField</className>
          <testName>test_getAsText_long_Locale</testName>
          <skipped>false</skipped>
          <failedSince>0</failedSince>
        </case>
        <case>
          <duration>0.0</duration>
          <className>org.joda.time.field.TestBaseDateTimeField</className>
          <testName>test_getAsText_long</testName>
          <skipped>false</skipped>
          <failedSince>0</failedSince>
        </case>
        <case>
          <duration>0.0</duration>
          <className>org.joda.time.field.TestBaseDateTimeField</className>
          <testName>test_getAsText_RP_int_Locale</testName>
          <skipped>false</skipped>
          <failedSince>0</failedSince>
        </case>
        <case>
          <duration>0.0</duration>
          <className>org.joda.time.field.TestBaseDateTimeField</className>
          <testName>test_getAsText_RP_Locale</testName>
          <skipped>false</skipped>
          <failedSince>0</failedSince>
        </case>
        <case>
          <duration>0.0</duration>
          <className>org.joda.time.field.TestBaseDateTimeField</className>
          <testName>test_getAsText_int_Locale</testName>
          <skipped>false</skipped>
          <failedSince>0</failedSince>
        </case>
        <case>
          <duration>0.0</duration>
          <className>org.joda.time.field.TestBaseDateTimeField</className>
          <testName>test_getAsShortText_long_Locale</testName>
          <skipped>false</skipped>
          <failedSince>0</failedSince>
        </case>
        <case>
          <duration>0.0</duration>
          <className>org.joda.time.field.TestBaseDateTimeField</className>
          <testName>test_getAsShortText_long</testName>
          <skipped>false</skipped>
          <failedSince>0</failedSince>
        </case>
        <case>
          <duration>0.0</duration>
          <className>org.joda.time.field.TestBaseDateTimeField</className>
          <testName>test_getAsShortText_RP_int_Locale</testName>
          <skipped>false</skipped>
          <failedSince>0</failedSince>
        </case>
        <case>
          <duration>0.001</duration>
          <className>org.joda.time.field.TestBaseDateTimeField</className>
          <testName>test_getAsShortText_RP_Locale</testName>
          <skipped>false</skipped>
          <failedSince>0</failedSince>
        </case>
        <case>
          <duration>0.0</duration>
          <className>org.joda.time.field.TestBaseDateTimeField</className>
          <testName>test_getAsShortText_int_Locale</testName>
          <skipped>false</skipped>
          <failedSince>0</failedSince>
        </case>
        <case>
          <duration>0.0</duration>
          <className>org.joda.time.field.TestBaseDateTimeField</className>
          <testName>test_add_long_int</testName>
          <skipped>false</skipped>
          <failedSince>0</failedSince>
        </case>
        <case>
          <duration>0.0</duration>
          <className>org.joda.time.field.TestBaseDateTimeField</className>
          <testName>test_add_long_long</testName>
          <skipped>false</skipped>
          <failedSince>0</failedSince>
        </case>
        <case>
          <duration>0.001</duration>
          <className>org.joda.time.field.TestBaseDateTimeField</className>
          <testName>test_add_RP_int_intarray_int</testName>
          <skipped>false</skipped>
          <failedSince>0</failedSince>
        </case>
        <case>
          <duration>0.0</duration>
          <className>org.joda.time.field.TestBaseDateTimeField</className>
          <testName>test_addWrapField_long_int</testName>
          <skipped>false</skipped>
          <failedSince>0</failedSince>
        </case>
        <case>
          <duration>0.0</duration>
          <className>org.joda.time.field.TestBaseDateTimeField</className>
          <testName>test_addWrapField_RP_int_intarray_int</testName>
          <skipped>false</skipped>
          <failedSince>0</failedSince>
        </case>
        <case>
          <duration>0.0</duration>
          <className>org.joda.time.field.TestBaseDateTimeField</className>
          <testName>test_getDifference_long_long</testName>
          <skipped>false</skipped>
          <failedSince>0</failedSince>
        </case>
        <case>
          <duration>0.0</duration>
          <className>org.joda.time.field.TestBaseDateTimeField</className>
          <testName>test_getDifferenceAsLong_long_long</testName>
          <skipped>false</skipped>
          <failedSince>0</failedSince>
        </case>
        <case>
          <duration>0.0</duration>
          <className>org.joda.time.field.TestBaseDateTimeField</className>
          <testName>test_set_long_int</testName>
          <skipped>false</skipped>
          <failedSince>0</failedSince>
        </case>
        <case>
          <duration>0.0</duration>
          <className>org.joda.time.field.TestBaseDateTimeField</className>
          <testName>test_set_RP_int_intarray_int</testName>
          <skipped>false</skipped>
          <failedSince>0</failedSince>
        </case>
        <case>
          <duration>0.0</duration>
          <className>org.joda.time.field.TestBaseDateTimeField</className>
          <testName>test_set_long_String_Locale</testName>
          <skipped>false</skipped>
          <failedSince>0</failedSince>
        </case>
        <case>
          <duration>0.0</duration>
          <className>org.joda.time.field.TestBaseDateTimeField</className>
          <testName>test_set_long_String</testName>
          <skipped>false</skipped>
          <failedSince>0</failedSince>
        </case>
        <case>
          <duration>0.0</duration>
          <className>org.joda.time.field.TestBaseDateTimeField</className>
          <testName>test_set_RP_int_intarray_String_Locale</testName>
          <skipped>false</skipped>
          <failedSince>0</failedSince>
        </case>
        <case>
          <duration>0.0</duration>
          <className>org.joda.time.field.TestBaseDateTimeField</className>
          <testName>test_convertText</testName>
          <skipped>false</skipped>
          <failedSince>0</failedSince>
        </case>
        <case>
          <duration>0.0</duration>
          <className>org.joda.time.field.TestBaseDateTimeField</className>
          <testName>test_isLeap_long</testName>
          <skipped>false</skipped>
          <failedSince>0</failedSince>
        </case>
        <case>
          <duration>0.001</duration>
          <className>org.joda.time.field.TestBaseDateTimeField</className>
          <testName>test_getLeapAmount_long</testName>
          <skipped>false</skipped>
          <failedSince>0</failedSince>
        </case>
        <case>
          <duration>0.0</duration>
          <className>org.joda.time.field.TestBaseDateTimeField</className>
          <testName>test_getLeapDurationField</testName>
          <skipped>false</skipped>
          <failedSince>0</failedSince>
        </case>
        <case>
          <duration>0.0</duration>
          <className>org.joda.time.field.TestBaseDateTimeField</className>
          <testName>test_getMinimumValue</testName>
          <skipped>false</skipped>
          <failedSince>0</failedSince>
        </case>
        <case>
          <duration>0.0</duration>
          <className>org.joda.time.field.TestBaseDateTimeField</className>
          <testName>test_getMinimumValue_long</testName>
          <skipped>false</skipped>
          <failedSince>0</failedSince>
        </case>
        <case>
          <duration>0.0</duration>
          <className>org.joda.time.field.TestBaseDateTimeField</className>
          <testName>test_getMinimumValue_RP</testName>
          <skipped>false</skipped>
          <failedSince>0</failedSince>
        </case>
        <case>
          <duration>0.0</duration>
          <className>org.joda.time.field.TestBaseDateTimeField</className>
          <testName>test_getMinimumValue_RP_intarray</testName>
          <skipped>false</skipped>
          <failedSince>0</failedSince>
        </case>
        <case>
          <duration>0.0</duration>
          <className>org.joda.time.field.TestBaseDateTimeField</className>
          <testName>test_getMaximumValue</testName>
          <skipped>false</skipped>
          <failedSince>0</failedSince>
        </case>
        <case>
          <duration>0.0</duration>
          <className>org.joda.time.field.TestBaseDateTimeField</className>
          <testName>test_getMaximumValue_long</testName>
          <skipped>false</skipped>
          <failedSince>0</failedSince>
        </case>
        <case>
          <duration>0.0</duration>
          <className>org.joda.time.field.TestBaseDateTimeField</className>
          <testName>test_getMaximumValue_RP</testName>
          <skipped>false</skipped>
          <failedSince>0</failedSince>
        </case>
        <case>
          <duration>0.0</duration>
          <className>org.joda.time.field.TestBaseDateTimeField</className>
          <testName>test_getMaximumValue_RP_intarray</testName>
          <skipped>false</skipped>
          <failedSince>0</failedSince>
        </case>
        <case>
          <duration>0.001</duration>
          <className>org.joda.time.field.TestBaseDateTimeField</className>
          <testName>test_getMaximumTextLength_Locale</testName>
          <skipped>false</skipped>
          <failedSince>0</failedSince>
        </case>
        <case>
          <duration>0.0</duration>
          <className>org.joda.time.field.TestBaseDateTimeField</className>
          <testName>test_getMaximumShortTextLength_Locale</testName>
          <skipped>false</skipped>
          <failedSince>0</failedSince>
        </case>
        <case>
          <duration>0.0</duration>
          <className>org.joda.time.field.TestBaseDateTimeField</className>
          <testName>test_roundFloor_long</testName>
          <skipped>false</skipped>
          <failedSince>0</failedSince>
        </case>
        <case>
          <duration>0.0</duration>
          <className>org.joda.time.field.TestBaseDateTimeField</className>
          <testName>test_roundCeiling_long</testName>
          <skipped>false</skipped>
          <failedSince>0</failedSince>
        </case>
        <case>
          <duration>0.0</duration>
          <className>org.joda.time.field.TestBaseDateTimeField</className>
          <testName>test_roundHalfFloor_long</testName>
          <skipped>false</skipped>
          <failedSince>0</failedSince>
        </case>
        <case>
          <duration>0.0</duration>
          <className>org.joda.time.field.TestBaseDateTimeField</className>
          <testName>test_roundHalfCeiling_long</testName>
          <skipped>false</skipped>
          <failedSince>0</failedSince>
        </case>
        <case>
          <duration>0.0</duration>
          <className>org.joda.time.field.TestBaseDateTimeField</className>
          <testName>test_roundHalfEven_long</testName>
          <skipped>false</skipped>
          <failedSince>0</failedSince>
        </case>
        <case>
          <duration>0.0</duration>
          <className>org.joda.time.field.TestBaseDateTimeField</className>
          <testName>test_remainder_long</testName>
          <skipped>false</skipped>
          <failedSince>0</failedSince>
        </case>
        <case>
          <duration>0.0</duration>
          <className>org.joda.time.field.TestOffsetDateTimeField</className>
          <testName>test_get</testName>
          <skipped>false</skipped>
          <failedSince>0</failedSince>
        </case>
        <case>
          <duration>0.0</duration>
          <className>org.joda.time.field.TestOffsetDateTimeField</className>
          <testName>test_getType</testName>
          <skipped>false</skipped>
          <failedSince>0</failedSince>
        </case>
        <case>
          <duration>0.0</duration>
          <className>org.joda.time.field.TestOffsetDateTimeField</className>
          <testName>test_getName</testName>
          <skipped>false</skipped>
          <failedSince>0</failedSince>
        </case>
        <case>
          <duration>0.0</duration>
          <className>org.joda.time.field.TestOffsetDateTimeField</className>
          <testName>test_toString</testName>
          <skipped>false</skipped>
          <failedSince>0</failedSince>
        </case>
        <case>
          <duration>0.0</duration>
          <className>org.joda.time.field.TestOffsetDateTimeField</className>
          <testName>test_isSupported</testName>
          <skipped>false</skipped>
          <failedSince>0</failedSince>
        </case>
        <case>
          <duration>0.0</duration>
          <className>org.joda.time.field.TestOffsetDateTimeField</className>
          <testName>test_getAsText_long_Locale</testName>
          <skipped>false</skipped>
          <failedSince>0</failedSince>
        </case>
        <case>
          <duration>0.0</duration>
          <className>org.joda.time.field.TestOffsetDateTimeField</className>
          <testName>test_getAsText_long</testName>
          <skipped>false</skipped>
          <failedSince>0</failedSince>
        </case>
        <case>
          <duration>0.0</duration>
          <className>org.joda.time.field.TestOffsetDateTimeField</className>
          <testName>test_getAsText_RP_int_Locale</testName>
          <skipped>false</skipped>
          <failedSince>0</failedSince>
        </case>
        <case>
          <duration>0.0</duration>
          <className>org.joda.time.field.TestOffsetDateTimeField</className>
          <testName>test_getAsText_RP_Locale</testName>
          <skipped>false</skipped>
          <failedSince>0</failedSince>
        </case>
        <case>
          <duration>0.0</duration>
          <className>org.joda.time.field.TestOffsetDateTimeField</className>
          <testName>test_getAsText_int_Locale</testName>
          <skipped>false</skipped>
          <failedSince>0</failedSince>
        </case>
        <case>
          <duration>0.0</duration>
          <className>org.joda.time.field.TestOffsetDateTimeField</className>
          <testName>test_getAsShortText_long_Locale</testName>
          <skipped>false</skipped>
          <failedSince>0</failedSince>
        </case>
        <case>
          <duration>0.0</duration>
          <className>org.joda.time.field.TestOffsetDateTimeField</className>
          <testName>test_getAsShortText_long</testName>
          <skipped>false</skipped>
          <failedSince>0</failedSince>
        </case>
        <case>
          <duration>0.0</duration>
          <className>org.joda.time.field.TestOffsetDateTimeField</className>
          <testName>test_getAsShortText_RP_int_Locale</testName>
          <skipped>false</skipped>
          <failedSince>0</failedSince>
        </case>
        <case>
          <duration>0.0</duration>
          <className>org.joda.time.field.TestOffsetDateTimeField</className>
          <testName>test_getAsShortText_RP_Locale</testName>
          <skipped>false</skipped>
          <failedSince>0</failedSince>
        </case>
        <case>
          <duration>0.0</duration>
          <className>org.joda.time.field.TestOffsetDateTimeField</className>
          <testName>test_getAsShortText_int_Locale</testName>
          <skipped>false</skipped>
          <failedSince>0</failedSince>
        </case>
        <case>
          <duration>0.0</duration>
          <className>org.joda.time.field.TestOffsetDateTimeField</className>
          <testName>test_add_long_int</testName>
          <skipped>false</skipped>
          <failedSince>0</failedSince>
        </case>
        <case>
          <duration>0.0</duration>
          <className>org.joda.time.field.TestOffsetDateTimeField</className>
          <testName>test_add_long_long</testName>
          <skipped>false</skipped>
          <failedSince>0</failedSince>
        </case>
        <case>
          <duration>0.0</duration>
          <className>org.joda.time.field.TestOffsetDateTimeField</className>
          <testName>test_add_RP_int_intarray_int</testName>
          <skipped>false</skipped>
          <failedSince>0</failedSince>
        </case>
        <case>
          <duration>0.0</duration>
          <className>org.joda.time.field.TestOffsetDateTimeField</className>
          <testName>test_addWrapField_long_int</testName>
          <skipped>false</skipped>
          <failedSince>0</failedSince>
        </case>
        <case>
          <duration>0.0</duration>
          <className>org.joda.time.field.TestOffsetDateTimeField</className>
          <testName>test_addWrapField_RP_int_intarray_int</testName>
          <skipped>false</skipped>
          <failedSince>0</failedSince>
        </case>
        <case>
          <duration>0.0</duration>
          <className>org.joda.time.field.TestOffsetDateTimeField</className>
          <testName>test_getDifference_long_long</testName>
          <skipped>false</skipped>
          <failedSince>0</failedSince>
        </case>
        <case>
          <duration>0.0</duration>
          <className>org.joda.time.field.TestOffsetDateTimeField</className>
          <testName>test_getDifferenceAsLong_long_long</testName>
          <skipped>false</skipped>
          <failedSince>0</failedSince>
        </case>
        <case>
          <duration>0.0</duration>
          <className>org.joda.time.field.TestOffsetDateTimeField</className>
          <testName>test_set_long_int</testName>
          <skipped>false</skipped>
          <failedSince>0</failedSince>
        </case>
        <case>
          <duration>0.0</duration>
          <className>org.joda.time.field.TestOffsetDateTimeField</className>
          <testName>test_set_RP_int_intarray_int</testName>
          <skipped>false</skipped>
          <failedSince>0</failedSince>
        </case>
        <case>
          <duration>0.0</duration>
          <className>org.joda.time.field.TestOffsetDateTimeField</className>
          <testName>test_set_long_String_Locale</testName>
          <skipped>false</skipped>
          <failedSince>0</failedSince>
        </case>
        <case>
          <duration>0.0</duration>
          <className>org.joda.time.field.TestOffsetDateTimeField</className>
          <testName>test_set_long_String</testName>
          <skipped>false</skipped>
          <failedSince>0</failedSince>
        </case>
        <case>
          <duration>0.0</duration>
          <className>org.joda.time.field.TestOffsetDateTimeField</className>
          <testName>test_set_RP_int_intarray_String_Locale</testName>
          <skipped>false</skipped>
          <failedSince>0</failedSince>
        </case>
        <case>
          <duration>0.0</duration>
          <className>org.joda.time.field.TestOffsetDateTimeField</className>
          <testName>test_convertText</testName>
          <skipped>false</skipped>
          <failedSince>0</failedSince>
        </case>
        <case>
          <duration>0.0</duration>
          <className>org.joda.time.field.TestOffsetDateTimeField</className>
          <testName>test_isLeap_long</testName>
          <skipped>false</skipped>
          <failedSince>0</failedSince>
        </case>
        <case>
          <duration>0.0</duration>
          <className>org.joda.time.field.TestOffsetDateTimeField</className>
          <testName>test_getLeapAmount_long</testName>
          <skipped>false</skipped>
          <failedSince>0</failedSince>
        </case>
        <case>
          <duration>0.0</duration>
          <className>org.joda.time.field.TestOffsetDateTimeField</className>
          <testName>test_getLeapDurationField</testName>
          <skipped>false</skipped>
          <failedSince>0</failedSince>
        </case>
        <case>
          <duration>0.001</duration>
          <className>org.joda.time.field.TestOffsetDateTimeField</className>
          <testName>test_getMinimumValue</testName>
          <skipped>false</skipped>
          <failedSince>0</failedSince>
        </case>
        <case>
          <duration>0.0</duration>
          <className>org.joda.time.field.TestOffsetDateTimeField</className>
          <testName>test_getMinimumValue_long</testName>
          <skipped>false</skipped>
          <failedSince>0</failedSince>
        </case>
        <case>
          <duration>0.0</duration>
          <className>org.joda.time.field.TestOffsetDateTimeField</className>
          <testName>test_getMinimumValue_RP</testName>
          <skipped>false</skipped>
          <failedSince>0</failedSince>
        </case>
        <case>
          <duration>0.0</duration>
          <className>org.joda.time.field.TestOffsetDateTimeField</className>
          <testName>test_getMinimumValue_RP_intarray</testName>
          <skipped>false</skipped>
          <failedSince>0</failedSince>
        </case>
        <case>
          <duration>0.0</duration>
          <className>org.joda.time.field.TestOffsetDateTimeField</className>
          <testName>test_getMaximumValue</testName>
          <skipped>false</skipped>
          <failedSince>0</failedSince>
        </case>
        <case>
          <duration>0.0</duration>
          <className>org.joda.time.field.TestOffsetDateTimeField</className>
          <testName>test_getMaximumValue_long</testName>
          <skipped>false</skipped>
          <failedSince>0</failedSince>
        </case>
        <case>
          <duration>0.0</duration>
          <className>org.joda.time.field.TestOffsetDateTimeField</className>
          <testName>test_getMaximumValue_RP</testName>
          <skipped>false</skipped>
          <failedSince>0</failedSince>
        </case>
        <case>
          <duration>0.0</duration>
          <className>org.joda.time.field.TestOffsetDateTimeField</className>
          <testName>test_getMaximumValue_RP_intarray</testName>
          <skipped>false</skipped>
          <failedSince>0</failedSince>
        </case>
        <case>
          <duration>0.0</duration>
          <className>org.joda.time.field.TestOffsetDateTimeField</className>
          <testName>test_getMaximumTextLength_Locale</testName>
          <skipped>false</skipped>
          <failedSince>0</failedSince>
        </case>
        <case>
          <duration>0.0</duration>
          <className>org.joda.time.field.TestOffsetDateTimeField</className>
          <testName>test_getMaximumShortTextLength_Locale</testName>
          <skipped>false</skipped>
          <failedSince>0</failedSince>
        </case>
        <case>
          <duration>0.0</duration>
          <className>org.joda.time.field.TestOffsetDateTimeField</className>
          <testName>test_roundFloor_long</testName>
          <skipped>false</skipped>
          <failedSince>0</failedSince>
        </case>
        <case>
          <duration>0.0</duration>
          <className>org.joda.time.field.TestOffsetDateTimeField</className>
          <testName>test_roundCeiling_long</testName>
          <skipped>false</skipped>
          <failedSince>0</failedSince>
        </case>
        <case>
          <duration>0.0</duration>
          <className>org.joda.time.field.TestOffsetDateTimeField</className>
          <testName>test_roundHalfFloor_long</testName>
          <skipped>false</skipped>
          <failedSince>0</failedSince>
        </case>
        <case>
          <duration>0.0</duration>
          <className>org.joda.time.field.TestOffsetDateTimeField</className>
          <testName>test_roundHalfCeiling_long</testName>
          <skipped>false</skipped>
          <failedSince>0</failedSince>
        </case>
        <case>
          <duration>0.0</duration>
          <className>org.joda.time.field.TestOffsetDateTimeField</className>
          <testName>test_roundHalfEven_long</testName>
          <skipped>false</skipped>
          <failedSince>0</failedSince>
        </case>
        <case>
          <duration>0.0</duration>
          <className>org.joda.time.field.TestOffsetDateTimeField</className>
          <testName>test_remainder_long</testName>
          <skipped>false</skipped>
          <failedSince>0</failedSince>
        </case>
        <case>
          <duration>0.0</duration>
          <className>org.joda.time.field.TestOffsetDateTimeField</className>
          <testName>test_constructor2</testName>
          <skipped>false</skipped>
          <failedSince>0</failedSince>
        </case>
        <case>
          <duration>0.0</duration>
          <className>org.joda.time.field.TestOffsetDateTimeField</className>
          <testName>test_isLenient</testName>
          <skipped>false</skipped>
          <failedSince>0</failedSince>
        </case>
        <case>
          <duration>0.0</duration>
          <className>org.joda.time.field.TestOffsetDateTimeField</className>
          <testName>test_getOffset</testName>
          <skipped>false</skipped>
          <failedSince>0</failedSince>
        </case>
        <case>
          <duration>0.0</duration>
          <className>org.joda.time.field.TestOffsetDateTimeField</className>
          <testName>test_constructor1</testName>
          <skipped>false</skipped>
          <failedSince>0</failedSince>
        </case>
        <case>
          <duration>0.001</duration>
          <className>org.joda.time.field.TestPreciseDurationDateTimeField</className>
          <testName>test_get</testName>
          <skipped>false</skipped>
          <failedSince>0</failedSince>
        </case>
        <case>
          <duration>0.0</duration>
          <className>org.joda.time.field.TestPreciseDurationDateTimeField</className>
          <testName>test_constructor</testName>
          <skipped>false</skipped>
          <failedSince>0</failedSince>
        </case>
        <case>
          <duration>0.0</duration>
          <className>org.joda.time.field.TestPreciseDurationDateTimeField</className>
          <testName>test_getType</testName>
          <skipped>false</skipped>
          <failedSince>0</failedSince>
        </case>
        <case>
          <duration>0.0</duration>
          <className>org.joda.time.field.TestPreciseDurationDateTimeField</className>
          <testName>test_getName</testName>
          <skipped>false</skipped>
          <failedSince>0</failedSince>
        </case>
        <case>
          <duration>0.0</duration>
          <className>org.joda.time.field.TestPreciseDurationDateTimeField</className>
          <testName>test_toString</testName>
          <skipped>false</skipped>
          <failedSince>0</failedSince>
        </case>
        <case>
          <duration>0.0</duration>
          <className>org.joda.time.field.TestPreciseDurationDateTimeField</className>
          <testName>test_isSupported</testName>
          <skipped>false</skipped>
          <failedSince>0</failedSince>
        </case>
        <case>
          <duration>0.0</duration>
          <className>org.joda.time.field.TestPreciseDurationDateTimeField</className>
          <testName>test_getAsText_long_Locale</testName>
          <skipped>false</skipped>
          <failedSince>0</failedSince>
        </case>
        <case>
          <duration>0.0</duration>
          <className>org.joda.time.field.TestPreciseDurationDateTimeField</className>
          <testName>test_getAsText_long</testName>
          <skipped>false</skipped>
          <failedSince>0</failedSince>
        </case>
        <case>
          <duration>0.0</duration>
          <className>org.joda.time.field.TestPreciseDurationDateTimeField</className>
          <testName>test_getAsText_RP_int_Locale</testName>
          <skipped>false</skipped>
          <failedSince>0</failedSince>
        </case>
        <case>
          <duration>0.0</duration>
          <className>org.joda.time.field.TestPreciseDurationDateTimeField</className>
          <testName>test_getAsText_RP_Locale</testName>
          <skipped>false</skipped>
          <failedSince>0</failedSince>
        </case>
        <case>
          <duration>0.0</duration>
          <className>org.joda.time.field.TestPreciseDurationDateTimeField</className>
          <testName>test_getAsText_int_Locale</testName>
          <skipped>false</skipped>
          <failedSince>0</failedSince>
        </case>
        <case>
          <duration>0.0</duration>
          <className>org.joda.time.field.TestPreciseDurationDateTimeField</className>
          <testName>test_getAsShortText_long_Locale</testName>
          <skipped>false</skipped>
          <failedSince>0</failedSince>
        </case>
        <case>
          <duration>0.001</duration>
          <className>org.joda.time.field.TestPreciseDurationDateTimeField</className>
          <testName>test_getAsShortText_long</testName>
          <skipped>false</skipped>
          <failedSince>0</failedSince>
        </case>
        <case>
          <duration>0.0</duration>
          <className>org.joda.time.field.TestPreciseDurationDateTimeField</className>
          <testName>test_getAsShortText_RP_int_Locale</testName>
          <skipped>false</skipped>
          <failedSince>0</failedSince>
        </case>
        <case>
          <duration>0.0</duration>
          <className>org.joda.time.field.TestPreciseDurationDateTimeField</className>
          <testName>test_getAsShortText_RP_Locale</testName>
          <skipped>false</skipped>
          <failedSince>0</failedSince>
        </case>
        <case>
          <duration>0.0</duration>
          <className>org.joda.time.field.TestPreciseDurationDateTimeField</className>
          <testName>test_getAsShortText_int_Locale</testName>
          <skipped>false</skipped>
          <failedSince>0</failedSince>
        </case>
        <case>
          <duration>0.0</duration>
          <className>org.joda.time.field.TestPreciseDurationDateTimeField</className>
          <testName>test_add_long_int</testName>
          <skipped>false</skipped>
          <failedSince>0</failedSince>
        </case>
        <case>
          <duration>0.0</duration>
          <className>org.joda.time.field.TestPreciseDurationDateTimeField</className>
          <testName>test_add_long_long</testName>
          <skipped>false</skipped>
          <failedSince>0</failedSince>
        </case>
        <case>
          <duration>0.0</duration>
          <className>org.joda.time.field.TestPreciseDurationDateTimeField</className>
          <testName>test_add_RP_int_intarray_int</testName>
          <skipped>false</skipped>
          <failedSince>0</failedSince>
        </case>
        <case>
          <duration>0.0</duration>
          <className>org.joda.time.field.TestPreciseDurationDateTimeField</className>
          <testName>test_addWrapField_long_int</testName>
          <skipped>false</skipped>
          <failedSince>0</failedSince>
        </case>
        <case>
          <duration>0.0</duration>
          <className>org.joda.time.field.TestPreciseDurationDateTimeField</className>
          <testName>test_addWrapField_RP_int_intarray_int</testName>
          <skipped>false</skipped>
          <failedSince>0</failedSince>
        </case>
        <case>
          <duration>0.0</duration>
          <className>org.joda.time.field.TestPreciseDurationDateTimeField</className>
          <testName>test_getDifference_long_long</testName>
          <skipped>false</skipped>
          <failedSince>0</failedSince>
        </case>
        <case>
          <duration>0.0</duration>
          <className>org.joda.time.field.TestPreciseDurationDateTimeField</className>
          <testName>test_getDifferenceAsLong_long_long</testName>
          <skipped>false</skipped>
          <failedSince>0</failedSince>
        </case>
        <case>
          <duration>0.0</duration>
          <className>org.joda.time.field.TestPreciseDurationDateTimeField</className>
          <testName>test_set_long_int</testName>
          <skipped>false</skipped>
          <failedSince>0</failedSince>
        </case>
        <case>
          <duration>0.0</duration>
          <className>org.joda.time.field.TestPreciseDurationDateTimeField</className>
          <testName>test_set_RP_int_intarray_int</testName>
          <skipped>false</skipped>
          <failedSince>0</failedSince>
        </case>
        <case>
          <duration>0.0</duration>
          <className>org.joda.time.field.TestPreciseDurationDateTimeField</className>
          <testName>test_set_long_String_Locale</testName>
          <skipped>false</skipped>
          <failedSince>0</failedSince>
        </case>
        <case>
          <duration>0.0</duration>
          <className>org.joda.time.field.TestPreciseDurationDateTimeField</className>
          <testName>test_set_long_String</testName>
          <skipped>false</skipped>
          <failedSince>0</failedSince>
        </case>
        <case>
          <duration>0.0</duration>
          <className>org.joda.time.field.TestPreciseDurationDateTimeField</className>
          <testName>test_set_RP_int_intarray_String_Locale</testName>
          <skipped>false</skipped>
          <failedSince>0</failedSince>
        </case>
        <case>
          <duration>0.0</duration>
          <className>org.joda.time.field.TestPreciseDurationDateTimeField</className>
          <testName>test_convertText</testName>
          <skipped>false</skipped>
          <failedSince>0</failedSince>
        </case>
        <case>
          <duration>0.0</duration>
          <className>org.joda.time.field.TestPreciseDurationDateTimeField</className>
          <testName>test_isLeap_long</testName>
          <skipped>false</skipped>
          <failedSince>0</failedSince>
        </case>
        <case>
          <duration>0.001</duration>
          <className>org.joda.time.field.TestPreciseDurationDateTimeField</className>
          <testName>test_getLeapAmount_long</testName>
          <skipped>false</skipped>
          <failedSince>0</failedSince>
        </case>
        <case>
          <duration>0.0</duration>
          <className>org.joda.time.field.TestPreciseDurationDateTimeField</className>
          <testName>test_getLeapDurationField</testName>
          <skipped>false</skipped>
          <failedSince>0</failedSince>
        </case>
        <case>
          <duration>0.0</duration>
          <className>org.joda.time.field.TestPreciseDurationDateTimeField</className>
          <testName>test_getMinimumValue</testName>
          <skipped>false</skipped>
          <failedSince>0</failedSince>
        </case>
        <case>
          <duration>0.0</duration>
          <className>org.joda.time.field.TestPreciseDurationDateTimeField</className>
          <testName>test_getMinimumValue_long</testName>
          <skipped>false</skipped>
          <failedSince>0</failedSince>
        </case>
        <case>
          <duration>0.0</duration>
          <className>org.joda.time.field.TestPreciseDurationDateTimeField</className>
          <testName>test_getMinimumValue_RP</testName>
          <skipped>false</skipped>
          <failedSince>0</failedSince>
        </case>
        <case>
          <duration>0.0</duration>
          <className>org.joda.time.field.TestPreciseDurationDateTimeField</className>
          <testName>test_getMinimumValue_RP_intarray</testName>
          <skipped>false</skipped>
          <failedSince>0</failedSince>
        </case>
        <case>
          <duration>0.0</duration>
          <className>org.joda.time.field.TestPreciseDurationDateTimeField</className>
          <testName>test_getMaximumValue</testName>
          <skipped>false</skipped>
          <failedSince>0</failedSince>
        </case>
        <case>
          <duration>0.0</duration>
          <className>org.joda.time.field.TestPreciseDurationDateTimeField</className>
          <testName>test_getMaximumValue_long</testName>
          <skipped>false</skipped>
          <failedSince>0</failedSince>
        </case>
        <case>
          <duration>0.0</duration>
          <className>org.joda.time.field.TestPreciseDurationDateTimeField</className>
          <testName>test_getMaximumValue_RP</testName>
          <skipped>false</skipped>
          <failedSince>0</failedSince>
        </case>
        <case>
          <duration>0.0</duration>
          <className>org.joda.time.field.TestPreciseDurationDateTimeField</className>
          <testName>test_getMaximumValue_RP_intarray</testName>
          <skipped>false</skipped>
          <failedSince>0</failedSince>
        </case>
        <case>
          <duration>0.001</duration>
          <className>org.joda.time.field.TestPreciseDurationDateTimeField</className>
          <testName>test_getMaximumTextLength_Locale</testName>
          <skipped>false</skipped>
          <failedSince>0</failedSince>
        </case>
        <case>
          <duration>0.0</duration>
          <className>org.joda.time.field.TestPreciseDurationDateTimeField</className>
          <testName>test_getMaximumShortTextLength_Locale</testName>
          <skipped>false</skipped>
          <failedSince>0</failedSince>
        </case>
        <case>
          <duration>0.0</duration>
          <className>org.joda.time.field.TestPreciseDurationDateTimeField</className>
          <testName>test_roundFloor_long</testName>
          <skipped>false</skipped>
          <failedSince>0</failedSince>
        </case>
        <case>
          <duration>0.0</duration>
          <className>org.joda.time.field.TestPreciseDurationDateTimeField</className>
          <testName>test_roundCeiling_long</testName>
          <skipped>false</skipped>
          <failedSince>0</failedSince>
        </case>
        <case>
          <duration>0.0</duration>
          <className>org.joda.time.field.TestPreciseDurationDateTimeField</className>
          <testName>test_roundHalfFloor_long</testName>
          <skipped>false</skipped>
          <failedSince>0</failedSince>
        </case>
        <case>
          <duration>0.0</duration>
          <className>org.joda.time.field.TestPreciseDurationDateTimeField</className>
          <testName>test_roundHalfCeiling_long</testName>
          <skipped>false</skipped>
          <failedSince>0</failedSince>
        </case>
        <case>
          <duration>0.0</duration>
          <className>org.joda.time.field.TestPreciseDurationDateTimeField</className>
          <testName>test_roundHalfEven_long</testName>
          <skipped>false</skipped>
          <failedSince>0</failedSince>
        </case>
        <case>
          <duration>0.0</duration>
          <className>org.joda.time.field.TestPreciseDurationDateTimeField</className>
          <testName>test_remainder_long</testName>
          <skipped>false</skipped>
          <failedSince>0</failedSince>
        </case>
        <case>
          <duration>0.0</duration>
          <className>org.joda.time.field.TestPreciseDurationDateTimeField</className>
          <testName>test_isLenient</testName>
          <skipped>false</skipped>
          <failedSince>0</failedSince>
        </case>
        <case>
          <duration>0.001</duration>
          <className>org.joda.time.field.TestPreciseDateTimeField</className>
          <testName>test_get</testName>
          <skipped>false</skipped>
          <failedSince>0</failedSince>
        </case>
        <case>
          <duration>0.0</duration>
          <className>org.joda.time.field.TestPreciseDateTimeField</className>
          <testName>test_constructor</testName>
          <skipped>false</skipped>
          <failedSince>0</failedSince>
        </case>
        <case>
          <duration>0.0</duration>
          <className>org.joda.time.field.TestPreciseDateTimeField</className>
          <testName>test_getType</testName>
          <skipped>false</skipped>
          <failedSince>0</failedSince>
        </case>
        <case>
          <duration>0.0</duration>
          <className>org.joda.time.field.TestPreciseDateTimeField</className>
          <testName>test_getName</testName>
          <skipped>false</skipped>
          <failedSince>0</failedSince>
        </case>
        <case>
          <duration>0.0</duration>
          <className>org.joda.time.field.TestPreciseDateTimeField</className>
          <testName>test_toString</testName>
          <skipped>false</skipped>
          <failedSince>0</failedSince>
        </case>
        <case>
          <duration>0.0</duration>
          <className>org.joda.time.field.TestPreciseDateTimeField</className>
          <testName>test_isSupported</testName>
          <skipped>false</skipped>
          <failedSince>0</failedSince>
        </case>
        <case>
          <duration>0.0</duration>
          <className>org.joda.time.field.TestPreciseDateTimeField</className>
          <testName>test_getAsText_long_Locale</testName>
          <skipped>false</skipped>
          <failedSince>0</failedSince>
        </case>
        <case>
          <duration>0.0</duration>
          <className>org.joda.time.field.TestPreciseDateTimeField</className>
          <testName>test_getAsText_long</testName>
          <skipped>false</skipped>
          <failedSince>0</failedSince>
        </case>
        <case>
          <duration>0.0</duration>
          <className>org.joda.time.field.TestPreciseDateTimeField</className>
          <testName>test_getAsText_RP_int_Locale</testName>
          <skipped>false</skipped>
          <failedSince>0</failedSince>
        </case>
        <case>
          <duration>0.0</duration>
          <className>org.joda.time.field.TestPreciseDateTimeField</className>
          <testName>test_getAsText_RP_Locale</testName>
          <skipped>false</skipped>
          <failedSince>0</failedSince>
        </case>
        <case>
          <duration>0.0</duration>
          <className>org.joda.time.field.TestPreciseDateTimeField</className>
          <testName>test_getAsText_int_Locale</testName>
          <skipped>false</skipped>
          <failedSince>0</failedSince>
        </case>
        <case>
          <duration>0.0</duration>
          <className>org.joda.time.field.TestPreciseDateTimeField</className>
          <testName>test_getAsShortText_long_Locale</testName>
          <skipped>false</skipped>
          <failedSince>0</failedSince>
        </case>
        <case>
          <duration>0.0</duration>
          <className>org.joda.time.field.TestPreciseDateTimeField</className>
          <testName>test_getAsShortText_long</testName>
          <skipped>false</skipped>
          <failedSince>0</failedSince>
        </case>
        <case>
          <duration>0.0</duration>
          <className>org.joda.time.field.TestPreciseDateTimeField</className>
          <testName>test_getAsShortText_RP_int_Locale</testName>
          <skipped>false</skipped>
          <failedSince>0</failedSince>
        </case>
        <case>
          <duration>0.001</duration>
          <className>org.joda.time.field.TestPreciseDateTimeField</className>
          <testName>test_getAsShortText_RP_Locale</testName>
          <skipped>false</skipped>
          <failedSince>0</failedSince>
        </case>
        <case>
          <duration>0.0</duration>
          <className>org.joda.time.field.TestPreciseDateTimeField</className>
          <testName>test_getAsShortText_int_Locale</testName>
          <skipped>false</skipped>
          <failedSince>0</failedSince>
        </case>
        <case>
          <duration>0.0</duration>
          <className>org.joda.time.field.TestPreciseDateTimeField</className>
          <testName>test_add_long_int</testName>
          <skipped>false</skipped>
          <failedSince>0</failedSince>
        </case>
        <case>
          <duration>0.0</duration>
          <className>org.joda.time.field.TestPreciseDateTimeField</className>
          <testName>test_add_long_long</testName>
          <skipped>false</skipped>
          <failedSince>0</failedSince>
        </case>
        <case>
          <duration>0.0</duration>
          <className>org.joda.time.field.TestPreciseDateTimeField</className>
          <testName>test_add_RP_int_intarray_int</testName>
          <skipped>false</skipped>
          <failedSince>0</failedSince>
        </case>
        <case>
          <duration>0.0</duration>
          <className>org.joda.time.field.TestPreciseDateTimeField</className>
          <testName>test_addWrapField_long_int</testName>
          <skipped>false</skipped>
          <failedSince>0</failedSince>
        </case>
        <case>
          <duration>0.0</duration>
          <className>org.joda.time.field.TestPreciseDateTimeField</className>
          <testName>test_addWrapField_RP_int_intarray_int</testName>
          <skipped>false</skipped>
          <failedSince>0</failedSince>
        </case>
        <case>
          <duration>0.0</duration>
          <className>org.joda.time.field.TestPreciseDateTimeField</className>
          <testName>test_getDifference_long_long</testName>
          <skipped>false</skipped>
          <failedSince>0</failedSince>
        </case>
        <case>
          <duration>0.0</duration>
          <className>org.joda.time.field.TestPreciseDateTimeField</className>
          <testName>test_getDifferenceAsLong_long_long</testName>
          <skipped>false</skipped>
          <failedSince>0</failedSince>
        </case>
        <case>
          <duration>0.0</duration>
          <className>org.joda.time.field.TestPreciseDateTimeField</className>
          <testName>test_set_long_int</testName>
          <skipped>false</skipped>
          <failedSince>0</failedSince>
        </case>
        <case>
          <duration>0.0</duration>
          <className>org.joda.time.field.TestPreciseDateTimeField</className>
          <testName>test_set_RP_int_intarray_int</testName>
          <skipped>false</skipped>
          <failedSince>0</failedSince>
        </case>
        <case>
          <duration>0.0</duration>
          <className>org.joda.time.field.TestPreciseDateTimeField</className>
          <testName>test_set_long_String_Locale</testName>
          <skipped>false</skipped>
          <failedSince>0</failedSince>
        </case>
        <case>
          <duration>0.0</duration>
          <className>org.joda.time.field.TestPreciseDateTimeField</className>
          <testName>test_set_long_String</testName>
          <skipped>false</skipped>
          <failedSince>0</failedSince>
        </case>
        <case>
          <duration>0.0</duration>
          <className>org.joda.time.field.TestPreciseDateTimeField</className>
          <testName>test_set_RP_int_intarray_String_Locale</testName>
          <skipped>false</skipped>
          <failedSince>0</failedSince>
        </case>
        <case>
          <duration>0.0</duration>
          <className>org.joda.time.field.TestPreciseDateTimeField</className>
          <testName>test_convertText</testName>
          <skipped>false</skipped>
          <failedSince>0</failedSince>
        </case>
        <case>
          <duration>0.0</duration>
          <className>org.joda.time.field.TestPreciseDateTimeField</className>
          <testName>test_isLeap_long</testName>
          <skipped>false</skipped>
          <failedSince>0</failedSince>
        </case>
        <case>
          <duration>0.0</duration>
          <className>org.joda.time.field.TestPreciseDateTimeField</className>
          <testName>test_getLeapAmount_long</testName>
          <skipped>false</skipped>
          <failedSince>0</failedSince>
        </case>
        <case>
          <duration>0.001</duration>
          <className>org.joda.time.field.TestPreciseDateTimeField</className>
          <testName>test_getLeapDurationField</testName>
          <skipped>false</skipped>
          <failedSince>0</failedSince>
        </case>
        <case>
          <duration>0.0</duration>
          <className>org.joda.time.field.TestPreciseDateTimeField</className>
          <testName>test_getMinimumValue</testName>
          <skipped>false</skipped>
          <failedSince>0</failedSince>
        </case>
        <case>
          <duration>0.0</duration>
          <className>org.joda.time.field.TestPreciseDateTimeField</className>
          <testName>test_getMinimumValue_long</testName>
          <skipped>false</skipped>
          <failedSince>0</failedSince>
        </case>
        <case>
          <duration>0.0</duration>
          <className>org.joda.time.field.TestPreciseDateTimeField</className>
          <testName>test_getMinimumValue_RP</testName>
          <skipped>false</skipped>
          <failedSince>0</failedSince>
        </case>
        <case>
          <duration>0.0</duration>
          <className>org.joda.time.field.TestPreciseDateTimeField</className>
          <testName>test_getMinimumValue_RP_intarray</testName>
          <skipped>false</skipped>
          <failedSince>0</failedSince>
        </case>
        <case>
          <duration>0.0</duration>
          <className>org.joda.time.field.TestPreciseDateTimeField</className>
          <testName>test_getMaximumValue</testName>
          <skipped>false</skipped>
          <failedSince>0</failedSince>
        </case>
        <case>
          <duration>0.0</duration>
          <className>org.joda.time.field.TestPreciseDateTimeField</className>
          <testName>test_getMaximumValue_long</testName>
          <skipped>false</skipped>
          <failedSince>0</failedSince>
        </case>
        <case>
          <duration>0.0</duration>
          <className>org.joda.time.field.TestPreciseDateTimeField</className>
          <testName>test_getMaximumValue_RP</testName>
          <skipped>false</skipped>
          <failedSince>0</failedSince>
        </case>
        <case>
          <duration>0.0</duration>
          <className>org.joda.time.field.TestPreciseDateTimeField</className>
          <testName>test_getMaximumValue_RP_intarray</testName>
          <skipped>false</skipped>
          <failedSince>0</failedSince>
        </case>
        <case>
          <duration>0.0</duration>
          <className>org.joda.time.field.TestPreciseDateTimeField</className>
          <testName>test_getMaximumTextLength_Locale</testName>
          <skipped>false</skipped>
          <failedSince>0</failedSince>
        </case>
        <case>
          <duration>0.0</duration>
          <className>org.joda.time.field.TestPreciseDateTimeField</className>
          <testName>test_getMaximumShortTextLength_Locale</testName>
          <skipped>false</skipped>
          <failedSince>0</failedSince>
        </case>
        <case>
          <duration>0.0</duration>
          <className>org.joda.time.field.TestPreciseDateTimeField</className>
          <testName>test_roundFloor_long</testName>
          <skipped>false</skipped>
          <failedSince>0</failedSince>
        </case>
        <case>
          <duration>0.0</duration>
          <className>org.joda.time.field.TestPreciseDateTimeField</className>
          <testName>test_roundCeiling_long</testName>
          <skipped>false</skipped>
          <failedSince>0</failedSince>
        </case>
        <case>
          <duration>0.0</duration>
          <className>org.joda.time.field.TestPreciseDateTimeField</className>
          <testName>test_roundHalfFloor_long</testName>
          <skipped>false</skipped>
          <failedSince>0</failedSince>
        </case>
        <case>
          <duration>0.001</duration>
          <className>org.joda.time.field.TestPreciseDateTimeField</className>
          <testName>test_roundHalfCeiling_long</testName>
          <skipped>false</skipped>
          <failedSince>0</failedSince>
        </case>
        <case>
          <duration>0.0</duration>
          <className>org.joda.time.field.TestPreciseDateTimeField</className>
          <testName>test_roundHalfEven_long</testName>
          <skipped>false</skipped>
          <failedSince>0</failedSince>
        </case>
        <case>
          <duration>0.0</duration>
          <className>org.joda.time.field.TestPreciseDateTimeField</className>
          <testName>test_remainder_long</testName>
          <skipped>false</skipped>
          <failedSince>0</failedSince>
        </case>
        <case>
          <duration>0.0</duration>
          <className>org.joda.time.field.TestPreciseDateTimeField</className>
          <testName>test_getRange</testName>
          <skipped>false</skipped>
          <failedSince>0</failedSince>
        </case>
        <case>
          <duration>0.0</duration>
          <className>org.joda.time.field.TestMillisDurationField</className>
          <testName>test_getType</testName>
          <skipped>false</skipped>
          <failedSince>0</failedSince>
        </case>
        <case>
          <duration>0.0</duration>
          <className>org.joda.time.field.TestMillisDurationField</className>
          <testName>test_getName</testName>
          <skipped>false</skipped>
          <failedSince>0</failedSince>
        </case>
        <case>
          <duration>0.0</duration>
          <className>org.joda.time.field.TestMillisDurationField</className>
          <testName>test_toString</testName>
          <skipped>false</skipped>
          <failedSince>0</failedSince>
        </case>
        <case>
          <duration>0.0</duration>
          <className>org.joda.time.field.TestMillisDurationField</className>
          <testName>test_isSupported</testName>
          <skipped>false</skipped>
          <failedSince>0</failedSince>
        </case>
        <case>
          <duration>0.0</duration>
          <className>org.joda.time.field.TestMillisDurationField</className>
          <testName>test_add_long_int</testName>
          <skipped>false</skipped>
          <failedSince>0</failedSince>
        </case>
        <case>
          <duration>0.0</duration>
          <className>org.joda.time.field.TestMillisDurationField</className>
          <testName>test_add_long_long</testName>
          <skipped>false</skipped>
          <failedSince>0</failedSince>
        </case>
        <case>
          <duration>0.0</duration>
          <className>org.joda.time.field.TestMillisDurationField</className>
          <testName>test_getDifferenceAsLong_long_long</testName>
          <skipped>false</skipped>
          <failedSince>0</failedSince>
        </case>
        <case>
          <duration>0.001</duration>
          <className>org.joda.time.field.TestMillisDurationField</className>
          <testName>testSerialization</testName>
          <skipped>false</skipped>
          <failedSince>0</failedSince>
        </case>
        <case>
          <duration>0.0</duration>
          <className>org.joda.time.field.TestMillisDurationField</className>
          <testName>test_getValue_long</testName>
          <skipped>false</skipped>
          <failedSince>0</failedSince>
        </case>
        <case>
          <duration>0.001</duration>
          <className>org.joda.time.field.TestMillisDurationField</className>
          <testName>test_isPrecise</testName>
          <skipped>false</skipped>
          <failedSince>0</failedSince>
        </case>
        <case>
          <duration>0.0</duration>
          <className>org.joda.time.field.TestMillisDurationField</className>
          <testName>test_getValueAsLong_long</testName>
          <skipped>false</skipped>
          <failedSince>0</failedSince>
        </case>
        <case>
          <duration>0.0</duration>
          <className>org.joda.time.field.TestMillisDurationField</className>
          <testName>test_getUnitMillis</testName>
          <skipped>false</skipped>
          <failedSince>0</failedSince>
        </case>
        <case>
          <duration>0.0</duration>
          <className>org.joda.time.field.TestMillisDurationField</className>
          <testName>test_getValueAsLong_long_long</testName>
          <skipped>false</skipped>
          <failedSince>0</failedSince>
        </case>
        <case>
          <duration>0.0</duration>
          <className>org.joda.time.field.TestMillisDurationField</className>
          <testName>test_getValue_long_long</testName>
          <skipped>false</skipped>
          <failedSince>0</failedSince>
        </case>
        <case>
          <duration>0.0</duration>
          <className>org.joda.time.field.TestMillisDurationField</className>
          <testName>test_getMillis_int</testName>
          <skipped>false</skipped>
          <failedSince>0</failedSince>
        </case>
        <case>
          <duration>0.0</duration>
          <className>org.joda.time.field.TestMillisDurationField</className>
          <testName>test_getMillis_long</testName>
          <skipped>false</skipped>
          <failedSince>0</failedSince>
        </case>
        <case>
          <duration>0.0</duration>
          <className>org.joda.time.field.TestMillisDurationField</className>
          <testName>test_getMillis_int_long</testName>
          <skipped>false</skipped>
          <failedSince>0</failedSince>
        </case>
        <case>
          <duration>0.0</duration>
          <className>org.joda.time.field.TestMillisDurationField</className>
          <testName>test_getMillis_long_long</testName>
          <skipped>false</skipped>
          <failedSince>0</failedSince>
        </case>
        <case>
          <duration>0.0</duration>
          <className>org.joda.time.field.TestMillisDurationField</className>
          <testName>test_getDifference_long_int</testName>
          <skipped>false</skipped>
          <failedSince>0</failedSince>
        </case>
        <case>
          <duration>0.0</duration>
          <className>org.joda.time.field.TestMillisDurationField</className>
          <testName>test_compareTo</testName>
          <skipped>false</skipped>
          <failedSince>0</failedSince>
        </case>
        <case>
          <duration>0.001</duration>
          <className>org.joda.time.field.TestPreciseDurationField</className>
          <testName>test_hashCode</testName>
          <skipped>false</skipped>
          <failedSince>0</failedSince>
        </case>
        <case>
          <duration>0.0</duration>
          <className>org.joda.time.field.TestPreciseDurationField</className>
          <testName>test_constructor</testName>
          <skipped>false</skipped>
          <failedSince>0</failedSince>
        </case>
        <case>
          <duration>0.0</duration>
          <className>org.joda.time.field.TestPreciseDurationField</className>
          <testName>test_getType</testName>
          <skipped>false</skipped>
          <failedSince>0</failedSince>
        </case>
        <case>
          <duration>0.0</duration>
          <className>org.joda.time.field.TestPreciseDurationField</className>
          <testName>test_getName</testName>
          <skipped>false</skipped>
          <failedSince>0</failedSince>
        </case>
        <case>
          <duration>0.0</duration>
          <className>org.joda.time.field.TestPreciseDurationField</className>
          <testName>test_toString</testName>
          <skipped>false</skipped>
          <failedSince>0</failedSince>
        </case>
        <case>
          <duration>0.0</duration>
          <className>org.joda.time.field.TestPreciseDurationField</className>
          <testName>test_isSupported</testName>
          <skipped>false</skipped>
          <failedSince>0</failedSince>
        </case>
        <case>
          <duration>0.0</duration>
          <className>org.joda.time.field.TestPreciseDurationField</className>
          <testName>test_add_long_int</testName>
          <skipped>false</skipped>
          <failedSince>0</failedSince>
        </case>
        <case>
          <duration>0.0</duration>
          <className>org.joda.time.field.TestPreciseDurationField</className>
          <testName>test_add_long_long</testName>
          <skipped>false</skipped>
          <failedSince>0</failedSince>
        </case>
        <case>
          <duration>0.0</duration>
          <className>org.joda.time.field.TestPreciseDurationField</className>
          <testName>test_getDifferenceAsLong_long_long</testName>
          <skipped>false</skipped>
          <failedSince>0</failedSince>
        </case>
        <case>
          <duration>0.001</duration>
          <className>org.joda.time.field.TestPreciseDurationField</className>
          <testName>test_equals</testName>
          <skipped>false</skipped>
          <failedSince>0</failedSince>
        </case>
        <case>
          <duration>0.001</duration>
          <className>org.joda.time.field.TestPreciseDurationField</className>
          <testName>testSerialization</testName>
          <skipped>false</skipped>
          <failedSince>0</failedSince>
        </case>
        <case>
          <duration>0.001</duration>
          <className>org.joda.time.field.TestPreciseDurationField</className>
          <testName>test_getValue_long</testName>
          <skipped>false</skipped>
          <failedSince>0</failedSince>
        </case>
        <case>
          <duration>0.0</duration>
          <className>org.joda.time.field.TestPreciseDurationField</className>
          <testName>test_isPrecise</testName>
          <skipped>false</skipped>
          <failedSince>0</failedSince>
        </case>
        <case>
          <duration>0.0</duration>
          <className>org.joda.time.field.TestPreciseDurationField</className>
          <testName>test_getValueAsLong_long</testName>
          <skipped>false</skipped>
          <failedSince>0</failedSince>
        </case>
        <case>
          <duration>0.0</duration>
          <className>org.joda.time.field.TestPreciseDurationField</className>
          <testName>test_getUnitMillis</testName>
          <skipped>false</skipped>
          <failedSince>0</failedSince>
        </case>
        <case>
          <duration>0.0</duration>
          <className>org.joda.time.field.TestPreciseDurationField</className>
          <testName>test_getValueAsLong_long_long</testName>
          <skipped>false</skipped>
          <failedSince>0</failedSince>
        </case>
        <case>
          <duration>0.0</duration>
          <className>org.joda.time.field.TestPreciseDurationField</className>
          <testName>test_getValue_long_long</testName>
          <skipped>false</skipped>
          <failedSince>0</failedSince>
        </case>
        <case>
          <duration>0.0</duration>
          <className>org.joda.time.field.TestPreciseDurationField</className>
          <testName>test_getMillis_int</testName>
          <skipped>false</skipped>
          <failedSince>0</failedSince>
        </case>
        <case>
          <duration>0.0</duration>
          <className>org.joda.time.field.TestPreciseDurationField</className>
          <testName>test_getMillis_long</testName>
          <skipped>false</skipped>
          <failedSince>0</failedSince>
        </case>
        <case>
          <duration>0.0</duration>
          <className>org.joda.time.field.TestPreciseDurationField</className>
          <testName>test_getMillis_int_long</testName>
          <skipped>false</skipped>
          <failedSince>0</failedSince>
        </case>
        <case>
          <duration>0.0</duration>
          <className>org.joda.time.field.TestPreciseDurationField</className>
          <testName>test_getMillis_long_long</testName>
          <skipped>false</skipped>
          <failedSince>0</failedSince>
        </case>
        <case>
          <duration>0.0</duration>
          <className>org.joda.time.field.TestPreciseDurationField</className>
          <testName>test_getDifference_long_int</testName>
          <skipped>false</skipped>
          <failedSince>0</failedSince>
        </case>
        <case>
          <duration>0.0</duration>
          <className>org.joda.time.field.TestPreciseDurationField</className>
          <testName>test_compareTo</testName>
          <skipped>false</skipped>
          <failedSince>0</failedSince>
        </case>
        <case>
          <duration>0.0</duration>
          <className>org.joda.time.field.TestScaledDurationField</className>
          <testName>test_hashCode</testName>
          <skipped>false</skipped>
          <failedSince>0</failedSince>
        </case>
        <case>
          <duration>0.0</duration>
          <className>org.joda.time.field.TestScaledDurationField</className>
          <testName>test_constructor</testName>
          <skipped>false</skipped>
          <failedSince>0</failedSince>
        </case>
        <case>
          <duration>0.0</duration>
          <className>org.joda.time.field.TestScaledDurationField</className>
          <testName>test_getType</testName>
          <skipped>false</skipped>
          <failedSince>0</failedSince>
        </case>
        <case>
          <duration>0.0</duration>
          <className>org.joda.time.field.TestScaledDurationField</className>
          <testName>test_getName</testName>
          <skipped>false</skipped>
          <failedSince>0</failedSince>
        </case>
        <case>
          <duration>0.0</duration>
          <className>org.joda.time.field.TestScaledDurationField</className>
          <testName>test_toString</testName>
          <skipped>false</skipped>
          <failedSince>0</failedSince>
        </case>
        <case>
          <duration>0.001</duration>
          <className>org.joda.time.field.TestScaledDurationField</className>
          <testName>test_isSupported</testName>
          <skipped>false</skipped>
          <failedSince>0</failedSince>
        </case>
        <case>
          <duration>0.0</duration>
          <className>org.joda.time.field.TestScaledDurationField</className>
          <testName>test_add_long_int</testName>
          <skipped>false</skipped>
          <failedSince>0</failedSince>
        </case>
        <case>
          <duration>0.0</duration>
          <className>org.joda.time.field.TestScaledDurationField</className>
          <testName>test_add_long_long</testName>
          <skipped>false</skipped>
          <failedSince>0</failedSince>
        </case>
        <case>
          <duration>0.0</duration>
          <className>org.joda.time.field.TestScaledDurationField</className>
          <testName>test_getDifferenceAsLong_long_long</testName>
          <skipped>false</skipped>
          <failedSince>0</failedSince>
        </case>
        <case>
          <duration>0.0</duration>
          <className>org.joda.time.field.TestScaledDurationField</className>
          <testName>test_getScalar</testName>
          <skipped>false</skipped>
          <failedSince>0</failedSince>
        </case>
        <case>
          <duration>0.0</duration>
          <className>org.joda.time.field.TestScaledDurationField</className>
          <testName>test_equals</testName>
          <skipped>false</skipped>
          <failedSince>0</failedSince>
        </case>
        <case>
          <duration>0.001</duration>
          <className>org.joda.time.field.TestScaledDurationField</className>
          <testName>testSerialization</testName>
          <skipped>false</skipped>
          <failedSince>0</failedSince>
        </case>
        <case>
          <duration>0.001</duration>
          <className>org.joda.time.field.TestScaledDurationField</className>
          <testName>test_getValue_long</testName>
          <skipped>false</skipped>
          <failedSince>0</failedSince>
        </case>
        <case>
          <duration>0.0</duration>
          <className>org.joda.time.field.TestScaledDurationField</className>
          <testName>test_isPrecise</testName>
          <skipped>false</skipped>
          <failedSince>0</failedSince>
        </case>
        <case>
          <duration>0.0</duration>
          <className>org.joda.time.field.TestScaledDurationField</className>
          <testName>test_getValueAsLong_long</testName>
          <skipped>false</skipped>
          <failedSince>0</failedSince>
        </case>
        <case>
          <duration>0.0</duration>
          <className>org.joda.time.field.TestScaledDurationField</className>
          <testName>test_getUnitMillis</testName>
          <skipped>false</skipped>
          <failedSince>0</failedSince>
        </case>
        <case>
          <duration>0.0</duration>
          <className>org.joda.time.field.TestScaledDurationField</className>
          <testName>test_getValueAsLong_long_long</testName>
          <skipped>false</skipped>
          <failedSince>0</failedSince>
        </case>
        <case>
          <duration>0.0</duration>
          <className>org.joda.time.field.TestScaledDurationField</className>
          <testName>test_getValue_long_long</testName>
          <skipped>false</skipped>
          <failedSince>0</failedSince>
        </case>
        <case>
          <duration>0.0</duration>
          <className>org.joda.time.field.TestScaledDurationField</className>
          <testName>test_getMillis_int</testName>
          <skipped>false</skipped>
          <failedSince>0</failedSince>
        </case>
        <case>
          <duration>0.0</duration>
          <className>org.joda.time.field.TestScaledDurationField</className>
          <testName>test_getMillis_long</testName>
          <skipped>false</skipped>
          <failedSince>0</failedSince>
        </case>
        <case>
          <duration>0.0</duration>
          <className>org.joda.time.field.TestScaledDurationField</className>
          <testName>test_getMillis_int_long</testName>
          <skipped>false</skipped>
          <failedSince>0</failedSince>
        </case>
        <case>
          <duration>0.001</duration>
          <className>org.joda.time.field.TestScaledDurationField</className>
          <testName>test_getMillis_long_long</testName>
          <skipped>false</skipped>
          <failedSince>0</failedSince>
        </case>
        <case>
          <duration>0.0</duration>
          <className>org.joda.time.field.TestScaledDurationField</className>
          <testName>test_getDifference_long_int</testName>
          <skipped>false</skipped>
          <failedSince>0</failedSince>
        </case>
        <case>
          <duration>0.0</duration>
          <className>org.joda.time.field.TestScaledDurationField</className>
          <testName>test_compareTo</testName>
          <skipped>false</skipped>
          <failedSince>0</failedSince>
        </case>
        <case>
          <duration>0.0</duration>
          <className>org.joda.time.field.TestUnsupportedDateTimeField</className>
          <testName>testToString</testName>
          <skipped>false</skipped>
          <failedSince>0</failedSince>
        </case>
        <case>
          <duration>0.0</duration>
          <className>org.joda.time.field.TestUnsupportedDateTimeField</className>
          <testName>testNullValuesToGetInstanceThrowsException</testName>
          <skipped>false</skipped>
          <failedSince>0</failedSince>
        </case>
        <case>
          <duration>0.001</duration>
          <className>org.joda.time.field.TestUnsupportedDateTimeField</className>
          <testName>testDifferentDurationReturnDifferentObjects</testName>
          <skipped>false</skipped>
          <failedSince>0</failedSince>
        </case>
        <case>
          <duration>0.0</duration>
          <className>org.joda.time.field.TestUnsupportedDateTimeField</className>
          <testName>testPublicGetNameMethod</testName>
          <skipped>false</skipped>
          <failedSince>0</failedSince>
        </case>
        <case>
          <duration>0.0</duration>
          <className>org.joda.time.field.TestUnsupportedDateTimeField</className>
          <testName>testAlwaysFalseReturnTypes</testName>
          <skipped>false</skipped>
          <failedSince>0</failedSince>
        </case>
        <case>
          <duration>0.0</duration>
          <className>org.joda.time.field.TestUnsupportedDateTimeField</className>
          <testName>testMethodsThatShouldAlwaysReturnNull</testName>
          <skipped>false</skipped>
          <failedSince>0</failedSince>
        </case>
        <case>
          <duration>0.001</duration>
          <className>org.joda.time.field.TestUnsupportedDateTimeField</className>
          <testName>testUnsupportedMethods</testName>
          <skipped>false</skipped>
          <failedSince>0</failedSince>
        </case>
        <case>
          <duration>0.0</duration>
          <className>org.joda.time.field.TestUnsupportedDateTimeField</className>
          <testName>testDelegatedMethods</testName>
          <skipped>false</skipped>
          <failedSince>0</failedSince>
        </case>
        <case>
          <duration>0.001</duration>
          <className>org.joda.time.format.TestDateTimeFormatter</className>
          <testName>testPrint_simple</testName>
          <skipped>false</skipped>
          <failedSince>0</failedSince>
        </case>
        <case>
          <duration>0.0</duration>
          <className>org.joda.time.format.TestDateTimeFormatter</className>
          <testName>testPrint_locale</testName>
          <skipped>false</skipped>
          <failedSince>0</failedSince>
        </case>
        <case>
          <duration>0.0</duration>
          <className>org.joda.time.format.TestDateTimeFormatter</className>
          <testName>testPrint_zone</testName>
          <skipped>false</skipped>
          <failedSince>0</failedSince>
        </case>
        <case>
          <duration>0.0</duration>
          <className>org.joda.time.format.TestDateTimeFormatter</className>
          <testName>testPrint_chrono</testName>
          <skipped>false</skipped>
          <failedSince>0</failedSince>
        </case>
        <case>
          <duration>0.001</duration>
          <className>org.joda.time.format.TestDateTimeFormatter</className>
          <testName>testPrint_bufferMethods</testName>
          <skipped>false</skipped>
          <failedSince>0</failedSince>
        </case>
        <case>
          <duration>0.0</duration>
          <className>org.joda.time.format.TestDateTimeFormatter</className>
          <testName>testPrint_builderMethods</testName>
          <skipped>false</skipped>
          <failedSince>0</failedSince>
        </case>
        <case>
          <duration>0.0</duration>
          <className>org.joda.time.format.TestDateTimeFormatter</className>
          <testName>testPrint_writerMethods</testName>
          <skipped>false</skipped>
          <failedSince>0</failedSince>
        </case>
        <case>
          <duration>0.0</duration>
          <className>org.joda.time.format.TestDateTimeFormatter</className>
          <testName>testPrint_appendableMethods</testName>
          <skipped>false</skipped>
          <failedSince>0</failedSince>
        </case>
        <case>
          <duration>0.0</duration>
          <className>org.joda.time.format.TestDateTimeFormatter</className>
          <testName>testPrint_chrono_and_zone</testName>
          <skipped>false</skipped>
          <failedSince>0</failedSince>
        </case>
        <case>
          <duration>0.0</duration>
          <className>org.joda.time.format.TestDateTimeFormatter</className>
          <testName>testWithGetLocale</testName>
          <skipped>false</skipped>
          <failedSince>0</failedSince>
        </case>
        <case>
          <duration>0.0</duration>
          <className>org.joda.time.format.TestDateTimeFormatter</className>
          <testName>testWithGetZone</testName>
          <skipped>false</skipped>
          <failedSince>0</failedSince>
        </case>
        <case>
          <duration>0.0</duration>
          <className>org.joda.time.format.TestDateTimeFormatter</className>
          <testName>testWithGetChronology</testName>
          <skipped>false</skipped>
          <failedSince>0</failedSince>
        </case>
        <case>
          <duration>0.0</duration>
          <className>org.joda.time.format.TestDateTimeFormatter</className>
          <testName>testWithGetPivotYear</testName>
          <skipped>false</skipped>
          <failedSince>0</failedSince>
        </case>
        <case>
          <duration>0.0</duration>
          <className>org.joda.time.format.TestDateTimeFormatter</className>
          <testName>testWithGetOffsetParsedMethods</testName>
          <skipped>false</skipped>
          <failedSince>0</failedSince>
        </case>
        <case>
          <duration>0.01</duration>
          <className>org.joda.time.format.TestDateTimeFormatter</className>
          <testName>testPrinterParserMethods</testName>
          <skipped>false</skipped>
          <failedSince>0</failedSince>
        </case>
        <case>
          <duration>0.001</duration>
          <className>org.joda.time.format.TestDateTimeFormatter</className>
          <testName>testParseLocalDate_simple</testName>
          <skipped>false</skipped>
          <failedSince>0</failedSince>
        </case>
        <case>
          <duration>0.0</duration>
          <className>org.joda.time.format.TestDateTimeFormatter</className>
          <testName>testParseLocalDate_yearOfEra</testName>
          <skipped>false</skipped>
          <failedSince>0</failedSince>
        </case>
        <case>
          <duration>0.001</duration>
          <className>org.joda.time.format.TestDateTimeFormatter</className>
          <testName>testParseLocalDate_yearOfCentury</testName>
          <skipped>false</skipped>
          <failedSince>0</failedSince>
        </case>
        <case>
          <duration>0.001</duration>
          <className>org.joda.time.format.TestDateTimeFormatter</className>
          <testName>testParseLocalDate_monthDay_feb29</testName>
          <skipped>false</skipped>
          <failedSince>0</failedSince>
        </case>
        <case>
          <duration>0.0</duration>
          <className>org.joda.time.format.TestDateTimeFormatter</className>
          <testName>testParseLocalDate_monthDay_withDefaultYear_feb29</testName>
          <skipped>false</skipped>
          <failedSince>0</failedSince>
        </case>
        <case>
          <duration>0.0</duration>
          <className>org.joda.time.format.TestDateTimeFormatter</className>
          <testName>testParseLocalDate_weekyear_month_week_2010</testName>
          <skipped>false</skipped>
          <failedSince>0</failedSince>
        </case>
        <case>
          <duration>0.0</duration>
          <className>org.joda.time.format.TestDateTimeFormatter</className>
          <testName>testParseLocalDate_weekyear_month_week_2011</testName>
          <skipped>false</skipped>
          <failedSince>0</failedSince>
        </case>
        <case>
          <duration>0.0</duration>
          <className>org.joda.time.format.TestDateTimeFormatter</className>
          <testName>testParseLocalDate_weekyear_month_week_2012</testName>
          <skipped>false</skipped>
          <failedSince>0</failedSince>
        </case>
        <case>
          <duration>0.0</duration>
          <className>org.joda.time.format.TestDateTimeFormatter</className>
          <testName>testParseLocalDate_year_month_week_2010</testName>
          <skipped>false</skipped>
          <failedSince>0</failedSince>
        </case>
        <case>
          <duration>0.007</duration>
          <className>org.joda.time.format.TestDateTimeFormatter</className>
          <testName>testParseLocalDate_year_month_week_2011</testName>
          <skipped>false</skipped>
          <failedSince>0</failedSince>
        </case>
        <case>
          <duration>0.0</duration>
          <className>org.joda.time.format.TestDateTimeFormatter</className>
          <testName>testParseLocalDate_year_month_week_2012</testName>
          <skipped>false</skipped>
          <failedSince>0</failedSince>
        </case>
        <case>
          <duration>0.0</duration>
          <className>org.joda.time.format.TestDateTimeFormatter</className>
          <testName>testParseLocalDate_year_month_week_2013</testName>
          <skipped>false</skipped>
          <failedSince>0</failedSince>
        </case>
        <case>
          <duration>0.0</duration>
          <className>org.joda.time.format.TestDateTimeFormatter</className>
          <testName>testParseLocalDate_year_month_week_2014</testName>
          <skipped>false</skipped>
          <failedSince>0</failedSince>
        </case>
        <case>
          <duration>0.0</duration>
          <className>org.joda.time.format.TestDateTimeFormatter</className>
          <testName>testParseLocalDate_year_month_week_2015</testName>
          <skipped>false</skipped>
          <failedSince>0</failedSince>
        </case>
        <case>
          <duration>0.0</duration>
          <className>org.joda.time.format.TestDateTimeFormatter</className>
          <testName>testParseLocalDate_year_month_week_2016</testName>
          <skipped>false</skipped>
          <failedSince>0</failedSince>
        </case>
        <case>
          <duration>0.0</duration>
          <className>org.joda.time.format.TestDateTimeFormatter</className>
          <testName>testParseLocalTime_simple</testName>
          <skipped>false</skipped>
          <failedSince>0</failedSince>
        </case>
        <case>
          <duration>0.002</duration>
          <className>org.joda.time.format.TestDateTimeFormatter</className>
          <testName>testParseLocalDateTime_simple</testName>
          <skipped>false</skipped>
          <failedSince>0</failedSince>
        </case>
        <case>
          <duration>0.0</duration>
          <className>org.joda.time.format.TestDateTimeFormatter</className>
          <testName>testParseLocalDateTime_monthDay_feb29</testName>
          <skipped>false</skipped>
          <failedSince>0</failedSince>
        </case>
        <case>
          <duration>0.0</duration>
          <className>org.joda.time.format.TestDateTimeFormatter</className>
          <testName>testParseLocalDateTime_monthDay_withDefaultYear_feb29</testName>
          <skipped>false</skipped>
          <failedSince>0</failedSince>
        </case>
        <case>
          <duration>0.0</duration>
          <className>org.joda.time.format.TestDateTimeFormatter</className>
          <testName>testParseDateTime_simple</testName>
          <skipped>false</skipped>
          <failedSince>0</failedSince>
        </case>
        <case>
          <duration>0.0</duration>
          <className>org.joda.time.format.TestDateTimeFormatter</className>
          <testName>testParseDateTime_zone</testName>
          <skipped>false</skipped>
          <failedSince>0</failedSince>
        </case>
        <case>
          <duration>0.0</duration>
          <className>org.joda.time.format.TestDateTimeFormatter</className>
          <testName>testParseDateTime_zone2</testName>
          <skipped>false</skipped>
          <failedSince>0</failedSince>
        </case>
        <case>
          <duration>0.0</duration>
          <className>org.joda.time.format.TestDateTimeFormatter</className>
          <testName>testParseDateTime_zone3</testName>
          <skipped>false</skipped>
          <failedSince>0</failedSince>
        </case>
        <case>
          <duration>0.0</duration>
          <className>org.joda.time.format.TestDateTimeFormatter</className>
          <testName>testParseDateTime_simple_precedence</testName>
          <skipped>false</skipped>
          <failedSince>0</failedSince>
        </case>
        <case>
          <duration>0.0</duration>
          <className>org.joda.time.format.TestDateTimeFormatter</className>
          <testName>testParseDateTime_offsetParsed</testName>
          <skipped>false</skipped>
          <failedSince>0</failedSince>
        </case>
        <case>
          <duration>0.0</duration>
          <className>org.joda.time.format.TestDateTimeFormatter</className>
          <testName>testParseDateTime_chrono</testName>
          <skipped>false</skipped>
          <failedSince>0</failedSince>
        </case>
        <case>
          <duration>0.0</duration>
          <className>org.joda.time.format.TestDateTimeFormatter</className>
          <testName>testParseMutableDateTime_simple</testName>
          <skipped>false</skipped>
          <failedSince>0</failedSince>
        </case>
        <case>
          <duration>0.0</duration>
          <className>org.joda.time.format.TestDateTimeFormatter</className>
          <testName>testParseMutableDateTime_zone</testName>
          <skipped>false</skipped>
          <failedSince>0</failedSince>
        </case>
        <case>
          <duration>0.0</duration>
          <className>org.joda.time.format.TestDateTimeFormatter</className>
          <testName>testParseMutableDateTime_zone2</testName>
          <skipped>false</skipped>
          <failedSince>0</failedSince>
        </case>
        <case>
          <duration>0.0</duration>
          <className>org.joda.time.format.TestDateTimeFormatter</className>
          <testName>testParseMutableDateTime_zone3</testName>
          <skipped>false</skipped>
          <failedSince>0</failedSince>
        </case>
        <case>
          <duration>0.0</duration>
          <className>org.joda.time.format.TestDateTimeFormatter</className>
          <testName>testParseMutableDateTime_simple_precedence</testName>
          <skipped>false</skipped>
          <failedSince>0</failedSince>
        </case>
        <case>
          <duration>0.0</duration>
          <className>org.joda.time.format.TestDateTimeFormatter</className>
          <testName>testParseMutableDateTime_offsetParsed</testName>
          <skipped>false</skipped>
          <failedSince>0</failedSince>
        </case>
        <case>
          <duration>0.0</duration>
          <className>org.joda.time.format.TestDateTimeFormatter</className>
          <testName>testParseMutableDateTime_chrono</testName>
          <skipped>false</skipped>
          <failedSince>0</failedSince>
        </case>
        <case>
          <duration>0.0</duration>
          <className>org.joda.time.format.TestDateTimeFormatter</className>
          <testName>testParseInto_simple</testName>
          <skipped>false</skipped>
          <failedSince>0</failedSince>
        </case>
        <case>
          <duration>0.0</duration>
          <className>org.joda.time.format.TestDateTimeFormatter</className>
          <testName>testParseInto_zone</testName>
          <skipped>false</skipped>
          <failedSince>0</failedSince>
        </case>
        <case>
          <duration>0.0</duration>
          <className>org.joda.time.format.TestDateTimeFormatter</className>
          <testName>testParseInto_zone2</testName>
          <skipped>false</skipped>
          <failedSince>0</failedSince>
        </case>
        <case>
          <duration>0.0</duration>
          <className>org.joda.time.format.TestDateTimeFormatter</className>
          <testName>testParseInto_zone3</testName>
          <skipped>false</skipped>
          <failedSince>0</failedSince>
        </case>
        <case>
          <duration>0.0</duration>
          <className>org.joda.time.format.TestDateTimeFormatter</className>
          <testName>testParseInto_simple_precedence</testName>
          <skipped>false</skipped>
          <failedSince>0</failedSince>
        </case>
        <case>
          <duration>0.002</duration>
          <className>org.joda.time.format.TestDateTimeFormatter</className>
          <testName>testParseInto_offsetParsed</testName>
          <skipped>false</skipped>
          <failedSince>0</failedSince>
        </case>
        <case>
          <duration>0.0</duration>
          <className>org.joda.time.format.TestDateTimeFormatter</className>
          <testName>testParseInto_chrono</testName>
          <skipped>false</skipped>
          <failedSince>0</failedSince>
        </case>
        <case>
          <duration>0.0</duration>
          <className>org.joda.time.format.TestDateTimeFormatter</className>
          <testName>testParseInto_monthOnly</testName>
          <skipped>false</skipped>
          <failedSince>0</failedSince>
        </case>
        <case>
          <duration>0.0</duration>
          <className>org.joda.time.format.TestDateTimeFormatter</className>
          <testName>testParseInto_monthOnly_baseStartYear</testName>
          <skipped>false</skipped>
          <failedSince>0</failedSince>
        </case>
        <case>
          <duration>0.0</duration>
          <className>org.joda.time.format.TestDateTimeFormatter</className>
          <testName>testParseInto_monthOnly_parseStartYear</testName>
          <skipped>false</skipped>
          <failedSince>0</failedSince>
        </case>
        <case>
          <duration>0.0</duration>
          <className>org.joda.time.format.TestDateTimeFormatter</className>
          <testName>testParseInto_monthOnly_baseEndYear</testName>
          <skipped>false</skipped>
          <failedSince>0</failedSince>
        </case>
        <case>
          <duration>0.0</duration>
          <className>org.joda.time.format.TestDateTimeFormatter</className>
          <testName>testParseInto_monthOnly_parseEndYear</testName>
          <skipped>false</skipped>
          <failedSince>0</failedSince>
        </case>
        <case>
          <duration>0.0</duration>
          <className>org.joda.time.format.TestDateTimeFormatter</className>
          <testName>testParseInto_monthDay_feb29</testName>
          <skipped>false</skipped>
          <failedSince>0</failedSince>
        </case>
        <case>
          <duration>0.0</duration>
          <className>org.joda.time.format.TestDateTimeFormatter</className>
          <testName>testParseInto_monthDay_feb29_startOfYear</testName>
          <skipped>false</skipped>
          <failedSince>0</failedSince>
        </case>
        <case>
          <duration>0.0</duration>
          <className>org.joda.time.format.TestDateTimeFormatter</className>
          <testName>testParseInto_monthDay_feb29_OfYear</testName>
          <skipped>false</skipped>
          <failedSince>0</failedSince>
        </case>
        <case>
          <duration>0.0</duration>
          <className>org.joda.time.format.TestDateTimeFormatter</className>
          <testName>testParseInto_monthDay_feb29_newYork</testName>
          <skipped>false</skipped>
          <failedSince>0</failedSince>
        </case>
        <case>
          <duration>0.0</duration>
          <className>org.joda.time.format.TestDateTimeFormatter</className>
          <testName>testParseInto_monthDay_feb29_newYork_startOfYear</testName>
          <skipped>false</skipped>
          <failedSince>0</failedSince>
        </case>
        <case>
          <duration>0.0</duration>
          <className>org.joda.time.format.TestDateTimeFormatter</className>
          <testName>testParseInto_monthDay_feb29_newYork_endOfYear</testName>
          <skipped>false</skipped>
          <failedSince>0</failedSince>
        </case>
        <case>
          <duration>0.0</duration>
          <className>org.joda.time.format.TestDateTimeFormatter</className>
          <testName>testParseInto_monthDay_feb29_tokyo</testName>
          <skipped>false</skipped>
          <failedSince>0</failedSince>
        </case>
        <case>
          <duration>0.0</duration>
          <className>org.joda.time.format.TestDateTimeFormatter</className>
          <testName>testParseInto_monthDay_feb29_tokyo_startOfYear</testName>
          <skipped>false</skipped>
          <failedSince>0</failedSince>
        </case>
        <case>
          <duration>0.0</duration>
          <className>org.joda.time.format.TestDateTimeFormatter</className>
          <testName>testParseInto_monthDay_feb29_tokyo_endOfYear</testName>
          <skipped>false</skipped>
          <failedSince>0</failedSince>
        </case>
        <case>
          <duration>0.0</duration>
          <className>org.joda.time.format.TestDateTimeFormatter</className>
          <testName>testParseInto_monthDay_withDefaultYear_feb29</testName>
          <skipped>false</skipped>
          <failedSince>0</failedSince>
        </case>
        <case>
          <duration>0.0</duration>
          <className>org.joda.time.format.TestDateTimeFormatter</className>
          <testName>testParseInto_monthDay_withDefaultYear_feb29_newYork</testName>
          <skipped>false</skipped>
          <failedSince>0</failedSince>
        </case>
        <case>
          <duration>0.0</duration>
          <className>org.joda.time.format.TestDateTimeFormatter</className>
          <testName>testParseInto_monthDay_withDefaultYear_feb29_newYork_endOfYear</testName>
          <skipped>false</skipped>
          <failedSince>0</failedSince>
        </case>
        <case>
          <duration>0.0</duration>
          <className>org.joda.time.format.TestDateTimeFormatter</className>
          <testName>testParseMillis_fractionOfSecondLong</testName>
          <skipped>false</skipped>
          <failedSince>0</failedSince>
        </case>
        <case>
          <duration>0.005</duration>
          <className>org.joda.time.format.TestDateTimeFormatter</className>
          <testName>testZoneNameNearTransition</testName>
          <skipped>false</skipped>
          <failedSince>0</failedSince>
        </case>
        <case>
          <duration>0.0</duration>
          <className>org.joda.time.format.TestDateTimeFormatter</className>
          <testName>testZoneShortNameNearTransition</testName>
          <skipped>false</skipped>
          <failedSince>0</failedSince>
        </case>
        <case>
          <duration>0.001</duration>
          <className>org.joda.time.format.TestDateTimeFormatter</className>
          <testName>testCustomDateTimePrinter</testName>
          <skipped>false</skipped>
          <failedSince>0</failedSince>
        </case>
        <case>
          <duration>0.0</duration>
          <className>org.joda.time.format.TestDateTimeFormat</className>
          <testName>testFormat_yearOfEra</testName>
          <skipped>false</skipped>
          <failedSince>0</failedSince>
        </case>
        <case>
          <duration>0.001</duration>
          <className>org.joda.time.format.TestDateTimeFormat</className>
          <testName>testFormat_yearOfEra_twoDigit</testName>
          <skipped>false</skipped>
          <failedSince>0</failedSince>
        </case>
        <case>
          <duration>0.0</duration>
          <className>org.joda.time.format.TestDateTimeFormat</className>
          <testName>testFormat_yearOfEraParse</testName>
          <skipped>false</skipped>
          <failedSince>0</failedSince>
        </case>
        <case>
          <duration>0.001</duration>
          <className>org.joda.time.format.TestDateTimeFormat</className>
          <testName>testFormat_year</testName>
          <skipped>false</skipped>
          <failedSince>0</failedSince>
        </case>
        <case>
          <duration>0.0</duration>
          <className>org.joda.time.format.TestDateTimeFormat</className>
          <testName>testFormat_year_twoDigit</testName>
          <skipped>false</skipped>
          <failedSince>0</failedSince>
        </case>
        <case>
          <duration>0.0</duration>
          <className>org.joda.time.format.TestDateTimeFormat</className>
          <testName>testFormat_year_long</testName>
          <skipped>false</skipped>
          <failedSince>0</failedSince>
        </case>
        <case>
          <duration>0.0</duration>
          <className>org.joda.time.format.TestDateTimeFormat</className>
          <testName>testFormat_weekyear</testName>
          <skipped>false</skipped>
          <failedSince>0</failedSince>
        </case>
        <case>
          <duration>0.0</duration>
          <className>org.joda.time.format.TestDateTimeFormat</className>
          <testName>testFormat_weekyearOfEra_twoDigit</testName>
          <skipped>false</skipped>
          <failedSince>0</failedSince>
        </case>
        <case>
          <duration>0.0</duration>
          <className>org.joda.time.format.TestDateTimeFormat</className>
          <testName>testFormat_weekOfWeekyear</testName>
          <skipped>false</skipped>
          <failedSince>0</failedSince>
        </case>
        <case>
          <duration>0.0</duration>
          <className>org.joda.time.format.TestDateTimeFormat</className>
          <testName>testFormat_dayOfWeek</testName>
          <skipped>false</skipped>
          <failedSince>0</failedSince>
        </case>
        <case>
          <duration>0.004</duration>
          <className>org.joda.time.format.TestDateTimeFormat</className>
          <testName>testFormat_dayOfWeekShortText</testName>
          <skipped>false</skipped>
          <failedSince>0</failedSince>
        </case>
        <case>
          <duration>0.001</duration>
          <className>org.joda.time.format.TestDateTimeFormat</className>
          <testName>testFormat_dayOfWeekText</testName>
          <skipped>false</skipped>
          <failedSince>0</failedSince>
        </case>
        <case>
          <duration>0.0</duration>
          <className>org.joda.time.format.TestDateTimeFormat</className>
          <testName>testFormat_dayOfYearText</testName>
          <skipped>false</skipped>
          <failedSince>0</failedSince>
        </case>
        <case>
          <duration>0.0</duration>
          <className>org.joda.time.format.TestDateTimeFormat</className>
          <testName>testFormat_monthOfYear</testName>
          <skipped>false</skipped>
          <failedSince>0</failedSince>
        </case>
        <case>
          <duration>0.0</duration>
          <className>org.joda.time.format.TestDateTimeFormat</className>
          <testName>testFormat_monthOfYearShortText</testName>
          <skipped>false</skipped>
          <failedSince>0</failedSince>
        </case>
        <case>
          <duration>0.0</duration>
          <className>org.joda.time.format.TestDateTimeFormat</className>
          <testName>testFormat_monthOfYearText</testName>
          <skipped>false</skipped>
          <failedSince>0</failedSince>
        </case>
        <case>
          <duration>0.004</duration>
          <className>org.joda.time.format.TestDateTimeFormat</className>
          <testName>testSubclassableConstructor</testName>
          <skipped>false</skipped>
          <failedSince>0</failedSince>
        </case>
        <case>
          <duration>0.0</duration>
          <className>org.joda.time.format.TestDateTimeFormat</className>
          <testName>testFormat_era</testName>
          <skipped>false</skipped>
          <failedSince>0</failedSince>
        </case>
        <case>
          <duration>0.0</duration>
          <className>org.joda.time.format.TestDateTimeFormat</className>
          <testName>testFormat_centuryOfEra</testName>
          <skipped>false</skipped>
          <failedSince>0</failedSince>
        </case>
        <case>
          <duration>0.0</duration>
          <className>org.joda.time.format.TestDateTimeFormat</className>
          <testName>testFormat_dayOfMonth</testName>
          <skipped>false</skipped>
          <failedSince>0</failedSince>
        </case>
        <case>
          <duration>0.002</duration>
          <className>org.joda.time.format.TestDateTimeFormat</className>
          <testName>testFormat_halfdayOfDay</testName>
          <skipped>false</skipped>
          <failedSince>0</failedSince>
        </case>
        <case>
          <duration>0.0</duration>
          <className>org.joda.time.format.TestDateTimeFormat</className>
          <testName>testFormat_hourOfHalfday</testName>
          <skipped>false</skipped>
          <failedSince>0</failedSince>
        </case>
        <case>
          <duration>0.0</duration>
          <className>org.joda.time.format.TestDateTimeFormat</className>
          <testName>testFormat_clockhourOfHalfday</testName>
          <skipped>false</skipped>
          <failedSince>0</failedSince>
        </case>
        <case>
          <duration>0.0</duration>
          <className>org.joda.time.format.TestDateTimeFormat</className>
          <testName>testFormat_hourOfDay</testName>
          <skipped>false</skipped>
          <failedSince>0</failedSince>
        </case>
        <case>
          <duration>0.0</duration>
          <className>org.joda.time.format.TestDateTimeFormat</className>
          <testName>testFormat_clockhourOfDay</testName>
          <skipped>false</skipped>
          <failedSince>0</failedSince>
        </case>
        <case>
          <duration>0.0</duration>
          <className>org.joda.time.format.TestDateTimeFormat</className>
          <testName>testFormat_minute</testName>
          <skipped>false</skipped>
          <failedSince>0</failedSince>
        </case>
        <case>
          <duration>0.0</duration>
          <className>org.joda.time.format.TestDateTimeFormat</className>
          <testName>testFormat_second</testName>
          <skipped>false</skipped>
          <failedSince>0</failedSince>
        </case>
        <case>
          <duration>0.0</duration>
          <className>org.joda.time.format.TestDateTimeFormat</className>
          <testName>testFormat_fractionOfSecond</testName>
          <skipped>false</skipped>
          <failedSince>0</failedSince>
        </case>
        <case>
          <duration>0.0</duration>
          <className>org.joda.time.format.TestDateTimeFormat</className>
          <testName>testFormat_fractionOfSecondLong</testName>
          <skipped>false</skipped>
          <failedSince>0</failedSince>
        </case>
        <case>
          <duration>0.0</duration>
          <className>org.joda.time.format.TestDateTimeFormat</className>
          <testName>testFormat_zoneText</testName>
          <skipped>false</skipped>
          <failedSince>0</failedSince>
        </case>
        <case>
          <duration>0.0</duration>
          <className>org.joda.time.format.TestDateTimeFormat</className>
          <testName>testFormat_zoneLongText</testName>
          <skipped>false</skipped>
          <failedSince>0</failedSince>
        </case>
        <case>
          <duration>0.0</duration>
          <className>org.joda.time.format.TestDateTimeFormat</className>
          <testName>testFormat_zoneAmount</testName>
          <skipped>false</skipped>
          <failedSince>0</failedSince>
        </case>
        <case>
          <duration>0.0</duration>
          <className>org.joda.time.format.TestDateTimeFormat</className>
          <testName>testFormat_zoneAmountColon</testName>
          <skipped>false</skipped>
          <failedSince>0</failedSince>
        </case>
        <case>
          <duration>0.003</duration>
          <className>org.joda.time.format.TestDateTimeFormat</className>
          <testName>testFormat_zoneAmountID</testName>
          <skipped>false</skipped>
          <failedSince>0</failedSince>
        </case>
        <case>
          <duration>0.0</duration>
          <className>org.joda.time.format.TestDateTimeFormat</className>
          <testName>testFormat_other</testName>
          <skipped>false</skipped>
          <failedSince>0</failedSince>
        </case>
        <case>
          <duration>0.0</duration>
          <className>org.joda.time.format.TestDateTimeFormat</className>
          <testName>testFormat_invalid</testName>
          <skipped>false</skipped>
          <failedSince>0</failedSince>
        </case>
        <case>
          <duration>0.0</duration>
          <className>org.joda.time.format.TestDateTimeFormat</className>
          <testName>testFormat_samples</testName>
          <skipped>false</skipped>
          <failedSince>0</failedSince>
        </case>
        <case>
          <duration>0.0</duration>
          <className>org.joda.time.format.TestDateTimeFormat</className>
          <testName>testFormat_shortBasicParse</testName>
          <skipped>false</skipped>
          <failedSince>0</failedSince>
        </case>
        <case>
          <duration>0.0</duration>
          <className>org.joda.time.format.TestDateTimeFormat</className>
          <testName>testParse_pivotYear</testName>
          <skipped>false</skipped>
          <failedSince>0</failedSince>
        </case>
        <case>
          <duration>0.0</duration>
          <className>org.joda.time.format.TestDateTimeFormat</className>
          <testName>testParse_pivotYear_ignored4DigitYear</testName>
          <skipped>false</skipped>
          <failedSince>0</failedSince>
        </case>
        <case>
          <duration>0.0</duration>
          <className>org.joda.time.format.TestDateTimeFormat</className>
          <testName>testFormatParse_textMonthJanShort_UK</testName>
          <skipped>false</skipped>
          <failedSince>0</failedSince>
        </case>
        <case>
          <duration>0.0</duration>
          <className>org.joda.time.format.TestDateTimeFormat</className>
          <testName>testFormatParse_textMonthJanShortLowerCase_UK</testName>
          <skipped>false</skipped>
          <failedSince>0</failedSince>
        </case>
        <case>
          <duration>0.0</duration>
          <className>org.joda.time.format.TestDateTimeFormat</className>
          <testName>testFormatParse_textMonthJanShortUpperCase_UK</testName>
          <skipped>false</skipped>
          <failedSince>0</failedSince>
        </case>
        <case>
          <duration>0.0</duration>
          <className>org.joda.time.format.TestDateTimeFormat</className>
          <testName>testParse_textMonthJanLong_UK</testName>
          <skipped>false</skipped>
          <failedSince>0</failedSince>
        </case>
        <case>
          <duration>0.001</duration>
          <className>org.joda.time.format.TestDateTimeFormat</className>
          <testName>testFormatParse_textMonthJanLongLowerCase_UK</testName>
          <skipped>false</skipped>
          <failedSince>0</failedSince>
        </case>
        <case>
          <duration>0.0</duration>
          <className>org.joda.time.format.TestDateTimeFormat</className>
          <testName>testFormatParse_textMonthJanLongUpperCase_UK</testName>
          <skipped>false</skipped>
          <failedSince>0</failedSince>
        </case>
        <case>
          <duration>0.002</duration>
          <className>org.joda.time.format.TestDateTimeFormat</className>
          <testName>testFormatParse_textMonthJanShort_France</testName>
          <skipped>false</skipped>
          <failedSince>0</failedSince>
        </case>
        <case>
          <duration>0.0</duration>
          <className>org.joda.time.format.TestDateTimeFormat</className>
          <testName>testFormatParse_textMonthJanLong_France</testName>
          <skipped>false</skipped>
          <failedSince>0</failedSince>
        </case>
        <case>
          <duration>0.0</duration>
          <className>org.joda.time.format.TestDateTimeFormat</className>
          <testName>testFormatParse_textMonthApr_France</testName>
          <skipped>false</skipped>
          <failedSince>0</failedSince>
        </case>
        <case>
          <duration>0.0</duration>
          <className>org.joda.time.format.TestDateTimeFormat</className>
          <testName>testFormatParse_textMonthAtEnd_France</testName>
          <skipped>false</skipped>
          <failedSince>0</failedSince>
        </case>
        <case>
          <duration>0.0</duration>
          <className>org.joda.time.format.TestDateTimeFormat</className>
          <testName>testFormatParse_textMonthAtEnd_France_withSpecifiedDefault</testName>
          <skipped>false</skipped>
          <failedSince>0</failedSince>
        </case>
        <case>
          <duration>0.002</duration>
          <className>org.joda.time.format.TestDateTimeFormat</className>
          <testName>testFormatParse_textMonthApr_Korean</testName>
          <skipped>false</skipped>
          <failedSince>0</failedSince>
        </case>
        <case>
          <duration>0.0</duration>
          <className>org.joda.time.format.TestDateTimeFormat</className>
          <testName>testFormatParse_textHalfdayAM_UK</testName>
          <skipped>false</skipped>
          <failedSince>0</failedSince>
        </case>
        <case>
          <duration>0.0</duration>
          <className>org.joda.time.format.TestDateTimeFormat</className>
          <testName>testFormatParse_textHalfdayAM_France</testName>
          <skipped>false</skipped>
          <failedSince>0</failedSince>
        </case>
        <case>
          <duration>0.0</duration>
          <className>org.joda.time.format.TestDateTimeFormat</className>
          <testName>testFormatParse_textEraAD_UK</testName>
          <skipped>false</skipped>
          <failedSince>0</failedSince>
        </case>
        <case>
          <duration>0.0</duration>
          <className>org.joda.time.format.TestDateTimeFormat</className>
          <testName>testFormatParse_textEraAD_France</testName>
          <skipped>false</skipped>
          <failedSince>0</failedSince>
        </case>
        <case>
          <duration>0.001</duration>
          <className>org.joda.time.format.TestDateTimeFormat</className>
          <testName>testFormatParse_textEraBC_France</testName>
          <skipped>false</skipped>
          <failedSince>0</failedSince>
        </case>
        <case>
          <duration>0.0</duration>
          <className>org.joda.time.format.TestDateTimeFormat</className>
          <testName>testFormatParse_textYear_UK</testName>
          <skipped>false</skipped>
          <failedSince>0</failedSince>
        </case>
        <case>
          <duration>0.0</duration>
          <className>org.joda.time.format.TestDateTimeFormat</className>
          <testName>testFormatParse_textYear_France</testName>
          <skipped>false</skipped>
          <failedSince>0</failedSince>
        </case>
        <case>
          <duration>0.0</duration>
          <className>org.joda.time.format.TestDateTimeFormat</className>
          <testName>testFormatParse_textAdjoiningHelloWorld_UK</testName>
          <skipped>false</skipped>
          <failedSince>0</failedSince>
        </case>
        <case>
          <duration>0.0</duration>
          <className>org.joda.time.format.TestDateTimeFormat</className>
          <testName>testFormatParse_textAdjoiningMonthDOW_UK</testName>
          <skipped>false</skipped>
          <failedSince>0</failedSince>
        </case>
        <case>
          <duration>0.0</duration>
          <className>org.joda.time.format.TestDateTimeFormat</className>
          <testName>testFormatParse_zoneId_noColon</testName>
          <skipped>false</skipped>
          <failedSince>0</failedSince>
        </case>
        <case>
          <duration>0.0</duration>
          <className>org.joda.time.format.TestDateTimeFormat</className>
          <testName>testFormatParse_zoneId_noColon_parseZ</testName>
          <skipped>false</skipped>
          <failedSince>0</failedSince>
        </case>
        <case>
          <duration>0.0</duration>
          <className>org.joda.time.format.TestDateTimeFormat</className>
          <testName>testFormatParse_zoneId_colon</testName>
          <skipped>false</skipped>
          <failedSince>0</failedSince>
        </case>
        <case>
          <duration>0.0</duration>
          <className>org.joda.time.format.TestDateTimeFormat</className>
          <testName>testFormatParse_zoneId_colon_parseZ</testName>
          <skipped>false</skipped>
          <failedSince>0</failedSince>
        </case>
        <case>
          <duration>0.009</duration>
          <className>org.joda.time.format.TestDateTimeFormatStyle</className>
          <testName>testForStyle_shortDate</testName>
          <skipped>false</skipped>
          <failedSince>0</failedSince>
        </case>
        <case>
          <duration>0.001</duration>
          <className>org.joda.time.format.TestDateTimeFormatStyle</className>
          <testName>testForStyle_stringLengths</testName>
          <skipped>false</skipped>
          <failedSince>0</failedSince>
        </case>
        <case>
          <duration>0.0</duration>
          <className>org.joda.time.format.TestDateTimeFormatStyle</className>
          <testName>testForStyle_invalidStrings</testName>
          <skipped>false</skipped>
          <failedSince>0</failedSince>
        </case>
        <case>
          <duration>0.008</duration>
          <className>org.joda.time.format.TestDateTimeFormatStyle</className>
          <testName>testForStyle_shortTime</testName>
          <skipped>false</skipped>
          <failedSince>0</failedSince>
        </case>
        <case>
          <duration>0.0</duration>
          <className>org.joda.time.format.TestDateTimeFormatStyle</className>
          <testName>testForStyle_shortDateTime</testName>
          <skipped>false</skipped>
          <failedSince>0</failedSince>
        </case>
        <case>
          <duration>0.0</duration>
          <className>org.joda.time.format.TestDateTimeFormatStyle</className>
          <testName>testForStyle_mediumDate</testName>
          <skipped>false</skipped>
          <failedSince>0</failedSince>
        </case>
        <case>
          <duration>0.0</duration>
          <className>org.joda.time.format.TestDateTimeFormatStyle</className>
          <testName>testForStyle_mediumTime</testName>
          <skipped>false</skipped>
          <failedSince>0</failedSince>
        </case>
        <case>
          <duration>0.0</duration>
          <className>org.joda.time.format.TestDateTimeFormatStyle</className>
          <testName>testForStyle_mediumDateTime</testName>
          <skipped>false</skipped>
          <failedSince>0</failedSince>
        </case>
        <case>
          <duration>0.001</duration>
          <className>org.joda.time.format.TestDateTimeFormatStyle</className>
          <testName>testForStyle_longDate</testName>
          <skipped>false</skipped>
          <failedSince>0</failedSince>
        </case>
        <case>
          <duration>0.013</duration>
          <className>org.joda.time.format.TestDateTimeFormatStyle</className>
          <testName>testForStyle_longTime</testName>
          <skipped>false</skipped>
          <failedSince>0</failedSince>
        </case>
        <case>
          <duration>0.0</duration>
          <className>org.joda.time.format.TestDateTimeFormatStyle</className>
          <testName>testForStyle_longDateTime</testName>
          <skipped>false</skipped>
          <failedSince>0</failedSince>
        </case>
        <case>
          <duration>0.003</duration>
          <className>org.joda.time.format.TestDateTimeFormatStyle</className>
          <testName>testForStyle_fullDate</testName>
          <skipped>false</skipped>
          <failedSince>0</failedSince>
        </case>
        <case>
          <duration>0.0</duration>
          <className>org.joda.time.format.TestDateTimeFormatStyle</className>
          <testName>testForStyle_fullTime</testName>
          <skipped>false</skipped>
          <failedSince>0</failedSince>
        </case>
        <case>
          <duration>0.0</duration>
          <className>org.joda.time.format.TestDateTimeFormatStyle</className>
          <testName>testForStyle_fullDateTime</testName>
          <skipped>false</skipped>
          <failedSince>0</failedSince>
        </case>
        <case>
          <duration>0.0</duration>
          <className>org.joda.time.format.TestDateTimeFormatStyle</className>
          <testName>testForStyle_shortMediumDateTime</testName>
          <skipped>false</skipped>
          <failedSince>0</failedSince>
        </case>
        <case>
          <duration>0.001</duration>
          <className>org.joda.time.format.TestDateTimeFormatStyle</className>
          <testName>testForStyle_shortLongDateTime</testName>
          <skipped>false</skipped>
          <failedSince>0</failedSince>
        </case>
        <case>
          <duration>0.0</duration>
          <className>org.joda.time.format.TestDateTimeFormatStyle</className>
          <testName>testForStyle_shortFullDateTime</testName>
          <skipped>false</skipped>
          <failedSince>0</failedSince>
        </case>
        <case>
          <duration>0.0</duration>
          <className>org.joda.time.format.TestDateTimeFormatStyle</className>
          <testName>testForStyle_mediumShortDateTime</testName>
          <skipped>false</skipped>
          <failedSince>0</failedSince>
        </case>
        <case>
          <duration>0.003</duration>
          <className>org.joda.time.format.TestDateTimeFormatStyle</className>
          <testName>testForStyle_mediumLongDateTime</testName>
          <skipped>false</skipped>
          <failedSince>0</failedSince>
        </case>
        <case>
          <duration>0.0</duration>
          <className>org.joda.time.format.TestDateTimeFormatStyle</className>
          <testName>testForStyle_mediumFullDateTime</testName>
          <skipped>false</skipped>
          <failedSince>0</failedSince>
        </case>
        <case>
          <duration>0.0</duration>
          <className>org.joda.time.format.TestDateTimeFormatStyle</className>
          <testName>test_patternForStyle</testName>
          <skipped>false</skipped>
          <failedSince>0</failedSince>
        </case>
        <case>
          <duration>0.0</duration>
          <className>org.joda.time.format.TestDateTimeParserBucket</className>
          <testName>testParse</testName>
          <skipped>false</skipped>
          <failedSince>0</failedSince>
        </case>
        <case>
          <duration>0.012</duration>
          <className>org.joda.time.format.TestDateTimeParserBucket</className>
          <testName>testConstructor_3arg</testName>
          <skipped>false</skipped>
          <failedSince>0</failedSince>
        </case>
        <case>
          <duration>0.0</duration>
          <className>org.joda.time.format.TestDateTimeParserBucket</className>
          <testName>testConstructor_4arg</testName>
          <skipped>false</skipped>
          <failedSince>0</failedSince>
        </case>
        <case>
          <duration>0.0</duration>
          <className>org.joda.time.format.TestDateTimeParserBucket</className>
          <testName>testConstructor_5arg</testName>
          <skipped>false</skipped>
          <failedSince>0</failedSince>
        </case>
        <case>
          <duration>0.0</duration>
          <className>org.joda.time.format.TestDateTimeParserBucket</className>
          <testName>testSetPivotYear</testName>
          <skipped>false</skipped>
          <failedSince>0</failedSince>
        </case>
        <case>
          <duration>0.0</duration>
          <className>org.joda.time.format.TestDateTimeParserBucket</className>
          <testName>testSetOffset</testName>
          <skipped>false</skipped>
          <failedSince>0</failedSince>
        </case>
        <case>
          <duration>0.0</duration>
          <className>org.joda.time.format.TestDateTimeParserBucket</className>
          <testName>testSetZone</testName>
          <skipped>false</skipped>
          <failedSince>0</failedSince>
        </case>
        <case>
          <duration>0.0</duration>
          <className>org.joda.time.format.TestDateTimeParserBucket</className>
          <testName>testCompute</testName>
          <skipped>false</skipped>
          <failedSince>0</failedSince>
        </case>
        <case>
          <duration>0.0</duration>
          <className>org.joda.time.format.TestDateTimeParserBucket</className>
          <testName>testSaveCompute</testName>
          <skipped>false</skipped>
          <failedSince>0</failedSince>
        </case>
        <case>
          <duration>0.0</duration>
          <className>org.joda.time.format.TestDateTimeParserBucket</className>
          <testName>testSaveRestoreState</testName>
          <skipped>false</skipped>
          <failedSince>0</failedSince>
        </case>
        <case>
          <duration>0.0</duration>
          <className>org.joda.time.format.TestDateTimeParserBucket</className>
          <testName>testSaveRestoreState_avoidSideEffects</testName>
          <skipped>false</skipped>
          <failedSince>0</failedSince>
        </case>
        <case>
          <duration>0.0</duration>
          <className>org.joda.time.format.TestDateTimeParserBucket</className>
          <testName>testSaveRestoreState_offset</testName>
          <skipped>false</skipped>
          <failedSince>0</failedSince>
        </case>
        <case>
          <duration>0.0</duration>
          <className>org.joda.time.format.TestDateTimeParserBucket</className>
          <testName>testSaveRestoreState_zone</testName>
          <skipped>false</skipped>
          <failedSince>0</failedSince>
        </case>
        <case>
          <duration>0.0</duration>
          <className>org.joda.time.format.TestDateTimeParserBucket</className>
          <testName>testSaveRestoreState_text</testName>
          <skipped>false</skipped>
          <failedSince>0</failedSince>
        </case>
        <case>
          <duration>0.0</duration>
          <className>org.joda.time.format.TestDateTimeParserBucket</className>
          <testName>testSaveRestoreState_twoStates</testName>
          <skipped>false</skipped>
          <failedSince>0</failedSince>
        </case>
        <case>
          <duration>0.0</duration>
          <className>org.joda.time.format.TestDateTimeParserBucket</className>
          <testName>testSaveRestoreState_sameStates</testName>
          <skipped>false</skipped>
          <failedSince>0</failedSince>
        </case>
        <case>
          <duration>0.0</duration>
          <className>org.joda.time.format.TestDateTimeParserBucket</className>
          <testName>testSaveRestoreState_badType</testName>
          <skipped>false</skipped>
          <failedSince>0</failedSince>
        </case>
        <case>
          <duration>0.0</duration>
          <className>org.joda.time.format.TestDateTimeParserBucket</className>
          <testName>testReset</testName>
          <skipped>false</skipped>
          <failedSince>0</failedSince>
        </case>
        <case>
          <duration>0.0</duration>
          <className>org.joda.time.format.TestISODateTimeFormat</className>
          <testName>testFormat_year</testName>
          <skipped>false</skipped>
          <failedSince>0</failedSince>
        </case>
        <case>
          <duration>0.0</duration>
          <className>org.joda.time.format.TestISODateTimeFormat</className>
          <testName>testFormat_weekyear</testName>
          <skipped>false</skipped>
          <failedSince>0</failedSince>
        </case>
        <case>
          <duration>0.0</duration>
          <className>org.joda.time.format.TestISODateTimeFormat</className>
          <testName>testSubclassableConstructor</testName>
          <skipped>false</skipped>
          <failedSince>0</failedSince>
        </case>
        <case>
          <duration>0.0</duration>
          <className>org.joda.time.format.TestISODateTimeFormat</className>
          <testName>testFormat_date</testName>
          <skipped>false</skipped>
          <failedSince>0</failedSince>
        </case>
        <case>
          <duration>0.0</duration>
          <className>org.joda.time.format.TestISODateTimeFormat</className>
          <testName>testFormat_date_partial</testName>
          <skipped>false</skipped>
          <failedSince>0</failedSince>
        </case>
        <case>
          <duration>0.0</duration>
          <className>org.joda.time.format.TestISODateTimeFormat</className>
          <testName>testFormat_time</testName>
          <skipped>false</skipped>
          <failedSince>0</failedSince>
        </case>
        <case>
          <duration>0.0</duration>
          <className>org.joda.time.format.TestISODateTimeFormat</className>
          <testName>testFormat_time_partial</testName>
          <skipped>false</skipped>
          <failedSince>0</failedSince>
        </case>
        <case>
          <duration>0.0</duration>
          <className>org.joda.time.format.TestISODateTimeFormat</className>
          <testName>testFormat_timeNoMillis</testName>
          <skipped>false</skipped>
          <failedSince>0</failedSince>
        </case>
        <case>
          <duration>0.0</duration>
          <className>org.joda.time.format.TestISODateTimeFormat</className>
          <testName>testFormat_timeNoMillis_partial</testName>
          <skipped>false</skipped>
          <failedSince>0</failedSince>
        </case>
        <case>
          <duration>0.0</duration>
          <className>org.joda.time.format.TestISODateTimeFormat</className>
          <testName>testFormat_tTime</testName>
          <skipped>false</skipped>
          <failedSince>0</failedSince>
        </case>
        <case>
          <duration>0.0</duration>
          <className>org.joda.time.format.TestISODateTimeFormat</className>
          <testName>testFormat_tTimeNoMillis</testName>
          <skipped>false</skipped>
          <failedSince>0</failedSince>
        </case>
        <case>
          <duration>0.0</duration>
          <className>org.joda.time.format.TestISODateTimeFormat</className>
          <testName>testFormat_dateTime</testName>
          <skipped>false</skipped>
          <failedSince>0</failedSince>
        </case>
        <case>
          <duration>0.0</duration>
          <className>org.joda.time.format.TestISODateTimeFormat</className>
          <testName>testFormat_dateTimeNoMillis</testName>
          <skipped>false</skipped>
          <failedSince>0</failedSince>
        </case>
        <case>
          <duration>0.0</duration>
          <className>org.joda.time.format.TestISODateTimeFormat</className>
          <testName>testFormat_ordinalDate</testName>
          <skipped>false</skipped>
          <failedSince>0</failedSince>
        </case>
        <case>
          <duration>0.0</duration>
          <className>org.joda.time.format.TestISODateTimeFormat</className>
          <testName>testFormat_ordinalDateTime</testName>
          <skipped>false</skipped>
          <failedSince>0</failedSince>
        </case>
        <case>
          <duration>0.0</duration>
          <className>org.joda.time.format.TestISODateTimeFormat</className>
          <testName>testFormat_ordinalDateTimeNoMillis</testName>
          <skipped>false</skipped>
          <failedSince>0</failedSince>
        </case>
        <case>
          <duration>0.0</duration>
          <className>org.joda.time.format.TestISODateTimeFormat</className>
          <testName>testFormat_weekDate</testName>
          <skipped>false</skipped>
          <failedSince>0</failedSince>
        </case>
        <case>
          <duration>0.0</duration>
          <className>org.joda.time.format.TestISODateTimeFormat</className>
          <testName>testFormat_weekDateTime</testName>
          <skipped>false</skipped>
          <failedSince>0</failedSince>
        </case>
        <case>
          <duration>0.0</duration>
          <className>org.joda.time.format.TestISODateTimeFormat</className>
          <testName>testFormat_weekDateTimeNoMillis</testName>
          <skipped>false</skipped>
          <failedSince>0</failedSince>
        </case>
        <case>
          <duration>0.0</duration>
          <className>org.joda.time.format.TestISODateTimeFormat</className>
          <testName>testFormat_basicDate</testName>
          <skipped>false</skipped>
          <failedSince>0</failedSince>
        </case>
        <case>
          <duration>0.0</duration>
          <className>org.joda.time.format.TestISODateTimeFormat</className>
          <testName>testFormat_basicTime</testName>
          <skipped>false</skipped>
          <failedSince>0</failedSince>
        </case>
        <case>
          <duration>0.0</duration>
          <className>org.joda.time.format.TestISODateTimeFormat</className>
          <testName>testFormat_basicTimeNoMillis</testName>
          <skipped>false</skipped>
          <failedSince>0</failedSince>
        </case>
        <case>
          <duration>0.0</duration>
          <className>org.joda.time.format.TestISODateTimeFormat</className>
          <testName>testFormat_basicTTime</testName>
          <skipped>false</skipped>
          <failedSince>0</failedSince>
        </case>
        <case>
          <duration>0.0</duration>
          <className>org.joda.time.format.TestISODateTimeFormat</className>
          <testName>testFormat_basicTTimeNoMillis</testName>
          <skipped>false</skipped>
          <failedSince>0</failedSince>
        </case>
        <case>
          <duration>0.0</duration>
          <className>org.joda.time.format.TestISODateTimeFormat</className>
          <testName>testFormat_basicDateTime</testName>
          <skipped>false</skipped>
          <failedSince>0</failedSince>
        </case>
        <case>
          <duration>0.0</duration>
          <className>org.joda.time.format.TestISODateTimeFormat</className>
          <testName>testFormat_basicDateTimeNoMillis</testName>
          <skipped>false</skipped>
          <failedSince>0</failedSince>
        </case>
        <case>
          <duration>0.0</duration>
          <className>org.joda.time.format.TestISODateTimeFormat</className>
          <testName>testFormat_basicOrdinalDate</testName>
          <skipped>false</skipped>
          <failedSince>0</failedSince>
        </case>
        <case>
          <duration>0.0</duration>
          <className>org.joda.time.format.TestISODateTimeFormat</className>
          <testName>testFormat_basicOrdinalDateTime</testName>
          <skipped>false</skipped>
          <failedSince>0</failedSince>
        </case>
        <case>
          <duration>0.0</duration>
          <className>org.joda.time.format.TestISODateTimeFormat</className>
          <testName>testFormat_basicOrdinalDateTimeNoMillis</testName>
          <skipped>false</skipped>
          <failedSince>0</failedSince>
        </case>
        <case>
          <duration>0.0</duration>
          <className>org.joda.time.format.TestISODateTimeFormat</className>
          <testName>testFormat_basicWeekDate</testName>
          <skipped>false</skipped>
          <failedSince>0</failedSince>
        </case>
        <case>
          <duration>0.0</duration>
          <className>org.joda.time.format.TestISODateTimeFormat</className>
          <testName>testFormat_basicWeekDateTime</testName>
          <skipped>false</skipped>
          <failedSince>0</failedSince>
        </case>
        <case>
          <duration>0.0</duration>
          <className>org.joda.time.format.TestISODateTimeFormat</className>
          <testName>testFormat_basicWeekDateTimeNoMillis</testName>
          <skipped>false</skipped>
          <failedSince>0</failedSince>
        </case>
        <case>
          <duration>0.0</duration>
          <className>org.joda.time.format.TestISODateTimeFormat</className>
          <testName>testFormat_yearMonth</testName>
          <skipped>false</skipped>
          <failedSince>0</failedSince>
        </case>
        <case>
          <duration>0.0</duration>
          <className>org.joda.time.format.TestISODateTimeFormat</className>
          <testName>testFormat_yearMonthDay</testName>
          <skipped>false</skipped>
          <failedSince>0</failedSince>
        </case>
        <case>
          <duration>0.001</duration>
          <className>org.joda.time.format.TestISODateTimeFormat</className>
          <testName>testFormat_weekyearWeek</testName>
          <skipped>false</skipped>
          <failedSince>0</failedSince>
        </case>
        <case>
          <duration>0.0</duration>
          <className>org.joda.time.format.TestISODateTimeFormat</className>
          <testName>testFormat_weekyearWeekDay</testName>
          <skipped>false</skipped>
          <failedSince>0</failedSince>
        </case>
        <case>
          <duration>0.0</duration>
          <className>org.joda.time.format.TestISODateTimeFormat</className>
          <testName>testFormat_hour</testName>
          <skipped>false</skipped>
          <failedSince>0</failedSince>
        </case>
        <case>
          <duration>0.0</duration>
          <className>org.joda.time.format.TestISODateTimeFormat</className>
          <testName>testFormat_hourMinute</testName>
          <skipped>false</skipped>
          <failedSince>0</failedSince>
        </case>
        <case>
          <duration>0.0</duration>
          <className>org.joda.time.format.TestISODateTimeFormat</className>
          <testName>testFormat_hourMinuteSecond</testName>
          <skipped>false</skipped>
          <failedSince>0</failedSince>
        </case>
        <case>
          <duration>0.0</duration>
          <className>org.joda.time.format.TestISODateTimeFormat</className>
          <testName>testFormat_hourMinuteSecondMillis</testName>
          <skipped>false</skipped>
          <failedSince>0</failedSince>
        </case>
        <case>
          <duration>0.0</duration>
          <className>org.joda.time.format.TestISODateTimeFormat</className>
          <testName>testFormat_hourMinuteSecondFraction</testName>
          <skipped>false</skipped>
          <failedSince>0</failedSince>
        </case>
        <case>
          <duration>0.005</duration>
          <className>org.joda.time.format.TestISODateTimeFormat</className>
          <testName>testFormat_dateHour</testName>
          <skipped>false</skipped>
          <failedSince>0</failedSince>
        </case>
        <case>
          <duration>0.0</duration>
          <className>org.joda.time.format.TestISODateTimeFormat</className>
          <testName>testFormat_dateHourMinute</testName>
          <skipped>false</skipped>
          <failedSince>0</failedSince>
        </case>
        <case>
          <duration>0.0</duration>
          <className>org.joda.time.format.TestISODateTimeFormat</className>
          <testName>testFormat_dateHourMinuteSecond</testName>
          <skipped>false</skipped>
          <failedSince>0</failedSince>
        </case>
        <case>
          <duration>0.0</duration>
          <className>org.joda.time.format.TestISODateTimeFormat</className>
          <testName>testFormat_dateHourMinuteSecondMillis</testName>
          <skipped>false</skipped>
          <failedSince>0</failedSince>
        </case>
        <case>
          <duration>0.0</duration>
          <className>org.joda.time.format.TestISODateTimeFormat</className>
          <testName>testFormat_dateHourMinuteSecondFraction</testName>
          <skipped>false</skipped>
          <failedSince>0</failedSince>
        </case>
        <case>
          <duration>0.0</duration>
          <className>org.joda.time.format.TestISODateTimeFormat_Fields</className>
          <testName>testForFields_null</testName>
          <skipped>false</skipped>
          <failedSince>0</failedSince>
        </case>
        <case>
          <duration>0.0</duration>
          <className>org.joda.time.format.TestISODateTimeFormat_Fields</className>
          <testName>testForFields_empty</testName>
          <skipped>false</skipped>
          <failedSince>0</failedSince>
        </case>
        <case>
          <duration>0.0</duration>
          <className>org.joda.time.format.TestISODateTimeFormat_Fields</className>
          <testName>testForFields_calBased_YMD</testName>
          <skipped>false</skipped>
          <failedSince>0</failedSince>
        </case>
        <case>
          <duration>0.0</duration>
          <className>org.joda.time.format.TestISODateTimeFormat_Fields</className>
          <testName>testForFields_calBased_YMD_unmodifiable</testName>
          <skipped>false</skipped>
          <failedSince>0</failedSince>
        </case>
        <case>
          <duration>0.0</duration>
          <className>org.joda.time.format.TestISODateTimeFormat_Fields</className>
          <testName>testForFields_calBased_YMD_duplicates</testName>
          <skipped>false</skipped>
          <failedSince>0</failedSince>
        </case>
        <case>
          <duration>0.0</duration>
          <className>org.joda.time.format.TestISODateTimeFormat_Fields</className>
          <testName>testForFields_calBased_Y</testName>
          <skipped>false</skipped>
          <failedSince>0</failedSince>
        </case>
        <case>
          <duration>0.0</duration>
          <className>org.joda.time.format.TestISODateTimeFormat_Fields</className>
          <testName>testForFields_calBased_M</testName>
          <skipped>false</skipped>
          <failedSince>0</failedSince>
        </case>
        <case>
          <duration>0.0</duration>
          <className>org.joda.time.format.TestISODateTimeFormat_Fields</className>
          <testName>testForFields_calBased_D</testName>
          <skipped>false</skipped>
          <failedSince>0</failedSince>
        </case>
        <case>
          <duration>0.0</duration>
          <className>org.joda.time.format.TestISODateTimeFormat_Fields</className>
          <testName>testForFields_calBased_YM</testName>
          <skipped>false</skipped>
          <failedSince>0</failedSince>
        </case>
        <case>
          <duration>0.0</duration>
          <className>org.joda.time.format.TestISODateTimeFormat_Fields</className>
          <testName>testForFields_calBased_MD</testName>
          <skipped>false</skipped>
          <failedSince>0</failedSince>
        </case>
        <case>
          <duration>0.0</duration>
          <className>org.joda.time.format.TestISODateTimeFormat_Fields</className>
          <testName>testForFields_calBased_YD</testName>
          <skipped>false</skipped>
          <failedSince>0</failedSince>
        </case>
        <case>
          <duration>0.0</duration>
          <className>org.joda.time.format.TestISODateTimeFormat_Fields</className>
          <testName>testForFields_weekBased_YWD</testName>
          <skipped>false</skipped>
          <failedSince>0</failedSince>
        </case>
        <case>
          <duration>0.0</duration>
          <className>org.joda.time.format.TestISODateTimeFormat_Fields</className>
          <testName>testForFields_weekBased_Y</testName>
          <skipped>false</skipped>
          <failedSince>0</failedSince>
        </case>
        <case>
          <duration>0.0</duration>
          <className>org.joda.time.format.TestISODateTimeFormat_Fields</className>
          <testName>testForFields_weekBased_W</testName>
          <skipped>false</skipped>
          <failedSince>0</failedSince>
        </case>
        <case>
          <duration>0.0</duration>
          <className>org.joda.time.format.TestISODateTimeFormat_Fields</className>
          <testName>testForFields_weekBased_D</testName>
          <skipped>false</skipped>
          <failedSince>0</failedSince>
        </case>
        <case>
          <duration>0.0</duration>
          <className>org.joda.time.format.TestISODateTimeFormat_Fields</className>
          <testName>testForFields_weekBased_YW</testName>
          <skipped>false</skipped>
          <failedSince>0</failedSince>
        </case>
        <case>
          <duration>0.0</duration>
          <className>org.joda.time.format.TestISODateTimeFormat_Fields</className>
          <testName>testForFields_weekBased_WD</testName>
          <skipped>false</skipped>
          <failedSince>0</failedSince>
        </case>
        <case>
          <duration>0.0</duration>
          <className>org.joda.time.format.TestISODateTimeFormat_Fields</className>
          <testName>testForFields_weekBased_YD</testName>
          <skipped>false</skipped>
          <failedSince>0</failedSince>
        </case>
        <case>
          <duration>0.0</duration>
          <className>org.joda.time.format.TestISODateTimeFormat_Fields</className>
          <testName>testForFields_ordinalBased_YD</testName>
          <skipped>false</skipped>
          <failedSince>0</failedSince>
        </case>
        <case>
          <duration>0.0</duration>
          <className>org.joda.time.format.TestISODateTimeFormat_Fields</className>
          <testName>testForFields_ordinalBased_Y</testName>
          <skipped>false</skipped>
          <failedSince>0</failedSince>
        </case>
        <case>
          <duration>0.0</duration>
          <className>org.joda.time.format.TestISODateTimeFormat_Fields</className>
          <testName>testForFields_ordinalBased_D</testName>
          <skipped>false</skipped>
          <failedSince>0</failedSince>
        </case>
        <case>
          <duration>0.0</duration>
          <className>org.joda.time.format.TestISODateTimeFormat_Fields</className>
          <testName>testForFields_time_HMSm</testName>
          <skipped>false</skipped>
          <failedSince>0</failedSince>
        </case>
        <case>
          <duration>0.0</duration>
          <className>org.joda.time.format.TestISODateTimeFormat_Fields</className>
          <testName>testForFields_time_HMS</testName>
          <skipped>false</skipped>
          <failedSince>0</failedSince>
        </case>
        <case>
          <duration>0.0</duration>
          <className>org.joda.time.format.TestISODateTimeFormat_Fields</className>
          <testName>testForFields_time_HM</testName>
          <skipped>false</skipped>
          <failedSince>0</failedSince>
        </case>
        <case>
          <duration>0.0</duration>
          <className>org.joda.time.format.TestISODateTimeFormat_Fields</className>
          <testName>testForFields_time_H</testName>
          <skipped>false</skipped>
          <failedSince>0</failedSince>
        </case>
        <case>
          <duration>0.0</duration>
          <className>org.joda.time.format.TestISODateTimeFormat_Fields</className>
          <testName>testForFields_time_MSm</testName>
          <skipped>false</skipped>
          <failedSince>0</failedSince>
        </case>
        <case>
          <duration>0.0</duration>
          <className>org.joda.time.format.TestISODateTimeFormat_Fields</className>
          <testName>testForFields_time_MS</testName>
          <skipped>false</skipped>
          <failedSince>0</failedSince>
        </case>
        <case>
          <duration>0.0</duration>
          <className>org.joda.time.format.TestISODateTimeFormat_Fields</className>
          <testName>testForFields_time_M</testName>
          <skipped>false</skipped>
          <failedSince>0</failedSince>
        </case>
        <case>
          <duration>0.005</duration>
          <className>org.joda.time.format.TestISODateTimeFormat_Fields</className>
          <testName>testForFields_time_Sm</testName>
          <skipped>false</skipped>
          <failedSince>0</failedSince>
        </case>
        <case>
          <duration>0.0</duration>
          <className>org.joda.time.format.TestISODateTimeFormat_Fields</className>
          <testName>testForFields_time_S</testName>
          <skipped>false</skipped>
          <failedSince>0</failedSince>
        </case>
        <case>
          <duration>0.0</duration>
          <className>org.joda.time.format.TestISODateTimeFormat_Fields</className>
          <testName>testForFields_time_m</testName>
          <skipped>false</skipped>
          <failedSince>0</failedSince>
        </case>
        <case>
          <duration>0.0</duration>
          <className>org.joda.time.format.TestISODateTimeFormat_Fields</className>
          <testName>testForFields_time_Hm</testName>
          <skipped>false</skipped>
          <failedSince>0</failedSince>
        </case>
        <case>
          <duration>0.0</duration>
          <className>org.joda.time.format.TestISODateTimeFormat_Fields</className>
          <testName>testForFields_time_HS</testName>
          <skipped>false</skipped>
          <failedSince>0</failedSince>
        </case>
        <case>
          <duration>0.0</duration>
          <className>org.joda.time.format.TestISODateTimeFormat_Fields</className>
          <testName>testForFields_time_Mm</testName>
          <skipped>false</skipped>
          <failedSince>0</failedSince>
        </case>
        <case>
          <duration>0.0</duration>
          <className>org.joda.time.format.TestISODateTimeFormat_Fields</className>
          <testName>testForFields_time_HSm</testName>
          <skipped>false</skipped>
          <failedSince>0</failedSince>
        </case>
        <case>
          <duration>0.0</duration>
          <className>org.joda.time.format.TestISODateTimeFormat_Fields</className>
          <testName>testForFields_time_HMm</testName>
          <skipped>false</skipped>
          <failedSince>0</failedSince>
        </case>
        <case>
          <duration>0.0</duration>
          <className>org.joda.time.format.TestISODateTimeFormat_Fields</className>
          <testName>testForFields_datetime_YMDH</testName>
          <skipped>false</skipped>
          <failedSince>0</failedSince>
        </case>
        <case>
          <duration>0.0</duration>
          <className>org.joda.time.format.TestISODateTimeFormat_Fields</className>
          <testName>testForFields_datetime_DH</testName>
          <skipped>false</skipped>
          <failedSince>0</failedSince>
        </case>
        <case>
          <duration>0.0</duration>
          <className>org.joda.time.format.TestISODateTimeFormat_Fields</className>
          <testName>testForFields_datetime_YH</testName>
          <skipped>false</skipped>
          <failedSince>0</failedSince>
        </case>
        <case>
          <duration>0.0</duration>
          <className>org.joda.time.format.TestISODateTimeFormat_Fields</className>
          <testName>testForFields_datetime_DM</testName>
          <skipped>false</skipped>
          <failedSince>0</failedSince>
        </case>
        <case>
          <duration>0.0</duration>
          <className>org.joda.time.format.TestISODateTimeFormatParsing</className>
          <testName>test_basicDateTimeNoMillis</testName>
          <skipped>false</skipped>
          <failedSince>0</failedSince>
        </case>
        <case>
          <duration>0.0</duration>
          <className>org.joda.time.format.TestISODateTimeFormatParsing</className>
          <testName>test_basicOrdinalDate</testName>
          <skipped>false</skipped>
          <failedSince>0</failedSince>
        </case>
        <case>
          <duration>0.001</duration>
          <className>org.joda.time.format.TestISODateTimeFormatParsing</className>
          <testName>test_basicOrdinalDateTime</testName>
          <skipped>false</skipped>
          <failedSince>0</failedSince>
        </case>
        <case>
          <duration>0.0</duration>
          <className>org.joda.time.format.TestISODateTimeFormatParsing</className>
          <testName>test_basicOrdinalDateTimeNoMillis</testName>
          <skipped>false</skipped>
          <failedSince>0</failedSince>
        </case>
        <case>
          <duration>0.0</duration>
          <className>org.joda.time.format.TestISODateTimeFormatParsing</className>
          <testName>test_basicWeekDate</testName>
          <skipped>false</skipped>
          <failedSince>0</failedSince>
        </case>
        <case>
          <duration>0.0</duration>
          <className>org.joda.time.format.TestISODateTimeFormatParsing</className>
          <testName>test_basicWeekDateTime</testName>
          <skipped>false</skipped>
          <failedSince>0</failedSince>
        </case>
        <case>
          <duration>0.001</duration>
          <className>org.joda.time.format.TestISODateTimeFormatParsing</className>
          <testName>test_basicWeekDateTimeNoMillis</testName>
          <skipped>false</skipped>
          <failedSince>0</failedSince>
        </case>
        <case>
          <duration>0.0</duration>
          <className>org.joda.time.format.TestISODateTimeFormatParsing</className>
          <testName>test_hourMinute</testName>
          <skipped>false</skipped>
          <failedSince>0</failedSince>
        </case>
        <case>
          <duration>0.0</duration>
          <className>org.joda.time.format.TestISODateTimeFormatParsing</className>
          <testName>test_hourMinuteSecond</testName>
          <skipped>false</skipped>
          <failedSince>0</failedSince>
        </case>
        <case>
          <duration>0.0</duration>
          <className>org.joda.time.format.TestISODateTimeFormatParsing</className>
          <testName>test_hourMinuteSecondMillis</testName>
          <skipped>false</skipped>
          <failedSince>0</failedSince>
        </case>
        <case>
          <duration>0.0</duration>
          <className>org.joda.time.format.TestISODateTimeFormatParsing</className>
          <testName>test_hourMinuteSecondFraction</testName>
          <skipped>false</skipped>
          <failedSince>0</failedSince>
        </case>
        <case>
          <duration>0.002</duration>
          <className>org.joda.time.format.TestISODateTimeFormatParsing</className>
          <testName>test_dateParser</testName>
          <skipped>false</skipped>
          <failedSince>0</failedSince>
        </case>
        <case>
          <duration>0.0</duration>
          <className>org.joda.time.format.TestISODateTimeFormatParsing</className>
          <testName>test_localDateParser</testName>
          <skipped>false</skipped>
          <failedSince>0</failedSince>
        </case>
        <case>
          <duration>0.0</duration>
          <className>org.joda.time.format.TestISODateTimeFormatParsing</className>
          <testName>test_time</testName>
          <skipped>false</skipped>
          <failedSince>0</failedSince>
        </case>
        <case>
          <duration>0.0</duration>
          <className>org.joda.time.format.TestISODateTimeFormatParsing</className>
          <testName>test_timeNoMillis</testName>
          <skipped>false</skipped>
          <failedSince>0</failedSince>
        </case>
        <case>
          <duration>0.0</duration>
          <className>org.joda.time.format.TestISODateTimeFormatParsing</className>
          <testName>test_tTime</testName>
          <skipped>false</skipped>
          <failedSince>0</failedSince>
        </case>
        <case>
          <duration>0.0</duration>
          <className>org.joda.time.format.TestISODateTimeFormatParsing</className>
          <testName>test_tTimeNoMillis</testName>
          <skipped>false</skipped>
          <failedSince>0</failedSince>
        </case>
        <case>
          <duration>0.0</duration>
          <className>org.joda.time.format.TestISODateTimeFormatParsing</className>
          <testName>test_dateTime</testName>
          <skipped>false</skipped>
          <failedSince>0</failedSince>
        </case>
        <case>
          <duration>0.014</duration>
          <className>org.joda.time.format.TestISODateTimeFormatParsing</className>
          <testName>test_dateTimeNoMillis</testName>
          <skipped>false</skipped>
          <failedSince>0</failedSince>
        </case>
        <case>
          <duration>0.0</duration>
          <className>org.joda.time.format.TestISODateTimeFormatParsing</className>
          <testName>test_ordinalDate</testName>
          <skipped>false</skipped>
          <failedSince>0</failedSince>
        </case>
        <case>
          <duration>0.0</duration>
          <className>org.joda.time.format.TestISODateTimeFormatParsing</className>
          <testName>test_ordinalDateTime</testName>
          <skipped>false</skipped>
          <failedSince>0</failedSince>
        </case>
        <case>
          <duration>0.0</duration>
          <className>org.joda.time.format.TestISODateTimeFormatParsing</className>
          <testName>test_ordinalDateTimeNoMillis</testName>
          <skipped>false</skipped>
          <failedSince>0</failedSince>
        </case>
        <case>
          <duration>0.001</duration>
          <className>org.joda.time.format.TestISODateTimeFormatParsing</className>
          <testName>test_weekDate</testName>
          <skipped>false</skipped>
          <failedSince>0</failedSince>
        </case>
        <case>
          <duration>0.0</duration>
          <className>org.joda.time.format.TestISODateTimeFormatParsing</className>
          <testName>test_weekDateTime</testName>
          <skipped>false</skipped>
          <failedSince>0</failedSince>
        </case>
        <case>
          <duration>0.0</duration>
          <className>org.joda.time.format.TestISODateTimeFormatParsing</className>
          <testName>test_weekDateTimeNoMillis</testName>
          <skipped>false</skipped>
          <failedSince>0</failedSince>
        </case>
        <case>
          <duration>0.0</duration>
          <className>org.joda.time.format.TestISODateTimeFormatParsing</className>
          <testName>test_basicDate</testName>
          <skipped>false</skipped>
          <failedSince>0</failedSince>
        </case>
        <case>
          <duration>0.0</duration>
          <className>org.joda.time.format.TestISODateTimeFormatParsing</className>
          <testName>test_basicTime</testName>
          <skipped>false</skipped>
          <failedSince>0</failedSince>
        </case>
        <case>
          <duration>0.0</duration>
          <className>org.joda.time.format.TestISODateTimeFormatParsing</className>
          <testName>test_basicTimeNoMillis</testName>
          <skipped>false</skipped>
          <failedSince>0</failedSince>
        </case>
        <case>
          <duration>0.0</duration>
          <className>org.joda.time.format.TestISODateTimeFormatParsing</className>
          <testName>test_basicTTime</testName>
          <skipped>false</skipped>
          <failedSince>0</failedSince>
        </case>
        <case>
          <duration>0.0</duration>
          <className>org.joda.time.format.TestISODateTimeFormatParsing</className>
          <testName>test_basicTTimeNoMillis</testName>
          <skipped>false</skipped>
          <failedSince>0</failedSince>
        </case>
        <case>
          <duration>0.0</duration>
          <className>org.joda.time.format.TestISODateTimeFormatParsing</className>
          <testName>test_basicDateTime</testName>
          <skipped>false</skipped>
          <failedSince>0</failedSince>
        </case>
        <case>
          <duration>0.001</duration>
          <className>org.joda.time.format.TestISODateTimeFormatParsing</className>
          <testName>test_dateElementParser</testName>
          <skipped>false</skipped>
          <failedSince>0</failedSince>
        </case>
        <case>
          <duration>0.0</duration>
          <className>org.joda.time.format.TestISODateTimeFormatParsing</className>
          <testName>test_timeParser</testName>
          <skipped>false</skipped>
          <failedSince>0</failedSince>
        </case>
        <case>
          <duration>0.002</duration>
          <className>org.joda.time.format.TestISODateTimeFormatParsing</className>
          <testName>test_localTimeParser</testName>
          <skipped>false</skipped>
          <failedSince>0</failedSince>
        </case>
        <case>
          <duration>0.0</duration>
          <className>org.joda.time.format.TestISODateTimeFormatParsing</className>
          <testName>test_timeElementParser</testName>
          <skipped>false</skipped>
          <failedSince>0</failedSince>
        </case>
        <case>
          <duration>0.003</duration>
          <className>org.joda.time.format.TestISODateTimeFormatParsing</className>
          <testName>test_dateTimeParser</testName>
          <skipped>false</skipped>
          <failedSince>0</failedSince>
        </case>
        <case>
          <duration>0.0</duration>
          <className>org.joda.time.format.TestISODateTimeFormatParsing</className>
          <testName>test_dateOptionalTimeParser</testName>
          <skipped>false</skipped>
          <failedSince>0</failedSince>
        </case>
        <case>
          <duration>0.0</duration>
          <className>org.joda.time.format.TestISODateTimeFormatParsing</className>
          <testName>test_localDateOptionalTimeParser</testName>
          <skipped>false</skipped>
          <failedSince>0</failedSince>
        </case>
        <case>
          <duration>0.0</duration>
          <className>org.joda.time.format.TestISODateTimeFormatParsing</className>
          <testName>test_date</testName>
          <skipped>false</skipped>
          <failedSince>0</failedSince>
        </case>
        <case>
          <duration>0.0</duration>
          <className>org.joda.time.format.TestDateTimeFormatterBuilder</className>
          <testName>test_toFormatter</testName>
          <skipped>false</skipped>
          <failedSince>0</failedSince>
        </case>
        <case>
          <duration>0.0</duration>
          <className>org.joda.time.format.TestDateTimeFormatterBuilder</className>
          <testName>test_toPrinter</testName>
          <skipped>false</skipped>
          <failedSince>0</failedSince>
        </case>
        <case>
          <duration>0.0</duration>
          <className>org.joda.time.format.TestDateTimeFormatterBuilder</className>
          <testName>test_toParser</testName>
          <skipped>false</skipped>
          <failedSince>0</failedSince>
        </case>
        <case>
          <duration>0.0</duration>
          <className>org.joda.time.format.TestDateTimeFormatterBuilder</className>
          <testName>test_canBuildFormatter</testName>
          <skipped>false</skipped>
          <failedSince>0</failedSince>
        </case>
        <case>
          <duration>0.0</duration>
          <className>org.joda.time.format.TestDateTimeFormatterBuilder</className>
          <testName>test_canBuildPrinter</testName>
          <skipped>false</skipped>
          <failedSince>0</failedSince>
        </case>
        <case>
          <duration>0.0</duration>
          <className>org.joda.time.format.TestDateTimeFormatterBuilder</className>
          <testName>test_canBuildParser</testName>
          <skipped>false</skipped>
          <failedSince>0</failedSince>
        </case>
        <case>
          <duration>0.0</duration>
          <className>org.joda.time.format.TestDateTimeFormatterBuilder</className>
          <testName>test_append_Formatter</testName>
          <skipped>false</skipped>
          <failedSince>0</failedSince>
        </case>
        <case>
          <duration>0.0</duration>
          <className>org.joda.time.format.TestDateTimeFormatterBuilder</className>
          <testName>test_append_Printer</testName>
          <skipped>false</skipped>
          <failedSince>0</failedSince>
        </case>
        <case>
          <duration>0.0</duration>
          <className>org.joda.time.format.TestDateTimeFormatterBuilder</className>
          <testName>test_append_nullPrinter</testName>
          <skipped>false</skipped>
          <failedSince>0</failedSince>
        </case>
        <case>
          <duration>0.0</duration>
          <className>org.joda.time.format.TestDateTimeFormatterBuilder</className>
          <testName>test_append_Parser</testName>
          <skipped>false</skipped>
          <failedSince>0</failedSince>
        </case>
        <case>
          <duration>0.0</duration>
          <className>org.joda.time.format.TestDateTimeFormatterBuilder</className>
          <testName>test_append_nullParser</testName>
          <skipped>false</skipped>
          <failedSince>0</failedSince>
        </case>
        <case>
          <duration>0.0</duration>
          <className>org.joda.time.format.TestDateTimeFormatterBuilder</className>
          <testName>test_append_Printer_nullParser</testName>
          <skipped>false</skipped>
          <failedSince>0</failedSince>
        </case>
        <case>
          <duration>0.0</duration>
          <className>org.joda.time.format.TestDateTimeFormatterBuilder</className>
          <testName>test_append_nullPrinter_Parser</testName>
          <skipped>false</skipped>
          <failedSince>0</failedSince>
        </case>
        <case>
          <duration>0.0</duration>
          <className>org.joda.time.format.TestDateTimeFormatterBuilder</className>
          <testName>test_appendOptional_Parser</testName>
          <skipped>false</skipped>
          <failedSince>0</failedSince>
        </case>
        <case>
          <duration>0.0</duration>
          <className>org.joda.time.format.TestDateTimeFormatterBuilder</className>
          <testName>test_appendOptional_nullParser</testName>
          <skipped>false</skipped>
          <failedSince>0</failedSince>
        </case>
        <case>
          <duration>0.0</duration>
          <className>org.joda.time.format.TestDateTimeFormatterBuilder</className>
          <testName>test_appendFixedDecimal</testName>
          <skipped>false</skipped>
          <failedSince>0</failedSince>
        </case>
        <case>
          <duration>0.0</duration>
          <className>org.joda.time.format.TestDateTimeFormatterBuilder</className>
          <testName>test_appendFixedSignedDecimal</testName>
          <skipped>false</skipped>
          <failedSince>0</failedSince>
        </case>
        <case>
          <duration>0.002</duration>
          <className>org.joda.time.format.TestDateTimeFormatterBuilder</className>
          <testName>test_appendTimeZoneOffset_parse</testName>
          <skipped>false</skipped>
          <failedSince>0</failedSince>
        </case>
        <case>
          <duration>0.0</duration>
          <className>org.joda.time.format.TestDateTimeFormatterBuilder</className>
          <testName>test_appendTimeZoneOffset_print_min1max1</testName>
          <skipped>false</skipped>
          <failedSince>0</failedSince>
        </case>
        <case>
          <duration>0.0</duration>
          <className>org.joda.time.format.TestDateTimeFormatterBuilder</className>
          <testName>test_appendTimeZoneOffset_print_min1max2</testName>
          <skipped>false</skipped>
          <failedSince>0</failedSince>
        </case>
        <case>
          <duration>0.0</duration>
          <className>org.joda.time.format.TestDateTimeFormatterBuilder</className>
          <testName>test_appendTimeZoneOffset_print_min1max3</testName>
          <skipped>false</skipped>
          <failedSince>0</failedSince>
        </case>
        <case>
          <duration>0.0</duration>
          <className>org.joda.time.format.TestDateTimeFormatterBuilder</className>
          <testName>test_appendTimeZoneOffset_print_min2max2</testName>
          <skipped>false</skipped>
          <failedSince>0</failedSince>
        </case>
        <case>
          <duration>0.0</duration>
          <className>org.joda.time.format.TestDateTimeFormatterBuilder</className>
          <testName>test_appendTimeZoneOffset_print_min2max3</testName>
          <skipped>false</skipped>
          <failedSince>0</failedSince>
        </case>
        <case>
          <duration>0.0</duration>
          <className>org.joda.time.format.TestDateTimeFormatterBuilder</className>
          <testName>test_appendTimeZoneOffset_print_min3max3</testName>
          <skipped>false</skipped>
          <failedSince>0</failedSince>
        </case>
        <case>
          <duration>0.0</duration>
          <className>org.joda.time.format.TestDateTimeFormatterBuilder</className>
          <testName>test_appendTimeZoneOffset_invalidText</testName>
          <skipped>false</skipped>
          <failedSince>0</failedSince>
        </case>
        <case>
          <duration>0.0</duration>
          <className>org.joda.time.format.TestDateTimeFormatterBuilder</className>
          <testName>test_appendTimeZoneOffset_zeroMinInvalid</testName>
          <skipped>false</skipped>
          <failedSince>0</failedSince>
        </case>
        <case>
          <duration>0.0</duration>
          <className>org.joda.time.format.TestDateTimeFormatterBuilder</className>
          <testName>test_appendTimeZoneId</testName>
          <skipped>false</skipped>
          <failedSince>0</failedSince>
        </case>
        <case>
          <duration>0.0</duration>
          <className>org.joda.time.format.TestDateTimeFormatterBuilder</className>
          <testName>test_printParseZoneTokyo</testName>
          <skipped>false</skipped>
          <failedSince>0</failedSince>
        </case>
        <case>
          <duration>0.0</duration>
          <className>org.joda.time.format.TestDateTimeFormatterBuilder</className>
          <testName>test_printParseZoneParis</testName>
          <skipped>false</skipped>
          <failedSince>0</failedSince>
        </case>
        <case>
          <duration>0.024</duration>
          <className>org.joda.time.format.TestDateTimeFormatterBuilder</className>
          <testName>test_printParseZoneDawson</testName>
          <skipped>false</skipped>
          <failedSince>0</failedSince>
        </case>
        <case>
          <duration>0.0</duration>
          <className>org.joda.time.format.TestDateTimeFormatterBuilder</className>
          <testName>test_printParseZoneDawson_suffix</testName>
          <skipped>false</skipped>
          <failedSince>0</failedSince>
        </case>
        <case>
          <duration>0.0</duration>
          <className>org.joda.time.format.TestDateTimeFormatterBuilder</className>
          <testName>test_printParseZoneDawsonCreek</testName>
          <skipped>false</skipped>
          <failedSince>0</failedSince>
        </case>
        <case>
          <duration>0.0</duration>
          <className>org.joda.time.format.TestDateTimeFormatterBuilder</className>
          <testName>test_printParseZoneDawsonCreek_suffix</testName>
          <skipped>false</skipped>
          <failedSince>0</failedSince>
        </case>
        <case>
          <duration>0.0</duration>
          <className>org.joda.time.format.TestDateTimeFormatterBuilder</className>
          <testName>test_printParseZoneEtcGMT</testName>
          <skipped>false</skipped>
          <failedSince>0</failedSince>
        </case>
        <case>
          <duration>0.0</duration>
          <className>org.joda.time.format.TestDateTimeFormatterBuilder</className>
          <testName>test_printParseZoneEtcGMT_suffix</testName>
          <skipped>false</skipped>
          <failedSince>0</failedSince>
        </case>
        <case>
          <duration>0.0</duration>
          <className>org.joda.time.format.TestDateTimeFormatterBuilder</className>
          <testName>test_printParseZoneGMT</testName>
          <skipped>false</skipped>
          <failedSince>0</failedSince>
        </case>
        <case>
          <duration>0.0</duration>
          <className>org.joda.time.format.TestDateTimeFormatterBuilder</className>
          <testName>test_printParseZoneGMT_suffix</testName>
          <skipped>false</skipped>
          <failedSince>0</failedSince>
        </case>
        <case>
          <duration>0.0</duration>
          <className>org.joda.time.format.TestDateTimeFormatterBuilder</className>
          <testName>test_printParseZoneEtcGMT1</testName>
          <skipped>false</skipped>
          <failedSince>0</failedSince>
        </case>
        <case>
          <duration>0.0</duration>
          <className>org.joda.time.format.TestDateTimeFormatterBuilder</className>
          <testName>test_printParseZoneEtcGMT1_suffix</testName>
          <skipped>false</skipped>
          <failedSince>0</failedSince>
        </case>
        <case>
          <duration>0.0</duration>
          <className>org.joda.time.format.TestDateTimeFormatterBuilder</className>
          <testName>test_printParseZoneEtcGMT10</testName>
          <skipped>false</skipped>
          <failedSince>0</failedSince>
        </case>
        <case>
          <duration>0.0</duration>
          <className>org.joda.time.format.TestDateTimeFormatterBuilder</className>
          <testName>test_printParseZoneEtcGMT10_suffix</testName>
          <skipped>false</skipped>
          <failedSince>0</failedSince>
        </case>
        <case>
          <duration>0.001</duration>
          <className>org.joda.time.format.TestDateTimeFormatterBuilder</className>
          <testName>test_printParseZoneMET</testName>
          <skipped>false</skipped>
          <failedSince>0</failedSince>
        </case>
        <case>
          <duration>0.0</duration>
          <className>org.joda.time.format.TestDateTimeFormatterBuilder</className>
          <testName>test_printParseZoneMET_suffix</testName>
          <skipped>false</skipped>
          <failedSince>0</failedSince>
        </case>
        <case>
          <duration>0.0</duration>
          <className>org.joda.time.format.TestDateTimeFormatterBuilder</className>
          <testName>test_printParseZoneBahiaBanderas</testName>
          <skipped>false</skipped>
          <failedSince>0</failedSince>
        </case>
        <case>
          <duration>0.0</duration>
          <className>org.joda.time.format.TestDateTimeFormatterBuilder</className>
          <testName>test_printParseOffset</testName>
          <skipped>false</skipped>
          <failedSince>0</failedSince>
        </case>
        <case>
          <duration>0.002</duration>
          <className>org.joda.time.format.TestDateTimeFormatterBuilder</className>
          <testName>test_printParseOffsetAndZone</testName>
          <skipped>false</skipped>
          <failedSince>0</failedSince>
        </case>
        <case>
          <duration>0.0</duration>
          <className>org.joda.time.format.TestDateTimeFormatterBuilder</className>
          <testName>test_parseWrongOffset</testName>
          <skipped>false</skipped>
          <failedSince>0</failedSince>
        </case>
        <case>
          <duration>0.0</duration>
          <className>org.joda.time.format.TestDateTimeFormatterBuilder</className>
          <testName>test_parseWrongOffsetAndZone</testName>
          <skipped>false</skipped>
          <failedSince>0</failedSince>
        </case>
        <case>
          <duration>0.0</duration>
          <className>org.joda.time.format.TestDateTimeFormatterBuilder</className>
          <testName>test_localPrintParseZoneTokyo</testName>
          <skipped>false</skipped>
          <failedSince>0</failedSince>
        </case>
        <case>
          <duration>0.0</duration>
          <className>org.joda.time.format.TestDateTimeFormatterBuilder</className>
          <testName>test_localPrintParseOffset</testName>
          <skipped>false</skipped>
          <failedSince>0</failedSince>
        </case>
        <case>
          <duration>0.0</duration>
          <className>org.joda.time.format.TestDateTimeFormatterBuilder</className>
          <testName>test_localPrintParseOffsetAndZone</testName>
          <skipped>false</skipped>
          <failedSince>0</failedSince>
        </case>
        <case>
          <duration>0.0</duration>
          <className>org.joda.time.format.TestDateTimeFormatterBuilder</className>
          <testName>test_localParseWrongOffsetAndZone</testName>
          <skipped>false</skipped>
          <failedSince>0</failedSince>
        </case>
        <case>
          <duration>0.0</duration>
          <className>org.joda.time.format.TestDateTimeFormatterBuilder</className>
          <testName>test_printParseShortName</testName>
          <skipped>false</skipped>
          <failedSince>0</failedSince>
        </case>
        <case>
          <duration>0.0</duration>
          <className>org.joda.time.format.TestDateTimeFormatterBuilder</className>
          <testName>test_printParseShortNameWithLookup</testName>
          <skipped>false</skipped>
          <failedSince>0</failedSince>
        </case>
        <case>
          <duration>0.001</duration>
          <className>org.joda.time.format.TestDateTimeFormatterBuilder</className>
          <testName>test_printParseShortNameWithAutoLookup</testName>
          <skipped>false</skipped>
          <failedSince>0</failedSince>
        </case>
        <case>
          <duration>0.0</duration>
          <className>org.joda.time.format.TestDateTimeFormatterBuilder</className>
          <testName>test_printParseLongName</testName>
          <skipped>false</skipped>
          <failedSince>0</failedSince>
        </case>
        <case>
          <duration>0.0</duration>
          <className>org.joda.time.format.TestDateTimeFormatterBuilder</className>
          <testName>test_printParseLongNameWithLookup</testName>
          <skipped>false</skipped>
          <failedSince>0</failedSince>
        </case>
        <case>
          <duration>0.0</duration>
          <className>org.joda.time.format.TestPeriodFormatter</className>
          <testName>testPrint_simple</testName>
          <skipped>false</skipped>
          <failedSince>0</failedSince>
        </case>
        <case>
          <duration>0.0</duration>
          <className>org.joda.time.format.TestPeriodFormatter</className>
          <testName>testPrint_bufferMethods</testName>
          <skipped>false</skipped>
          <failedSince>0</failedSince>
        </case>
        <case>
          <duration>0.0</duration>
          <className>org.joda.time.format.TestPeriodFormatter</className>
          <testName>testPrint_writerMethods</testName>
          <skipped>false</skipped>
          <failedSince>0</failedSince>
        </case>
        <case>
          <duration>0.011</duration>
          <className>org.joda.time.format.TestPeriodFormatter</className>
          <testName>testPrinterParserMethods</testName>
          <skipped>false</skipped>
          <failedSince>0</failedSince>
        </case>
        <case>
          <duration>0.0</duration>
          <className>org.joda.time.format.TestPeriodFormatter</className>
          <testName>testParseInto_simple</testName>
          <skipped>false</skipped>
          <failedSince>0</failedSince>
        </case>
        <case>
          <duration>0.0</duration>
          <className>org.joda.time.format.TestPeriodFormatter</className>
          <testName>testWithGetParseTypeMethods</testName>
          <skipped>false</skipped>
          <failedSince>0</failedSince>
        </case>
        <case>
          <duration>0.0</duration>
          <className>org.joda.time.format.TestPeriodFormatter</className>
          <testName>testParsePeriod_simple</testName>
          <skipped>false</skipped>
          <failedSince>0</failedSince>
        </case>
        <case>
          <duration>0.0</duration>
          <className>org.joda.time.format.TestPeriodFormatter</className>
          <testName>testParsePeriod_parseType</testName>
          <skipped>false</skipped>
          <failedSince>0</failedSince>
        </case>
        <case>
          <duration>0.0</duration>
          <className>org.joda.time.format.TestPeriodFormatter</className>
          <testName>testParseMutablePeriod_simple</testName>
          <skipped>false</skipped>
          <failedSince>0</failedSince>
        </case>
        <case>
          <duration>0.0</duration>
          <className>org.joda.time.format.TestPeriodFormatter</className>
          <testName>testWithGetLocaleMethods</testName>
          <skipped>false</skipped>
          <failedSince>0</failedSince>
        </case>
        <case>
          <duration>0.0</duration>
          <className>org.joda.time.format.TestPeriodFormat</className>
          <testName>testSubclassableConstructor</testName>
          <skipped>false</skipped>
          <failedSince>0</failedSince>
        </case>
        <case>
          <duration>0.0</duration>
          <className>org.joda.time.format.TestPeriodFormat</className>
          <testName>test_getDefault_formatStandard</testName>
          <skipped>false</skipped>
          <failedSince>0</failedSince>
        </case>
        <case>
          <duration>0.0</duration>
          <className>org.joda.time.format.TestPeriodFormat</className>
          <testName>test_getDefault_FormatOneField</testName>
          <skipped>false</skipped>
          <failedSince>0</failedSince>
        </case>
        <case>
          <duration>0.0</duration>
          <className>org.joda.time.format.TestPeriodFormat</className>
          <testName>test_getDefault_formatTwoFields</testName>
          <skipped>false</skipped>
          <failedSince>0</failedSince>
        </case>
        <case>
          <duration>0.0</duration>
          <className>org.joda.time.format.TestPeriodFormat</className>
          <testName>test_getDefault_parseOneField</testName>
          <skipped>false</skipped>
          <failedSince>0</failedSince>
        </case>
        <case>
          <duration>0.0</duration>
          <className>org.joda.time.format.TestPeriodFormat</className>
          <testName>test_getDefault_parseTwoFields</testName>
          <skipped>false</skipped>
          <failedSince>0</failedSince>
        </case>
        <case>
          <duration>0.0</duration>
          <className>org.joda.time.format.TestPeriodFormat</className>
          <testName>test_getDefault_checkRedundantSeparator</testName>
          <skipped>false</skipped>
          <failedSince>0</failedSince>
        </case>
        <case>
          <duration>0.0</duration>
          <className>org.joda.time.format.TestPeriodFormat</className>
          <testName>test_getDefault_cached</testName>
          <skipped>false</skipped>
          <failedSince>0</failedSince>
        </case>
        <case>
          <duration>0.002</duration>
          <className>org.joda.time.format.TestPeriodFormat</className>
          <testName>test_wordBased_default</testName>
          <skipped>false</skipped>
          <failedSince>0</failedSince>
        </case>
        <case>
          <duration>0.001</duration>
          <className>org.joda.time.format.TestPeriodFormat</className>
          <testName>test_wordBased_fr_formatStandard</testName>
          <skipped>false</skipped>
          <failedSince>0</failedSince>
        </case>
        <case>
          <duration>0.0</duration>
          <className>org.joda.time.format.TestPeriodFormat</className>
          <testName>test_wordBased_fr_FormatOneField</testName>
          <skipped>false</skipped>
          <failedSince>0</failedSince>
        </case>
        <case>
          <duration>0.0</duration>
          <className>org.joda.time.format.TestPeriodFormat</className>
          <testName>test_wordBased_fr_formatTwoFields</testName>
          <skipped>false</skipped>
          <failedSince>0</failedSince>
        </case>
        <case>
          <duration>0.0</duration>
          <className>org.joda.time.format.TestPeriodFormat</className>
          <testName>test_wordBased_fr_parseOneField</testName>
          <skipped>false</skipped>
          <failedSince>0</failedSince>
        </case>
        <case>
          <duration>0.0</duration>
          <className>org.joda.time.format.TestPeriodFormat</className>
          <testName>test_wordBased_fr_parseTwoFields</testName>
          <skipped>false</skipped>
          <failedSince>0</failedSince>
        </case>
        <case>
          <duration>0.0</duration>
          <className>org.joda.time.format.TestPeriodFormat</className>
          <testName>test_wordBased_fr_cached</testName>
          <skipped>false</skipped>
          <failedSince>0</failedSince>
        </case>
        <case>
          <duration>0.003</duration>
          <className>org.joda.time.format.TestPeriodFormat</className>
          <testName>test_wordBased_pt_formatStandard</testName>
          <skipped>false</skipped>
          <failedSince>0</failedSince>
        </case>
        <case>
          <duration>0.0</duration>
          <className>org.joda.time.format.TestPeriodFormat</className>
          <testName>test_wordBased_pt_FormatOneField</testName>
          <skipped>false</skipped>
          <failedSince>0</failedSince>
        </case>
        <case>
          <duration>0.0</duration>
          <className>org.joda.time.format.TestPeriodFormat</className>
          <testName>test_wordBased_pt_formatTwoFields</testName>
          <skipped>false</skipped>
          <failedSince>0</failedSince>
        </case>
        <case>
          <duration>0.0</duration>
          <className>org.joda.time.format.TestPeriodFormat</className>
          <testName>test_wordBased_pt_parseOneField</testName>
          <skipped>false</skipped>
          <failedSince>0</failedSince>
        </case>
        <case>
          <duration>0.0</duration>
          <className>org.joda.time.format.TestPeriodFormat</className>
          <testName>test_wordBased_pt_parseTwoFields</testName>
          <skipped>false</skipped>
          <failedSince>0</failedSince>
        </case>
        <case>
          <duration>0.0</duration>
          <className>org.joda.time.format.TestPeriodFormat</className>
          <testName>test_wordBased_pt_cached</testName>
          <skipped>false</skipped>
          <failedSince>0</failedSince>
        </case>
        <case>
          <duration>0.002</duration>
          <className>org.joda.time.format.TestPeriodFormat</className>
          <testName>test_wordBased_es_formatStandard</testName>
          <skipped>false</skipped>
          <failedSince>0</failedSince>
        </case>
        <case>
          <duration>0.0</duration>
          <className>org.joda.time.format.TestPeriodFormat</className>
          <testName>test_wordBased_es_FormatOneField</testName>
          <skipped>false</skipped>
          <failedSince>0</failedSince>
        </case>
        <case>
          <duration>0.0</duration>
          <className>org.joda.time.format.TestPeriodFormat</className>
          <testName>test_wordBased_es_formatTwoFields</testName>
          <skipped>false</skipped>
          <failedSince>0</failedSince>
        </case>
        <case>
          <duration>0.0</duration>
          <className>org.joda.time.format.TestPeriodFormat</className>
          <testName>test_wordBased_es_parseOneField</testName>
          <skipped>false</skipped>
          <failedSince>0</failedSince>
        </case>
        <case>
          <duration>0.0</duration>
          <className>org.joda.time.format.TestPeriodFormat</className>
          <testName>test_wordBased_es_parseTwoFields</testName>
          <skipped>false</skipped>
          <failedSince>0</failedSince>
        </case>
        <case>
          <duration>0.006</duration>
          <className>org.joda.time.format.TestPeriodFormat</className>
          <testName>test_wordBased_es_cached</testName>
          <skipped>false</skipped>
          <failedSince>0</failedSince>
        </case>
        <case>
          <duration>0.0</duration>
          <className>org.joda.time.format.TestPeriodFormat</className>
          <testName>test_wordBased_de_formatStandard</testName>
          <skipped>false</skipped>
          <failedSince>0</failedSince>
        </case>
        <case>
          <duration>0.0</duration>
          <className>org.joda.time.format.TestPeriodFormat</className>
          <testName>test_wordBased_de_FormatOneField</testName>
          <skipped>false</skipped>
          <failedSince>0</failedSince>
        </case>
        <case>
          <duration>0.0</duration>
          <className>org.joda.time.format.TestPeriodFormat</className>
          <testName>test_wordBased_de_formatTwoFields</testName>
          <skipped>false</skipped>
          <failedSince>0</failedSince>
        </case>
        <case>
          <duration>0.0</duration>
          <className>org.joda.time.format.TestPeriodFormat</className>
          <testName>test_wordBased_de_parseOneField</testName>
          <skipped>false</skipped>
          <failedSince>0</failedSince>
        </case>
        <case>
          <duration>0.0</duration>
          <className>org.joda.time.format.TestPeriodFormat</className>
          <testName>test_wordBased_de_parseTwoFields</testName>
          <skipped>false</skipped>
          <failedSince>0</failedSince>
        </case>
        <case>
          <duration>0.0</duration>
          <className>org.joda.time.format.TestPeriodFormat</className>
          <testName>test_wordBased_de_cached</testName>
          <skipped>false</skipped>
          <failedSince>0</failedSince>
        </case>
        <case>
          <duration>0.0</duration>
          <className>org.joda.time.format.TestPeriodFormat</className>
          <testName>test_wordBased_nl_formatStandard</testName>
          <skipped>false</skipped>
          <failedSince>0</failedSince>
        </case>
        <case>
          <duration>0.0</duration>
          <className>org.joda.time.format.TestPeriodFormat</className>
          <testName>test_wordBased_nl_FormatOneField</testName>
          <skipped>false</skipped>
          <failedSince>0</failedSince>
        </case>
        <case>
          <duration>0.0</duration>
          <className>org.joda.time.format.TestPeriodFormat</className>
          <testName>test_wordBased_nl_formatTwoFields</testName>
          <skipped>false</skipped>
          <failedSince>0</failedSince>
        </case>
        <case>
          <duration>0.0</duration>
          <className>org.joda.time.format.TestPeriodFormat</className>
          <testName>test_wordBased_nl_parseOneField</testName>
          <skipped>false</skipped>
          <failedSince>0</failedSince>
        </case>
        <case>
          <duration>0.0</duration>
          <className>org.joda.time.format.TestPeriodFormat</className>
          <testName>test_wordBased_nl_parseTwoFields</testName>
          <skipped>false</skipped>
          <failedSince>0</failedSince>
        </case>
        <case>
          <duration>0.0</duration>
          <className>org.joda.time.format.TestPeriodFormat</className>
          <testName>test_wordBased_nl_cached</testName>
          <skipped>false</skipped>
          <failedSince>0</failedSince>
        </case>
        <case>
          <duration>0.001</duration>
          <className>org.joda.time.format.TestPeriodFormat</className>
          <testName>test_wordBased_da_formatMultiple</testName>
          <skipped>false</skipped>
          <failedSince>0</failedSince>
        </case>
        <case>
          <duration>0.0</duration>
          <className>org.joda.time.format.TestPeriodFormat</className>
          <testName>test_wordBased_da_formatSinglular</testName>
          <skipped>false</skipped>
          <failedSince>0</failedSince>
        </case>
        <case>
          <duration>0.0</duration>
          <className>org.joda.time.format.TestPeriodFormat</className>
          <testName>test_wordBased_da_cached</testName>
          <skipped>false</skipped>
          <failedSince>0</failedSince>
        </case>
        <case>
          <duration>0.003</duration>
          <className>org.joda.time.format.TestPeriodFormat</className>
          <testName>test_wordBased_ja_formatMultiple</testName>
          <skipped>false</skipped>
          <failedSince>0</failedSince>
        </case>
        <case>
          <duration>0.0</duration>
          <className>org.joda.time.format.TestPeriodFormat</className>
          <testName>test_wordBased_ja_formatSingular</testName>
          <skipped>false</skipped>
          <failedSince>0</failedSince>
        </case>
        <case>
          <duration>0.0</duration>
          <className>org.joda.time.format.TestPeriodFormat</className>
          <testName>test_wordBased_ja_cached</testName>
          <skipped>false</skipped>
          <failedSince>0</failedSince>
        </case>
        <case>
          <duration>0.0</duration>
          <className>org.joda.time.format.TestPeriodFormat</className>
          <testName>test_wordBased_ja_parseOneField</testName>
          <skipped>false</skipped>
          <failedSince>0</failedSince>
        </case>
        <case>
          <duration>0.0</duration>
          <className>org.joda.time.format.TestPeriodFormat</className>
          <testName>test_wordBased_ja_parseTwoFields</testName>
          <skipped>false</skipped>
          <failedSince>0</failedSince>
        </case>
        <case>
          <duration>0.0</duration>
          <className>org.joda.time.format.TestPeriodFormat</className>
          <testName>test_wordBased_ja_checkRedundantSeparator</testName>
          <skipped>false</skipped>
          <failedSince>0</failedSince>
        </case>
        <case>
          <duration>0.004</duration>
          <className>org.joda.time.format.TestPeriodFormat</className>
          <testName>test_wordBased_pl_formatStandard</testName>
          <skipped>false</skipped>
          <failedSince>0</failedSince>
        </case>
        <case>
          <duration>0.0</duration>
          <className>org.joda.time.format.TestPeriodFormat</className>
          <testName>test_wordBased_pl_FormatOneField</testName>
          <skipped>false</skipped>
          <failedSince>0</failedSince>
        </case>
        <case>
          <duration>0.0</duration>
          <className>org.joda.time.format.TestPeriodFormat</className>
          <testName>test_wordBased_pl_formatTwoFields</testName>
          <skipped>false</skipped>
          <failedSince>0</failedSince>
        </case>
        <case>
          <duration>0.0</duration>
          <className>org.joda.time.format.TestPeriodFormat</className>
          <testName>test_wordBased_pl_parseOneField</testName>
          <skipped>false</skipped>
          <failedSince>0</failedSince>
        </case>
        <case>
          <duration>0.0</duration>
          <className>org.joda.time.format.TestPeriodFormat</className>
          <testName>test_wordBased_pl_parseTwoFields</testName>
          <skipped>false</skipped>
          <failedSince>0</failedSince>
        </case>
        <case>
          <duration>0.0</duration>
          <className>org.joda.time.format.TestPeriodFormat</className>
          <testName>test_wordBased_pl_checkRedundantSeparator</testName>
          <skipped>false</skipped>
          <failedSince>0</failedSince>
        </case>
        <case>
          <duration>0.0</duration>
          <className>org.joda.time.format.TestPeriodFormat</className>
          <testName>test_wordBased_pl_cached</testName>
          <skipped>false</skipped>
          <failedSince>0</failedSince>
        </case>
        <case>
          <duration>0.008</duration>
          <className>org.joda.time.format.TestPeriodFormat</className>
          <testName>test_wordBased_pl_regEx</testName>
          <skipped>false</skipped>
          <failedSince>0</failedSince>
        </case>
        <case>
          <duration>0.0</duration>
          <className>org.joda.time.format.TestPeriodFormat</className>
          <testName>test_wordBased_fr_from_de</testName>
          <skipped>false</skipped>
          <failedSince>0</failedSince>
        </case>
        <case>
          <duration>0.0</duration>
          <className>org.joda.time.format.TestPeriodFormat</className>
          <testName>test_wordBased_fr_from_nl</testName>
          <skipped>false</skipped>
          <failedSince>0</failedSince>
        </case>
        <case>
          <duration>0.0</duration>
          <className>org.joda.time.format.TestPeriodFormat</className>
          <testName>test_wordBased_en_from_de</testName>
          <skipped>false</skipped>
          <failedSince>0</failedSince>
        </case>
        <case>
          <duration>0.0</duration>
          <className>org.joda.time.format.TestPeriodFormat</className>
          <testName>test_wordBased_en_from_nl</testName>
          <skipped>false</skipped>
          <failedSince>0</failedSince>
        </case>
        <case>
          <duration>0.0</duration>
          <className>org.joda.time.format.TestPeriodFormat</className>
          <testName>test_wordBased_en_from_pl</testName>
          <skipped>false</skipped>
          <failedSince>0</failedSince>
        </case>
        <case>
          <duration>0.0</duration>
          <className>org.joda.time.format.TestPeriodFormat</className>
          <testName>test_wordBased_pl_from_fr</testName>
          <skipped>false</skipped>
          <failedSince>0</failedSince>
        </case>
        <case>
          <duration>0.0</duration>
          <className>org.joda.time.format.TestPeriodFormat</className>
          <testName>test_getDefault_localeValue</testName>
          <skipped>false</skipped>
          <failedSince>0</failedSince>
        </case>
        <case>
          <duration>0.0</duration>
          <className>org.joda.time.format.TestPeriodFormat</className>
          <testName>test_wordBased_localeValue</testName>
          <skipped>false</skipped>
          <failedSince>0</failedSince>
        </case>
        <case>
          <duration>0.0</duration>
          <className>org.joda.time.format.TestPeriodFormat</className>
          <testName>test_wordBasedWithLocale_localeValue</testName>
          <skipped>false</skipped>
          <failedSince>0</failedSince>
        </case>
        <case>
          <duration>0.001</duration>
          <className>org.joda.time.format.TestPeriodFormat</className>
          <testName>test_wordBased_en_withLocale_pt</testName>
          <skipped>false</skipped>
          <failedSince>0</failedSince>
        </case>
        <case>
          <duration>0.0</duration>
          <className>org.joda.time.format.TestISOPeriodFormat</className>
          <testName>testSubclassableConstructor</testName>
          <skipped>false</skipped>
          <failedSince>0</failedSince>
        </case>
        <case>
          <duration>0.0</duration>
          <className>org.joda.time.format.TestISOPeriodFormat</className>
          <testName>testFormatStandard</testName>
          <skipped>false</skipped>
          <failedSince>0</failedSince>
        </case>
        <case>
          <duration>0.0</duration>
          <className>org.joda.time.format.TestISOPeriodFormat</className>
          <testName>testFormatStandard_negative</testName>
          <skipped>false</skipped>
          <failedSince>0</failedSince>
        </case>
        <case>
          <duration>0.002</duration>
          <className>org.joda.time.format.TestISOPeriodFormat</className>
          <testName>testFormatAlternate</testName>
          <skipped>false</skipped>
          <failedSince>0</failedSince>
        </case>
        <case>
          <duration>0.0</duration>
          <className>org.joda.time.format.TestISOPeriodFormat</className>
          <testName>testFormatAlternateExtended</testName>
          <skipped>false</skipped>
          <failedSince>0</failedSince>
        </case>
        <case>
          <duration>0.0</duration>
          <className>org.joda.time.format.TestISOPeriodFormat</className>
          <testName>testFormatAlternateWithWeeks</testName>
          <skipped>false</skipped>
          <failedSince>0</failedSince>
        </case>
        <case>
          <duration>0.0</duration>
          <className>org.joda.time.format.TestISOPeriodFormat</className>
          <testName>testFormatAlternateExtendedWithWeeks</testName>
          <skipped>false</skipped>
          <failedSince>0</failedSince>
        </case>
        <case>
          <duration>0.0</duration>
          <className>org.joda.time.format.TestISOPeriodFormatParsing</className>
          <testName>testParseStandard1</testName>
          <skipped>false</skipped>
          <failedSince>0</failedSince>
        </case>
        <case>
          <duration>0.0</duration>
          <className>org.joda.time.format.TestISOPeriodFormatParsing</className>
          <testName>testParseStandard2</testName>
          <skipped>false</skipped>
          <failedSince>0</failedSince>
        </case>
        <case>
          <duration>0.0</duration>
          <className>org.joda.time.format.TestISOPeriodFormatParsing</className>
          <testName>testParseStandard3</testName>
          <skipped>false</skipped>
          <failedSince>0</failedSince>
        </case>
        <case>
          <duration>0.0</duration>
          <className>org.joda.time.format.TestISOPeriodFormatParsing</className>
          <testName>testParseStandard4</testName>
          <skipped>false</skipped>
          <failedSince>0</failedSince>
        </case>
        <case>
          <duration>0.0</duration>
          <className>org.joda.time.format.TestISOPeriodFormatParsing</className>
          <testName>testParseStandard5</testName>
          <skipped>false</skipped>
          <failedSince>0</failedSince>
        </case>
        <case>
          <duration>0.0</duration>
          <className>org.joda.time.format.TestISOPeriodFormatParsing</className>
          <testName>testParseStandard6</testName>
          <skipped>false</skipped>
          <failedSince>0</failedSince>
        </case>
        <case>
          <duration>0.0</duration>
          <className>org.joda.time.format.TestISOPeriodFormatParsing</className>
          <testName>testParseStandard7</testName>
          <skipped>false</skipped>
          <failedSince>0</failedSince>
        </case>
        <case>
          <duration>0.0</duration>
          <className>org.joda.time.format.TestISOPeriodFormatParsing</className>
          <testName>testParseStandard8</testName>
          <skipped>false</skipped>
          <failedSince>0</failedSince>
        </case>
        <case>
          <duration>0.0</duration>
          <className>org.joda.time.format.TestISOPeriodFormatParsing</className>
          <testName>testParseStandard9</testName>
          <skipped>false</skipped>
          <failedSince>0</failedSince>
        </case>
        <case>
          <duration>0.0</duration>
          <className>org.joda.time.format.TestISOPeriodFormatParsing</className>
          <testName>testParseStandard10</testName>
          <skipped>false</skipped>
          <failedSince>0</failedSince>
        </case>
        <case>
          <duration>0.0</duration>
          <className>org.joda.time.format.TestISOPeriodFormatParsing</className>
          <testName>testParseStandard11</testName>
          <skipped>false</skipped>
          <failedSince>0</failedSince>
        </case>
        <case>
          <duration>0.0</duration>
          <className>org.joda.time.format.TestISOPeriodFormatParsing</className>
          <testName>testParseStandardFail1</testName>
          <skipped>false</skipped>
          <failedSince>0</failedSince>
        </case>
        <case>
          <duration>0.0</duration>
          <className>org.joda.time.format.TestISOPeriodFormatParsing</className>
          <testName>testParseStandardFail2</testName>
          <skipped>false</skipped>
          <failedSince>0</failedSince>
        </case>
        <case>
          <duration>0.0</duration>
          <className>org.joda.time.format.TestISOPeriodFormatParsing</className>
          <testName>testParseStandardFail3</testName>
          <skipped>false</skipped>
          <failedSince>0</failedSince>
        </case>
        <case>
          <duration>0.0</duration>
          <className>org.joda.time.format.TestISOPeriodFormatParsing</className>
          <testName>testParseStandardFail4</testName>
          <skipped>false</skipped>
          <failedSince>0</failedSince>
        </case>
        <case>
          <duration>0.003</duration>
          <className>org.joda.time.format.TestPeriodFormatParsing</className>
          <testName>testParseStandard1</testName>
          <skipped>false</skipped>
          <failedSince>0</failedSince>
        </case>
        <case>
          <duration>0.0</duration>
          <className>org.joda.time.format.TestPeriodFormatParsing</className>
          <testName>testParseNegativeMillis1</testName>
          <skipped>false</skipped>
          <failedSince>0</failedSince>
        </case>
        <case>
          <duration>0.0</duration>
          <className>org.joda.time.format.TestPeriodFormatParsing</className>
          <testName>testParseNegativeMillis2</testName>
          <skipped>false</skipped>
          <failedSince>0</failedSince>
        </case>
        <case>
          <duration>0.0</duration>
          <className>org.joda.time.format.TestPeriodFormatParsing</className>
          <testName>testParseCustom1</testName>
          <skipped>false</skipped>
          <failedSince>0</failedSince>
        </case>
        <case>
          <duration>0.0</duration>
          <className>org.joda.time.format.TestPeriodFormatterBuilder</className>
          <testName>testToFormatterPrinterParser</testName>
          <skipped>false</skipped>
          <failedSince>0</failedSince>
        </case>
        <case>
          <duration>0.0</duration>
          <className>org.joda.time.format.TestPeriodFormatterBuilder</className>
          <testName>testFormatYears</testName>
          <skipped>false</skipped>
          <failedSince>0</failedSince>
        </case>
        <case>
          <duration>0.0</duration>
          <className>org.joda.time.format.TestPeriodFormatterBuilder</className>
          <testName>testFormatMonths</testName>
          <skipped>false</skipped>
          <failedSince>0</failedSince>
        </case>
        <case>
          <duration>0.0</duration>
          <className>org.joda.time.format.TestPeriodFormatterBuilder</className>
          <testName>testFormatWeeks</testName>
          <skipped>false</skipped>
          <failedSince>0</failedSince>
        </case>
        <case>
          <duration>0.0</duration>
          <className>org.joda.time.format.TestPeriodFormatterBuilder</className>
          <testName>testFormatDays</testName>
          <skipped>false</skipped>
          <failedSince>0</failedSince>
        </case>
        <case>
          <duration>0.0</duration>
          <className>org.joda.time.format.TestPeriodFormatterBuilder</className>
          <testName>testFormatHours</testName>
          <skipped>false</skipped>
          <failedSince>0</failedSince>
        </case>
        <case>
          <duration>0.0</duration>
          <className>org.joda.time.format.TestPeriodFormatterBuilder</className>
          <testName>testFormatMinutes</testName>
          <skipped>false</skipped>
          <failedSince>0</failedSince>
        </case>
        <case>
          <duration>0.0</duration>
          <className>org.joda.time.format.TestPeriodFormatterBuilder</className>
          <testName>testFormatSeconds</testName>
          <skipped>false</skipped>
          <failedSince>0</failedSince>
        </case>
        <case>
          <duration>0.0</duration>
          <className>org.joda.time.format.TestPeriodFormatterBuilder</className>
          <testName>testFormatSecondsWithMillis</testName>
          <skipped>false</skipped>
          <failedSince>0</failedSince>
        </case>
        <case>
          <duration>0.0</duration>
          <className>org.joda.time.format.TestPeriodFormatterBuilder</className>
          <testName>testFormatSecondsWithOptionalMillis</testName>
          <skipped>false</skipped>
          <failedSince>0</failedSince>
        </case>
        <case>
          <duration>0.0</duration>
          <className>org.joda.time.format.TestPeriodFormatterBuilder</className>
          <testName>testFormatMillis</testName>
          <skipped>false</skipped>
          <failedSince>0</failedSince>
        </case>
        <case>
          <duration>0.0</duration>
          <className>org.joda.time.format.TestPeriodFormatterBuilder</className>
          <testName>testFormatMillis3Digit</testName>
          <skipped>false</skipped>
          <failedSince>0</failedSince>
        </case>
        <case>
          <duration>0.0</duration>
          <className>org.joda.time.format.TestPeriodFormatterBuilder</className>
          <testName>testFormatPrefixSimple1</testName>
          <skipped>false</skipped>
          <failedSince>0</failedSince>
        </case>
        <case>
          <duration>0.0</duration>
          <className>org.joda.time.format.TestPeriodFormatterBuilder</className>
          <testName>testFormatPrefixSimple2</testName>
          <skipped>false</skipped>
          <failedSince>0</failedSince>
        </case>
        <case>
          <duration>0.0</duration>
          <className>org.joda.time.format.TestPeriodFormatterBuilder</className>
          <testName>testFormatPrefixSimple3</testName>
          <skipped>false</skipped>
          <failedSince>0</failedSince>
        </case>
        <case>
          <duration>0.0</duration>
          <className>org.joda.time.format.TestPeriodFormatterBuilder</className>
          <testName>testFormatPrefixSimple4IgnoringPrefix</testName>
          <skipped>false</skipped>
          <failedSince>0</failedSince>
        </case>
        <case>
          <duration>0.0</duration>
          <className>org.joda.time.format.TestPeriodFormatterBuilder</className>
          <testName>testPluralAffixParseOrder</testName>
          <skipped>false</skipped>
          <failedSince>0</failedSince>
        </case>
        <case>
          <duration>0.0</duration>
          <className>org.joda.time.format.TestPeriodFormatterBuilder</className>
          <testName>testFormatPrefixPlural1</testName>
          <skipped>false</skipped>
          <failedSince>0</failedSince>
        </case>
        <case>
          <duration>0.0</duration>
          <className>org.joda.time.format.TestPeriodFormatterBuilder</className>
          <testName>testFormatPrefixPlural2</testName>
          <skipped>false</skipped>
          <failedSince>0</failedSince>
        </case>
        <case>
          <duration>0.0</duration>
          <className>org.joda.time.format.TestPeriodFormatterBuilder</className>
          <testName>testFormatPrefixPlural3</testName>
          <skipped>false</skipped>
          <failedSince>0</failedSince>
        </case>
        <case>
          <duration>0.0</duration>
          <className>org.joda.time.format.TestPeriodFormatterBuilder</className>
          <testName>testFormatPrefixPlural4IgnoringPrefix</testName>
          <skipped>false</skipped>
          <failedSince>0</failedSince>
        </case>
        <case>
          <duration>0.001</duration>
          <className>org.joda.time.format.TestPeriodFormatterBuilder</className>
          <testName>testRegExAffixParseOrder</testName>
          <skipped>false</skipped>
          <failedSince>0</failedSince>
        </case>
        <case>
          <duration>0.0</duration>
          <className>org.joda.time.format.TestPeriodFormatterBuilder</className>
          <testName>testFormatPrefixRegEx1</testName>
          <skipped>false</skipped>
          <failedSince>0</failedSince>
        </case>
        <case>
          <duration>0.0</duration>
          <className>org.joda.time.format.TestPeriodFormatterBuilder</className>
          <testName>testFormatPrefixRegEx2</testName>
          <skipped>false</skipped>
          <failedSince>0</failedSince>
        </case>
        <case>
          <duration>0.0</duration>
          <className>org.joda.time.format.TestPeriodFormatterBuilder</className>
          <testName>testFormatPrefixRegEx3</testName>
          <skipped>false</skipped>
          <failedSince>0</failedSince>
        </case>
        <case>
          <duration>0.0</duration>
          <className>org.joda.time.format.TestPeriodFormatterBuilder</className>
          <testName>testFormatPrefixRegEx4IgnoringPrefix</testName>
          <skipped>false</skipped>
          <failedSince>0</failedSince>
        </case>
        <case>
          <duration>0.009</duration>
          <className>org.joda.time.format.TestPeriodFormatterBuilder</className>
          <testName>testFormatPrefixComposite1</testName>
          <skipped>false</skipped>
          <failedSince>0</failedSince>
        </case>
        <case>
          <duration>0.0</duration>
          <className>org.joda.time.format.TestPeriodFormatterBuilder</className>
          <testName>testFormatSuffixSimple1</testName>
          <skipped>false</skipped>
          <failedSince>0</failedSince>
        </case>
        <case>
          <duration>0.0</duration>
          <className>org.joda.time.format.TestPeriodFormatterBuilder</className>
          <testName>testFormatSuffixSimple2</testName>
          <skipped>false</skipped>
          <failedSince>0</failedSince>
        </case>
        <case>
          <duration>0.0</duration>
          <className>org.joda.time.format.TestPeriodFormatterBuilder</className>
          <testName>testFormatSuffixSimple3</testName>
          <skipped>false</skipped>
          <failedSince>0</failedSince>
        </case>
        <case>
          <duration>0.0</duration>
          <className>org.joda.time.format.TestPeriodFormatterBuilder</className>
          <testName>testFormatSuffixSimple4</testName>
          <skipped>false</skipped>
          <failedSince>0</failedSince>
        </case>
        <case>
          <duration>0.0</duration>
          <className>org.joda.time.format.TestPeriodFormatterBuilder</className>
          <testName>testFormatPrefixSimple5IgnoringPrefix</testName>
          <skipped>false</skipped>
          <failedSince>0</failedSince>
        </case>
        <case>
          <duration>0.0</duration>
          <className>org.joda.time.format.TestPeriodFormatterBuilder</className>
          <testName>testFormatPrefixSimple6IgnoringPrefix</testName>
          <skipped>false</skipped>
          <failedSince>0</failedSince>
        </case>
        <case>
          <duration>0.0</duration>
          <className>org.joda.time.format.TestPeriodFormatterBuilder</className>
          <testName>testFormatSuffixPlural1</testName>
          <skipped>false</skipped>
          <failedSince>0</failedSince>
        </case>
        <case>
          <duration>0.0</duration>
          <className>org.joda.time.format.TestPeriodFormatterBuilder</className>
          <testName>testFormatSuffixPlural2</testName>
          <skipped>false</skipped>
          <failedSince>0</failedSince>
        </case>
        <case>
          <duration>0.0</duration>
          <className>org.joda.time.format.TestPeriodFormatterBuilder</className>
          <testName>testFormatSuffixPlural3</testName>
          <skipped>false</skipped>
          <failedSince>0</failedSince>
        </case>
        <case>
          <duration>0.0</duration>
          <className>org.joda.time.format.TestPeriodFormatterBuilder</className>
          <testName>testFormatSuffixPlural4</testName>
          <skipped>false</skipped>
          <failedSince>0</failedSince>
        </case>
        <case>
          <duration>0.0</duration>
          <className>org.joda.time.format.TestPeriodFormatterBuilder</className>
          <testName>testFormatSuffixPlural4IgnoringPrefix</testName>
          <skipped>false</skipped>
          <failedSince>0</failedSince>
        </case>
        <case>
          <duration>0.0</duration>
          <className>org.joda.time.format.TestPeriodFormatterBuilder</className>
          <testName>testFormatSuffixRegEx1</testName>
          <skipped>false</skipped>
          <failedSince>0</failedSince>
        </case>
        <case>
          <duration>0.0</duration>
          <className>org.joda.time.format.TestPeriodFormatterBuilder</className>
          <testName>testFormatSuffixRegEx2</testName>
          <skipped>false</skipped>
          <failedSince>0</failedSince>
        </case>
        <case>
          <duration>0.0</duration>
          <className>org.joda.time.format.TestPeriodFormatterBuilder</className>
          <testName>testFormatSuffixRegEx3</testName>
          <skipped>false</skipped>
          <failedSince>0</failedSince>
        </case>
        <case>
          <duration>0.001</duration>
          <className>org.joda.time.format.TestPeriodFormatterBuilder</className>
          <testName>testFormatSuffixRegEx4</testName>
          <skipped>false</skipped>
          <failedSince>0</failedSince>
        </case>
        <case>
          <duration>0.0</duration>
          <className>org.joda.time.format.TestPeriodFormatterBuilder</className>
          <testName>testFormatSuffixRegEx5IgnoringAffix</testName>
          <skipped>false</skipped>
          <failedSince>0</failedSince>
        </case>
        <case>
          <duration>0.0</duration>
          <className>org.joda.time.format.TestPeriodFormatterBuilder</className>
          <testName>testFormatSuffixComposite1</testName>
          <skipped>false</skipped>
          <failedSince>0</failedSince>
        </case>
        <case>
          <duration>0.0</duration>
          <className>org.joda.time.format.TestPeriodFormatterBuilder</className>
          <testName>testFormatSuffixComposite5IgnoringAffix</testName>
          <skipped>false</skipped>
          <failedSince>0</failedSince>
        </case>
        <case>
          <duration>0.0</duration>
          <className>org.joda.time.format.TestPeriodFormatterBuilder</className>
          <testName>testFormatPrefixSuffix</testName>
          <skipped>false</skipped>
          <failedSince>0</failedSince>
        </case>
        <case>
          <duration>0.0</duration>
          <className>org.joda.time.format.TestPeriodFormatterBuilder</className>
          <testName>testFormatSeparatorSimple</testName>
          <skipped>false</skipped>
          <failedSince>0</failedSince>
        </case>
        <case>
          <duration>0.0</duration>
          <className>org.joda.time.format.TestPeriodFormatterBuilder</className>
          <testName>testFormatSeparatorComplex</testName>
          <skipped>false</skipped>
          <failedSince>0</failedSince>
        </case>
        <case>
          <duration>0.0</duration>
          <className>org.joda.time.format.TestPeriodFormatterBuilder</className>
          <testName>testFormatSeparatorIfFieldsAfter</testName>
          <skipped>false</skipped>
          <failedSince>0</failedSince>
        </case>
        <case>
          <duration>0.0</duration>
          <className>org.joda.time.format.TestPeriodFormatterBuilder</className>
          <testName>testFormatSeparatorIfFieldsBefore</testName>
          <skipped>false</skipped>
          <failedSince>0</failedSince>
        </case>
        <case>
          <duration>0.0</duration>
          <className>org.joda.time.format.TestPeriodFormatterBuilder</className>
          <testName>testFormatLiteral</testName>
          <skipped>false</skipped>
          <failedSince>0</failedSince>
        </case>
        <case>
          <duration>0.0</duration>
          <className>org.joda.time.format.TestPeriodFormatterBuilder</className>
          <testName>testFormatAppendFormatter</testName>
          <skipped>false</skipped>
          <failedSince>0</failedSince>
        </case>
        <case>
          <duration>0.0</duration>
          <className>org.joda.time.format.TestPeriodFormatterBuilder</className>
          <testName>testFormatMinDigits</testName>
          <skipped>false</skipped>
          <failedSince>0</failedSince>
        </case>
        <case>
          <duration>0.0</duration>
          <className>org.joda.time.format.TestPeriodFormatterBuilder</className>
          <testName>testFormatPrintZeroDefault</testName>
          <skipped>false</skipped>
          <failedSince>0</failedSince>
        </case>
        <case>
          <duration>0.0</duration>
          <className>org.joda.time.format.TestPeriodFormatterBuilder</className>
          <testName>testFormatPrintZeroRarelyLast</testName>
          <skipped>false</skipped>
          <failedSince>0</failedSince>
        </case>
        <case>
          <duration>0.0</duration>
          <className>org.joda.time.format.TestPeriodFormatterBuilder</className>
          <testName>testFormatPrintZeroRarelyFirst</testName>
          <skipped>false</skipped>
          <failedSince>0</failedSince>
        </case>
        <case>
          <duration>0.0</duration>
          <className>org.joda.time.format.TestPeriodFormatterBuilder</className>
          <testName>testFormatPrintZeroRarelyFirstYears</testName>
          <skipped>false</skipped>
          <failedSince>0</failedSince>
        </case>
        <case>
          <duration>0.0</duration>
          <className>org.joda.time.format.TestPeriodFormatterBuilder</className>
          <testName>testFormatPrintZeroRarelyFirstMonths</testName>
          <skipped>false</skipped>
          <failedSince>0</failedSince>
        </case>
        <case>
          <duration>0.0</duration>
          <className>org.joda.time.format.TestPeriodFormatterBuilder</className>
          <testName>testFormatPrintZeroRarelyFirstWeeks</testName>
          <skipped>false</skipped>
          <failedSince>0</failedSince>
        </case>
        <case>
          <duration>0.0</duration>
          <className>org.joda.time.format.TestPeriodFormatterBuilder</className>
          <testName>testFormatPrintZeroRarelyFirstDays</testName>
          <skipped>false</skipped>
          <failedSince>0</failedSince>
        </case>
        <case>
          <duration>0.0</duration>
          <className>org.joda.time.format.TestPeriodFormatterBuilder</className>
          <testName>testFormatPrintZeroRarelyFirstHours</testName>
          <skipped>false</skipped>
          <failedSince>0</failedSince>
        </case>
        <case>
          <duration>0.0</duration>
          <className>org.joda.time.format.TestPeriodFormatterBuilder</className>
          <testName>testFormatPrintZeroRarelyFirstMinutes</testName>
          <skipped>false</skipped>
          <failedSince>0</failedSince>
        </case>
        <case>
          <duration>0.0</duration>
          <className>org.joda.time.format.TestPeriodFormatterBuilder</className>
          <testName>testFormatPrintZeroRarelyFirstSeconds</testName>
          <skipped>false</skipped>
          <failedSince>0</failedSince>
        </case>
        <case>
          <duration>0.0</duration>
          <className>org.joda.time.format.TestPeriodFormatterBuilder</className>
          <testName>testFormatPrintZeroIfSupported</testName>
          <skipped>false</skipped>
          <failedSince>0</failedSince>
        </case>
        <case>
          <duration>0.0</duration>
          <className>org.joda.time.format.TestPeriodFormatterBuilder</className>
          <testName>testFormatPrintZeroAlways</testName>
          <skipped>false</skipped>
          <failedSince>0</failedSince>
        </case>
        <case>
          <duration>0.0</duration>
          <className>org.joda.time.format.TestPeriodFormatterBuilder</className>
          <testName>testFormatPrintZeroNever</testName>
          <skipped>false</skipped>
          <failedSince>0</failedSince>
        </case>
        <case>
          <duration>0.0</duration>
          <className>org.joda.time.format.TestPeriodFormatterBuilder</className>
          <testName>testFormatAppend_PrinterParser_null_null</testName>
          <skipped>false</skipped>
          <failedSince>0</failedSince>
        </case>
        <case>
          <duration>0.0</duration>
          <className>org.joda.time.format.TestPeriodFormatterBuilder</className>
          <testName>testFormatAppend_PrinterParser_Printer_null</testName>
          <skipped>false</skipped>
          <failedSince>0</failedSince>
        </case>
        <case>
          <duration>0.0</duration>
          <className>org.joda.time.format.TestPeriodFormatterBuilder</className>
          <testName>testFormatAppend_PrinterParser_null_Parser</testName>
          <skipped>false</skipped>
          <failedSince>0</failedSince>
        </case>
        <case>
          <duration>0.0</duration>
          <className>org.joda.time.format.TestPeriodFormatterBuilder</className>
          <testName>testFormatAppend_PrinterParser_PrinterParser</testName>
          <skipped>false</skipped>
          <failedSince>0</failedSince>
        </case>
        <case>
          <duration>0.0</duration>
          <className>org.joda.time.format.TestPeriodFormatterBuilder</className>
          <testName>testFormatAppend_PrinterParser_Printer_null_null_Parser</testName>
          <skipped>false</skipped>
          <failedSince>0</failedSince>
        </case>
        <case>
          <duration>0.0</duration>
          <className>org.joda.time.format.TestPeriodFormatterBuilder</className>
          <testName>testFormatAppend_PrinterParserThenClear</testName>
          <skipped>false</skipped>
          <failedSince>0</failedSince>
        </case>
        <case>
          <duration>0.0</duration>
          <className>org.joda.time.format.TestPeriodFormatterBuilder</className>
          <testName>testBug2495455</testName>
          <skipped>false</skipped>
          <failedSince>0</failedSince>
        </case>
        <case>
          <duration>0.0</duration>
          <className>org.joda.time.format.TestPeriodFormatterBuilder</className>
          <testName>testMonthsAndMinutesAreConsideredSeparateAndCaseIsNotIgnored</testName>
          <skipped>false</skipped>
          <failedSince>0</failedSince>
        </case>
        <case>
          <duration>0.0</duration>
          <className>org.joda.time.format.TestPeriodFormatterBuilder</className>
          <testName>testAppendSeparatorIfFieldsBeforeThrowsIllegalStateExceptionAndAppendPrefixTakingString</testName>
          <skipped>false</skipped>
          <failedSince>0</failedSince>
        </case>
        <case>
          <duration>0.0</duration>
          <className>org.joda.time.format.TestPeriodFormatterBuilder</className>
          <testName>testAppendSeparatorIfFieldsBeforeThrowsIllegalStateExceptionAndAppendSeparatorIfFieldsAfter</testName>
          <skipped>false</skipped>
          <failedSince>0</failedSince>
        </case>
        <case>
          <duration>0.0</duration>
          <className>org.joda.time.format.TestPeriodFormatterBuilder</className>
          <testName>testAppendSeparatorTaking3ArgumentsWithEmptyStringAndNull</testName>
          <skipped>false</skipped>
          <failedSince>0</failedSince>
        </case>
        <case>
          <duration>0.0</duration>
          <className>org.joda.time.format.TestPeriodFormatterBuilder</className>
          <testName>testAppendSeparatorTaking3ArgumentsWithNullAndNonEmptyArray</testName>
          <skipped>false</skipped>
          <failedSince>0</failedSince>
        </case>
        <case>
          <duration>0.0</duration>
          <className>org.joda.time.format.TestPeriodFormatterBuilder</className>
          <testName>testAppendSuffixTaking2StringArraysThrowsIllegalStateException</testName>
          <skipped>false</skipped>
          <failedSince>0</failedSince>
        </case>
        <case>
          <duration>0.0</duration>
          <className>org.joda.time.format.TestPeriodFormatterBuilder</className>
          <testName>testAppendLiteralThrowsIllegalArgumentException</testName>
          <skipped>false</skipped>
          <failedSince>0</failedSince>
        </case>
        <case>
          <duration>0.0</duration>
          <className>org.joda.time.format.TestPeriodFormatterBuilder</className>
          <testName>testAppendTakingPeriodFormatterThrowsIllegalArgumentException</testName>
          <skipped>false</skipped>
          <failedSince>0</failedSince>
        </case>
        <case>
          <duration>0.0</duration>
          <className>org.joda.time.format.TestTextFields</className>
          <testName>testMonthNames_monthStart</testName>
          <skipped>false</skipped>
          <failedSince>0</failedSince>
        </case>
        <case>
          <duration>0.004</duration>
          <className>org.joda.time.format.TestTextFields</className>
          <testName>testMonthNames_monthMiddle</testName>
          <skipped>false</skipped>
          <failedSince>0</failedSince>
        </case>
        <case>
          <duration>0.0</duration>
          <className>org.joda.time.format.TestTextFields</className>
          <testName>testWeekdayNames</testName>
          <skipped>false</skipped>
          <failedSince>0</failedSince>
        </case>
        <case>
          <duration>0.008</duration>
          <className>org.joda.time.format.TestTextFields</className>
          <testName>testHalfdayNames</testName>
          <skipped>false</skipped>
          <failedSince>0</failedSince>
        </case>
        <case>
          <duration>0.0</duration>
          <className>org.joda.time.format.TestTextFields</className>
          <testName>testMonthNames_monthEnd</testName>
          <skipped>false</skipped>
          <failedSince>0</failedSince>
        </case>
        <case>
          <duration>0.0</duration>
          <className>org.joda.time.tz.TestUTCProvider</className>
          <testName>testGetAvailableIDs</testName>
          <skipped>false</skipped>
          <failedSince>0</failedSince>
        </case>
        <case>
          <duration>0.0</duration>
          <className>org.joda.time.tz.TestUTCProvider</className>
          <testName>testGetZone_String</testName>
          <skipped>false</skipped>
          <failedSince>0</failedSince>
        </case>
        <case>
          <duration>0.0</duration>
          <className>org.joda.time.tz.TestUTCProvider</className>
          <testName>testClass</testName>
          <skipped>false</skipped>
          <failedSince>0</failedSince>
        </case>
        <case>
          <duration>0.015</duration>
          <className>org.joda.time.tz.TestBuilder</className>
          <testName>testSerialization</testName>
          <skipped>false</skipped>
          <failedSince>0</failedSince>
        </case>
        <case>
          <duration>0.002</duration>
          <className>org.joda.time.tz.TestBuilder</className>
          <testName>testID</testName>
          <skipped>false</skipped>
          <failedSince>0</failedSince>
        </case>
        <case>
          <duration>0.005</duration>
          <className>org.joda.time.tz.TestBuilder</className>
          <testName>testForwardTransitions</testName>
          <skipped>false</skipped>
          <failedSince>0</failedSince>
        </case>
        <case>
          <duration>0.004</duration>
          <className>org.joda.time.tz.TestBuilder</className>
          <testName>testReverseTransitions</testName>
          <skipped>false</skipped>
          <failedSince>0</failedSince>
        </case>
        <case>
          <duration>0.0</duration>
          <className>org.joda.time.tz.TestBuilder</className>
          <testName>testFixed</testName>
          <skipped>false</skipped>
          <failedSince>0</failedSince>
        </case>
        <case>
          <duration>0.003</duration>
          <className>org.joda.time.tz.TestCompiler</className>
          <testName>testDateTimeZoneBuilder</testName>
          <skipped>false</skipped>
          <failedSince>0</failedSince>
        </case>
        <case>
          <duration>0.032</duration>
          <className>org.joda.time.tz.TestCompiler</className>
          <testName>testCompile</testName>
          <skipped>false</skipped>
          <failedSince>0</failedSince>
        </case>
        <case>
          <duration>0.002</duration>
          <className>org.joda.time.tz.TestCompiler</className>
          <testName>testCompileOnBrokenTimeZoneFile</testName>
          <skipped>false</skipped>
          <failedSince>0</failedSince>
        </case>
        <case>
          <duration>0.001</duration>
          <className>org.joda.time.tz.TestCompiler</className>
          <testName>testCompileOnBrokenTimeZoneFile_2</testName>
          <skipped>false</skipped>
          <failedSince>0</failedSince>
        </case>
        <case>
          <duration>0.0</duration>
          <className>org.joda.time.tz.TestCompiler</className>
          <testName>test_2400_fromDay</testName>
          <skipped>false</skipped>
          <failedSince>0</failedSince>
        </case>
        <case>
          <duration>0.0</duration>
          <className>org.joda.time.tz.TestCompiler</className>
          <testName>test_2400_last</testName>
          <skipped>false</skipped>
          <failedSince>0</failedSince>
        </case>
        <case>
          <duration>0.0</duration>
          <className>org.joda.time.tz.TestCompiler</className>
          <testName>test_2400_specific_day</testName>
          <skipped>false</skipped>
          <failedSince>0</failedSince>
        </case>
        <case>
          <duration>0.0</duration>
          <className>org.joda.time.tz.TestCompiler</className>
          <testName>test_Amman_2003</testName>
          <skipped>false</skipped>
          <failedSince>0</failedSince>
        </case>
        <case>
          <duration>0.0</duration>
          <className>org.joda.time.tz.TestCompiler</className>
          <testName>test_Amman_2004</testName>
          <skipped>false</skipped>
          <failedSince>0</failedSince>
        </case>
        <case>
          <duration>0.0</duration>
          <className>org.joda.time.tz.TestCompiler</className>
          <testName>test_Amman_2005</testName>
          <skipped>false</skipped>
          <failedSince>0</failedSince>
        </case>
        <case>
          <duration>0.0</duration>
          <className>org.joda.time.tz.TestCompiler</className>
          <testName>test_Amman_2006</testName>
          <skipped>false</skipped>
          <failedSince>0</failedSince>
        </case>
        <case>
          <duration>0.001</duration>
          <className>org.joda.time.tz.TestCachedDateTimeZone</className>
          <testName>testSerialization</testName>
          <skipped>false</skipped>
          <failedSince>0</failedSince>
        </case>
        <case>
          <duration>0.0</duration>
          <className>org.joda.time.tz.TestCachedDateTimeZone</className>
          <testName>test_caching</testName>
          <skipped>false</skipped>
          <failedSince>0</failedSince>
        </case>
        <case>
          <duration>0.0</duration>
          <className>org.joda.time.tz.TestFixedDateTimeZone</className>
          <testName>testEquals</testName>
          <skipped>false</skipped>
          <failedSince>0</failedSince>
        </case>
        <case>
          <duration>0.0</duration>
          <className>org.joda.time.tz.TestFixedDateTimeZone</className>
          <testName>testHashCode</testName>
          <skipped>false</skipped>
          <failedSince>0</failedSince>
        </case>
        <case>
          <duration>0.0</duration>
          <className>org.joda.time.tz.TestFixedDateTimeZone</className>
          <testName>testToTimeZone1</testName>
          <skipped>false</skipped>
          <failedSince>0</failedSince>
        </case>
        <case>
          <duration>0.0</duration>
          <className>org.joda.time.tz.TestFixedDateTimeZone</className>
          <testName>testToTimeZone2</testName>
          <skipped>false</skipped>
          <failedSince>0</failedSince>
        </case>
      </cases>
    </suite>
  </suites>
  <duration>4.682</duration>
  <keepLongStdio>false</keepLongStdio>
</result>